<?xml version="1.0" encoding="UTF-8"?>
<testsuite xmlns:xsi="http://www.w3.org/2001/XMLSchema-instance" xsi:noNamespaceSchemaLocation="https://maven.apache.org/surefire/maven-surefire-plugin/xsd/surefire-test-report.xsd" version="3.0.2" name="com.pedido.pedido.repository.PedidoRepositoryTest" time="5.299" tests="7" errors="0" skipped="0" failures="0">
  <properties>
    <property name="java.specification.version" value="21"/>
    <property name="sun.jnu.encoding" value="UTF-8"/>
    <property name="java.class.path" value="/Users/sebastianvaldiviavillagra/Desktop/proyectos/pedidos/target/test-classes:/Users/sebastianvaldiviavillagra/Desktop/proyectos/pedidos/target/classes:/Users/sebastianvaldiviavillagra/.m2/repository/org/springframework/boot/spring-boot-starter-actuator/3.4.4/spring-boot-starter-actuator-3.4.4.jar:/Users/sebastianvaldiviavillagra/.m2/repository/org/springframework/boot/spring-boot-starter/3.4.4/spring-boot-starter-3.4.4.jar:/Users/sebastianvaldiviavillagra/.m2/repository/org/springframework/boot/spring-boot-starter-logging/3.4.4/spring-boot-starter-logging-3.4.4.jar:/Users/sebastianvaldiviavillagra/.m2/repository/ch/qos/logback/logback-classic/1.5.18/logback-classic-1.5.18.jar:/Users/sebastianvaldiviavillagra/.m2/repository/ch/qos/logback/logback-core/1.5.18/logback-core-1.5.18.jar:/Users/sebastianvaldiviavillagra/.m2/repository/org/apache/logging/log4j/log4j-to-slf4j/2.24.3/log4j-to-slf4j-2.24.3.jar:/Users/sebastianvaldiviavillagra/.m2/repository/org/apache/logging/log4j/log4j-api/2.24.3/log4j-api-2.24.3.jar:/Users/sebastianvaldiviavillagra/.m2/repository/org/slf4j/jul-to-slf4j/2.0.17/jul-to-slf4j-2.0.17.jar:/Users/sebastianvaldiviavillagra/.m2/repository/jakarta/annotation/jakarta.annotation-api/2.1.1/jakarta.annotation-api-2.1.1.jar:/Users/sebastianvaldiviavillagra/.m2/repository/org/yaml/snakeyaml/2.3/snakeyaml-2.3.jar:/Users/sebastianvaldiviavillagra/.m2/repository/org/springframework/boot/spring-boot-actuator-autoconfigure/3.4.4/spring-boot-actuator-autoconfigure-3.4.4.jar:/Users/sebastianvaldiviavillagra/.m2/repository/org/springframework/boot/spring-boot-actuator/3.4.4/spring-boot-actuator-3.4.4.jar:/Users/sebastianvaldiviavillagra/.m2/repository/com/fasterxml/jackson/core/jackson-databind/2.18.3/jackson-databind-2.18.3.jar:/Users/sebastianvaldiviavillagra/.m2/repository/com/fasterxml/jackson/core/jackson-annotations/2.18.3/jackson-annotations-2.18.3.jar:/Users/sebastianvaldiviavillagra/.m2/repository/com/fasterxml/jackson/core/jackson-core/2.18.3/jackson-core-2.18.3.jar:/Users/sebastianvaldiviavillagra/.m2/repository/com/fasterxml/jackson/datatype/jackson-datatype-jsr310/2.18.3/jackson-datatype-jsr310-2.18.3.jar:/Users/sebastianvaldiviavillagra/.m2/repository/io/micrometer/micrometer-observation/1.14.5/micrometer-observation-1.14.5.jar:/Users/sebastianvaldiviavillagra/.m2/repository/io/micrometer/micrometer-commons/1.14.5/micrometer-commons-1.14.5.jar:/Users/sebastianvaldiviavillagra/.m2/repository/io/micrometer/micrometer-jakarta9/1.14.5/micrometer-jakarta9-1.14.5.jar:/Users/sebastianvaldiviavillagra/.m2/repository/io/micrometer/micrometer-core/1.14.5/micrometer-core-1.14.5.jar:/Users/sebastianvaldiviavillagra/.m2/repository/org/hdrhistogram/HdrHistogram/2.2.2/HdrHistogram-2.2.2.jar:/Users/sebastianvaldiviavillagra/.m2/repository/org/latencyutils/LatencyUtils/2.0.3/LatencyUtils-2.0.3.jar:/Users/sebastianvaldiviavillagra/.m2/repository/org/springframework/boot/spring-boot-starter-web/3.4.4/spring-boot-starter-web-3.4.4.jar:/Users/sebastianvaldiviavillagra/.m2/repository/org/springframework/boot/spring-boot-starter-json/3.4.4/spring-boot-starter-json-3.4.4.jar:/Users/sebastianvaldiviavillagra/.m2/repository/com/fasterxml/jackson/datatype/jackson-datatype-jdk8/2.18.3/jackson-datatype-jdk8-2.18.3.jar:/Users/sebastianvaldiviavillagra/.m2/repository/com/fasterxml/jackson/module/jackson-module-parameter-names/2.18.3/jackson-module-parameter-names-2.18.3.jar:/Users/sebastianvaldiviavillagra/.m2/repository/org/springframework/boot/spring-boot-starter-tomcat/3.4.4/spring-boot-starter-tomcat-3.4.4.jar:/Users/sebastianvaldiviavillagra/.m2/repository/org/apache/tomcat/embed/tomcat-embed-core/10.1.39/tomcat-embed-core-10.1.39.jar:/Users/sebastianvaldiviavillagra/.m2/repository/org/apache/tomcat/embed/tomcat-embed-websocket/10.1.39/tomcat-embed-websocket-10.1.39.jar:/Users/sebastianvaldiviavillagra/.m2/repository/org/springframework/spring-web/6.2.5/spring-web-6.2.5.jar:/Users/sebastianvaldiviavillagra/.m2/repository/org/springframework/spring-beans/6.2.5/spring-beans-6.2.5.jar:/Users/sebastianvaldiviavillagra/.m2/repository/org/springframework/spring-webmvc/6.2.5/spring-webmvc-6.2.5.jar:/Users/sebastianvaldiviavillagra/.m2/repository/org/springframework/spring-aop/6.2.5/spring-aop-6.2.5.jar:/Users/sebastianvaldiviavillagra/.m2/repository/org/springframework/spring-context/6.2.5/spring-context-6.2.5.jar:/Users/sebastianvaldiviavillagra/.m2/repository/org/springframework/spring-expression/6.2.5/spring-expression-6.2.5.jar:/Users/sebastianvaldiviavillagra/.m2/repository/org/springframework/boot/spring-boot-devtools/3.4.4/spring-boot-devtools-3.4.4.jar:/Users/sebastianvaldiviavillagra/.m2/repository/org/springframework/boot/spring-boot/3.4.4/spring-boot-3.4.4.jar:/Users/sebastianvaldiviavillagra/.m2/repository/org/springframework/boot/spring-boot-autoconfigure/3.4.4/spring-boot-autoconfigure-3.4.4.jar:/Users/sebastianvaldiviavillagra/.m2/repository/org/projectlombok/lombok/1.18.36/lombok-1.18.36.jar:/Users/sebastianvaldiviavillagra/.m2/repository/org/springframework/boot/spring-boot-starter-test/3.4.4/spring-boot-starter-test-3.4.4.jar:/Users/sebastianvaldiviavillagra/.m2/repository/org/springframework/boot/spring-boot-test/3.4.4/spring-boot-test-3.4.4.jar:/Users/sebastianvaldiviavillagra/.m2/repository/org/springframework/boot/spring-boot-test-autoconfigure/3.4.4/spring-boot-test-autoconfigure-3.4.4.jar:/Users/sebastianvaldiviavillagra/.m2/repository/com/jayway/jsonpath/json-path/2.9.0/json-path-2.9.0.jar:/Users/sebastianvaldiviavillagra/.m2/repository/org/slf4j/slf4j-api/2.0.17/slf4j-api-2.0.17.jar:/Users/sebastianvaldiviavillagra/.m2/repository/jakarta/xml/bind/jakarta.xml.bind-api/4.0.2/jakarta.xml.bind-api-4.0.2.jar:/Users/sebastianvaldiviavillagra/.m2/repository/jakarta/activation/jakarta.activation-api/2.1.3/jakarta.activation-api-2.1.3.jar:/Users/sebastianvaldiviavillagra/.m2/repository/net/minidev/json-smart/2.5.2/json-smart-2.5.2.jar:/Users/sebastianvaldiviavillagra/.m2/repository/net/minidev/accessors-smart/2.5.2/accessors-smart-2.5.2.jar:/Users/sebastianvaldiviavillagra/.m2/repository/org/ow2/asm/asm/9.7.1/asm-9.7.1.jar:/Users/sebastianvaldiviavillagra/.m2/repository/org/assertj/assertj-core/3.26.3/assertj-core-3.26.3.jar:/Users/sebastianvaldiviavillagra/.m2/repository/net/bytebuddy/byte-buddy/1.15.11/byte-buddy-1.15.11.jar:/Users/sebastianvaldiviavillagra/.m2/repository/org/awaitility/awaitility/4.2.2/awaitility-4.2.2.jar:/Users/sebastianvaldiviavillagra/.m2/repository/org/hamcrest/hamcrest/2.2/hamcrest-2.2.jar:/Users/sebastianvaldiviavillagra/.m2/repository/org/junit/jupiter/junit-jupiter/5.11.4/junit-jupiter-5.11.4.jar:/Users/sebastianvaldiviavillagra/.m2/repository/org/junit/jupiter/junit-jupiter-api/5.11.4/junit-jupiter-api-5.11.4.jar:/Users/sebastianvaldiviavillagra/.m2/repository/org/opentest4j/opentest4j/1.3.0/opentest4j-1.3.0.jar:/Users/sebastianvaldiviavillagra/.m2/repository/org/junit/platform/junit-platform-commons/1.11.4/junit-platform-commons-1.11.4.jar:/Users/sebastianvaldiviavillagra/.m2/repository/org/apiguardian/apiguardian-api/1.1.2/apiguardian-api-1.1.2.jar:/Users/sebastianvaldiviavillagra/.m2/repository/org/junit/jupiter/junit-jupiter-params/5.11.4/junit-jupiter-params-5.11.4.jar:/Users/sebastianvaldiviavillagra/.m2/repository/org/junit/jupiter/junit-jupiter-engine/5.11.4/junit-jupiter-engine-5.11.4.jar:/Users/sebastianvaldiviavillagra/.m2/repository/org/junit/platform/junit-platform-engine/1.11.4/junit-platform-engine-1.11.4.jar:/Users/sebastianvaldiviavillagra/.m2/repository/org/mockito/mockito-core/5.14.2/mockito-core-5.14.2.jar:/Users/sebastianvaldiviavillagra/.m2/repository/net/bytebuddy/byte-buddy-agent/1.15.11/byte-buddy-agent-1.15.11.jar:/Users/sebastianvaldiviavillagra/.m2/repository/org/objenesis/objenesis/3.3/objenesis-3.3.jar:/Users/sebastianvaldiviavillagra/.m2/repository/org/mockito/mockito-junit-jupiter/5.14.2/mockito-junit-jupiter-5.14.2.jar:/Users/sebastianvaldiviavillagra/.m2/repository/org/skyscreamer/jsonassert/1.5.3/jsonassert-1.5.3.jar:/Users/sebastianvaldiviavillagra/.m2/repository/com/vaadin/external/google/android-json/0.0.20131108.vaadin1/android-json-0.0.20131108.vaadin1.jar:/Users/sebastianvaldiviavillagra/.m2/repository/org/springframework/spring-core/6.2.5/spring-core-6.2.5.jar:/Users/sebastianvaldiviavillagra/.m2/repository/org/springframework/spring-jcl/6.2.5/spring-jcl-6.2.5.jar:/Users/sebastianvaldiviavillagra/.m2/repository/org/springframework/spring-test/6.2.5/spring-test-6.2.5.jar:/Users/sebastianvaldiviavillagra/.m2/repository/org/xmlunit/xmlunit-core/2.10.0/xmlunit-core-2.10.0.jar:/Users/sebastianvaldiviavillagra/.m2/repository/org/springframework/boot/spring-boot-starter-data-jpa/3.4.4/spring-boot-starter-data-jpa-3.4.4.jar:/Users/sebastianvaldiviavillagra/.m2/repository/org/springframework/boot/spring-boot-starter-jdbc/3.4.4/spring-boot-starter-jdbc-3.4.4.jar:/Users/sebastianvaldiviavillagra/.m2/repository/com/zaxxer/HikariCP/5.1.0/HikariCP-5.1.0.jar:/Users/sebastianvaldiviavillagra/.m2/repository/org/springframework/spring-jdbc/6.2.5/spring-jdbc-6.2.5.jar:/Users/sebastianvaldiviavillagra/.m2/repository/org/hibernate/orm/hibernate-core/6.6.11.Final/hibernate-core-6.6.11.Final.jar:/Users/sebastianvaldiviavillagra/.m2/repository/jakarta/persistence/jakarta.persistence-api/3.1.0/jakarta.persistence-api-3.1.0.jar:/Users/sebastianvaldiviavillagra/.m2/repository/jakarta/transaction/jakarta.transaction-api/2.0.1/jakarta.transaction-api-2.0.1.jar:/Users/sebastianvaldiviavillagra/.m2/repository/org/jboss/logging/jboss-logging/3.6.1.Final/jboss-logging-3.6.1.Final.jar:/Users/sebastianvaldiviavillagra/.m2/repository/org/hibernate/common/hibernate-commons-annotations/7.0.3.Final/hibernate-commons-annotations-7.0.3.Final.jar:/Users/sebastianvaldiviavillagra/.m2/repository/io/smallrye/jandex/3.2.0/jandex-3.2.0.jar:/Users/sebastianvaldiviavillagra/.m2/repository/com/fasterxml/classmate/1.7.0/classmate-1.7.0.jar:/Users/sebastianvaldiviavillagra/.m2/repository/org/glassfish/jaxb/jaxb-runtime/4.0.5/jaxb-runtime-4.0.5.jar:/Users/sebastianvaldiviavillagra/.m2/repository/org/glassfish/jaxb/jaxb-core/4.0.5/jaxb-core-4.0.5.jar:/Users/sebastianvaldiviavillagra/.m2/repository/org/eclipse/angus/angus-activation/2.0.2/angus-activation-2.0.2.jar:/Users/sebastianvaldiviavillagra/.m2/repository/org/glassfish/jaxb/txw2/4.0.5/txw2-4.0.5.jar:/Users/sebastianvaldiviavillagra/.m2/repository/com/sun/istack/istack-commons-runtime/4.1.2/istack-commons-runtime-4.1.2.jar:/Users/sebastianvaldiviavillagra/.m2/repository/jakarta/inject/jakarta.inject-api/2.0.1/jakarta.inject-api-2.0.1.jar:/Users/sebastianvaldiviavillagra/.m2/repository/org/antlr/antlr4-runtime/4.13.0/antlr4-runtime-4.13.0.jar:/Users/sebastianvaldiviavillagra/.m2/repository/org/springframework/data/spring-data-jpa/3.4.4/spring-data-jpa-3.4.4.jar:/Users/sebastianvaldiviavillagra/.m2/repository/org/springframework/data/spring-data-commons/3.4.4/spring-data-commons-3.4.4.jar:/Users/sebastianvaldiviavillagra/.m2/repository/org/springframework/spring-orm/6.2.5/spring-orm-6.2.5.jar:/Users/sebastianvaldiviavillagra/.m2/repository/org/springframework/spring-tx/6.2.5/spring-tx-6.2.5.jar:/Users/sebastianvaldiviavillagra/.m2/repository/org/springframework/spring-aspects/6.2.5/spring-aspects-6.2.5.jar:/Users/sebastianvaldiviavillagra/.m2/repository/org/aspectj/aspectjweaver/1.9.23/aspectjweaver-1.9.23.jar:/Users/sebastianvaldiviavillagra/.m2/repository/com/oracle/database/jdbc/ojdbc11/23.5.0.24.07/ojdbc11-23.5.0.24.07.jar:/Users/sebastianvaldiviavillagra/.m2/repository/com/oracle/database/security/oraclepki/21.5.0.0/oraclepki-21.5.0.0.jar:/Users/sebastianvaldiviavillagra/.m2/repository/com/oracle/database/security/osdt_cert/21.5.0.0/osdt_cert-21.5.0.0.jar:/Users/sebastianvaldiviavillagra/.m2/repository/com/oracle/database/security/osdt_core/21.5.0.0/osdt_core-21.5.0.0.jar:/Users/sebastianvaldiviavillagra/.m2/repository/org/springframework/boot/spring-boot-starter-validation/3.4.4/spring-boot-starter-validation-3.4.4.jar:/Users/sebastianvaldiviavillagra/.m2/repository/org/apache/tomcat/embed/tomcat-embed-el/10.1.39/tomcat-embed-el-10.1.39.jar:/Users/sebastianvaldiviavillagra/.m2/repository/org/hibernate/validator/hibernate-validator/8.0.2.Final/hibernate-validator-8.0.2.Final.jar:/Users/sebastianvaldiviavillagra/.m2/repository/jakarta/validation/jakarta.validation-api/3.0.2/jakarta.validation-api-3.0.2.jar:/Users/sebastianvaldiviavillagra/.m2/repository/org/springframework/boot/spring-boot-starter-hateoas/3.4.4/spring-boot-starter-hateoas-3.4.4.jar:/Users/sebastianvaldiviavillagra/.m2/repository/org/springframework/hateoas/spring-hateoas/2.4.1/spring-hateoas-2.4.1.jar:/Users/sebastianvaldiviavillagra/.m2/repository/org/springframework/plugin/spring-plugin-core/3.0.0/spring-plugin-core-3.0.0.jar:"/>
    <property name="java.vm.vendor" value="Eclipse Adoptium"/>
    <property name="sun.arch.data.model" value="64"/>
    <property name="java.vendor.url" value="https://adoptium.net/"/>
    <property name="user.timezone" value="America/Santiago"/>
    <property name="org.jboss.logging.provider" value="slf4j"/>
    <property name="os.name" value="Mac OS X"/>
    <property name="java.vm.specification.version" value="21"/>
    <property name="APPLICATION_NAME" value="pedido"/>
    <property name="sun.java.launcher" value="SUN_STANDARD"/>
    <property name="user.country" value="CL"/>
    <property name="sun.boot.library.path" value="/Library/Java/JavaVirtualMachines/temurin-21.jdk/Contents/Home/lib"/>
    <property name="sun.java.command" value="/Users/sebastianvaldiviavillagra/Desktop/proyectos/pedidos/target/surefire/surefirebooter-20250504215223908_3.jar /Users/sebastianvaldiviavillagra/Desktop/proyectos/pedidos/target/surefire 2025-05-04T21-52-23_870-jvmRun1 surefire-20250504215223908_1tmp surefire_0-20250504215223908_2tmp"/>
    <property name="http.nonProxyHosts" value="local|*.local|169.254/16|*.169.254/16"/>
    <property name="jdk.debug" value="release"/>
    <property name="surefire.test.class.path" value="/Users/sebastianvaldiviavillagra/Desktop/proyectos/pedidos/target/test-classes:/Users/sebastianvaldiviavillagra/Desktop/proyectos/pedidos/target/classes:/Users/sebastianvaldiviavillagra/.m2/repository/org/springframework/boot/spring-boot-starter-actuator/3.4.4/spring-boot-starter-actuator-3.4.4.jar:/Users/sebastianvaldiviavillagra/.m2/repository/org/springframework/boot/spring-boot-starter/3.4.4/spring-boot-starter-3.4.4.jar:/Users/sebastianvaldiviavillagra/.m2/repository/org/springframework/boot/spring-boot-starter-logging/3.4.4/spring-boot-starter-logging-3.4.4.jar:/Users/sebastianvaldiviavillagra/.m2/repository/ch/qos/logback/logback-classic/1.5.18/logback-classic-1.5.18.jar:/Users/sebastianvaldiviavillagra/.m2/repository/ch/qos/logback/logback-core/1.5.18/logback-core-1.5.18.jar:/Users/sebastianvaldiviavillagra/.m2/repository/org/apache/logging/log4j/log4j-to-slf4j/2.24.3/log4j-to-slf4j-2.24.3.jar:/Users/sebastianvaldiviavillagra/.m2/repository/org/apache/logging/log4j/log4j-api/2.24.3/log4j-api-2.24.3.jar:/Users/sebastianvaldiviavillagra/.m2/repository/org/slf4j/jul-to-slf4j/2.0.17/jul-to-slf4j-2.0.17.jar:/Users/sebastianvaldiviavillagra/.m2/repository/jakarta/annotation/jakarta.annotation-api/2.1.1/jakarta.annotation-api-2.1.1.jar:/Users/sebastianvaldiviavillagra/.m2/repository/org/yaml/snakeyaml/2.3/snakeyaml-2.3.jar:/Users/sebastianvaldiviavillagra/.m2/repository/org/springframework/boot/spring-boot-actuator-autoconfigure/3.4.4/spring-boot-actuator-autoconfigure-3.4.4.jar:/Users/sebastianvaldiviavillagra/.m2/repository/org/springframework/boot/spring-boot-actuator/3.4.4/spring-boot-actuator-3.4.4.jar:/Users/sebastianvaldiviavillagra/.m2/repository/com/fasterxml/jackson/core/jackson-databind/2.18.3/jackson-databind-2.18.3.jar:/Users/sebastianvaldiviavillagra/.m2/repository/com/fasterxml/jackson/core/jackson-annotations/2.18.3/jackson-annotations-2.18.3.jar:/Users/sebastianvaldiviavillagra/.m2/repository/com/fasterxml/jackson/core/jackson-core/2.18.3/jackson-core-2.18.3.jar:/Users/sebastianvaldiviavillagra/.m2/repository/com/fasterxml/jackson/datatype/jackson-datatype-jsr310/2.18.3/jackson-datatype-jsr310-2.18.3.jar:/Users/sebastianvaldiviavillagra/.m2/repository/io/micrometer/micrometer-observation/1.14.5/micrometer-observation-1.14.5.jar:/Users/sebastianvaldiviavillagra/.m2/repository/io/micrometer/micrometer-commons/1.14.5/micrometer-commons-1.14.5.jar:/Users/sebastianvaldiviavillagra/.m2/repository/io/micrometer/micrometer-jakarta9/1.14.5/micrometer-jakarta9-1.14.5.jar:/Users/sebastianvaldiviavillagra/.m2/repository/io/micrometer/micrometer-core/1.14.5/micrometer-core-1.14.5.jar:/Users/sebastianvaldiviavillagra/.m2/repository/org/hdrhistogram/HdrHistogram/2.2.2/HdrHistogram-2.2.2.jar:/Users/sebastianvaldiviavillagra/.m2/repository/org/latencyutils/LatencyUtils/2.0.3/LatencyUtils-2.0.3.jar:/Users/sebastianvaldiviavillagra/.m2/repository/org/springframework/boot/spring-boot-starter-web/3.4.4/spring-boot-starter-web-3.4.4.jar:/Users/sebastianvaldiviavillagra/.m2/repository/org/springframework/boot/spring-boot-starter-json/3.4.4/spring-boot-starter-json-3.4.4.jar:/Users/sebastianvaldiviavillagra/.m2/repository/com/fasterxml/jackson/datatype/jackson-datatype-jdk8/2.18.3/jackson-datatype-jdk8-2.18.3.jar:/Users/sebastianvaldiviavillagra/.m2/repository/com/fasterxml/jackson/module/jackson-module-parameter-names/2.18.3/jackson-module-parameter-names-2.18.3.jar:/Users/sebastianvaldiviavillagra/.m2/repository/org/springframework/boot/spring-boot-starter-tomcat/3.4.4/spring-boot-starter-tomcat-3.4.4.jar:/Users/sebastianvaldiviavillagra/.m2/repository/org/apache/tomcat/embed/tomcat-embed-core/10.1.39/tomcat-embed-core-10.1.39.jar:/Users/sebastianvaldiviavillagra/.m2/repository/org/apache/tomcat/embed/tomcat-embed-websocket/10.1.39/tomcat-embed-websocket-10.1.39.jar:/Users/sebastianvaldiviavillagra/.m2/repository/org/springframework/spring-web/6.2.5/spring-web-6.2.5.jar:/Users/sebastianvaldiviavillagra/.m2/repository/org/springframework/spring-beans/6.2.5/spring-beans-6.2.5.jar:/Users/sebastianvaldiviavillagra/.m2/repository/org/springframework/spring-webmvc/6.2.5/spring-webmvc-6.2.5.jar:/Users/sebastianvaldiviavillagra/.m2/repository/org/springframework/spring-aop/6.2.5/spring-aop-6.2.5.jar:/Users/sebastianvaldiviavillagra/.m2/repository/org/springframework/spring-context/6.2.5/spring-context-6.2.5.jar:/Users/sebastianvaldiviavillagra/.m2/repository/org/springframework/spring-expression/6.2.5/spring-expression-6.2.5.jar:/Users/sebastianvaldiviavillagra/.m2/repository/org/springframework/boot/spring-boot-devtools/3.4.4/spring-boot-devtools-3.4.4.jar:/Users/sebastianvaldiviavillagra/.m2/repository/org/springframework/boot/spring-boot/3.4.4/spring-boot-3.4.4.jar:/Users/sebastianvaldiviavillagra/.m2/repository/org/springframework/boot/spring-boot-autoconfigure/3.4.4/spring-boot-autoconfigure-3.4.4.jar:/Users/sebastianvaldiviavillagra/.m2/repository/org/projectlombok/lombok/1.18.36/lombok-1.18.36.jar:/Users/sebastianvaldiviavillagra/.m2/repository/org/springframework/boot/spring-boot-starter-test/3.4.4/spring-boot-starter-test-3.4.4.jar:/Users/sebastianvaldiviavillagra/.m2/repository/org/springframework/boot/spring-boot-test/3.4.4/spring-boot-test-3.4.4.jar:/Users/sebastianvaldiviavillagra/.m2/repository/org/springframework/boot/spring-boot-test-autoconfigure/3.4.4/spring-boot-test-autoconfigure-3.4.4.jar:/Users/sebastianvaldiviavillagra/.m2/repository/com/jayway/jsonpath/json-path/2.9.0/json-path-2.9.0.jar:/Users/sebastianvaldiviavillagra/.m2/repository/org/slf4j/slf4j-api/2.0.17/slf4j-api-2.0.17.jar:/Users/sebastianvaldiviavillagra/.m2/repository/jakarta/xml/bind/jakarta.xml.bind-api/4.0.2/jakarta.xml.bind-api-4.0.2.jar:/Users/sebastianvaldiviavillagra/.m2/repository/jakarta/activation/jakarta.activation-api/2.1.3/jakarta.activation-api-2.1.3.jar:/Users/sebastianvaldiviavillagra/.m2/repository/net/minidev/json-smart/2.5.2/json-smart-2.5.2.jar:/Users/sebastianvaldiviavillagra/.m2/repository/net/minidev/accessors-smart/2.5.2/accessors-smart-2.5.2.jar:/Users/sebastianvaldiviavillagra/.m2/repository/org/ow2/asm/asm/9.7.1/asm-9.7.1.jar:/Users/sebastianvaldiviavillagra/.m2/repository/org/assertj/assertj-core/3.26.3/assertj-core-3.26.3.jar:/Users/sebastianvaldiviavillagra/.m2/repository/net/bytebuddy/byte-buddy/1.15.11/byte-buddy-1.15.11.jar:/Users/sebastianvaldiviavillagra/.m2/repository/org/awaitility/awaitility/4.2.2/awaitility-4.2.2.jar:/Users/sebastianvaldiviavillagra/.m2/repository/org/hamcrest/hamcrest/2.2/hamcrest-2.2.jar:/Users/sebastianvaldiviavillagra/.m2/repository/org/junit/jupiter/junit-jupiter/5.11.4/junit-jupiter-5.11.4.jar:/Users/sebastianvaldiviavillagra/.m2/repository/org/junit/jupiter/junit-jupiter-api/5.11.4/junit-jupiter-api-5.11.4.jar:/Users/sebastianvaldiviavillagra/.m2/repository/org/opentest4j/opentest4j/1.3.0/opentest4j-1.3.0.jar:/Users/sebastianvaldiviavillagra/.m2/repository/org/junit/platform/junit-platform-commons/1.11.4/junit-platform-commons-1.11.4.jar:/Users/sebastianvaldiviavillagra/.m2/repository/org/apiguardian/apiguardian-api/1.1.2/apiguardian-api-1.1.2.jar:/Users/sebastianvaldiviavillagra/.m2/repository/org/junit/jupiter/junit-jupiter-params/5.11.4/junit-jupiter-params-5.11.4.jar:/Users/sebastianvaldiviavillagra/.m2/repository/org/junit/jupiter/junit-jupiter-engine/5.11.4/junit-jupiter-engine-5.11.4.jar:/Users/sebastianvaldiviavillagra/.m2/repository/org/junit/platform/junit-platform-engine/1.11.4/junit-platform-engine-1.11.4.jar:/Users/sebastianvaldiviavillagra/.m2/repository/org/mockito/mockito-core/5.14.2/mockito-core-5.14.2.jar:/Users/sebastianvaldiviavillagra/.m2/repository/net/bytebuddy/byte-buddy-agent/1.15.11/byte-buddy-agent-1.15.11.jar:/Users/sebastianvaldiviavillagra/.m2/repository/org/objenesis/objenesis/3.3/objenesis-3.3.jar:/Users/sebastianvaldiviavillagra/.m2/repository/org/mockito/mockito-junit-jupiter/5.14.2/mockito-junit-jupiter-5.14.2.jar:/Users/sebastianvaldiviavillagra/.m2/repository/org/skyscreamer/jsonassert/1.5.3/jsonassert-1.5.3.jar:/Users/sebastianvaldiviavillagra/.m2/repository/com/vaadin/external/google/android-json/0.0.20131108.vaadin1/android-json-0.0.20131108.vaadin1.jar:/Users/sebastianvaldiviavillagra/.m2/repository/org/springframework/spring-core/6.2.5/spring-core-6.2.5.jar:/Users/sebastianvaldiviavillagra/.m2/repository/org/springframework/spring-jcl/6.2.5/spring-jcl-6.2.5.jar:/Users/sebastianvaldiviavillagra/.m2/repository/org/springframework/spring-test/6.2.5/spring-test-6.2.5.jar:/Users/sebastianvaldiviavillagra/.m2/repository/org/xmlunit/xmlunit-core/2.10.0/xmlunit-core-2.10.0.jar:/Users/sebastianvaldiviavillagra/.m2/repository/org/springframework/boot/spring-boot-starter-data-jpa/3.4.4/spring-boot-starter-data-jpa-3.4.4.jar:/Users/sebastianvaldiviavillagra/.m2/repository/org/springframework/boot/spring-boot-starter-jdbc/3.4.4/spring-boot-starter-jdbc-3.4.4.jar:/Users/sebastianvaldiviavillagra/.m2/repository/com/zaxxer/HikariCP/5.1.0/HikariCP-5.1.0.jar:/Users/sebastianvaldiviavillagra/.m2/repository/org/springframework/spring-jdbc/6.2.5/spring-jdbc-6.2.5.jar:/Users/sebastianvaldiviavillagra/.m2/repository/org/hibernate/orm/hibernate-core/6.6.11.Final/hibernate-core-6.6.11.Final.jar:/Users/sebastianvaldiviavillagra/.m2/repository/jakarta/persistence/jakarta.persistence-api/3.1.0/jakarta.persistence-api-3.1.0.jar:/Users/sebastianvaldiviavillagra/.m2/repository/jakarta/transaction/jakarta.transaction-api/2.0.1/jakarta.transaction-api-2.0.1.jar:/Users/sebastianvaldiviavillagra/.m2/repository/org/jboss/logging/jboss-logging/3.6.1.Final/jboss-logging-3.6.1.Final.jar:/Users/sebastianvaldiviavillagra/.m2/repository/org/hibernate/common/hibernate-commons-annotations/7.0.3.Final/hibernate-commons-annotations-7.0.3.Final.jar:/Users/sebastianvaldiviavillagra/.m2/repository/io/smallrye/jandex/3.2.0/jandex-3.2.0.jar:/Users/sebastianvaldiviavillagra/.m2/repository/com/fasterxml/classmate/1.7.0/classmate-1.7.0.jar:/Users/sebastianvaldiviavillagra/.m2/repository/org/glassfish/jaxb/jaxb-runtime/4.0.5/jaxb-runtime-4.0.5.jar:/Users/sebastianvaldiviavillagra/.m2/repository/org/glassfish/jaxb/jaxb-core/4.0.5/jaxb-core-4.0.5.jar:/Users/sebastianvaldiviavillagra/.m2/repository/org/eclipse/angus/angus-activation/2.0.2/angus-activation-2.0.2.jar:/Users/sebastianvaldiviavillagra/.m2/repository/org/glassfish/jaxb/txw2/4.0.5/txw2-4.0.5.jar:/Users/sebastianvaldiviavillagra/.m2/repository/com/sun/istack/istack-commons-runtime/4.1.2/istack-commons-runtime-4.1.2.jar:/Users/sebastianvaldiviavillagra/.m2/repository/jakarta/inject/jakarta.inject-api/2.0.1/jakarta.inject-api-2.0.1.jar:/Users/sebastianvaldiviavillagra/.m2/repository/org/antlr/antlr4-runtime/4.13.0/antlr4-runtime-4.13.0.jar:/Users/sebastianvaldiviavillagra/.m2/repository/org/springframework/data/spring-data-jpa/3.4.4/spring-data-jpa-3.4.4.jar:/Users/sebastianvaldiviavillagra/.m2/repository/org/springframework/data/spring-data-commons/3.4.4/spring-data-commons-3.4.4.jar:/Users/sebastianvaldiviavillagra/.m2/repository/org/springframework/spring-orm/6.2.5/spring-orm-6.2.5.jar:/Users/sebastianvaldiviavillagra/.m2/repository/org/springframework/spring-tx/6.2.5/spring-tx-6.2.5.jar:/Users/sebastianvaldiviavillagra/.m2/repository/org/springframework/spring-aspects/6.2.5/spring-aspects-6.2.5.jar:/Users/sebastianvaldiviavillagra/.m2/repository/org/aspectj/aspectjweaver/1.9.23/aspectjweaver-1.9.23.jar:/Users/sebastianvaldiviavillagra/.m2/repository/com/oracle/database/jdbc/ojdbc11/23.5.0.24.07/ojdbc11-23.5.0.24.07.jar:/Users/sebastianvaldiviavillagra/.m2/repository/com/oracle/database/security/oraclepki/21.5.0.0/oraclepki-21.5.0.0.jar:/Users/sebastianvaldiviavillagra/.m2/repository/com/oracle/database/security/osdt_cert/21.5.0.0/osdt_cert-21.5.0.0.jar:/Users/sebastianvaldiviavillagra/.m2/repository/com/oracle/database/security/osdt_core/21.5.0.0/osdt_core-21.5.0.0.jar:/Users/sebastianvaldiviavillagra/.m2/repository/org/springframework/boot/spring-boot-starter-validation/3.4.4/spring-boot-starter-validation-3.4.4.jar:/Users/sebastianvaldiviavillagra/.m2/repository/org/apache/tomcat/embed/tomcat-embed-el/10.1.39/tomcat-embed-el-10.1.39.jar:/Users/sebastianvaldiviavillagra/.m2/repository/org/hibernate/validator/hibernate-validator/8.0.2.Final/hibernate-validator-8.0.2.Final.jar:/Users/sebastianvaldiviavillagra/.m2/repository/jakarta/validation/jakarta.validation-api/3.0.2/jakarta.validation-api-3.0.2.jar:/Users/sebastianvaldiviavillagra/.m2/repository/org/springframework/boot/spring-boot-starter-hateoas/3.4.4/spring-boot-starter-hateoas-3.4.4.jar:/Users/sebastianvaldiviavillagra/.m2/repository/org/springframework/hateoas/spring-hateoas/2.4.1/spring-hateoas-2.4.1.jar:/Users/sebastianvaldiviavillagra/.m2/repository/org/springframework/plugin/spring-plugin-core/3.0.0/spring-plugin-core-3.0.0.jar:"/>
    <property name="sun.cpu.endian" value="little"/>
    <property name="user.home" value="/Users/sebastianvaldiviavillagra"/>
    <property name="user.language" value="es"/>
    <property name="java.specification.vendor" value="Oracle Corporation"/>
    <property name="java.version.date" value="2025-01-21"/>
    <property name="java.home" value="/Library/Java/JavaVirtualMachines/temurin-21.jdk/Contents/Home"/>
    <property name="file.separator" value="/"/>
    <property name="basedir" value="/Users/sebastianvaldiviavillagra/Desktop/proyectos/pedidos"/>
    <property name="java.vm.compressedOopsMode" value="Zero based"/>
    <property name="line.separator" value="&#10;"/>
    <property name="java.vm.specification.vendor" value="Oracle Corporation"/>
    <property name="java.specification.name" value="Java Platform API Specification"/>
    <property name="FILE_LOG_CHARSET" value="UTF-8"/>
    <property name="java.awt.headless" value="true"/>
    <property name="apple.awt.application.name" value="ForkedBooter"/>
    <property name="surefire.real.class.path" value="/Users/sebastianvaldiviavillagra/Desktop/proyectos/pedidos/target/surefire/surefirebooter-20250504215223908_3.jar"/>
    <property name="sun.management.compiler" value="HotSpot 64-Bit Tiered Compilers"/>
    <property name="ftp.nonProxyHosts" value="local|*.local|169.254/16|*.169.254/16"/>
    <property name="java.runtime.version" value="21.0.6+7-LTS"/>
    <property name="user.name" value="sebastianvaldiviavillagra"/>
    <property name="stdout.encoding" value="UTF-8"/>
    <property name="path.separator" value=":"/>
    <property name="os.version" value="15.3.1"/>
    <property name="java.runtime.name" value="OpenJDK Runtime Environment"/>
    <property name="file.encoding" value="UTF-8"/>
    <property name="java.vm.name" value="OpenJDK 64-Bit Server VM"/>
    <property name="java.vendor.version" value="Temurin-21.0.6+7"/>
    <property name="localRepository" value="/Users/sebastianvaldiviavillagra/.m2/repository"/>
    <property name="java.vendor.url.bug" value="https://github.com/adoptium/adoptium-support/issues"/>
    <property name="java.io.tmpdir" value="/var/folders/z1/56hc2lwj3zg16g076f_r940m0000gn/T/"/>
    <property name="com.zaxxer.hikari.pool_number" value="1"/>
    <property name="java.version" value="21.0.6"/>
    <property name="user.dir" value="/Users/sebastianvaldiviavillagra/Desktop/proyectos/pedidos"/>
    <property name="os.arch" value="aarch64"/>
    <property name="java.vm.specification.name" value="Java Virtual Machine Specification"/>
    <property name="PID" value="13764"/>
    <property name="CONSOLE_LOG_CHARSET" value="UTF-8"/>
    <property name="native.encoding" value="UTF-8"/>
    <property name="java.library.path" value="/Users/sebastianvaldiviavillagra/Library/Java/Extensions:/Library/Java/Extensions:/Network/Library/Java/Extensions:/System/Library/Java/Extensions:/usr/lib/java:."/>
    <property name="java.vm.info" value="mixed mode, sharing"/>
    <property name="stderr.encoding" value="UTF-8"/>
    <property name="java.vendor" value="Eclipse Adoptium"/>
    <property name="java.vm.version" value="21.0.6+7-LTS"/>
    <property name="sun.io.unicode.encoding" value="UnicodeBig"/>
    <property name="socksNonProxyHosts" value="local|*.local|169.254/16|*.169.254/16"/>
    <property name="java.class.version" value="65.0"/>
    <property name="LOGGED_APPLICATION_NAME" value="[pedido] "/>
  </properties>
  <testcase name="encontrarPedidoPorId" classname="com.pedido.pedido.repository.PedidoRepositoryTest" time="0.328">
    <system-out><![CDATA[21:52:24.224 [main] INFO org.springframework.test.context.support.AnnotationConfigContextLoaderUtils -- Could not detect default configuration classes for test class [com.pedido.pedido.repository.PedidoRepositoryTest]: PedidoRepositoryTest does not declare any static, non-private, non-final, nested classes annotated with @Configuration.
21:52:24.274 [main] INFO org.springframework.boot.test.context.SpringBootTestContextBootstrapper -- Found @SpringBootConfiguration com.pedido.pedido.PedidoApplication for test class com.pedido.pedido.repository.PedidoRepositoryTest
21:52:24.302 [main] INFO org.springframework.boot.devtools.restart.RestartApplicationListener -- Restart disabled due to context in which it is running

  .   ____          _            __ _ _
 /\\ / ___'_ __ _ _(_)_ __  __ _ \ \ \ \
( ( )\___ | '_ | '_| | '_ \/ _` | \ \ \ \
 \\/  ___)| |_)| | | | | || (_| |  ) ) ) )
  '  |____| .__|_| |_|_| |_\__, | / / / /
 =========|_|==============|___/=/_/_/_/

 :: Spring Boot ::                (v3.4.4)

2025-05-04T21:52:24.407-04:00 DEBUG 13764 --- [pedido] [kground-preinit] o.h.v.i.xml.config.ValidationXmlParser   : Trying to load META-INF/validation.xml for XML based Validator configuration.
2025-05-04T21:52:24.408-04:00 DEBUG 13764 --- [pedido] [kground-preinit] o.h.v.i.xml.config.ResourceLoaderHelper  : Trying to load META-INF/validation.xml via TCCL
2025-05-04T21:52:24.408-04:00 DEBUG 13764 --- [pedido] [kground-preinit] o.h.v.i.xml.config.ResourceLoaderHelper  : Trying to load META-INF/validation.xml via Hibernate Validator's class loader
2025-05-04T21:52:24.409-04:00 DEBUG 13764 --- [pedido] [kground-preinit] o.h.v.i.xml.config.ValidationXmlParser   : No META-INF/validation.xml found. Using annotation based configuration only.
2025-05-04T21:52:24.410-04:00 DEBUG 13764 --- [pedido] [kground-preinit] o.h.v.i.e.resolver.TraversableResolvers  : Found jakarta.persistence.Persistence on classpath containing 'getPersistenceUtil'. Assuming JPA 2 environment. Trying to instantiate JPA aware TraversableResolver
2025-05-04T21:52:24.410-04:00 DEBUG 13764 --- [pedido] [kground-preinit] o.h.v.i.e.resolver.TraversableResolvers  : Instantiated JPA aware TraversableResolver of type org.hibernate.validator.internal.engine.resolver.JPATraversableResolver.
2025-05-04T21:52:24.418-04:00 DEBUG 13764 --- [pedido] [kground-preinit] .h.v.m.ResourceBundleMessageInterpolator : Loaded expression factory via original TCCL
2025-05-04T21:52:24.420-04:00  INFO 13764 --- [pedido] [           main] c.p.p.repository.PedidoRepositoryTest    : Starting PedidoRepositoryTest using Java 21.0.6 with PID 13764 (started by sebastianvaldiviavillagra in /Users/sebastianvaldiviavillagra/Desktop/proyectos/pedidos)
2025-05-04T21:52:24.420-04:00  INFO 13764 --- [pedido] [           main] c.p.p.repository.PedidoRepositoryTest    : No active profile set, falling back to 1 default profile: "default"
2025-05-04T21:52:24.421-04:00 DEBUG 13764 --- [pedido] [           main] o.s.boot.SpringApplication               : Loading source class com.pedido.pedido.PedidoApplication
2025-05-04T21:52:24.425-04:00 DEBUG 13764 --- [pedido] [           main] s.c.a.AnnotationConfigApplicationContext : Refreshing org.springframework.context.annotation.AnnotationConfigApplicationContext@1fd386c3
2025-05-04T21:52:24.430-04:00 DEBUG 13764 --- [pedido] [           main] o.s.b.f.s.DefaultListableBeanFactory     : Creating shared instance of singleton bean 'org.springframework.context.annotation.internalConfigurationAnnotationProcessor'
2025-05-04T21:52:24.434-04:00 DEBUG 13764 --- [pedido] [           main] o.s.b.f.s.DefaultListableBeanFactory     : Creating shared instance of singleton bean 'org.springframework.boot.autoconfigure.internalCachingMetadataReaderFactory'
2025-05-04T21:52:24.442-04:00 DEBUG 13764 --- [pedido] [kground-preinit] .i.e.ValidatorFactoryConfigurationHelper : HV000252: Using org.hibernate.validator.internal.engine.DefaultPropertyNodeNameProvider as property node name provider.
2025-05-04T21:52:24.444-04:00 DEBUG 13764 --- [pedido] [kground-preinit] .i.e.ValidatorFactoryConfigurationHelper : HV000234: Using org.hibernate.validator.messageinterpolation.ResourceBundleMessageInterpolator as ValidatorFactory-scoped message interpolator.
2025-05-04T21:52:24.444-04:00 DEBUG 13764 --- [pedido] [kground-preinit] .i.e.ValidatorFactoryConfigurationHelper : HV000234: Using org.hibernate.validator.internal.engine.resolver.JPATraversableResolver as ValidatorFactory-scoped traversable resolver.
2025-05-04T21:52:24.444-04:00 DEBUG 13764 --- [pedido] [kground-preinit] .i.e.ValidatorFactoryConfigurationHelper : HV000234: Using org.hibernate.validator.internal.util.ExecutableParameterNameProvider as ValidatorFactory-scoped parameter name provider.
2025-05-04T21:52:24.444-04:00 DEBUG 13764 --- [pedido] [kground-preinit] .i.e.ValidatorFactoryConfigurationHelper : HV000234: Using org.hibernate.validator.internal.engine.DefaultClockProvider as ValidatorFactory-scoped clock provider.
2025-05-04T21:52:24.444-04:00 DEBUG 13764 --- [pedido] [kground-preinit] .i.e.ValidatorFactoryConfigurationHelper : HV000234: Using org.hibernate.validator.internal.engine.scripting.DefaultScriptEvaluatorFactory as ValidatorFactory-scoped script evaluator factory.
2025-05-04T21:52:24.586-04:00  INFO 13764 --- [pedido] [           main] .s.d.r.c.RepositoryConfigurationDelegate : Bootstrapping Spring Data JPA repositories in DEFAULT mode.
2025-05-04T21:52:24.591-04:00 DEBUG 13764 --- [pedido] [           main] o.s.b.f.s.DefaultListableBeanFactory     : Creating shared instance of singleton bean 'org.springframework.boot.autoconfigure.AutoConfigurationPackages'
2025-05-04T21:52:24.594-04:00 DEBUG 13764 --- [pedido] [           main] o.s.b.a.AutoConfigurationPackages        : @EnableAutoConfiguration was declared on a class in the package 'com.pedido.pedido'. Automatic @Repository and @Entity scanning is enabled.
2025-05-04T21:52:24.594-04:00 DEBUG 13764 --- [pedido] [           main] .s.d.r.c.RepositoryConfigurationDelegate : Scanning for JPA repositories in packages com.pedido.pedido.
2025-05-04T21:52:24.598-04:00 DEBUG 13764 --- [pedido] [           main] o.s.d.r.c.RepositoryComponentProvider    : Identified candidate component class: file [/Users/sebastianvaldiviavillagra/Desktop/proyectos/pedidos/target/classes/com/pedido/pedido/Repository/PedidoRepository.class]
2025-05-04T21:52:24.608-04:00  INFO 13764 --- [pedido] [           main] .s.d.r.c.RepositoryConfigurationDelegate : Finished Spring Data repository scanning in 13 ms. Found 1 JPA repository interface.
2025-05-04T21:52:24.621-04:00 DEBUG 13764 --- [pedido] [           main] o.s.b.f.s.DefaultListableBeanFactory     : Creating shared instance of singleton bean 'org.springframework.boot.test.context.ImportsContextCustomizer$ImportsCleanupPostProcessor'
2025-05-04T21:52:24.622-04:00 DEBUG 13764 --- [pedido] [           main] o.s.b.f.s.DefaultListableBeanFactory     : Creating shared instance of singleton bean 'org.springframework.boot.test.mock.mockito.MockitoPostProcessor'
2025-05-04T21:52:24.622-04:00 DEBUG 13764 --- [pedido] [           main] o.s.b.f.s.DefaultListableBeanFactory     : Creating shared instance of singleton bean 'emBeanDefinitionRegistrarPostProcessor'
2025-05-04T21:52:24.622-04:00 DEBUG 13764 --- [pedido] [           main] o.s.b.f.s.DefaultListableBeanFactory     : Creating shared instance of singleton bean 'org.springframework.boot.sql.init.dependency.DatabaseInitializationDependencyConfigurer$DependsOnDatabaseInitializationPostProcessor'
2025-05-04T21:52:24.631-04:00 DEBUG 13764 --- [pedido] [           main] o.s.b.f.s.DefaultListableBeanFactory     : Creating shared instance of singleton bean 'org.springframework.context.event.internalEventListenerProcessor'
2025-05-04T21:52:24.631-04:00 DEBUG 13764 --- [pedido] [           main] o.s.b.f.s.DefaultListableBeanFactory     : Creating shared instance of singleton bean 'org.springframework.context.event.internalEventListenerFactory'
2025-05-04T21:52:24.632-04:00 DEBUG 13764 --- [pedido] [           main] o.s.b.f.s.DefaultListableBeanFactory     : Creating shared instance of singleton bean 'org.springframework.transaction.config.internalTransactionalEventListenerFactory'
2025-05-04T21:52:24.632-04:00 DEBUG 13764 --- [pedido] [           main] o.s.b.f.s.DefaultListableBeanFactory     : Creating shared instance of singleton bean 'org.springframework.context.annotation.internalAutowiredAnnotationProcessor'
2025-05-04T21:52:24.633-04:00 DEBUG 13764 --- [pedido] [           main] o.s.b.f.s.DefaultListableBeanFactory     : Creating shared instance of singleton bean 'org.springframework.context.annotation.internalCommonAnnotationProcessor'
2025-05-04T21:52:24.634-04:00 DEBUG 13764 --- [pedido] [           main] o.s.b.f.s.DefaultListableBeanFactory     : Creating shared instance of singleton bean 'org.springframework.context.annotation.internalPersistenceAnnotationProcessor'
2025-05-04T21:52:24.634-04:00 DEBUG 13764 --- [pedido] [           main] o.s.b.f.s.DefaultListableBeanFactory     : Creating shared instance of singleton bean 'org.springframework.boot.test.mock.mockito.MockitoPostProcessor$SpyPostProcessor'
2025-05-04T21:52:24.635-04:00 DEBUG 13764 --- [pedido] [           main] o.s.b.f.s.DefaultListableBeanFactory     : Creating shared instance of singleton bean 'jdbcConnectionDetailsHikariBeanPostProcessor'
2025-05-04T21:52:24.639-04:00 DEBUG 13764 --- [pedido] [           main] o.s.b.f.s.DefaultListableBeanFactory     : Creating shared instance of singleton bean 'org.springframework.boot.context.properties.ConfigurationPropertiesBindingPostProcessor'
2025-05-04T21:52:24.640-04:00 DEBUG 13764 --- [pedido] [           main] o.s.b.f.s.DefaultListableBeanFactory     : Creating shared instance of singleton bean 'org.springframework.boot.context.internalConfigurationPropertiesBinder'
2025-05-04T21:52:24.641-04:00 DEBUG 13764 --- [pedido] [           main] o.s.b.f.s.DefaultListableBeanFactory     : Creating shared instance of singleton bean 'org.springframework.aop.config.internalAutoProxyCreator'
2025-05-04T21:52:24.645-04:00 DEBUG 13764 --- [pedido] [           main] o.s.b.f.s.DefaultListableBeanFactory     : Creating shared instance of singleton bean 'org.springframework.test.context.support.internalDynamicPropertyRegistrarBeanInitializer'
2025-05-04T21:52:24.646-04:00 DEBUG 13764 --- [pedido] [           main] o.s.b.f.s.DefaultListableBeanFactory     : Creating shared instance of singleton bean 'org.springframework.transaction.config.internalTransactionAdvisor'
2025-05-04T21:52:24.646-04:00 DEBUG 13764 --- [pedido] [           main] o.s.b.f.s.DefaultListableBeanFactory     : Creating shared instance of singleton bean 'org.springframework.transaction.annotation.ProxyTransactionManagementConfiguration'
2025-05-04T21:52:24.651-04:00 DEBUG 13764 --- [pedido] [           main] o.s.b.f.s.DefaultListableBeanFactory     : Creating shared instance of singleton bean 'transactionAttributeSource'
2025-05-04T21:52:24.652-04:00 DEBUG 13764 --- [pedido] [           main] o.s.b.f.s.DefaultListableBeanFactory     : Creating shared instance of singleton bean 'transactionInterceptor'
2025-05-04T21:52:24.652-04:00 DEBUG 13764 --- [pedido] [           main] o.s.b.f.s.DefaultListableBeanFactory     : Autowiring by type from bean name 'transactionInterceptor' via factory method to bean named 'transactionAttributeSource'
2025-05-04T21:52:24.653-04:00 DEBUG 13764 --- [pedido] [           main] o.s.b.f.s.DefaultListableBeanFactory     : Autowiring by type from bean name 'org.springframework.transaction.config.internalTransactionAdvisor' via factory method to bean named 'transactionAttributeSource'
2025-05-04T21:52:24.653-04:00 DEBUG 13764 --- [pedido] [           main] o.s.b.f.s.DefaultListableBeanFactory     : Autowiring by type from bean name 'org.springframework.transaction.config.internalTransactionAdvisor' via factory method to bean named 'transactionInterceptor'
2025-05-04T21:52:24.655-04:00 DEBUG 13764 --- [pedido] [           main] o.s.b.f.s.DefaultListableBeanFactory     : Creating shared instance of singleton bean 'dataSourceScriptDatabaseInitializer'
2025-05-04T21:52:24.655-04:00 DEBUG 13764 --- [pedido] [           main] o.s.b.f.s.DefaultListableBeanFactory     : Creating shared instance of singleton bean 'org.springframework.boot.autoconfigure.sql.init.DataSourceInitializationConfiguration'
2025-05-04T21:52:24.655-04:00 DEBUG 13764 --- [pedido] [           main] o.s.b.f.s.DefaultListableBeanFactory     : Creating shared instance of singleton bean 'dataSource'
2025-05-04T21:52:24.655-04:00 DEBUG 13764 --- [pedido] [           main] o.s.b.f.s.DefaultListableBeanFactory     : Creating shared instance of singleton bean 'org.springframework.boot.autoconfigure.jdbc.DataSourceConfiguration$Hikari'
2025-05-04T21:52:24.656-04:00 DEBUG 13764 --- [pedido] [           main] o.s.b.f.s.DefaultListableBeanFactory     : Creating shared instance of singleton bean 'spring.datasource-org.springframework.boot.autoconfigure.jdbc.DataSourceProperties'
2025-05-04T21:52:24.656-04:00 DEBUG 13764 --- [pedido] [           main] o.s.b.f.s.DefaultListableBeanFactory     : Creating shared instance of singleton bean 'org.springframework.boot.context.properties.BoundConfigurationProperties'
2025-05-04T21:52:24.660-04:00 DEBUG 13764 --- [pedido] [           main] o.s.b.f.s.DefaultListableBeanFactory     : Creating shared instance of singleton bean 'jdbcConnectionDetails'
2025-05-04T21:52:24.660-04:00 DEBUG 13764 --- [pedido] [           main] o.s.b.f.s.DefaultListableBeanFactory     : Creating shared instance of singleton bean 'org.springframework.boot.autoconfigure.jdbc.DataSourceAutoConfiguration$PooledDataSourceConfiguration'
2025-05-04T21:52:24.661-04:00 DEBUG 13764 --- [pedido] [           main] o.s.b.f.s.DefaultListableBeanFactory     : Autowiring by type from bean name 'jdbcConnectionDetails' via factory method to bean named 'spring.datasource-org.springframework.boot.autoconfigure.jdbc.DataSourceProperties'
2025-05-04T21:52:24.661-04:00 DEBUG 13764 --- [pedido] [           main] o.s.b.f.s.DefaultListableBeanFactory     : Autowiring by type from bean name 'dataSource' via factory method to bean named 'spring.datasource-org.springframework.boot.autoconfigure.jdbc.DataSourceProperties'
2025-05-04T21:52:24.661-04:00 DEBUG 13764 --- [pedido] [           main] o.s.b.f.s.DefaultListableBeanFactory     : Autowiring by type from bean name 'dataSource' via factory method to bean named 'jdbcConnectionDetails'
2025-05-04T21:52:24.727-04:00 DEBUG 13764 --- [pedido] [           main] o.s.b.f.s.DefaultListableBeanFactory     : Creating shared instance of singleton bean 'spring.sql.init-org.springframework.boot.autoconfigure.sql.init.SqlInitializationProperties'
2025-05-04T21:52:24.728-04:00 DEBUG 13764 --- [pedido] [           main] o.s.b.f.s.DefaultListableBeanFactory     : Autowiring by type from bean name 'dataSourceScriptDatabaseInitializer' via factory method to bean named 'dataSource'
2025-05-04T21:52:24.728-04:00 DEBUG 13764 --- [pedido] [           main] o.s.b.f.s.DefaultListableBeanFactory     : Autowiring by type from bean name 'dataSourceScriptDatabaseInitializer' via factory method to bean named 'spring.sql.init-org.springframework.boot.autoconfigure.sql.init.SqlInitializationProperties'
2025-05-04T21:52:24.729-04:00 DEBUG 13764 --- [pedido] [           main] o.s.b.f.s.DefaultListableBeanFactory     : Creating shared instance of singleton bean 'entityManagerFactory'
2025-05-04T21:52:24.729-04:00 DEBUG 13764 --- [pedido] [           main] o.s.b.f.s.DefaultListableBeanFactory     : Creating shared instance of singleton bean 'org.springframework.boot.autoconfigure.orm.jpa.HibernateJpaConfiguration'
2025-05-04T21:52:24.729-04:00 DEBUG 13764 --- [pedido] [           main] o.s.b.f.s.DefaultListableBeanFactory     : Creating shared instance of singleton bean 'spring.jpa-org.springframework.boot.autoconfigure.orm.jpa.JpaProperties'
2025-05-04T21:52:24.731-04:00 DEBUG 13764 --- [pedido] [           main] o.s.b.f.s.DefaultListableBeanFactory     : Creating shared instance of singleton bean 'spring.jpa.hibernate-org.springframework.boot.autoconfigure.orm.jpa.HibernateProperties'
2025-05-04T21:52:24.731-04:00 DEBUG 13764 --- [pedido] [           main] o.s.b.f.s.DefaultListableBeanFactory     : Autowiring by type from bean name 'org.springframework.boot.autoconfigure.orm.jpa.HibernateJpaConfiguration' via constructor to bean named 'dataSource'
2025-05-04T21:52:24.731-04:00 DEBUG 13764 --- [pedido] [           main] o.s.b.f.s.DefaultListableBeanFactory     : Autowiring by type from bean name 'org.springframework.boot.autoconfigure.orm.jpa.HibernateJpaConfiguration' via constructor to bean named 'spring.jpa-org.springframework.boot.autoconfigure.orm.jpa.JpaProperties'
2025-05-04T21:52:24.731-04:00 DEBUG 13764 --- [pedido] [           main] o.s.b.f.s.DefaultListableBeanFactory     : Autowiring by type from bean name 'org.springframework.boot.autoconfigure.orm.jpa.HibernateJpaConfiguration' via constructor to bean named 'org.springframework.beans.factory.support.DefaultListableBeanFactory@189b5fb1'
2025-05-04T21:52:24.731-04:00 DEBUG 13764 --- [pedido] [           main] o.s.b.f.s.DefaultListableBeanFactory     : Autowiring by type from bean name 'org.springframework.boot.autoconfigure.orm.jpa.HibernateJpaConfiguration' via constructor to bean named 'spring.jpa.hibernate-org.springframework.boot.autoconfigure.orm.jpa.HibernateProperties'
2025-05-04T21:52:24.732-04:00 DEBUG 13764 --- [pedido] [           main] o.s.b.f.s.DefaultListableBeanFactory     : Creating shared instance of singleton bean 'hikariPoolDataSourceMetadataProvider'
2025-05-04T21:52:24.733-04:00 DEBUG 13764 --- [pedido] [           main] o.s.b.f.s.DefaultListableBeanFactory     : Creating shared instance of singleton bean 'org.springframework.boot.autoconfigure.jdbc.metadata.DataSourcePoolMetadataProvidersConfiguration$HikariPoolDataSourceMetadataProviderConfiguration'
2025-05-04T21:52:24.735-04:00 DEBUG 13764 --- [pedido] [           main] o.s.b.f.s.DefaultListableBeanFactory     : Creating shared instance of singleton bean 'entityManagerFactoryBuilder'
2025-05-04T21:52:24.735-04:00 DEBUG 13764 --- [pedido] [           main] o.s.b.f.s.DefaultListableBeanFactory     : Creating shared instance of singleton bean 'jpaVendorAdapter'
2025-05-04T21:52:24.738-04:00 DEBUG 13764 --- [pedido] [           main] o.s.b.f.s.DefaultListableBeanFactory     : Autowiring by type from bean name 'entityManagerFactoryBuilder' via factory method to bean named 'jpaVendorAdapter'
2025-05-04T21:52:24.740-04:00 DEBUG 13764 --- [pedido] [           main] o.s.b.f.s.DefaultListableBeanFactory     : Creating shared instance of singleton bean 'persistenceManagedTypes'
2025-05-04T21:52:24.740-04:00 DEBUG 13764 --- [pedido] [           main] o.s.b.f.s.DefaultListableBeanFactory     : Autowiring by type from bean name 'persistenceManagedTypes' via factory method to bean named 'org.springframework.beans.factory.support.DefaultListableBeanFactory@189b5fb1'
2025-05-04T21:52:24.740-04:00 DEBUG 13764 --- [pedido] [           main] o.s.b.f.s.DefaultListableBeanFactory     : Autowiring by type from bean name 'persistenceManagedTypes' via factory method to bean named 'org.springframework.context.annotation.AnnotationConfigApplicationContext@1fd386c3'
2025-05-04T21:52:24.743-04:00 DEBUG 13764 --- [pedido] [           main] o.s.b.f.s.DefaultListableBeanFactory     : Autowiring by type from bean name 'entityManagerFactory' via factory method to bean named 'entityManagerFactoryBuilder'
2025-05-04T21:52:24.743-04:00 DEBUG 13764 --- [pedido] [           main] o.s.b.f.s.DefaultListableBeanFactory     : Autowiring by type from bean name 'entityManagerFactory' via factory method to bean named 'persistenceManagedTypes'
2025-05-04T21:52:24.748-04:00 DEBUG 13764 --- [pedido] [           main] j.LocalContainerEntityManagerFactoryBean : Building JPA container EntityManagerFactory for persistence unit 'default'
2025-05-04T21:52:24.756-04:00 DEBUG 13764 --- [pedido] [           main] o.hibernate.jpa.internal.util.LogHelper  : PersistenceUnitInfo [
	name: default
	persistence provider classname: null
	classloader: jdk.internal.loader.ClassLoaders$AppClassLoader@2c854dc5
	excludeUnlistedClasses: true
	JTA datasource: null
	Non JTA datasource: HikariDataSource (null)
	Transaction type: RESOURCE_LOCAL
	PU root URL: file:/Users/sebastianvaldiviavillagra/Desktop/proyectos/pedidos/target/test-classes/
	Shared Cache Mode: UNSPECIFIED
	Validation Mode: AUTO
	Jar files URLs []
	Managed classes names [
		com.pedido.pedido.Model.Pedido]
	Mapping files names []
	Properties []
2025-05-04T21:52:24.758-04:00 DEBUG 13764 --- [pedido] [           main] o.h.i.internal.IntegratorServiceImpl     : Adding Integrator [org.hibernate.boot.beanvalidation.BeanValidationIntegrator].
2025-05-04T21:52:24.758-04:00 DEBUG 13764 --- [pedido] [           main] o.h.i.internal.IntegratorServiceImpl     : Adding Integrator [org.hibernate.cache.internal.CollectionCacheInvalidator].
2025-05-04T21:52:24.777-04:00  INFO 13764 --- [pedido] [           main] org.hibernate.Version                    : HHH000412: Hibernate ORM core version 6.6.11.Final
2025-05-04T21:52:24.778-04:00 DEBUG 13764 --- [pedido] [           main] org.hibernate.cfg.Environment            : HHH000206: 'hibernate.properties' not found
2025-05-04T21:52:24.785-04:00 DEBUG 13764 --- [pedido] [           main] org.hibernate.orm.idgen.factory          : Registering IdentifierGenerator strategy [uuid2] -> [org.hibernate.id.UUIDGenerator]
2025-05-04T21:52:24.785-04:00 DEBUG 13764 --- [pedido] [           main] org.hibernate.orm.idgen.factory          : Registering IdentifierGenerator strategy [guid] -> [org.hibernate.id.GUIDGenerator]
2025-05-04T21:52:24.785-04:00 DEBUG 13764 --- [pedido] [           main] org.hibernate.orm.idgen.factory          : Registering IdentifierGenerator strategy [uuid] -> [org.hibernate.id.UUIDHexGenerator]
2025-05-04T21:52:24.785-04:00 DEBUG 13764 --- [pedido] [           main] org.hibernate.orm.idgen.factory          : Registering IdentifierGenerator strategy [uuid.hex] -> [org.hibernate.id.UUIDHexGenerator]
2025-05-04T21:52:24.785-04:00 DEBUG 13764 --- [pedido] [           main] org.hibernate.orm.idgen.factory          : Registering IdentifierGenerator strategy [assigned] -> [org.hibernate.id.Assigned]
2025-05-04T21:52:24.786-04:00 DEBUG 13764 --- [pedido] [           main] org.hibernate.orm.idgen.factory          : Registering IdentifierGenerator strategy [identity] -> [org.hibernate.id.IdentityGenerator]
2025-05-04T21:52:24.786-04:00 DEBUG 13764 --- [pedido] [           main] org.hibernate.orm.idgen.factory          : Registering IdentifierGenerator strategy [select] -> [org.hibernate.id.SelectGenerator]
2025-05-04T21:52:24.786-04:00 DEBUG 13764 --- [pedido] [           main] org.hibernate.orm.idgen.factory          : Registering IdentifierGenerator strategy [sequence] -> [org.hibernate.id.enhanced.SequenceStyleGenerator]
2025-05-04T21:52:24.787-04:00 DEBUG 13764 --- [pedido] [           main] org.hibernate.orm.idgen.factory          : Registering IdentifierGenerator strategy [increment] -> [org.hibernate.id.IncrementGenerator]
2025-05-04T21:52:24.787-04:00 DEBUG 13764 --- [pedido] [           main] org.hibernate.orm.idgen.factory          : Registering IdentifierGenerator strategy [foreign] -> [org.hibernate.id.ForeignGenerator]
2025-05-04T21:52:24.787-04:00 DEBUG 13764 --- [pedido] [           main] org.hibernate.orm.idgen.factory          : Registering IdentifierGenerator strategy [enhanced-sequence] -> [org.hibernate.id.enhanced.SequenceStyleGenerator]
2025-05-04T21:52:24.787-04:00 DEBUG 13764 --- [pedido] [           main] org.hibernate.orm.idgen.factory          : Registering IdentifierGenerator strategy [enhanced-table] -> [org.hibernate.id.enhanced.TableGenerator]
2025-05-04T21:52:24.789-04:00 DEBUG 13764 --- [pedido] [           main] o.h.c.internal.RegionFactoryInitiator    : Cannot default RegionFactory based on registered strategies as `[]` RegionFactory strategies were registered
2025-05-04T21:52:24.790-04:00  INFO 13764 --- [pedido] [           main] o.h.c.internal.RegionFactoryInitiator    : HHH000026: Second-level cache disabled
2025-05-04T21:52:24.815-04:00 DEBUG 13764 --- [pedido] [           main] org.hibernate.type.BasicTypeRegistry     : Adding type registration boolean -> org.hibernate.type.BasicTypeReference@52ea0269
2025-05-04T21:52:24.815-04:00 DEBUG 13764 --- [pedido] [           main] org.hibernate.type.BasicTypeRegistry     : Adding type registration boolean -> org.hibernate.type.BasicTypeReference@52ea0269
2025-05-04T21:52:24.816-04:00 DEBUG 13764 --- [pedido] [           main] org.hibernate.type.BasicTypeRegistry     : Adding type registration java.lang.Boolean -> org.hibernate.type.BasicTypeReference@52ea0269
2025-05-04T21:52:24.816-04:00 DEBUG 13764 --- [pedido] [           main] org.hibernate.type.BasicTypeRegistry     : Adding type registration numeric_boolean -> org.hibernate.type.BasicTypeReference@746c411c
2025-05-04T21:52:24.816-04:00 DEBUG 13764 --- [pedido] [           main] org.hibernate.type.BasicTypeRegistry     : Adding type registration org.hibernate.type.NumericBooleanConverter -> org.hibernate.type.BasicTypeReference@746c411c
2025-05-04T21:52:24.816-04:00 DEBUG 13764 --- [pedido] [           main] org.hibernate.type.BasicTypeRegistry     : Adding type registration true_false -> org.hibernate.type.BasicTypeReference@43ecfeb5
2025-05-04T21:52:24.816-04:00 DEBUG 13764 --- [pedido] [           main] org.hibernate.type.BasicTypeRegistry     : Adding type registration org.hibernate.type.TrueFalseConverter -> org.hibernate.type.BasicTypeReference@43ecfeb5
2025-05-04T21:52:24.816-04:00 DEBUG 13764 --- [pedido] [           main] org.hibernate.type.BasicTypeRegistry     : Adding type registration yes_no -> org.hibernate.type.BasicTypeReference@51efb731
2025-05-04T21:52:24.816-04:00 DEBUG 13764 --- [pedido] [           main] org.hibernate.type.BasicTypeRegistry     : Adding type registration org.hibernate.type.YesNoConverter -> org.hibernate.type.BasicTypeReference@51efb731
2025-05-04T21:52:24.816-04:00 DEBUG 13764 --- [pedido] [           main] org.hibernate.type.BasicTypeRegistry     : Adding type registration byte -> org.hibernate.type.BasicTypeReference@53940e2f
2025-05-04T21:52:24.816-04:00 DEBUG 13764 --- [pedido] [           main] org.hibernate.type.BasicTypeRegistry     : Adding type registration byte -> org.hibernate.type.BasicTypeReference@53940e2f
2025-05-04T21:52:24.816-04:00 DEBUG 13764 --- [pedido] [           main] org.hibernate.type.BasicTypeRegistry     : Adding type registration java.lang.Byte -> org.hibernate.type.BasicTypeReference@53940e2f
2025-05-04T21:52:24.816-04:00 DEBUG 13764 --- [pedido] [           main] org.hibernate.type.BasicTypeRegistry     : Adding type registration binary -> org.hibernate.type.BasicTypeReference@45e6d1e0
2025-05-04T21:52:24.816-04:00 DEBUG 13764 --- [pedido] [           main] org.hibernate.type.BasicTypeRegistry     : Adding type registration byte[] -> org.hibernate.type.BasicTypeReference@45e6d1e0
2025-05-04T21:52:24.816-04:00 DEBUG 13764 --- [pedido] [           main] org.hibernate.type.BasicTypeRegistry     : Adding type registration [B -> org.hibernate.type.BasicTypeReference@45e6d1e0
2025-05-04T21:52:24.816-04:00 DEBUG 13764 --- [pedido] [           main] org.hibernate.type.BasicTypeRegistry     : Adding type registration binary_wrapper -> org.hibernate.type.BasicTypeReference@61db86bf
2025-05-04T21:52:24.816-04:00 DEBUG 13764 --- [pedido] [           main] org.hibernate.type.BasicTypeRegistry     : Adding type registration wrapper-binary -> org.hibernate.type.BasicTypeReference@61db86bf
2025-05-04T21:52:24.816-04:00 DEBUG 13764 --- [pedido] [           main] org.hibernate.type.BasicTypeRegistry     : Adding type registration image -> org.hibernate.type.BasicTypeReference@4da1f38a
2025-05-04T21:52:24.816-04:00 DEBUG 13764 --- [pedido] [           main] org.hibernate.type.BasicTypeRegistry     : Adding type registration blob -> org.hibernate.type.BasicTypeReference@3e377967
2025-05-04T21:52:24.816-04:00 DEBUG 13764 --- [pedido] [           main] org.hibernate.type.BasicTypeRegistry     : Adding type registration java.sql.Blob -> org.hibernate.type.BasicTypeReference@3e377967
2025-05-04T21:52:24.816-04:00 DEBUG 13764 --- [pedido] [           main] org.hibernate.type.BasicTypeRegistry     : Adding type registration materialized_blob -> org.hibernate.type.BasicTypeReference@4dadd690
2025-05-04T21:52:24.816-04:00 DEBUG 13764 --- [pedido] [           main] org.hibernate.type.BasicTypeRegistry     : Adding type registration materialized_blob_wrapper -> org.hibernate.type.BasicTypeReference@707e4fe4
2025-05-04T21:52:24.816-04:00 DEBUG 13764 --- [pedido] [           main] org.hibernate.type.BasicTypeRegistry     : Adding type registration short -> org.hibernate.type.BasicTypeReference@3281dfc2
2025-05-04T21:52:24.816-04:00 DEBUG 13764 --- [pedido] [           main] org.hibernate.type.BasicTypeRegistry     : Adding type registration short -> org.hibernate.type.BasicTypeReference@3281dfc2
2025-05-04T21:52:24.816-04:00 DEBUG 13764 --- [pedido] [           main] org.hibernate.type.BasicTypeRegistry     : Adding type registration java.lang.Short -> org.hibernate.type.BasicTypeReference@3281dfc2
2025-05-04T21:52:24.816-04:00 DEBUG 13764 --- [pedido] [           main] org.hibernate.type.BasicTypeRegistry     : Adding type registration integer -> org.hibernate.type.BasicTypeReference@377874b4
2025-05-04T21:52:24.816-04:00 DEBUG 13764 --- [pedido] [           main] org.hibernate.type.BasicTypeRegistry     : Adding type registration int -> org.hibernate.type.BasicTypeReference@377874b4
2025-05-04T21:52:24.816-04:00 DEBUG 13764 --- [pedido] [           main] org.hibernate.type.BasicTypeRegistry     : Adding type registration java.lang.Integer -> org.hibernate.type.BasicTypeReference@377874b4
2025-05-04T21:52:24.816-04:00 DEBUG 13764 --- [pedido] [           main] org.hibernate.type.BasicTypeRegistry     : Adding type registration long -> org.hibernate.type.BasicTypeReference@14422d9d
2025-05-04T21:52:24.816-04:00 DEBUG 13764 --- [pedido] [           main] org.hibernate.type.BasicTypeRegistry     : Adding type registration long -> org.hibernate.type.BasicTypeReference@14422d9d
2025-05-04T21:52:24.816-04:00 DEBUG 13764 --- [pedido] [           main] org.hibernate.type.BasicTypeRegistry     : Adding type registration java.lang.Long -> org.hibernate.type.BasicTypeReference@14422d9d
2025-05-04T21:52:24.816-04:00 DEBUG 13764 --- [pedido] [           main] org.hibernate.type.BasicTypeRegistry     : Adding type registration float -> org.hibernate.type.BasicTypeReference@16c1519e
2025-05-04T21:52:24.816-04:00 DEBUG 13764 --- [pedido] [           main] org.hibernate.type.BasicTypeRegistry     : Adding type registration float -> org.hibernate.type.BasicTypeReference@16c1519e
2025-05-04T21:52:24.817-04:00 DEBUG 13764 --- [pedido] [           main] org.hibernate.type.BasicTypeRegistry     : Adding type registration java.lang.Float -> org.hibernate.type.BasicTypeReference@16c1519e
2025-05-04T21:52:24.817-04:00 DEBUG 13764 --- [pedido] [           main] org.hibernate.type.BasicTypeRegistry     : Adding type registration double -> org.hibernate.type.BasicTypeReference@2a02e34b
2025-05-04T21:52:24.817-04:00 DEBUG 13764 --- [pedido] [           main] org.hibernate.type.BasicTypeRegistry     : Adding type registration double -> org.hibernate.type.BasicTypeReference@2a02e34b
2025-05-04T21:52:24.817-04:00 DEBUG 13764 --- [pedido] [           main] org.hibernate.type.BasicTypeRegistry     : Adding type registration java.lang.Double -> org.hibernate.type.BasicTypeReference@2a02e34b
2025-05-04T21:52:24.817-04:00 DEBUG 13764 --- [pedido] [           main] org.hibernate.type.BasicTypeRegistry     : Adding type registration big_integer -> org.hibernate.type.BasicTypeReference@5eabff6b
2025-05-04T21:52:24.817-04:00 DEBUG 13764 --- [pedido] [           main] org.hibernate.type.BasicTypeRegistry     : Adding type registration java.math.BigInteger -> org.hibernate.type.BasicTypeReference@5eabff6b
2025-05-04T21:52:24.817-04:00 DEBUG 13764 --- [pedido] [           main] org.hibernate.type.BasicTypeRegistry     : Adding type registration big_decimal -> org.hibernate.type.BasicTypeReference@5b000fe6
2025-05-04T21:52:24.817-04:00 DEBUG 13764 --- [pedido] [           main] org.hibernate.type.BasicTypeRegistry     : Adding type registration java.math.BigDecimal -> org.hibernate.type.BasicTypeReference@5b000fe6
2025-05-04T21:52:24.817-04:00 DEBUG 13764 --- [pedido] [           main] org.hibernate.type.BasicTypeRegistry     : Adding type registration character -> org.hibernate.type.BasicTypeReference@4751e8b9
2025-05-04T21:52:24.817-04:00 DEBUG 13764 --- [pedido] [           main] org.hibernate.type.BasicTypeRegistry     : Adding type registration char -> org.hibernate.type.BasicTypeReference@4751e8b9
2025-05-04T21:52:24.817-04:00 DEBUG 13764 --- [pedido] [           main] org.hibernate.type.BasicTypeRegistry     : Adding type registration java.lang.Character -> org.hibernate.type.BasicTypeReference@4751e8b9
2025-05-04T21:52:24.817-04:00 DEBUG 13764 --- [pedido] [           main] org.hibernate.type.BasicTypeRegistry     : Adding type registration character_nchar -> org.hibernate.type.BasicTypeReference@7af443a3
2025-05-04T21:52:24.817-04:00 DEBUG 13764 --- [pedido] [           main] org.hibernate.type.BasicTypeRegistry     : Adding type registration string -> org.hibernate.type.BasicTypeReference@7b25ab31
2025-05-04T21:52:24.817-04:00 DEBUG 13764 --- [pedido] [           main] org.hibernate.type.BasicTypeRegistry     : Adding type registration java.lang.String -> org.hibernate.type.BasicTypeReference@7b25ab31
2025-05-04T21:52:24.817-04:00 DEBUG 13764 --- [pedido] [           main] org.hibernate.type.BasicTypeRegistry     : Adding type registration nstring -> org.hibernate.type.BasicTypeReference@2001e48c
2025-05-04T21:52:24.817-04:00 DEBUG 13764 --- [pedido] [           main] org.hibernate.type.BasicTypeRegistry     : Adding type registration characters -> org.hibernate.type.BasicTypeReference@68ddd415
2025-05-04T21:52:24.817-04:00 DEBUG 13764 --- [pedido] [           main] org.hibernate.type.BasicTypeRegistry     : Adding type registration char[] -> org.hibernate.type.BasicTypeReference@68ddd415
2025-05-04T21:52:24.817-04:00 DEBUG 13764 --- [pedido] [           main] org.hibernate.type.BasicTypeRegistry     : Adding type registration [C -> org.hibernate.type.BasicTypeReference@68ddd415
2025-05-04T21:52:24.817-04:00 DEBUG 13764 --- [pedido] [           main] org.hibernate.type.BasicTypeRegistry     : Adding type registration wrapper-characters -> org.hibernate.type.BasicTypeReference@306c7bf6
2025-05-04T21:52:24.817-04:00 DEBUG 13764 --- [pedido] [           main] org.hibernate.type.BasicTypeRegistry     : Adding type registration text -> org.hibernate.type.BasicTypeReference@664632e9
2025-05-04T21:52:24.817-04:00 DEBUG 13764 --- [pedido] [           main] org.hibernate.type.BasicTypeRegistry     : Adding type registration ntext -> org.hibernate.type.BasicTypeReference@494c8f29
2025-05-04T21:52:24.817-04:00 DEBUG 13764 --- [pedido] [           main] org.hibernate.type.BasicTypeRegistry     : Adding type registration clob -> org.hibernate.type.BasicTypeReference@4f379769
2025-05-04T21:52:24.817-04:00 DEBUG 13764 --- [pedido] [           main] org.hibernate.type.BasicTypeRegistry     : Adding type registration java.sql.Clob -> org.hibernate.type.BasicTypeReference@4f379769
2025-05-04T21:52:24.817-04:00 DEBUG 13764 --- [pedido] [           main] org.hibernate.type.BasicTypeRegistry     : Adding type registration nclob -> org.hibernate.type.BasicTypeReference@1c57f6b2
2025-05-04T21:52:24.817-04:00 DEBUG 13764 --- [pedido] [           main] org.hibernate.type.BasicTypeRegistry     : Adding type registration java.sql.NClob -> org.hibernate.type.BasicTypeReference@1c57f6b2
2025-05-04T21:52:24.817-04:00 DEBUG 13764 --- [pedido] [           main] org.hibernate.type.BasicTypeRegistry     : Adding type registration materialized_clob -> org.hibernate.type.BasicTypeReference@4b515eab
2025-05-04T21:52:24.817-04:00 DEBUG 13764 --- [pedido] [           main] org.hibernate.type.BasicTypeRegistry     : Adding type registration materialized_clob_char_array -> org.hibernate.type.BasicTypeReference@66c9b52f
2025-05-04T21:52:24.817-04:00 DEBUG 13764 --- [pedido] [           main] org.hibernate.type.BasicTypeRegistry     : Adding type registration materialized_clob_character_array -> org.hibernate.type.BasicTypeReference@1536ea40
2025-05-04T21:52:24.817-04:00 DEBUG 13764 --- [pedido] [           main] org.hibernate.type.BasicTypeRegistry     : Adding type registration materialized_nclob -> org.hibernate.type.BasicTypeReference@36776c32
2025-05-04T21:52:24.817-04:00 DEBUG 13764 --- [pedido] [           main] org.hibernate.type.BasicTypeRegistry     : Adding type registration materialized_nclob_character_array -> org.hibernate.type.BasicTypeReference@7792d851
2025-05-04T21:52:24.817-04:00 DEBUG 13764 --- [pedido] [           main] org.hibernate.type.BasicTypeRegistry     : Adding type registration materialized_nclob_char_array -> org.hibernate.type.BasicTypeReference@5cd96b41
2025-05-04T21:52:24.817-04:00 DEBUG 13764 --- [pedido] [           main] org.hibernate.type.BasicTypeRegistry     : Adding type registration Duration -> org.hibernate.type.BasicTypeReference@7e1ffe70
2025-05-04T21:52:24.817-04:00 DEBUG 13764 --- [pedido] [           main] org.hibernate.type.BasicTypeRegistry     : Adding type registration java.time.Duration -> org.hibernate.type.BasicTypeReference@7e1ffe70
2025-05-04T21:52:24.817-04:00 DEBUG 13764 --- [pedido] [           main] org.hibernate.type.BasicTypeRegistry     : Adding type registration LocalDateTime -> org.hibernate.type.BasicTypeReference@73041b7d
2025-05-04T21:52:24.817-04:00 DEBUG 13764 --- [pedido] [           main] org.hibernate.type.BasicTypeRegistry     : Adding type registration java.time.LocalDateTime -> org.hibernate.type.BasicTypeReference@73041b7d
2025-05-04T21:52:24.817-04:00 DEBUG 13764 --- [pedido] [           main] org.hibernate.type.BasicTypeRegistry     : Adding type registration LocalDate -> org.hibernate.type.BasicTypeReference@1235151c
2025-05-04T21:52:24.817-04:00 DEBUG 13764 --- [pedido] [           main] org.hibernate.type.BasicTypeRegistry     : Adding type registration java.time.LocalDate -> org.hibernate.type.BasicTypeReference@1235151c
2025-05-04T21:52:24.817-04:00 DEBUG 13764 --- [pedido] [           main] org.hibernate.type.BasicTypeRegistry     : Adding type registration LocalTime -> org.hibernate.type.BasicTypeReference@5a1f778
2025-05-04T21:52:24.817-04:00 DEBUG 13764 --- [pedido] [           main] org.hibernate.type.BasicTypeRegistry     : Adding type registration java.time.LocalTime -> org.hibernate.type.BasicTypeReference@5a1f778
2025-05-04T21:52:24.817-04:00 DEBUG 13764 --- [pedido] [           main] org.hibernate.type.BasicTypeRegistry     : Adding type registration OffsetDateTime -> org.hibernate.type.BasicTypeReference@4cc65c2
2025-05-04T21:52:24.817-04:00 DEBUG 13764 --- [pedido] [           main] org.hibernate.type.BasicTypeRegistry     : Adding type registration java.time.OffsetDateTime -> org.hibernate.type.BasicTypeReference@4cc65c2
2025-05-04T21:52:24.818-04:00 DEBUG 13764 --- [pedido] [           main] org.hibernate.type.BasicTypeRegistry     : Adding type registration OffsetDateTimeWithTimezone -> org.hibernate.type.BasicTypeReference@574059d5
2025-05-04T21:52:24.818-04:00 DEBUG 13764 --- [pedido] [           main] org.hibernate.type.BasicTypeRegistry     : Adding type registration OffsetDateTimeWithoutTimezone -> org.hibernate.type.BasicTypeReference@6d672bd4
2025-05-04T21:52:24.818-04:00 DEBUG 13764 --- [pedido] [           main] org.hibernate.type.BasicTypeRegistry     : Adding type registration OffsetTime -> org.hibernate.type.BasicTypeReference@67770b37
2025-05-04T21:52:24.818-04:00 DEBUG 13764 --- [pedido] [           main] org.hibernate.type.BasicTypeRegistry     : Adding type registration java.time.OffsetTime -> org.hibernate.type.BasicTypeReference@67770b37
2025-05-04T21:52:24.818-04:00 DEBUG 13764 --- [pedido] [           main] org.hibernate.type.BasicTypeRegistry     : Adding type registration OffsetTimeUtc -> org.hibernate.type.BasicTypeReference@72906e
2025-05-04T21:52:24.818-04:00 DEBUG 13764 --- [pedido] [           main] org.hibernate.type.BasicTypeRegistry     : Adding type registration OffsetTimeWithTimezone -> org.hibernate.type.BasicTypeReference@5529ff44
2025-05-04T21:52:24.818-04:00 DEBUG 13764 --- [pedido] [           main] org.hibernate.type.BasicTypeRegistry     : Adding type registration OffsetTimeWithoutTimezone -> org.hibernate.type.BasicTypeReference@14447be
2025-05-04T21:52:24.818-04:00 DEBUG 13764 --- [pedido] [           main] org.hibernate.type.BasicTypeRegistry     : Adding type registration ZonedDateTime -> org.hibernate.type.BasicTypeReference@5eb5da12
2025-05-04T21:52:24.818-04:00 DEBUG 13764 --- [pedido] [           main] org.hibernate.type.BasicTypeRegistry     : Adding type registration java.time.ZonedDateTime -> org.hibernate.type.BasicTypeReference@5eb5da12
2025-05-04T21:52:24.818-04:00 DEBUG 13764 --- [pedido] [           main] org.hibernate.type.BasicTypeRegistry     : Adding type registration ZonedDateTimeWithTimezone -> org.hibernate.type.BasicTypeReference@4a50d04a
2025-05-04T21:52:24.818-04:00 DEBUG 13764 --- [pedido] [           main] org.hibernate.type.BasicTypeRegistry     : Adding type registration ZonedDateTimeWithoutTimezone -> org.hibernate.type.BasicTypeReference@5099c59b
2025-05-04T21:52:24.818-04:00 DEBUG 13764 --- [pedido] [           main] org.hibernate.type.BasicTypeRegistry     : Adding type registration date -> org.hibernate.type.BasicTypeReference@73c31181
2025-05-04T21:52:24.818-04:00 DEBUG 13764 --- [pedido] [           main] org.hibernate.type.BasicTypeRegistry     : Adding type registration java.sql.Date -> org.hibernate.type.BasicTypeReference@73c31181
2025-05-04T21:52:24.818-04:00 DEBUG 13764 --- [pedido] [           main] org.hibernate.type.BasicTypeRegistry     : Adding type registration time -> org.hibernate.type.BasicTypeReference@3d620a1
2025-05-04T21:52:24.818-04:00 DEBUG 13764 --- [pedido] [           main] org.hibernate.type.BasicTypeRegistry     : Adding type registration java.sql.Time -> org.hibernate.type.BasicTypeReference@3d620a1
2025-05-04T21:52:24.818-04:00 DEBUG 13764 --- [pedido] [           main] org.hibernate.type.BasicTypeRegistry     : Adding type registration timestamp -> org.hibernate.type.BasicTypeReference@4f486211
2025-05-04T21:52:24.818-04:00 DEBUG 13764 --- [pedido] [           main] org.hibernate.type.BasicTypeRegistry     : Adding type registration java.sql.Timestamp -> org.hibernate.type.BasicTypeReference@4f486211
2025-05-04T21:52:24.818-04:00 DEBUG 13764 --- [pedido] [           main] org.hibernate.type.BasicTypeRegistry     : Adding type registration java.util.Date -> org.hibernate.type.BasicTypeReference@4f486211
2025-05-04T21:52:24.818-04:00 DEBUG 13764 --- [pedido] [           main] org.hibernate.type.BasicTypeRegistry     : Adding type registration calendar -> org.hibernate.type.BasicTypeReference@51e3d37e
2025-05-04T21:52:24.818-04:00 DEBUG 13764 --- [pedido] [           main] org.hibernate.type.BasicTypeRegistry     : Adding type registration java.util.Calendar -> org.hibernate.type.BasicTypeReference@51e3d37e
2025-05-04T21:52:24.818-04:00 DEBUG 13764 --- [pedido] [           main] org.hibernate.type.BasicTypeRegistry     : Adding type registration java.util.GregorianCalendar -> org.hibernate.type.BasicTypeReference@51e3d37e
2025-05-04T21:52:24.818-04:00 DEBUG 13764 --- [pedido] [           main] org.hibernate.type.BasicTypeRegistry     : Adding type registration calendar_date -> org.hibernate.type.BasicTypeReference@3a479fda
2025-05-04T21:52:24.818-04:00 DEBUG 13764 --- [pedido] [           main] org.hibernate.type.BasicTypeRegistry     : Adding type registration calendar_time -> org.hibernate.type.BasicTypeReference@472d0f4
2025-05-04T21:52:24.818-04:00 DEBUG 13764 --- [pedido] [           main] org.hibernate.type.BasicTypeRegistry     : Adding type registration instant -> org.hibernate.type.BasicTypeReference@4bc59b27
2025-05-04T21:52:24.818-04:00 DEBUG 13764 --- [pedido] [           main] org.hibernate.type.BasicTypeRegistry     : Adding type registration java.time.Instant -> org.hibernate.type.BasicTypeReference@4bc59b27
2025-05-04T21:52:24.818-04:00 DEBUG 13764 --- [pedido] [           main] org.hibernate.type.BasicTypeRegistry     : Adding type registration uuid -> org.hibernate.type.BasicTypeReference@4d7a64ca
2025-05-04T21:52:24.818-04:00 DEBUG 13764 --- [pedido] [           main] org.hibernate.type.BasicTypeRegistry     : Adding type registration java.util.UUID -> org.hibernate.type.BasicTypeReference@4d7a64ca
2025-05-04T21:52:24.818-04:00 DEBUG 13764 --- [pedido] [           main] org.hibernate.type.BasicTypeRegistry     : Adding type registration pg-uuid -> org.hibernate.type.BasicTypeReference@4d7a64ca
2025-05-04T21:52:24.818-04:00 DEBUG 13764 --- [pedido] [           main] org.hibernate.type.BasicTypeRegistry     : Adding type registration uuid-binary -> org.hibernate.type.BasicTypeReference@76ff68c5
2025-05-04T21:52:24.818-04:00 DEBUG 13764 --- [pedido] [           main] org.hibernate.type.BasicTypeRegistry     : Adding type registration uuid-char -> org.hibernate.type.BasicTypeReference@6418e39e
2025-05-04T21:52:24.818-04:00 DEBUG 13764 --- [pedido] [           main] org.hibernate.type.BasicTypeRegistry     : Adding type registration class -> org.hibernate.type.BasicTypeReference@3635099
2025-05-04T21:52:24.818-04:00 DEBUG 13764 --- [pedido] [           main] org.hibernate.type.BasicTypeRegistry     : Adding type registration java.lang.Class -> org.hibernate.type.BasicTypeReference@3635099
2025-05-04T21:52:24.818-04:00 DEBUG 13764 --- [pedido] [           main] org.hibernate.type.BasicTypeRegistry     : Adding type registration currency -> org.hibernate.type.BasicTypeReference@1da1380b
2025-05-04T21:52:24.818-04:00 DEBUG 13764 --- [pedido] [           main] org.hibernate.type.BasicTypeRegistry     : Adding type registration Currency -> org.hibernate.type.BasicTypeReference@1da1380b
2025-05-04T21:52:24.818-04:00 DEBUG 13764 --- [pedido] [           main] org.hibernate.type.BasicTypeRegistry     : Adding type registration java.util.Currency -> org.hibernate.type.BasicTypeReference@1da1380b
2025-05-04T21:52:24.818-04:00 DEBUG 13764 --- [pedido] [           main] org.hibernate.type.BasicTypeRegistry     : Adding type registration locale -> org.hibernate.type.BasicTypeReference@1095d23a
2025-05-04T21:52:24.819-04:00 DEBUG 13764 --- [pedido] [           main] org.hibernate.type.BasicTypeRegistry     : Adding type registration java.util.Locale -> org.hibernate.type.BasicTypeReference@1095d23a
2025-05-04T21:52:24.819-04:00 DEBUG 13764 --- [pedido] [           main] org.hibernate.type.BasicTypeRegistry     : Adding type registration serializable -> org.hibernate.type.BasicTypeReference@3332c7a5
2025-05-04T21:52:24.819-04:00 DEBUG 13764 --- [pedido] [           main] org.hibernate.type.BasicTypeRegistry     : Adding type registration java.io.Serializable -> org.hibernate.type.BasicTypeReference@3332c7a5
2025-05-04T21:52:24.819-04:00 DEBUG 13764 --- [pedido] [           main] org.hibernate.type.BasicTypeRegistry     : Adding type registration timezone -> org.hibernate.type.BasicTypeReference@2accaec2
2025-05-04T21:52:24.819-04:00 DEBUG 13764 --- [pedido] [           main] org.hibernate.type.BasicTypeRegistry     : Adding type registration java.util.TimeZone -> org.hibernate.type.BasicTypeReference@2accaec2
2025-05-04T21:52:24.819-04:00 DEBUG 13764 --- [pedido] [           main] org.hibernate.type.BasicTypeRegistry     : Adding type registration ZoneOffset -> org.hibernate.type.BasicTypeReference@3e39baf0
2025-05-04T21:52:24.819-04:00 DEBUG 13764 --- [pedido] [           main] org.hibernate.type.BasicTypeRegistry     : Adding type registration java.time.ZoneOffset -> org.hibernate.type.BasicTypeReference@3e39baf0
2025-05-04T21:52:24.819-04:00 DEBUG 13764 --- [pedido] [           main] org.hibernate.type.BasicTypeRegistry     : Adding type registration url -> org.hibernate.type.BasicTypeReference@83bb0f
2025-05-04T21:52:24.819-04:00 DEBUG 13764 --- [pedido] [           main] org.hibernate.type.BasicTypeRegistry     : Adding type registration java.net.URL -> org.hibernate.type.BasicTypeReference@83bb0f
2025-05-04T21:52:24.819-04:00 DEBUG 13764 --- [pedido] [           main] org.hibernate.type.BasicTypeRegistry     : Adding type registration vector -> org.hibernate.type.BasicTypeReference@25a94b55
2025-05-04T21:52:24.819-04:00 DEBUG 13764 --- [pedido] [           main] org.hibernate.type.BasicTypeRegistry     : Adding type registration float_vector -> org.hibernate.type.BasicTypeReference@6adc5b9c
2025-05-04T21:52:24.819-04:00 DEBUG 13764 --- [pedido] [           main] org.hibernate.type.BasicTypeRegistry     : Adding type registration double_vector -> org.hibernate.type.BasicTypeReference@19c1820d
2025-05-04T21:52:24.819-04:00 DEBUG 13764 --- [pedido] [           main] org.hibernate.type.BasicTypeRegistry     : Adding type registration byte_vector -> org.hibernate.type.BasicTypeReference@40709f9
2025-05-04T21:52:24.819-04:00 DEBUG 13764 --- [pedido] [           main] org.hibernate.type.BasicTypeRegistry     : Adding type registration row_version -> org.hibernate.type.BasicTypeReference@6b1b19cf
2025-05-04T21:52:24.821-04:00 DEBUG 13764 --- [pedido] [           main] org.hibernate.type.BasicTypeRegistry     : Adding type registration object -> org.hibernate.type.JavaObjectType@29a33620
2025-05-04T21:52:24.821-04:00 DEBUG 13764 --- [pedido] [           main] org.hibernate.type.BasicTypeRegistry     : Adding type registration java.lang.Object -> org.hibernate.type.JavaObjectType@29a33620
2025-05-04T21:52:24.821-04:00 DEBUG 13764 --- [pedido] [           main] org.hibernate.type.BasicTypeRegistry     : Adding type registration null -> org.hibernate.type.NullType@1fd7a37
2025-05-04T21:52:24.821-04:00 DEBUG 13764 --- [pedido] [           main] org.hibernate.type.BasicTypeRegistry     : Adding type registration imm_date -> org.hibernate.type.BasicTypeReference@5b202ff
2025-05-04T21:52:24.821-04:00 DEBUG 13764 --- [pedido] [           main] org.hibernate.type.BasicTypeRegistry     : Adding type registration imm_time -> org.hibernate.type.BasicTypeReference@58a84a12
2025-05-04T21:52:24.821-04:00 DEBUG 13764 --- [pedido] [           main] org.hibernate.type.BasicTypeRegistry     : Adding type registration imm_timestamp -> org.hibernate.type.BasicTypeReference@e700eba
2025-05-04T21:52:24.821-04:00 DEBUG 13764 --- [pedido] [           main] org.hibernate.type.BasicTypeRegistry     : Adding type registration imm_calendar -> org.hibernate.type.BasicTypeReference@6436e181
2025-05-04T21:52:24.821-04:00 DEBUG 13764 --- [pedido] [           main] org.hibernate.type.BasicTypeRegistry     : Adding type registration imm_calendar_date -> org.hibernate.type.BasicTypeReference@7186b202
2025-05-04T21:52:24.821-04:00 DEBUG 13764 --- [pedido] [           main] org.hibernate.type.BasicTypeRegistry     : Adding type registration imm_calendar_time -> org.hibernate.type.BasicTypeReference@6b649efa
2025-05-04T21:52:24.821-04:00 DEBUG 13764 --- [pedido] [           main] org.hibernate.type.BasicTypeRegistry     : Adding type registration imm_binary -> org.hibernate.type.BasicTypeReference@65ef48f2
2025-05-04T21:52:24.821-04:00 DEBUG 13764 --- [pedido] [           main] org.hibernate.type.BasicTypeRegistry     : Adding type registration imm_serializable -> org.hibernate.type.BasicTypeReference@36068727
2025-05-04T21:52:24.822-04:00 DEBUG 13764 --- [pedido] [           main] o.h.boot.internal.BootstrapContextImpl   : Injecting JPA temp ClassLoader [org.springframework.instrument.classloading.SimpleThrowawayClassLoader@31973858] into BootstrapContext; was [null]
2025-05-04T21:52:24.822-04:00 DEBUG 13764 --- [pedido] [           main] o.h.boot.internal.ClassLoaderAccessImpl  : ClassLoaderAccessImpl#injectTempClassLoader(org.springframework.instrument.classloading.SimpleThrowawayClassLoader@31973858) [was null]
2025-05-04T21:52:24.823-04:00 DEBUG 13764 --- [pedido] [           main] o.h.boot.internal.BootstrapContextImpl   : Injecting ScanEnvironment [org.hibernate.jpa.boot.internal.StandardJpaScanEnvironmentImpl@10850d17] into BootstrapContext; was [null]
2025-05-04T21:52:24.823-04:00 DEBUG 13764 --- [pedido] [           main] o.h.boot.internal.BootstrapContextImpl   : Injecting ScanOptions [org.hibernate.boot.archive.scan.internal.StandardScanOptions@51e754e1] into BootstrapContext; was [org.hibernate.boot.archive.scan.internal.StandardScanOptions@26865482]
2025-05-04T21:52:24.828-04:00 DEBUG 13764 --- [pedido] [           main] o.h.j.b.i.PersistenceUnitInfoDescriptor  : Pushing class transformers for PU named 'default' on loading classloader jdk.internal.loader.ClassLoaders$AppClassLoader@2c854dc5
2025-05-04T21:52:24.886-04:00  INFO 13764 --- [pedido] [           main] o.s.o.j.p.SpringPersistenceUnitInfo      : No LoadTimeWeaver setup: ignoring JPA class transformer
2025-05-04T21:52:24.886-04:00 DEBUG 13764 --- [pedido] [           main] o.h.boot.internal.BootstrapContextImpl   : Injecting JPA temp ClassLoader [null] into BootstrapContext; was [org.springframework.instrument.classloading.SimpleThrowawayClassLoader@31973858]
2025-05-04T21:52:24.887-04:00 DEBUG 13764 --- [pedido] [           main] o.h.boot.internal.ClassLoaderAccessImpl  : ClassLoaderAccessImpl#injectTempClassLoader(null) [was org.springframework.instrument.classloading.SimpleThrowawayClassLoader@31973858]
2025-05-04T21:52:24.896-04:00  INFO 13764 --- [pedido] [           main] com.zaxxer.hikari.HikariDataSource       : HikariPool-1 - Starting...
2025-05-04T21:52:24.897-04:00  WARN 13764 --- [pedido] [           main] c.zaxxer.hikari.util.DriverDataSource    : Registered driver with driverClassName=oracle.jdbc.driver.OracleDriver was not found, trying direct instantiation.
2025-05-04T21:52:25.376-04:00  INFO 13764 --- [pedido] [           main] com.zaxxer.hikari.pool.HikariPool        : HikariPool-1 - Added connection oracle.jdbc.driver.T4CConnection@5a47730c
2025-05-04T21:52:25.376-04:00  INFO 13764 --- [pedido] [           main] com.zaxxer.hikari.HikariDataSource       : HikariPool-1 - Start completed.
2025-05-04T21:52:25.386-04:00 DEBUG 13764 --- [pedido] [           main] o.h.e.j.e.i.JdbcEnvironmentInitiator     : Database ->
	   name : Oracle
	version : Oracle Database 19c Enterprise Edition Release 19.0.0.0.0 - Production
Version 19.27.0.1.0
	  major : 19
	  minor : 27
2025-05-04T21:52:25.386-04:00 DEBUG 13764 --- [pedido] [           main] o.h.e.j.e.i.JdbcEnvironmentInitiator     : Driver ->
	   name : Oracle JDBC driver
	version : 23.5.0.24.07
	  major : 23
	  minor : 5
2025-05-04T21:52:25.386-04:00 DEBUG 13764 --- [pedido] [           main] o.h.e.j.e.i.JdbcEnvironmentInitiator     : JDBC version : 4.3
2025-05-04T21:52:25.455-04:00  WARN 13764 --- [pedido] [           main] org.hibernate.orm.deprecation            : HHH90000025: OracleDialect does not need to be specified explicitly using 'hibernate.dialect' (remove the property setting and it will be selected by default)
2025-05-04T21:52:25.455-04:00 DEBUG 13764 --- [pedido] [           main] org.hibernate.orm.dialect                : HHH035001: Using dialect: org.hibernate.dialect.OracleDialect, version: 19.27
2025-05-04T21:52:25.495-04:00  INFO 13764 --- [pedido] [           main] org.hibernate.orm.connections.pooling    : HHH10001005: Database info:
	Database JDBC URL [Connecting through datasource 'HikariDataSource (HikariPool-1)']
	Database driver: undefined/unknown
	Database version: 19.27
	Autocommit mode: undefined/unknown
	Isolation level: undefined/unknown
	Minimum pool size: undefined/unknown
	Maximum pool size: undefined/unknown
2025-05-04T21:52:25.499-04:00 DEBUG 13764 --- [pedido] [           main] o.h.t.d.jdbc.spi.JdbcTypeRegistry        : addDescriptor(NCharTypeDescriptor) replaced previous registration(CharTypeDescriptor)
2025-05-04T21:52:25.499-04:00 DEBUG 13764 --- [pedido] [           main] o.h.t.d.jdbc.spi.JdbcTypeRegistry        : addDescriptor(NVarcharTypeDescriptor) replaced previous registration(VarcharTypeDescriptor)
2025-05-04T21:52:25.499-04:00 DEBUG 13764 --- [pedido] [           main] o.h.t.d.jdbc.spi.JdbcTypeRegistry        : addDescriptor(LongNVarcharTypeDescriptor) replaced previous registration(LongVarcharTypeDescriptor)
2025-05-04T21:52:25.500-04:00 DEBUG 13764 --- [pedido] [           main] o.h.t.d.jdbc.spi.JdbcTypeRegistry        : addDescriptor(NClobTypeDescriptor(DEFAULT)) replaced previous registration(ClobTypeDescriptor(DEFAULT))
2025-05-04T21:52:25.500-04:00 DEBUG 13764 --- [pedido] [           main] o.h.t.d.jdbc.spi.JdbcTypeRegistry        : addDescriptor(BooleanTypeDescriptor) replaced previous registration(BooleanTypeDescriptor)
2025-05-04T21:52:25.503-04:00 DEBUG 13764 --- [pedido] [           main] org.hibernate.type.BasicTypeRegistry     : Adding type registration null -> org.hibernate.type.NullType@29bd2796
2025-05-04T21:52:25.503-04:00 DEBUG 13764 --- [pedido] [           main] org.hibernate.type.BasicTypeRegistry     : Type registration key [null] overrode previous entry : `org.hibernate.type.NullType@1fd7a37`
2025-05-04T21:52:25.503-04:00 DEBUG 13764 --- [pedido] [           main] org.hibernate.type.BasicTypeRegistry     : Adding type registration JAVA_OBJECT -> org.hibernate.type.JavaObjectType@4627dfda
2025-05-04T21:52:25.503-04:00 DEBUG 13764 --- [pedido] [           main] org.hibernate.type.BasicTypeRegistry     : Adding type registration java.lang.Object -> org.hibernate.type.JavaObjectType@4627dfda
2025-05-04T21:52:25.503-04:00 DEBUG 13764 --- [pedido] [           main] org.hibernate.type.BasicTypeRegistry     : Type registration key [java.lang.Object] overrode previous entry : `org.hibernate.type.JavaObjectType@29a33620`
2025-05-04T21:52:25.505-04:00 DEBUG 13764 --- [pedido] [           main] org.hibernate.type.BasicTypeRegistry     : Adding type registration org.hibernate.type.DurationType -> basicType@1(java.time.Duration,3015)
2025-05-04T21:52:25.505-04:00 DEBUG 13764 --- [pedido] [           main] org.hibernate.type.BasicTypeRegistry     : Adding type registration Duration -> basicType@1(java.time.Duration,3015)
2025-05-04T21:52:25.505-04:00 DEBUG 13764 --- [pedido] [           main] org.hibernate.type.BasicTypeRegistry     : Adding type registration java.time.Duration -> basicType@1(java.time.Duration,3015)
2025-05-04T21:52:25.506-04:00 DEBUG 13764 --- [pedido] [           main] o.h.type.spi.TypeConfiguration$Scope     : Scoping TypeConfiguration [org.hibernate.type.spi.TypeConfiguration@153c6603] to MetadataBuildingContext [org.hibernate.boot.internal.MetadataBuildingContextRootImpl@24e2355c]
2025-05-04T21:52:25.518-04:00 DEBUG 13764 --- [pedido] [           main] o.h.boot.model.relational.Namespace      : Created database namespace [logicalName=Name{catalog=null, schema=null}, physicalName=Name{catalog=null, schema=null}]
2025-05-04T21:52:25.525-04:00 DEBUG 13764 --- [pedido] [           main] o.h.boot.model.internal.EntityBinder     : Binding entity from annotated class: com.pedido.pedido.Model.Pedido
2025-05-04T21:52:25.528-04:00 DEBUG 13764 --- [pedido] [           main] o.h.boot.model.internal.EntityBinder     : Import with entity name Pedido
2025-05-04T21:52:25.530-04:00 DEBUG 13764 --- [pedido] [           main] o.h.boot.model.internal.EntityBinder     : Bind entity com.pedido.pedido.Model.Pedido on table pedido
2025-05-04T21:52:25.533-04:00 DEBUG 13764 --- [pedido] [           main] o.h.boot.model.internal.AnnotatedColumn  : Binding column: AnnotatedDiscriminatorColumn(column='DTYPE')
2025-05-04T21:52:25.539-04:00 DEBUG 13764 --- [pedido] [           main] o.h.boot.model.internal.AnnotatedColumn  : Binding column: AnnotatedColumn()
2025-05-04T21:52:25.539-04:00 DEBUG 13764 --- [pedido] [           main] o.h.boot.internal.ClassLoaderAccessImpl  : Not known whether passed class name [com.pedido.pedido.Model.Pedido] is safe
2025-05-04T21:52:25.539-04:00 DEBUG 13764 --- [pedido] [           main] o.h.boot.internal.ClassLoaderAccessImpl  : No temp ClassLoader provided; using live ClassLoader for loading potentially unsafe class : com.pedido.pedido.Model.Pedido
2025-05-04T21:52:25.540-04:00 DEBUG 13764 --- [pedido] [           main] o.h.boot.model.internal.PropertyBinder   : MetadataSourceProcessor property id with lazy=false
2025-05-04T21:52:25.541-04:00 DEBUG 13764 --- [pedido] [           main] o.h.b.m.internal.AbstractPropertyHolder  : Attempting to locate auto-apply AttributeConverter for property [com.pedido.pedido.Model.Pedido:id]
2025-05-04T21:52:25.542-04:00 DEBUG 13764 --- [pedido] [           main] o.h.b.model.internal.BasicValueBinder    : building BasicValue for id
2025-05-04T21:52:25.542-04:00 DEBUG 13764 --- [pedido] [           main] org.hibernate.mapping.BasicValue         : Skipping column re-registration: pedido.id
2025-05-04T21:52:25.543-04:00 DEBUG 13764 --- [pedido] [           main] o.h.boot.model.internal.PropertyBinder   : Building property id
2025-05-04T21:52:25.543-04:00 DEBUG 13764 --- [pedido] [           main] o.h.boot.model.internal.BinderHelper     : #makeIdGenerator(BasicValue([Column(id)]), id, identity, , ...)
2025-05-04T21:52:25.544-04:00 DEBUG 13764 --- [pedido] [           main] o.h.boot.model.internal.AnnotatedColumn  : Binding column: AnnotatedColumn()
2025-05-04T21:52:25.544-04:00 DEBUG 13764 --- [pedido] [           main] o.h.boot.model.internal.PropertyBinder   : MetadataSourceProcessor property ciudad with lazy=false
2025-05-04T21:52:25.544-04:00 DEBUG 13764 --- [pedido] [           main] o.h.b.m.internal.AbstractPropertyHolder  : Attempting to locate auto-apply AttributeConverter for property [com.pedido.pedido.Model.Pedido:ciudad]
2025-05-04T21:52:25.544-04:00 DEBUG 13764 --- [pedido] [           main] o.h.b.model.internal.BasicValueBinder    : building BasicValue for ciudad
2025-05-04T21:52:25.544-04:00 DEBUG 13764 --- [pedido] [           main] org.hibernate.mapping.BasicValue         : Skipping column re-registration: pedido.ciudad
2025-05-04T21:52:25.544-04:00 DEBUG 13764 --- [pedido] [           main] o.h.boot.model.internal.PropertyBinder   : Building property ciudad
2025-05-04T21:52:25.544-04:00 DEBUG 13764 --- [pedido] [           main] o.h.boot.model.internal.AnnotatedColumn  : Binding column: AnnotatedColumn()
2025-05-04T21:52:25.544-04:00 DEBUG 13764 --- [pedido] [           main] o.h.boot.model.internal.PropertyBinder   : MetadataSourceProcessor property codigoPostal with lazy=false
2025-05-04T21:52:25.544-04:00 DEBUG 13764 --- [pedido] [           main] o.h.b.m.internal.AbstractPropertyHolder  : Attempting to locate auto-apply AttributeConverter for property [com.pedido.pedido.Model.Pedido:codigoPostal]
2025-05-04T21:52:25.544-04:00 DEBUG 13764 --- [pedido] [           main] o.h.b.model.internal.BasicValueBinder    : building BasicValue for codigoPostal
2025-05-04T21:52:25.544-04:00 DEBUG 13764 --- [pedido] [           main] org.hibernate.mapping.BasicValue         : Skipping column re-registration: pedido.codigo_postal
2025-05-04T21:52:25.544-04:00 DEBUG 13764 --- [pedido] [           main] o.h.boot.model.internal.PropertyBinder   : Building property codigoPostal
2025-05-04T21:52:25.544-04:00 DEBUG 13764 --- [pedido] [           main] o.h.boot.model.internal.AnnotatedColumn  : Binding column: AnnotatedColumn()
2025-05-04T21:52:25.544-04:00 DEBUG 13764 --- [pedido] [           main] o.h.boot.model.internal.PropertyBinder   : MetadataSourceProcessor property coordenadas with lazy=false
2025-05-04T21:52:25.544-04:00 DEBUG 13764 --- [pedido] [           main] o.h.b.m.internal.AbstractPropertyHolder  : Attempting to locate auto-apply AttributeConverter for property [com.pedido.pedido.Model.Pedido:coordenadas]
2025-05-04T21:52:25.544-04:00 DEBUG 13764 --- [pedido] [           main] o.h.b.model.internal.BasicValueBinder    : building BasicValue for coordenadas
2025-05-04T21:52:25.545-04:00 DEBUG 13764 --- [pedido] [           main] org.hibernate.mapping.BasicValue         : Skipping column re-registration: pedido.coordenadas
2025-05-04T21:52:25.545-04:00 DEBUG 13764 --- [pedido] [           main] o.h.boot.model.internal.PropertyBinder   : Building property coordenadas
2025-05-04T21:52:25.545-04:00 DEBUG 13764 --- [pedido] [           main] o.h.boot.model.internal.AnnotatedColumn  : Binding column: AnnotatedColumn()
2025-05-04T21:52:25.545-04:00 DEBUG 13764 --- [pedido] [           main] o.h.boot.model.internal.PropertyBinder   : MetadataSourceProcessor property direccion with lazy=false
2025-05-04T21:52:25.545-04:00 DEBUG 13764 --- [pedido] [           main] o.h.b.m.internal.AbstractPropertyHolder  : Attempting to locate auto-apply AttributeConverter for property [com.pedido.pedido.Model.Pedido:direccion]
2025-05-04T21:52:25.545-04:00 DEBUG 13764 --- [pedido] [           main] o.h.b.model.internal.BasicValueBinder    : building BasicValue for direccion
2025-05-04T21:52:25.545-04:00 DEBUG 13764 --- [pedido] [           main] org.hibernate.mapping.BasicValue         : Skipping column re-registration: pedido.direccion
2025-05-04T21:52:25.545-04:00 DEBUG 13764 --- [pedido] [           main] o.h.boot.model.internal.PropertyBinder   : Building property direccion
2025-05-04T21:52:25.545-04:00 DEBUG 13764 --- [pedido] [           main] o.h.boot.model.internal.AnnotatedColumn  : Binding column: AnnotatedColumn()
2025-05-04T21:52:25.545-04:00 DEBUG 13764 --- [pedido] [           main] o.h.boot.model.internal.PropertyBinder   : MetadataSourceProcessor property email with lazy=false
2025-05-04T21:52:25.545-04:00 DEBUG 13764 --- [pedido] [           main] o.h.b.m.internal.AbstractPropertyHolder  : Attempting to locate auto-apply AttributeConverter for property [com.pedido.pedido.Model.Pedido:email]
2025-05-04T21:52:25.545-04:00 DEBUG 13764 --- [pedido] [           main] o.h.b.model.internal.BasicValueBinder    : building BasicValue for email
2025-05-04T21:52:25.545-04:00 DEBUG 13764 --- [pedido] [           main] org.hibernate.mapping.BasicValue         : Skipping column re-registration: pedido.email
2025-05-04T21:52:25.545-04:00 DEBUG 13764 --- [pedido] [           main] o.h.boot.model.internal.PropertyBinder   : Building property email
2025-05-04T21:52:25.545-04:00 DEBUG 13764 --- [pedido] [           main] o.h.boot.model.internal.AnnotatedColumn  : Binding column: AnnotatedColumn()
2025-05-04T21:52:25.545-04:00 DEBUG 13764 --- [pedido] [           main] o.h.boot.model.internal.PropertyBinder   : MetadataSourceProcessor property estado with lazy=false
2025-05-04T21:52:25.545-04:00 DEBUG 13764 --- [pedido] [           main] o.h.b.m.internal.AbstractPropertyHolder  : Attempting to locate auto-apply AttributeConverter for property [com.pedido.pedido.Model.Pedido:estado]
2025-05-04T21:52:25.545-04:00 DEBUG 13764 --- [pedido] [           main] o.h.b.model.internal.BasicValueBinder    : building BasicValue for estado
2025-05-04T21:52:25.545-04:00 DEBUG 13764 --- [pedido] [           main] org.hibernate.mapping.BasicValue         : Skipping column re-registration: pedido.estado
2025-05-04T21:52:25.545-04:00 DEBUG 13764 --- [pedido] [           main] o.h.boot.model.internal.PropertyBinder   : Building property estado
2025-05-04T21:52:25.545-04:00 DEBUG 13764 --- [pedido] [           main] o.h.boot.model.internal.AnnotatedColumn  : Binding column: AnnotatedColumn()
2025-05-04T21:52:25.545-04:00 DEBUG 13764 --- [pedido] [           main] o.h.boot.model.internal.PropertyBinder   : MetadataSourceProcessor property fechaEntrega with lazy=false
2025-05-04T21:52:25.545-04:00 DEBUG 13764 --- [pedido] [           main] o.h.b.m.internal.AbstractPropertyHolder  : Attempting to locate auto-apply AttributeConverter for property [com.pedido.pedido.Model.Pedido:fechaEntrega]
2025-05-04T21:52:25.545-04:00 DEBUG 13764 --- [pedido] [           main] o.h.b.model.internal.BasicValueBinder    : building BasicValue for fechaEntrega
2025-05-04T21:52:25.545-04:00 DEBUG 13764 --- [pedido] [           main] org.hibernate.mapping.BasicValue         : Skipping column re-registration: pedido.fecha_entrega
2025-05-04T21:52:25.545-04:00 DEBUG 13764 --- [pedido] [           main] o.h.boot.model.internal.PropertyBinder   : Building property fechaEntrega
2025-05-04T21:52:25.545-04:00 DEBUG 13764 --- [pedido] [           main] o.h.boot.model.internal.AnnotatedColumn  : Binding column: AnnotatedColumn()
2025-05-04T21:52:25.545-04:00 DEBUG 13764 --- [pedido] [           main] o.h.boot.model.internal.PropertyBinder   : MetadataSourceProcessor property fechaEstimadaEntrega with lazy=false
2025-05-04T21:52:25.546-04:00 DEBUG 13764 --- [pedido] [           main] o.h.b.m.internal.AbstractPropertyHolder  : Attempting to locate auto-apply AttributeConverter for property [com.pedido.pedido.Model.Pedido:fechaEstimadaEntrega]
2025-05-04T21:52:25.546-04:00 DEBUG 13764 --- [pedido] [           main] o.h.b.model.internal.BasicValueBinder    : building BasicValue for fechaEstimadaEntrega
2025-05-04T21:52:25.546-04:00 DEBUG 13764 --- [pedido] [           main] org.hibernate.mapping.BasicValue         : Skipping column re-registration: pedido.fecha_estimada_entrega
2025-05-04T21:52:25.546-04:00 DEBUG 13764 --- [pedido] [           main] o.h.boot.model.internal.PropertyBinder   : Building property fechaEstimadaEntrega
2025-05-04T21:52:25.546-04:00 DEBUG 13764 --- [pedido] [           main] o.h.boot.model.internal.AnnotatedColumn  : Binding column: AnnotatedColumn()
2025-05-04T21:52:25.546-04:00 DEBUG 13764 --- [pedido] [           main] o.h.boot.model.internal.PropertyBinder   : MetadataSourceProcessor property fechaPedido with lazy=false
2025-05-04T21:52:25.546-04:00 DEBUG 13764 --- [pedido] [           main] o.h.b.m.internal.AbstractPropertyHolder  : Attempting to locate auto-apply AttributeConverter for property [com.pedido.pedido.Model.Pedido:fechaPedido]
2025-05-04T21:52:25.546-04:00 DEBUG 13764 --- [pedido] [           main] o.h.b.model.internal.BasicValueBinder    : building BasicValue for fechaPedido
2025-05-04T21:52:25.546-04:00 DEBUG 13764 --- [pedido] [           main] org.hibernate.mapping.BasicValue         : Skipping column re-registration: pedido.fecha_pedido
2025-05-04T21:52:25.546-04:00 DEBUG 13764 --- [pedido] [           main] o.h.boot.model.internal.PropertyBinder   : Building property fechaPedido
2025-05-04T21:52:25.546-04:00 DEBUG 13764 --- [pedido] [           main] o.h.boot.model.internal.AnnotatedColumn  : Binding column: AnnotatedColumn()
2025-05-04T21:52:25.546-04:00 DEBUG 13764 --- [pedido] [           main] o.h.boot.model.internal.PropertyBinder   : MetadataSourceProcessor property nomDestinatario with lazy=false
2025-05-04T21:52:25.546-04:00 DEBUG 13764 --- [pedido] [           main] o.h.b.m.internal.AbstractPropertyHolder  : Attempting to locate auto-apply AttributeConverter for property [com.pedido.pedido.Model.Pedido:nomDestinatario]
2025-05-04T21:52:25.546-04:00 DEBUG 13764 --- [pedido] [           main] o.h.b.model.internal.BasicValueBinder    : building BasicValue for nomDestinatario
2025-05-04T21:52:25.546-04:00 DEBUG 13764 --- [pedido] [           main] org.hibernate.mapping.BasicValue         : Skipping column re-registration: pedido.nom_destinatario
2025-05-04T21:52:25.546-04:00 DEBUG 13764 --- [pedido] [           main] o.h.boot.model.internal.PropertyBinder   : Building property nomDestinatario
2025-05-04T21:52:25.546-04:00 DEBUG 13764 --- [pedido] [           main] o.h.boot.model.internal.AnnotatedColumn  : Binding column: AnnotatedColumn()
2025-05-04T21:52:25.546-04:00 DEBUG 13764 --- [pedido] [           main] o.h.boot.model.internal.PropertyBinder   : MetadataSourceProcessor property nomRemitente with lazy=false
2025-05-04T21:52:25.546-04:00 DEBUG 13764 --- [pedido] [           main] o.h.b.m.internal.AbstractPropertyHolder  : Attempting to locate auto-apply AttributeConverter for property [com.pedido.pedido.Model.Pedido:nomRemitente]
2025-05-04T21:52:25.546-04:00 DEBUG 13764 --- [pedido] [           main] o.h.b.model.internal.BasicValueBinder    : building BasicValue for nomRemitente
2025-05-04T21:52:25.546-04:00 DEBUG 13764 --- [pedido] [           main] org.hibernate.mapping.BasicValue         : Skipping column re-registration: pedido.nom_remitente
2025-05-04T21:52:25.546-04:00 DEBUG 13764 --- [pedido] [           main] o.h.boot.model.internal.PropertyBinder   : Building property nomRemitente
2025-05-04T21:52:25.546-04:00 DEBUG 13764 --- [pedido] [           main] o.h.boot.model.internal.AnnotatedColumn  : Binding column: AnnotatedColumn()
2025-05-04T21:52:25.546-04:00 DEBUG 13764 --- [pedido] [           main] o.h.boot.model.internal.PropertyBinder   : MetadataSourceProcessor property observaciones with lazy=false
2025-05-04T21:52:25.546-04:00 DEBUG 13764 --- [pedido] [           main] o.h.b.m.internal.AbstractPropertyHolder  : Attempting to locate auto-apply AttributeConverter for property [com.pedido.pedido.Model.Pedido:observaciones]
2025-05-04T21:52:25.546-04:00 DEBUG 13764 --- [pedido] [           main] o.h.b.model.internal.BasicValueBinder    : building BasicValue for observaciones
2025-05-04T21:52:25.546-04:00 DEBUG 13764 --- [pedido] [           main] org.hibernate.mapping.BasicValue         : Skipping column re-registration: pedido.observaciones
2025-05-04T21:52:25.546-04:00 DEBUG 13764 --- [pedido] [           main] o.h.boot.model.internal.PropertyBinder   : Building property observaciones
2025-05-04T21:52:25.546-04:00 DEBUG 13764 --- [pedido] [           main] o.h.boot.model.internal.AnnotatedColumn  : Binding column: AnnotatedColumn()
2025-05-04T21:52:25.547-04:00 DEBUG 13764 --- [pedido] [           main] o.h.boot.model.internal.PropertyBinder   : MetadataSourceProcessor property pais with lazy=false
2025-05-04T21:52:25.547-04:00 DEBUG 13764 --- [pedido] [           main] o.h.b.m.internal.AbstractPropertyHolder  : Attempting to locate auto-apply AttributeConverter for property [com.pedido.pedido.Model.Pedido:pais]
2025-05-04T21:52:25.547-04:00 DEBUG 13764 --- [pedido] [           main] o.h.b.model.internal.BasicValueBinder    : building BasicValue for pais
2025-05-04T21:52:25.547-04:00 DEBUG 13764 --- [pedido] [           main] org.hibernate.mapping.BasicValue         : Skipping column re-registration: pedido.pais
2025-05-04T21:52:25.547-04:00 DEBUG 13764 --- [pedido] [           main] o.h.boot.model.internal.PropertyBinder   : Building property pais
2025-05-04T21:52:25.547-04:00 DEBUG 13764 --- [pedido] [           main] o.h.boot.model.internal.AnnotatedColumn  : Binding column: AnnotatedColumn()
2025-05-04T21:52:25.547-04:00 DEBUG 13764 --- [pedido] [           main] o.h.boot.model.internal.PropertyBinder   : MetadataSourceProcessor property peso with lazy=false
2025-05-04T21:52:25.547-04:00 DEBUG 13764 --- [pedido] [           main] o.h.b.m.internal.AbstractPropertyHolder  : Attempting to locate auto-apply AttributeConverter for property [com.pedido.pedido.Model.Pedido:peso]
2025-05-04T21:52:25.547-04:00 DEBUG 13764 --- [pedido] [           main] o.h.b.model.internal.BasicValueBinder    : building BasicValue for peso
2025-05-04T21:52:25.547-04:00 DEBUG 13764 --- [pedido] [           main] org.hibernate.mapping.BasicValue         : Skipping column re-registration: pedido.peso
2025-05-04T21:52:25.547-04:00 DEBUG 13764 --- [pedido] [           main] o.h.boot.model.internal.PropertyBinder   : Building property peso
2025-05-04T21:52:25.547-04:00 DEBUG 13764 --- [pedido] [           main] o.h.boot.model.internal.AnnotatedColumn  : Binding column: AnnotatedColumn()
2025-05-04T21:52:25.547-04:00 DEBUG 13764 --- [pedido] [           main] o.h.boot.model.internal.PropertyBinder   : MetadataSourceProcessor property precioTotal with lazy=false
2025-05-04T21:52:25.547-04:00 DEBUG 13764 --- [pedido] [           main] o.h.b.m.internal.AbstractPropertyHolder  : Attempting to locate auto-apply AttributeConverter for property [com.pedido.pedido.Model.Pedido:precioTotal]
2025-05-04T21:52:25.547-04:00 DEBUG 13764 --- [pedido] [           main] o.h.b.model.internal.BasicValueBinder    : building BasicValue for precioTotal
2025-05-04T21:52:25.547-04:00 DEBUG 13764 --- [pedido] [           main] org.hibernate.mapping.BasicValue         : Skipping column re-registration: pedido.precio_total
2025-05-04T21:52:25.547-04:00 DEBUG 13764 --- [pedido] [           main] o.h.boot.model.internal.PropertyBinder   : Building property precioTotal
2025-05-04T21:52:25.547-04:00 DEBUG 13764 --- [pedido] [           main] o.h.boot.model.internal.AnnotatedColumn  : Binding column: AnnotatedColumn()
2025-05-04T21:52:25.547-04:00 DEBUG 13764 --- [pedido] [           main] o.h.boot.model.internal.PropertyBinder   : MetadataSourceProcessor property telefonoDestinatario with lazy=false
2025-05-04T21:52:25.547-04:00 DEBUG 13764 --- [pedido] [           main] o.h.b.m.internal.AbstractPropertyHolder  : Attempting to locate auto-apply AttributeConverter for property [com.pedido.pedido.Model.Pedido:telefonoDestinatario]
2025-05-04T21:52:25.547-04:00 DEBUG 13764 --- [pedido] [           main] o.h.b.model.internal.BasicValueBinder    : building BasicValue for telefonoDestinatario
2025-05-04T21:52:25.547-04:00 DEBUG 13764 --- [pedido] [           main] org.hibernate.mapping.BasicValue         : Skipping column re-registration: pedido.telefono_destinatario
2025-05-04T21:52:25.547-04:00 DEBUG 13764 --- [pedido] [           main] o.h.boot.model.internal.PropertyBinder   : Building property telefonoDestinatario
2025-05-04T21:52:25.547-04:00 DEBUG 13764 --- [pedido] [           main] o.h.boot.model.internal.AnnotatedColumn  : Binding column: AnnotatedColumn()
2025-05-04T21:52:25.547-04:00 DEBUG 13764 --- [pedido] [           main] o.h.boot.model.internal.PropertyBinder   : MetadataSourceProcessor property telefonoRemitente with lazy=false
2025-05-04T21:52:25.547-04:00 DEBUG 13764 --- [pedido] [           main] o.h.b.m.internal.AbstractPropertyHolder  : Attempting to locate auto-apply AttributeConverter for property [com.pedido.pedido.Model.Pedido:telefonoRemitente]
2025-05-04T21:52:25.547-04:00 DEBUG 13764 --- [pedido] [           main] o.h.b.model.internal.BasicValueBinder    : building BasicValue for telefonoRemitente
2025-05-04T21:52:25.547-04:00 DEBUG 13764 --- [pedido] [           main] org.hibernate.mapping.BasicValue         : Skipping column re-registration: pedido.telefono_remitente
2025-05-04T21:52:25.547-04:00 DEBUG 13764 --- [pedido] [           main] o.h.boot.model.internal.PropertyBinder   : Building property telefonoRemitente
2025-05-04T21:52:25.548-04:00 DEBUG 13764 --- [pedido] [           main] o.h.boot.model.internal.AnnotatedColumn  : Binding column: AnnotatedColumn()
2025-05-04T21:52:25.548-04:00 DEBUG 13764 --- [pedido] [           main] o.h.boot.model.internal.PropertyBinder   : MetadataSourceProcessor property volumen with lazy=false
2025-05-04T21:52:25.548-04:00 DEBUG 13764 --- [pedido] [           main] o.h.b.m.internal.AbstractPropertyHolder  : Attempting to locate auto-apply AttributeConverter for property [com.pedido.pedido.Model.Pedido:volumen]
2025-05-04T21:52:25.548-04:00 DEBUG 13764 --- [pedido] [           main] o.h.b.model.internal.BasicValueBinder    : building BasicValue for volumen
2025-05-04T21:52:25.548-04:00 DEBUG 13764 --- [pedido] [           main] org.hibernate.mapping.BasicValue         : Skipping column re-registration: pedido.volumen
2025-05-04T21:52:25.548-04:00 DEBUG 13764 --- [pedido] [           main] o.h.boot.model.internal.PropertyBinder   : Building property volumen
2025-05-04T21:52:25.548-04:00 DEBUG 13764 --- [pedido] [           main] o.h.b.r.c.i.ClassLoaderServiceImpl       : HHH000194: Package not found or no package-info.java: com.pedido.pedido.Model
2025-05-04T21:52:25.550-04:00 DEBUG 13764 --- [pedido] [           main] o.h.b.model.internal.BasicValueBinder    : Starting `BasicValueBinder#fillSimpleValue` for id
2025-05-04T21:52:25.550-04:00 DEBUG 13764 --- [pedido] [           main] o.h.b.model.internal.BasicValueBinder    : Starting `BasicValueBinder#fillSimpleValue` for ciudad
2025-05-04T21:52:25.550-04:00 DEBUG 13764 --- [pedido] [           main] o.h.b.model.internal.BasicValueBinder    : Starting `BasicValueBinder#fillSimpleValue` for codigoPostal
2025-05-04T21:52:25.550-04:00 DEBUG 13764 --- [pedido] [           main] o.h.b.model.internal.BasicValueBinder    : Starting `BasicValueBinder#fillSimpleValue` for coordenadas
2025-05-04T21:52:25.550-04:00 DEBUG 13764 --- [pedido] [           main] o.h.b.model.internal.BasicValueBinder    : Starting `BasicValueBinder#fillSimpleValue` for direccion
2025-05-04T21:52:25.550-04:00 DEBUG 13764 --- [pedido] [           main] o.h.b.model.internal.BasicValueBinder    : Starting `BasicValueBinder#fillSimpleValue` for email
2025-05-04T21:52:25.550-04:00 DEBUG 13764 --- [pedido] [           main] o.h.b.model.internal.BasicValueBinder    : Starting `BasicValueBinder#fillSimpleValue` for estado
2025-05-04T21:52:25.550-04:00 DEBUG 13764 --- [pedido] [           main] o.h.b.model.internal.BasicValueBinder    : Starting `BasicValueBinder#fillSimpleValue` for fechaEntrega
2025-05-04T21:52:25.550-04:00 DEBUG 13764 --- [pedido] [           main] o.h.b.model.internal.BasicValueBinder    : Starting `BasicValueBinder#fillSimpleValue` for fechaEstimadaEntrega
2025-05-04T21:52:25.550-04:00 DEBUG 13764 --- [pedido] [           main] o.h.b.model.internal.BasicValueBinder    : Starting `BasicValueBinder#fillSimpleValue` for fechaPedido
2025-05-04T21:52:25.550-04:00 DEBUG 13764 --- [pedido] [           main] o.h.b.model.internal.BasicValueBinder    : Starting `BasicValueBinder#fillSimpleValue` for nomDestinatario
2025-05-04T21:52:25.550-04:00 DEBUG 13764 --- [pedido] [           main] o.h.b.model.internal.BasicValueBinder    : Starting `BasicValueBinder#fillSimpleValue` for nomRemitente
2025-05-04T21:52:25.550-04:00 DEBUG 13764 --- [pedido] [           main] o.h.b.model.internal.BasicValueBinder    : Starting `BasicValueBinder#fillSimpleValue` for observaciones
2025-05-04T21:52:25.550-04:00 DEBUG 13764 --- [pedido] [           main] o.h.b.model.internal.BasicValueBinder    : Starting `BasicValueBinder#fillSimpleValue` for pais
2025-05-04T21:52:25.550-04:00 DEBUG 13764 --- [pedido] [           main] o.h.b.model.internal.BasicValueBinder    : Starting `BasicValueBinder#fillSimpleValue` for peso
2025-05-04T21:52:25.550-04:00 DEBUG 13764 --- [pedido] [           main] o.h.b.model.internal.BasicValueBinder    : Starting `BasicValueBinder#fillSimpleValue` for precioTotal
2025-05-04T21:52:25.550-04:00 DEBUG 13764 --- [pedido] [           main] o.h.b.model.internal.BasicValueBinder    : Starting `BasicValueBinder#fillSimpleValue` for telefonoDestinatario
2025-05-04T21:52:25.550-04:00 DEBUG 13764 --- [pedido] [           main] o.h.b.model.internal.BasicValueBinder    : Starting `BasicValueBinder#fillSimpleValue` for telefonoRemitente
2025-05-04T21:52:25.550-04:00 DEBUG 13764 --- [pedido] [           main] o.h.b.model.internal.BasicValueBinder    : Starting `BasicValueBinder#fillSimpleValue` for volumen
2025-05-04T21:52:25.552-04:00 DEBUG 13764 --- [pedido] [           main] org.hibernate.mapping.PrimaryKey         : Forcing column [id] to be non-null as it is part of the primary key for table [pedido]
2025-05-04T21:52:25.573-04:00 DEBUG 13764 --- [pedido] [           main] o.hibernate.internal.SessionFactoryImpl  : Building session factory
2025-05-04T21:52:25.583-04:00 DEBUG 13764 --- [pedido] [           main] .h.s.i.SessionFactoryServiceRegistryImpl : EventListenerRegistry access via ServiceRegistry is deprecated.  Use `sessionFactory.getEventEngine().getListenerRegistry()` instead
2025-05-04T21:52:25.584-04:00 DEBUG 13764 --- [pedido] [           main] o.hibernate.internal.SessionFactoryImpl  : Instantiating SessionFactory with settings: {java.specification.version=21, hibernate.resource.beans.container=org.springframework.orm.hibernate5.SpringBeanContainer@2de7fe0e, hibernate.connection.handling_mode=DELAYED_ACQUISITION_AND_HOLD, sun.jnu.encoding=UTF-8, hibernate.dialect=org.hibernate.dialect.OracleDialect, hibernate.implicit_naming_strategy=org.springframework.boot.orm.jpa.hibernate.SpringImplicitNamingStrategy, java.class.path=/Users/sebastianvaldiviavillagra/Desktop/proyectos/pedidos/target/test-classes:/Users/sebastianvaldiviavillagra/Desktop/proyectos/pedidos/target/classes:/Users/sebastianvaldiviavillagra/.m2/repository/org/springframework/boot/spring-boot-starter-actuator/3.4.4/spring-boot-starter-actuator-3.4.4.jar:/Users/sebastianvaldiviavillagra/.m2/repository/org/springframework/boot/spring-boot-starter/3.4.4/spring-boot-starter-3.4.4.jar:/Users/sebastianvaldiviavillagra/.m2/repository/org/springframework/boot/spring-boot-starter-logging/3.4.4/spring-boot-starter-logging-3.4.4.jar:/Users/sebastianvaldiviavillagra/.m2/repository/ch/qos/logback/logback-classic/1.5.18/logback-classic-1.5.18.jar:/Users/sebastianvaldiviavillagra/.m2/repository/ch/qos/logback/logback-core/1.5.18/logback-core-1.5.18.jar:/Users/sebastianvaldiviavillagra/.m2/repository/org/apache/logging/log4j/log4j-to-slf4j/2.24.3/log4j-to-slf4j-2.24.3.jar:/Users/sebastianvaldiviavillagra/.m2/repository/org/apache/logging/log4j/log4j-api/2.24.3/log4j-api-2.24.3.jar:/Users/sebastianvaldiviavillagra/.m2/repository/org/slf4j/jul-to-slf4j/2.0.17/jul-to-slf4j-2.0.17.jar:/Users/sebastianvaldiviavillagra/.m2/repository/jakarta/annotation/jakarta.annotation-api/2.1.1/jakarta.annotation-api-2.1.1.jar:/Users/sebastianvaldiviavillagra/.m2/repository/org/yaml/snakeyaml/2.3/snakeyaml-2.3.jar:/Users/sebastianvaldiviavillagra/.m2/repository/org/springframework/boot/spring-boot-actuator-autoconfigure/3.4.4/spring-boot-actuator-autoconfigure-3.4.4.jar:/Users/sebastianvaldiviavillagra/.m2/repository/org/springframework/boot/spring-boot-actuator/3.4.4/spring-boot-actuator-3.4.4.jar:/Users/sebastianvaldiviavillagra/.m2/repository/com/fasterxml/jackson/core/jackson-databind/2.18.3/jackson-databind-2.18.3.jar:/Users/sebastianvaldiviavillagra/.m2/repository/com/fasterxml/jackson/core/jackson-annotations/2.18.3/jackson-annotations-2.18.3.jar:/Users/sebastianvaldiviavillagra/.m2/repository/com/fasterxml/jackson/core/jackson-core/2.18.3/jackson-core-2.18.3.jar:/Users/sebastianvaldiviavillagra/.m2/repository/com/fasterxml/jackson/datatype/jackson-datatype-jsr310/2.18.3/jackson-datatype-jsr310-2.18.3.jar:/Users/sebastianvaldiviavillagra/.m2/repository/io/micrometer/micrometer-observation/1.14.5/micrometer-observation-1.14.5.jar:/Users/sebastianvaldiviavillagra/.m2/repository/io/micrometer/micrometer-commons/1.14.5/micrometer-commons-1.14.5.jar:/Users/sebastianvaldiviavillagra/.m2/repository/io/micrometer/micrometer-jakarta9/1.14.5/micrometer-jakarta9-1.14.5.jar:/Users/sebastianvaldiviavillagra/.m2/repository/io/micrometer/micrometer-core/1.14.5/micrometer-core-1.14.5.jar:/Users/sebastianvaldiviavillagra/.m2/repository/org/hdrhistogram/HdrHistogram/2.2.2/HdrHistogram-2.2.2.jar:/Users/sebastianvaldiviavillagra/.m2/repository/org/latencyutils/LatencyUtils/2.0.3/LatencyUtils-2.0.3.jar:/Users/sebastianvaldiviavillagra/.m2/repository/org/springframework/boot/spring-boot-starter-web/3.4.4/spring-boot-starter-web-3.4.4.jar:/Users/sebastianvaldiviavillagra/.m2/repository/org/springframework/boot/spring-boot-starter-json/3.4.4/spring-boot-starter-json-3.4.4.jar:/Users/sebastianvaldiviavillagra/.m2/repository/com/fasterxml/jackson/datatype/jackson-datatype-jdk8/2.18.3/jackson-datatype-jdk8-2.18.3.jar:/Users/sebastianvaldiviavillagra/.m2/repository/com/fasterxml/jackson/module/jackson-module-parameter-names/2.18.3/jackson-module-parameter-names-2.18.3.jar:/Users/sebastianvaldiviavillagra/.m2/repository/org/springframework/boot/spring-boot-starter-tomcat/3.4.4/spring-boot-starter-tomcat-3.4.4.jar:/Users/sebastianvaldiviavillagra/.m2/repository/org/apache/tomcat/embed/tomcat-embed-core/10.1.39/tomcat-embed-core-10.1.39.jar:/Users/sebastianvaldiviavillagra/.m2/repository/org/apache/tomcat/embed/tomcat-embed-websocket/10.1.39/tomcat-embed-websocket-10.1.39.jar:/Users/sebastianvaldiviavillagra/.m2/repository/org/springframework/spring-web/6.2.5/spring-web-6.2.5.jar:/Users/sebastianvaldiviavillagra/.m2/repository/org/springframework/spring-beans/6.2.5/spring-beans-6.2.5.jar:/Users/sebastianvaldiviavillagra/.m2/repository/org/springframework/spring-webmvc/6.2.5/spring-webmvc-6.2.5.jar:/Users/sebastianvaldiviavillagra/.m2/repository/org/springframework/spring-aop/6.2.5/spring-aop-6.2.5.jar:/Users/sebastianvaldiviavillagra/.m2/repository/org/springframework/spring-context/6.2.5/spring-context-6.2.5.jar:/Users/sebastianvaldiviavillagra/.m2/repository/org/springframework/spring-expression/6.2.5/spring-expression-6.2.5.jar:/Users/sebastianvaldiviavillagra/.m2/repository/org/springframework/boot/spring-boot-devtools/3.4.4/spring-boot-devtools-3.4.4.jar:/Users/sebastianvaldiviavillagra/.m2/repository/org/springframework/boot/spring-boot/3.4.4/spring-boot-3.4.4.jar:/Users/sebastianvaldiviavillagra/.m2/repository/org/springframework/boot/spring-boot-autoconfigure/3.4.4/spring-boot-autoconfigure-3.4.4.jar:/Users/sebastianvaldiviavillagra/.m2/repository/org/projectlombok/lombok/1.18.36/lombok-1.18.36.jar:/Users/sebastianvaldiviavillagra/.m2/repository/org/springframework/boot/spring-boot-starter-test/3.4.4/spring-boot-starter-test-3.4.4.jar:/Users/sebastianvaldiviavillagra/.m2/repository/org/springframework/boot/spring-boot-test/3.4.4/spring-boot-test-3.4.4.jar:/Users/sebastianvaldiviavillagra/.m2/repository/org/springframework/boot/spring-boot-test-autoconfigure/3.4.4/spring-boot-test-autoconfigure-3.4.4.jar:/Users/sebastianvaldiviavillagra/.m2/repository/com/jayway/jsonpath/json-path/2.9.0/json-path-2.9.0.jar:/Users/sebastianvaldiviavillagra/.m2/repository/org/slf4j/slf4j-api/2.0.17/slf4j-api-2.0.17.jar:/Users/sebastianvaldiviavillagra/.m2/repository/jakarta/xml/bind/jakarta.xml.bind-api/4.0.2/jakarta.xml.bind-api-4.0.2.jar:/Users/sebastianvaldiviavillagra/.m2/repository/jakarta/activation/jakarta.activation-api/2.1.3/jakarta.activation-api-2.1.3.jar:/Users/sebastianvaldiviavillagra/.m2/repository/net/minidev/json-smart/2.5.2/json-smart-2.5.2.jar:/Users/sebastianvaldiviavillagra/.m2/repository/net/minidev/accessors-smart/2.5.2/accessors-smart-2.5.2.jar:/Users/sebastianvaldiviavillagra/.m2/repository/org/ow2/asm/asm/9.7.1/asm-9.7.1.jar:/Users/sebastianvaldiviavillagra/.m2/repository/org/assertj/assertj-core/3.26.3/assertj-core-3.26.3.jar:/Users/sebastianvaldiviavillagra/.m2/repository/net/bytebuddy/byte-buddy/1.15.11/byte-buddy-1.15.11.jar:/Users/sebastianvaldiviavillagra/.m2/repository/org/awaitility/awaitility/4.2.2/awaitility-4.2.2.jar:/Users/sebastianvaldiviavillagra/.m2/repository/org/hamcrest/hamcrest/2.2/hamcrest-2.2.jar:/Users/sebastianvaldiviavillagra/.m2/repository/org/junit/jupiter/junit-jupiter/5.11.4/junit-jupiter-5.11.4.jar:/Users/sebastianvaldiviavillagra/.m2/repository/org/junit/jupiter/junit-jupiter-api/5.11.4/junit-jupiter-api-5.11.4.jar:/Users/sebastianvaldiviavillagra/.m2/repository/org/opentest4j/opentest4j/1.3.0/opentest4j-1.3.0.jar:/Users/sebastianvaldiviavillagra/.m2/repository/org/junit/platform/junit-platform-commons/1.11.4/junit-platform-commons-1.11.4.jar:/Users/sebastianvaldiviavillagra/.m2/repository/org/apiguardian/apiguardian-api/1.1.2/apiguardian-api-1.1.2.jar:/Users/sebastianvaldiviavillagra/.m2/repository/org/junit/jupiter/junit-jupiter-params/5.11.4/junit-jupiter-params-5.11.4.jar:/Users/sebastianvaldiviavillagra/.m2/repository/org/junit/jupiter/junit-jupiter-engine/5.11.4/junit-jupiter-engine-5.11.4.jar:/Users/sebastianvaldiviavillagra/.m2/repository/org/junit/platform/junit-platform-engine/1.11.4/junit-platform-engine-1.11.4.jar:/Users/sebastianvaldiviavillagra/.m2/repository/org/mockito/mockito-core/5.14.2/mockito-core-5.14.2.jar:/Users/sebastianvaldiviavillagra/.m2/repository/net/bytebuddy/byte-buddy-agent/1.15.11/byte-buddy-agent-1.15.11.jar:/Users/sebastianvaldiviavillagra/.m2/repository/org/objenesis/objenesis/3.3/objenesis-3.3.jar:/Users/sebastianvaldiviavillagra/.m2/repository/org/mockito/mockito-junit-jupiter/5.14.2/mockito-junit-jupiter-5.14.2.jar:/Users/sebastianvaldiviavillagra/.m2/repository/org/skyscreamer/jsonassert/1.5.3/jsonassert-1.5.3.jar:/Users/sebastianvaldiviavillagra/.m2/repository/com/vaadin/external/google/android-json/0.0.20131108.vaadin1/android-json-0.0.20131108.vaadin1.jar:/Users/sebastianvaldiviavillagra/.m2/repository/org/springframework/spring-core/6.2.5/spring-core-6.2.5.jar:/Users/sebastianvaldiviavillagra/.m2/repository/org/springframework/spring-jcl/6.2.5/spring-jcl-6.2.5.jar:/Users/sebastianvaldiviavillagra/.m2/repository/org/springframework/spring-test/6.2.5/spring-test-6.2.5.jar:/Users/sebastianvaldiviavillagra/.m2/repository/org/xmlunit/xmlunit-core/2.10.0/xmlunit-core-2.10.0.jar:/Users/sebastianvaldiviavillagra/.m2/repository/org/springframework/boot/spring-boot-starter-data-jpa/3.4.4/spring-boot-starter-data-jpa-3.4.4.jar:/Users/sebastianvaldiviavillagra/.m2/repository/org/springframework/boot/spring-boot-starter-jdbc/3.4.4/spring-boot-starter-jdbc-3.4.4.jar:/Users/sebastianvaldiviavillagra/.m2/repository/com/zaxxer/HikariCP/5.1.0/HikariCP-5.1.0.jar:/Users/sebastianvaldiviavillagra/.m2/repository/org/springframework/spring-jdbc/6.2.5/spring-jdbc-6.2.5.jar:/Users/sebastianvaldiviavillagra/.m2/repository/org/hibernate/orm/hibernate-core/6.6.11.Final/hibernate-core-6.6.11.Final.jar:/Users/sebastianvaldiviavillagra/.m2/repository/jakarta/persistence/jakarta.persistence-api/3.1.0/jakarta.persistence-api-3.1.0.jar:/Users/sebastianvaldiviavillagra/.m2/repository/jakarta/transaction/jakarta.transaction-api/2.0.1/jakarta.transaction-api-2.0.1.jar:/Users/sebastianvaldiviavillagra/.m2/repository/org/jboss/logging/jboss-logging/3.6.1.Final/jboss-logging-3.6.1.Final.jar:/Users/sebastianvaldiviavillagra/.m2/repository/org/hibernate/common/hibernate-commons-annotations/7.0.3.Final/hibernate-commons-annotations-7.0.3.Final.jar:/Users/sebastianvaldiviavillagra/.m2/repository/io/smallrye/jandex/3.2.0/jandex-3.2.0.jar:/Users/sebastianvaldiviavillagra/.m2/repository/com/fasterxml/classmate/1.7.0/classmate-1.7.0.jar:/Users/sebastianvaldiviavillagra/.m2/repository/org/glassfish/jaxb/jaxb-runtime/4.0.5/jaxb-runtime-4.0.5.jar:/Users/sebastianvaldiviavillagra/.m2/repository/org/glassfish/jaxb/jaxb-core/4.0.5/jaxb-core-4.0.5.jar:/Users/sebastianvaldiviavillagra/.m2/repository/org/eclipse/angus/angus-activation/2.0.2/angus-activation-2.0.2.jar:/Users/sebastianvaldiviavillagra/.m2/repository/org/glassfish/jaxb/txw2/4.0.5/txw2-4.0.5.jar:/Users/sebastianvaldiviavillagra/.m2/repository/com/sun/istack/istack-commons-runtime/4.1.2/istack-commons-runtime-4.1.2.jar:/Users/sebastianvaldiviavillagra/.m2/repository/jakarta/inject/jakarta.inject-api/2.0.1/jakarta.inject-api-2.0.1.jar:/Users/sebastianvaldiviavillagra/.m2/repository/org/antlr/antlr4-runtime/4.13.0/antlr4-runtime-4.13.0.jar:/Users/sebastianvaldiviavillagra/.m2/repository/org/springframework/data/spring-data-jpa/3.4.4/spring-data-jpa-3.4.4.jar:/Users/sebastianvaldiviavillagra/.m2/repository/org/springframework/data/spring-data-commons/3.4.4/spring-data-commons-3.4.4.jar:/Users/sebastianvaldiviavillagra/.m2/repository/org/springframework/spring-orm/6.2.5/spring-orm-6.2.5.jar:/Users/sebastianvaldiviavillagra/.m2/repository/org/springframework/spring-tx/6.2.5/spring-tx-6.2.5.jar:/Users/sebastianvaldiviavillagra/.m2/repository/org/springframework/spring-aspects/6.2.5/spring-aspects-6.2.5.jar:/Users/sebastianvaldiviavillagra/.m2/repository/org/aspectj/aspectjweaver/1.9.23/aspectjweaver-1.9.23.jar:/Users/sebastianvaldiviavillagra/.m2/repository/com/oracle/database/jdbc/ojdbc11/23.5.0.24.07/ojdbc11-23.5.0.24.07.jar:/Users/sebastianvaldiviavillagra/.m2/repository/com/oracle/database/security/oraclepki/21.5.0.0/oraclepki-21.5.0.0.jar:/Users/sebastianvaldiviavillagra/.m2/repository/com/oracle/database/security/osdt_cert/21.5.0.0/osdt_cert-21.5.0.0.jar:/Users/sebastianvaldiviavillagra/.m2/repository/com/oracle/database/security/osdt_core/21.5.0.0/osdt_core-21.5.0.0.jar:/Users/sebastianvaldiviavillagra/.m2/repository/org/springframework/boot/spring-boot-starter-validation/3.4.4/spring-boot-starter-validation-3.4.4.jar:/Users/sebastianvaldiviavillagra/.m2/repository/org/apache/tomcat/embed/tomcat-embed-el/10.1.39/tomcat-embed-el-10.1.39.jar:/Users/sebastianvaldiviavillagra/.m2/repository/org/hibernate/validator/hibernate-validator/8.0.2.Final/hibernate-validator-8.0.2.Final.jar:/Users/sebastianvaldiviavillagra/.m2/repository/jakarta/validation/jakarta.validation-api/3.0.2/jakarta.validation-api-3.0.2.jar:/Users/sebastianvaldiviavillagra/.m2/repository/org/springframework/boot/spring-boot-starter-hateoas/3.4.4/spring-boot-starter-hateoas-3.4.4.jar:/Users/sebastianvaldiviavillagra/.m2/repository/org/springframework/hateoas/spring-hateoas/2.4.1/spring-hateoas-2.4.1.jar:/Users/sebastianvaldiviavillagra/.m2/repository/org/springframework/plugin/spring-plugin-core/3.0.0/spring-plugin-core-3.0.0.jar:, java.vm.vendor=Eclipse Adoptium, sun.arch.data.model=64, java.vendor.url=https://adoptium.net/, user.timezone=America/Santiago, jakarta.persistence.sharedCache.mode=UNSPECIFIED, org.jboss.logging.provider=slf4j, java.vm.specification.version=21, os.name=Mac OS X, APPLICATION_NAME=pedido, jakarta.persistence.nonJtaDataSource=HikariDataSource (HikariPool-1), sun.java.launcher=SUN_STANDARD, user.country=CL, sun.boot.library.path=/Library/Java/JavaVirtualMachines/temurin-21.jdk/Contents/Home/lib, sun.java.command=/Users/sebastianvaldiviavillagra/Desktop/proyectos/pedidos/target/surefire/surefirebooter-20250504215223908_3.jar /Users/sebastianvaldiviavillagra/Desktop/proyectos/pedidos/target/surefire 2025-05-04T21-52-23_870-jvmRun1 surefire-20250504215223908_1tmp surefire_0-20250504215223908_2tmp, javax.persistence.nonJtaDataSource=HikariDataSource (HikariPool-1), hibernate.transaction.jta.platform=org.hibernate.engine.transaction.jta.platform.internal.NoJtaPlatform@2ff8d39b, http.nonProxyHosts=local|*.local|169.254/16|*.169.254/16, jdk.debug=release, surefire.test.class.path=/Users/sebastianvaldiviavillagra/Desktop/proyectos/pedidos/target/test-classes:/Users/sebastianvaldiviavillagra/Desktop/proyectos/pedidos/target/classes:/Users/sebastianvaldiviavillagra/.m2/repository/org/springframework/boot/spring-boot-starter-actuator/3.4.4/spring-boot-starter-actuator-3.4.4.jar:/Users/sebastianvaldiviavillagra/.m2/repository/org/springframework/boot/spring-boot-starter/3.4.4/spring-boot-starter-3.4.4.jar:/Users/sebastianvaldiviavillagra/.m2/repository/org/springframework/boot/spring-boot-starter-logging/3.4.4/spring-boot-starter-logging-3.4.4.jar:/Users/sebastianvaldiviavillagra/.m2/repository/ch/qos/logback/logback-classic/1.5.18/logback-classic-1.5.18.jar:/Users/sebastianvaldiviavillagra/.m2/repository/ch/qos/logback/logback-core/1.5.18/logback-core-1.5.18.jar:/Users/sebastianvaldiviavillagra/.m2/repository/org/apache/logging/log4j/log4j-to-slf4j/2.24.3/log4j-to-slf4j-2.24.3.jar:/Users/sebastianvaldiviavillagra/.m2/repository/org/apache/logging/log4j/log4j-api/2.24.3/log4j-api-2.24.3.jar:/Users/sebastianvaldiviavillagra/.m2/repository/org/slf4j/jul-to-slf4j/2.0.17/jul-to-slf4j-2.0.17.jar:/Users/sebastianvaldiviavillagra/.m2/repository/jakarta/annotation/jakarta.annotation-api/2.1.1/jakarta.annotation-api-2.1.1.jar:/Users/sebastianvaldiviavillagra/.m2/repository/org/yaml/snakeyaml/2.3/snakeyaml-2.3.jar:/Users/sebastianvaldiviavillagra/.m2/repository/org/springframework/boot/spring-boot-actuator-autoconfigure/3.4.4/spring-boot-actuator-autoconfigure-3.4.4.jar:/Users/sebastianvaldiviavillagra/.m2/repository/org/springframework/boot/spring-boot-actuator/3.4.4/spring-boot-actuator-3.4.4.jar:/Users/sebastianvaldiviavillagra/.m2/repository/com/fasterxml/jackson/core/jackson-databind/2.18.3/jackson-databind-2.18.3.jar:/Users/sebastianvaldiviavillagra/.m2/repository/com/fasterxml/jackson/core/jackson-annotations/2.18.3/jackson-annotations-2.18.3.jar:/Users/sebastianvaldiviavillagra/.m2/repository/com/fasterxml/jackson/core/jackson-core/2.18.3/jackson-core-2.18.3.jar:/Users/sebastianvaldiviavillagra/.m2/repository/com/fasterxml/jackson/datatype/jackson-datatype-jsr310/2.18.3/jackson-datatype-jsr310-2.18.3.jar:/Users/sebastianvaldiviavillagra/.m2/repository/io/micrometer/micrometer-observation/1.14.5/micrometer-observation-1.14.5.jar:/Users/sebastianvaldiviavillagra/.m2/repository/io/micrometer/micrometer-commons/1.14.5/micrometer-commons-1.14.5.jar:/Users/sebastianvaldiviavillagra/.m2/repository/io/micrometer/micrometer-jakarta9/1.14.5/micrometer-jakarta9-1.14.5.jar:/Users/sebastianvaldiviavillagra/.m2/repository/io/micrometer/micrometer-core/1.14.5/micrometer-core-1.14.5.jar:/Users/sebastianvaldiviavillagra/.m2/repository/org/hdrhistogram/HdrHistogram/2.2.2/HdrHistogram-2.2.2.jar:/Users/sebastianvaldiviavillagra/.m2/repository/org/latencyutils/LatencyUtils/2.0.3/LatencyUtils-2.0.3.jar:/Users/sebastianvaldiviavillagra/.m2/repository/org/springframework/boot/spring-boot-starter-web/3.4.4/spring-boot-starter-web-3.4.4.jar:/Users/sebastianvaldiviavillagra/.m2/repository/org/springframework/boot/spring-boot-starter-json/3.4.4/spring-boot-starter-json-3.4.4.jar:/Users/sebastianvaldiviavillagra/.m2/repository/com/fasterxml/jackson/datatype/jackson-datatype-jdk8/2.18.3/jackson-datatype-jdk8-2.18.3.jar:/Users/sebastianvaldiviavillagra/.m2/repository/com/fasterxml/jackson/module/jackson-module-parameter-names/2.18.3/jackson-module-parameter-names-2.18.3.jar:/Users/sebastianvaldiviavillagra/.m2/repository/org/springframework/boot/spring-boot-starter-tomcat/3.4.4/spring-boot-starter-tomcat-3.4.4.jar:/Users/sebastianvaldiviavillagra/.m2/repository/org/apache/tomcat/embed/tomcat-embed-core/10.1.39/tomcat-embed-core-10.1.39.jar:/Users/sebastianvaldiviavillagra/.m2/repository/org/apache/tomcat/embed/tomcat-embed-websocket/10.1.39/tomcat-embed-websocket-10.1.39.jar:/Users/sebastianvaldiviavillagra/.m2/repository/org/springframework/spring-web/6.2.5/spring-web-6.2.5.jar:/Users/sebastianvaldiviavillagra/.m2/repository/org/springframework/spring-beans/6.2.5/spring-beans-6.2.5.jar:/Users/sebastianvaldiviavillagra/.m2/repository/org/springframework/spring-webmvc/6.2.5/spring-webmvc-6.2.5.jar:/Users/sebastianvaldiviavillagra/.m2/repository/org/springframework/spring-aop/6.2.5/spring-aop-6.2.5.jar:/Users/sebastianvaldiviavillagra/.m2/repository/org/springframework/spring-context/6.2.5/spring-context-6.2.5.jar:/Users/sebastianvaldiviavillagra/.m2/repository/org/springframework/spring-expression/6.2.5/spring-expression-6.2.5.jar:/Users/sebastianvaldiviavillagra/.m2/repository/org/springframework/boot/spring-boot-devtools/3.4.4/spring-boot-devtools-3.4.4.jar:/Users/sebastianvaldiviavillagra/.m2/repository/org/springframework/boot/spring-boot/3.4.4/spring-boot-3.4.4.jar:/Users/sebastianvaldiviavillagra/.m2/repository/org/springframework/boot/spring-boot-autoconfigure/3.4.4/spring-boot-autoconfigure-3.4.4.jar:/Users/sebastianvaldiviavillagra/.m2/repository/org/projectlombok/lombok/1.18.36/lombok-1.18.36.jar:/Users/sebastianvaldiviavillagra/.m2/repository/org/springframework/boot/spring-boot-starter-test/3.4.4/spring-boot-starter-test-3.4.4.jar:/Users/sebastianvaldiviavillagra/.m2/repository/org/springframework/boot/spring-boot-test/3.4.4/spring-boot-test-3.4.4.jar:/Users/sebastianvaldiviavillagra/.m2/repository/org/springframework/boot/spring-boot-test-autoconfigure/3.4.4/spring-boot-test-autoconfigure-3.4.4.jar:/Users/sebastianvaldiviavillagra/.m2/repository/com/jayway/jsonpath/json-path/2.9.0/json-path-2.9.0.jar:/Users/sebastianvaldiviavillagra/.m2/repository/org/slf4j/slf4j-api/2.0.17/slf4j-api-2.0.17.jar:/Users/sebastianvaldiviavillagra/.m2/repository/jakarta/xml/bind/jakarta.xml.bind-api/4.0.2/jakarta.xml.bind-api-4.0.2.jar:/Users/sebastianvaldiviavillagra/.m2/repository/jakarta/activation/jakarta.activation-api/2.1.3/jakarta.activation-api-2.1.3.jar:/Users/sebastianvaldiviavillagra/.m2/repository/net/minidev/json-smart/2.5.2/json-smart-2.5.2.jar:/Users/sebastianvaldiviavillagra/.m2/repository/net/minidev/accessors-smart/2.5.2/accessors-smart-2.5.2.jar:/Users/sebastianvaldiviavillagra/.m2/repository/org/ow2/asm/asm/9.7.1/asm-9.7.1.jar:/Users/sebastianvaldiviavillagra/.m2/repository/org/assertj/assertj-core/3.26.3/assertj-core-3.26.3.jar:/Users/sebastianvaldiviavillagra/.m2/repository/net/bytebuddy/byte-buddy/1.15.11/byte-buddy-1.15.11.jar:/Users/sebastianvaldiviavillagra/.m2/repository/org/awaitility/awaitility/4.2.2/awaitility-4.2.2.jar:/Users/sebastianvaldiviavillagra/.m2/repository/org/hamcrest/hamcrest/2.2/hamcrest-2.2.jar:/Users/sebastianvaldiviavillagra/.m2/repository/org/junit/jupiter/junit-jupiter/5.11.4/junit-jupiter-5.11.4.jar:/Users/sebastianvaldiviavillagra/.m2/repository/org/junit/jupiter/junit-jupiter-api/5.11.4/junit-jupiter-api-5.11.4.jar:/Users/sebastianvaldiviavillagra/.m2/repository/org/opentest4j/opentest4j/1.3.0/opentest4j-1.3.0.jar:/Users/sebastianvaldiviavillagra/.m2/repository/org/junit/platform/junit-platform-commons/1.11.4/junit-platform-commons-1.11.4.jar:/Users/sebastianvaldiviavillagra/.m2/repository/org/apiguardian/apiguardian-api/1.1.2/apiguardian-api-1.1.2.jar:/Users/sebastianvaldiviavillagra/.m2/repository/org/junit/jupiter/junit-jupiter-params/5.11.4/junit-jupiter-params-5.11.4.jar:/Users/sebastianvaldiviavillagra/.m2/repository/org/junit/jupiter/junit-jupiter-engine/5.11.4/junit-jupiter-engine-5.11.4.jar:/Users/sebastianvaldiviavillagra/.m2/repository/org/junit/platform/junit-platform-engine/1.11.4/junit-platform-engine-1.11.4.jar:/Users/sebastianvaldiviavillagra/.m2/repository/org/mockito/mockito-core/5.14.2/mockito-core-5.14.2.jar:/Users/sebastianvaldiviavillagra/.m2/repository/net/bytebuddy/byte-buddy-agent/1.15.11/byte-buddy-agent-1.15.11.jar:/Users/sebastianvaldiviavillagra/.m2/repository/org/objenesis/objenesis/3.3/objenesis-3.3.jar:/Users/sebastianvaldiviavillagra/.m2/repository/org/mockito/mockito-junit-jupiter/5.14.2/mockito-junit-jupiter-5.14.2.jar:/Users/sebastianvaldiviavillagra/.m2/repository/org/skyscreamer/jsonassert/1.5.3/jsonassert-1.5.3.jar:/Users/sebastianvaldiviavillagra/.m2/repository/com/vaadin/external/google/android-json/0.0.20131108.vaadin1/android-json-0.0.20131108.vaadin1.jar:/Users/sebastianvaldiviavillagra/.m2/repository/org/springframework/spring-core/6.2.5/spring-core-6.2.5.jar:/Users/sebastianvaldiviavillagra/.m2/repository/org/springframework/spring-jcl/6.2.5/spring-jcl-6.2.5.jar:/Users/sebastianvaldiviavillagra/.m2/repository/org/springframework/spring-test/6.2.5/spring-test-6.2.5.jar:/Users/sebastianvaldiviavillagra/.m2/repository/org/xmlunit/xmlunit-core/2.10.0/xmlunit-core-2.10.0.jar:/Users/sebastianvaldiviavillagra/.m2/repository/org/springframework/boot/spring-boot-starter-data-jpa/3.4.4/spring-boot-starter-data-jpa-3.4.4.jar:/Users/sebastianvaldiviavillagra/.m2/repository/org/springframework/boot/spring-boot-starter-jdbc/3.4.4/spring-boot-starter-jdbc-3.4.4.jar:/Users/sebastianvaldiviavillagra/.m2/repository/com/zaxxer/HikariCP/5.1.0/HikariCP-5.1.0.jar:/Users/sebastianvaldiviavillagra/.m2/repository/org/springframework/spring-jdbc/6.2.5/spring-jdbc-6.2.5.jar:/Users/sebastianvaldiviavillagra/.m2/repository/org/hibernate/orm/hibernate-core/6.6.11.Final/hibernate-core-6.6.11.Final.jar:/Users/sebastianvaldiviavillagra/.m2/repository/jakarta/persistence/jakarta.persistence-api/3.1.0/jakarta.persistence-api-3.1.0.jar:/Users/sebastianvaldiviavillagra/.m2/repository/jakarta/transaction/jakarta.transaction-api/2.0.1/jakarta.transaction-api-2.0.1.jar:/Users/sebastianvaldiviavillagra/.m2/repository/org/jboss/logging/jboss-logging/3.6.1.Final/jboss-logging-3.6.1.Final.jar:/Users/sebastianvaldiviavillagra/.m2/repository/org/hibernate/common/hibernate-commons-annotations/7.0.3.Final/hibernate-commons-annotations-7.0.3.Final.jar:/Users/sebastianvaldiviavillagra/.m2/repository/io/smallrye/jandex/3.2.0/jandex-3.2.0.jar:/Users/sebastianvaldiviavillagra/.m2/repository/com/fasterxml/classmate/1.7.0/classmate-1.7.0.jar:/Users/sebastianvaldiviavillagra/.m2/repository/org/glassfish/jaxb/jaxb-runtime/4.0.5/jaxb-runtime-4.0.5.jar:/Users/sebastianvaldiviavillagra/.m2/repository/org/glassfish/jaxb/jaxb-core/4.0.5/jaxb-core-4.0.5.jar:/Users/sebastianvaldiviavillagra/.m2/repository/org/eclipse/angus/angus-activation/2.0.2/angus-activation-2.0.2.jar:/Users/sebastianvaldiviavillagra/.m2/repository/org/glassfish/jaxb/txw2/4.0.5/txw2-4.0.5.jar:/Users/sebastianvaldiviavillagra/.m2/repository/com/sun/istack/istack-commons-runtime/4.1.2/istack-commons-runtime-4.1.2.jar:/Users/sebastianvaldiviavillagra/.m2/repository/jakarta/inject/jakarta.inject-api/2.0.1/jakarta.inject-api-2.0.1.jar:/Users/sebastianvaldiviavillagra/.m2/repository/org/antlr/antlr4-runtime/4.13.0/antlr4-runtime-4.13.0.jar:/Users/sebastianvaldiviavillagra/.m2/repository/org/springframework/data/spring-data-jpa/3.4.4/spring-data-jpa-3.4.4.jar:/Users/sebastianvaldiviavillagra/.m2/repository/org/springframework/data/spring-data-commons/3.4.4/spring-data-commons-3.4.4.jar:/Users/sebastianvaldiviavillagra/.m2/repository/org/springframework/spring-orm/6.2.5/spring-orm-6.2.5.jar:/Users/sebastianvaldiviavillagra/.m2/repository/org/springframework/spring-tx/6.2.5/spring-tx-6.2.5.jar:/Users/sebastianvaldiviavillagra/.m2/repository/org/springframework/spring-aspects/6.2.5/spring-aspects-6.2.5.jar:/Users/sebastianvaldiviavillagra/.m2/repository/org/aspectj/aspectjweaver/1.9.23/aspectjweaver-1.9.23.jar:/Users/sebastianvaldiviavillagra/.m2/repository/com/oracle/database/jdbc/ojdbc11/23.5.0.24.07/ojdbc11-23.5.0.24.07.jar:/Users/sebastianvaldiviavillagra/.m2/repository/com/oracle/database/security/oraclepki/21.5.0.0/oraclepki-21.5.0.0.jar:/Users/sebastianvaldiviavillagra/.m2/repository/com/oracle/database/security/osdt_cert/21.5.0.0/osdt_cert-21.5.0.0.jar:/Users/sebastianvaldiviavillagra/.m2/repository/com/oracle/database/security/osdt_core/21.5.0.0/osdt_core-21.5.0.0.jar:/Users/sebastianvaldiviavillagra/.m2/repository/org/springframework/boot/spring-boot-starter-validation/3.4.4/spring-boot-starter-validation-3.4.4.jar:/Users/sebastianvaldiviavillagra/.m2/repository/org/apache/tomcat/embed/tomcat-embed-el/10.1.39/tomcat-embed-el-10.1.39.jar:/Users/sebastianvaldiviavillagra/.m2/repository/org/hibernate/validator/hibernate-validator/8.0.2.Final/hibernate-validator-8.0.2.Final.jar:/Users/sebastianvaldiviavillagra/.m2/repository/jakarta/validation/jakarta.validation-api/3.0.2/jakarta.validation-api-3.0.2.jar:/Users/sebastianvaldiviavillagra/.m2/repository/org/springframework/boot/spring-boot-starter-hateoas/3.4.4/spring-boot-starter-hateoas-3.4.4.jar:/Users/sebastianvaldiviavillagra/.m2/repository/org/springframework/hateoas/spring-hateoas/2.4.1/spring-hateoas-2.4.1.jar:/Users/sebastianvaldiviavillagra/.m2/repository/org/springframework/plugin/spring-plugin-core/3.0.0/spring-plugin-core-3.0.0.jar:, sun.cpu.endian=little, hibernate.cdi.extensions=true, user.home=/Users/sebastianvaldiviavillagra, user.language=es, java.specification.vendor=Oracle Corporation, java.version.date=2025-01-21, java.home=/Library/Java/JavaVirtualMachines/temurin-21.jdk/Contents/Home, file.separator=/, basedir=/Users/sebastianvaldiviavillagra/Desktop/proyectos/pedidos, java.vm.compressedOopsMode=Zero based, line.separator=
, hibernate.persistenceUnitName=default, java.vm.specification.vendor=Oracle Corporation, java.specification.name=Java Platform API Specification, FILE_LOG_CHARSET=UTF-8, hibernate.transaction.coordinator_class=class org.hibernate.resource.transaction.backend.jdbc.internal.JdbcResourceLocalTransactionCoordinatorBuilderImpl, java.awt.headless=true, apple.awt.application.name=ForkedBooter, surefire.real.class.path=/Users/sebastianvaldiviavillagra/Desktop/proyectos/pedidos/target/surefire/surefirebooter-20250504215223908_3.jar, jakarta.persistence.validation.mode=AUTO, hibernate.hbm2ddl.auto=update, sun.management.compiler=HotSpot 64-Bit Tiered Compilers, ftp.nonProxyHosts=local|*.local|169.254/16|*.169.254/16, java.runtime.version=21.0.6+7-LTS, user.name=sebastianvaldiviavillagra, stdout.encoding=UTF-8, path.separator=:, os.version=15.3.1, java.runtime.name=OpenJDK Runtime Environment, file.encoding=UTF-8, java.vm.name=OpenJDK 64-Bit Server VM, hibernate.show_sql=true, java.vendor.version=Temurin-21.0.6+7, localRepository=/Users/sebastianvaldiviavillagra/.m2/repository, java.vendor.url.bug=https://github.com/adoptium/adoptium-support/issues, java.io.tmpdir=/var/folders/z1/56hc2lwj3zg16g076f_r940m0000gn/T/, java.version=21.0.6, hibernate.physical_naming_strategy=org.hibernate.boot.model.naming.CamelCaseToUnderscoresNamingStrategy, user.dir=/Users/sebastianvaldiviavillagra/Desktop/proyectos/pedidos, os.arch=aarch64, java.vm.specification.name=Java Virtual Machine Specification, PID=13764, CONSOLE_LOG_CHARSET=UTF-8, hibernate.boot.CfgXmlAccessService.key=org.hibernate.boot.registry.StandardServiceRegistryBuilder$1@684a802a, native.encoding=UTF-8, java.library.path=/Users/sebastianvaldiviavillagra/Library/Java/Extensions:/Library/Java/Extensions:/Network/Library/Java/Extensions:/System/Library/Java/Extensions:/usr/lib/java:., stderr.encoding=UTF-8, java.vendor=Eclipse Adoptium, java.vm.info=mixed mode, sharing, java.vm.version=21.0.6+7-LTS, sun.io.unicode.encoding=UnicodeBig, hibernate.archive.scanner=org.hibernate.boot.archive.scan.internal.DisabledScanner, hibernate.connection.datasource=HikariDataSource (HikariPool-1), socksNonProxyHosts=local|*.local|169.254/16|*.169.254/16, java.class.version=65.0, LOGGED_APPLICATION_NAME=[pedido] }
2025-05-04T21:52:25.585-04:00 DEBUG 13764 --- [pedido] [           main] o.hibernate.internal.SessionFactoryImpl  : Session factory constructed with filter configurations : {}
2025-05-04T21:52:25.588-04:00 DEBUG 13764 --- [pedido] [           main] o.h.v.i.xml.config.ValidationXmlParser   : Trying to load META-INF/validation.xml for XML based Validator configuration.
2025-05-04T21:52:25.588-04:00 DEBUG 13764 --- [pedido] [           main] o.h.v.i.xml.config.ResourceLoaderHelper  : Trying to load META-INF/validation.xml via TCCL
2025-05-04T21:52:25.588-04:00 DEBUG 13764 --- [pedido] [           main] o.h.v.i.xml.config.ResourceLoaderHelper  : Trying to load META-INF/validation.xml via Hibernate Validator's class loader
2025-05-04T21:52:25.588-04:00 DEBUG 13764 --- [pedido] [           main] o.h.v.i.xml.config.ValidationXmlParser   : No META-INF/validation.xml found. Using annotation based configuration only.
2025-05-04T21:52:25.588-04:00 DEBUG 13764 --- [pedido] [           main] o.h.v.i.e.resolver.TraversableResolvers  : Found jakarta.persistence.Persistence on classpath containing 'getPersistenceUtil'. Assuming JPA 2 environment. Trying to instantiate JPA aware TraversableResolver
2025-05-04T21:52:25.588-04:00 DEBUG 13764 --- [pedido] [           main] o.h.v.i.e.resolver.TraversableResolvers  : Instantiated JPA aware TraversableResolver of type org.hibernate.validator.internal.engine.resolver.JPATraversableResolver.
2025-05-04T21:52:25.588-04:00 DEBUG 13764 --- [pedido] [           main] .h.v.m.ResourceBundleMessageInterpolator : Loaded expression factory via original TCCL
2025-05-04T21:52:25.589-04:00 DEBUG 13764 --- [pedido] [           main] .i.e.ValidatorFactoryConfigurationHelper : HV000252: Using org.hibernate.validator.internal.engine.DefaultPropertyNodeNameProvider as property node name provider.
2025-05-04T21:52:25.590-04:00 DEBUG 13764 --- [pedido] [           main] .i.e.ValidatorFactoryConfigurationHelper : HV000234: Using org.hibernate.validator.messageinterpolation.ResourceBundleMessageInterpolator as ValidatorFactory-scoped message interpolator.
2025-05-04T21:52:25.590-04:00 DEBUG 13764 --- [pedido] [           main] .i.e.ValidatorFactoryConfigurationHelper : HV000234: Using org.hibernate.validator.internal.engine.resolver.JPATraversableResolver as ValidatorFactory-scoped traversable resolver.
2025-05-04T21:52:25.590-04:00 DEBUG 13764 --- [pedido] [           main] .i.e.ValidatorFactoryConfigurationHelper : HV000234: Using org.hibernate.validator.internal.util.ExecutableParameterNameProvider as ValidatorFactory-scoped parameter name provider.
2025-05-04T21:52:25.590-04:00 DEBUG 13764 --- [pedido] [           main] .i.e.ValidatorFactoryConfigurationHelper : HV000234: Using org.hibernate.validator.internal.engine.DefaultClockProvider as ValidatorFactory-scoped clock provider.
2025-05-04T21:52:25.590-04:00 DEBUG 13764 --- [pedido] [           main] .i.e.ValidatorFactoryConfigurationHelper : HV000234: Using org.hibernate.validator.internal.engine.scripting.DefaultScriptEvaluatorFactory as ValidatorFactory-scoped script evaluator factory.
2025-05-04T21:52:25.591-04:00 DEBUG 13764 --- [pedido] [           main] o.h.boot.internal.ClassLoaderAccessImpl  : Not known whether passed class name [com.pedido.pedido.Model.Pedido] is safe
2025-05-04T21:52:25.591-04:00 DEBUG 13764 --- [pedido] [           main] o.h.boot.internal.ClassLoaderAccessImpl  : No temp ClassLoader provided; using live ClassLoader for loading potentially unsafe class : com.pedido.pedido.Model.Pedido
2025-05-04T21:52:25.608-04:00 DEBUG 13764 --- [pedido] [           main] .h.s.i.SessionFactoryServiceRegistryImpl : EventListenerRegistry access via ServiceRegistry is deprecated.  Use `sessionFactory.getEventEngine().getListenerRegistry()` instead
2025-05-04T21:52:25.628-04:00 DEBUG 13764 --- [pedido] [           main] o.h.q.sqm.function.SqmFunctionRegistry   : Registered SqmFunctionTemplate [NamedSqmFunctionTemplate(max)] under max; prior registration was null
2025-05-04T21:52:25.629-04:00 DEBUG 13764 --- [pedido] [           main] o.h.q.sqm.function.SqmFunctionRegistry   : Registered SqmFunctionTemplate [NamedSqmFunctionTemplate(min)] under min; prior registration was null
2025-05-04T21:52:25.629-04:00 DEBUG 13764 --- [pedido] [           main] o.h.q.sqm.function.SqmFunctionRegistry   : Registered SqmFunctionTemplate [NamedSqmFunctionTemplate(sum)] under sum; prior registration was null
2025-05-04T21:52:25.629-04:00 DEBUG 13764 --- [pedido] [           main] o.h.q.sqm.function.SqmFunctionRegistry   : Registered SqmFunctionTemplate [NamedSqmFunctionTemplate(avg)] under avg; prior registration was null
2025-05-04T21:52:25.630-04:00 DEBUG 13764 --- [pedido] [           main] o.h.q.sqm.function.SqmFunctionRegistry   : Registered SqmFunctionTemplate [org.hibernate.dialect.function.CountFunction@430212cb] under count; prior registration was null
2025-05-04T21:52:25.630-04:00 DEBUG 13764 --- [pedido] [           main] o.h.q.sqm.function.SqmFunctionRegistry   : Registered SqmFunctionTemplate [org.hibernate.dialect.function.EveryAnyEmulation@5cb6abc8] under every; prior registration was null
2025-05-04T21:52:25.630-04:00 DEBUG 13764 --- [pedido] [           main] o.h.q.sqm.function.SqmFunctionRegistry   : Registered SqmFunctionTemplate [org.hibernate.dialect.function.EveryAnyEmulation@20e48e63] under any; prior registration was null
2025-05-04T21:52:25.630-04:00 DEBUG 13764 --- [pedido] [           main] o.h.q.sqm.function.SqmFunctionRegistry   : Registered SqmFunctionTemplate [NamedSqmFunctionTemplate(floor)] under floor; prior registration was null
2025-05-04T21:52:25.630-04:00 DEBUG 13764 --- [pedido] [           main] o.h.q.sqm.function.SqmFunctionRegistry   : Registered SqmFunctionTemplate [NamedSqmFunctionTemplate(ceiling)] under ceiling; prior registration was null
2025-05-04T21:52:25.630-04:00 DEBUG 13764 --- [pedido] [           main] o.h.q.sqm.function.SqmFunctionRegistry   : Registered SqmFunctionTemplate [NamedSqmFunctionTemplate(mod)] under mod; prior registration was null
2025-05-04T21:52:25.630-04:00 DEBUG 13764 --- [pedido] [           main] o.h.q.sqm.function.SqmFunctionRegistry   : Registered SqmFunctionTemplate [NamedSqmFunctionTemplate(abs)] under abs; prior registration was null
2025-05-04T21:52:25.630-04:00 DEBUG 13764 --- [pedido] [           main] o.h.q.sqm.function.SqmFunctionRegistry   : Registered SqmFunctionTemplate [NamedSqmFunctionTemplate(sign)] under sign; prior registration was null
2025-05-04T21:52:25.630-04:00 DEBUG 13764 --- [pedido] [           main] o.h.q.sqm.function.SqmFunctionRegistry   : Registered SqmFunctionTemplate [NamedSqmFunctionTemplate(sqrt)] under sqrt; prior registration was null
2025-05-04T21:52:25.630-04:00 DEBUG 13764 --- [pedido] [           main] o.h.q.sqm.function.SqmFunctionRegistry   : Registered SqmFunctionTemplate [NamedSqmFunctionTemplate(ln)] under ln; prior registration was null
2025-05-04T21:52:25.630-04:00 DEBUG 13764 --- [pedido] [           main] o.h.q.sqm.function.SqmFunctionRegistry   : Registered SqmFunctionTemplate [NamedSqmFunctionTemplate(exp)] under exp; prior registration was null
2025-05-04T21:52:25.630-04:00 DEBUG 13764 --- [pedido] [           main] o.h.q.sqm.function.SqmFunctionRegistry   : Registered SqmFunctionTemplate [NamedSqmFunctionTemplate(power)] under power; prior registration was null
2025-05-04T21:52:25.630-04:00 DEBUG 13764 --- [pedido] [           main] o.h.q.sqm.function.SqmFunctionRegistry   : Registered SqmFunctionTemplate [NamedSqmFunctionTemplate(round)] under round; prior registration was null
2025-05-04T21:52:25.630-04:00 DEBUG 13764 --- [pedido] [           main] o.h.q.sqm.function.SqmFunctionRegistry   : Registered SqmFunctionTemplate [NamedSqmFunctionTemplate(sin)] under sin; prior registration was null
2025-05-04T21:52:25.630-04:00 DEBUG 13764 --- [pedido] [           main] o.h.q.sqm.function.SqmFunctionRegistry   : Registered SqmFunctionTemplate [NamedSqmFunctionTemplate(cos)] under cos; prior registration was null
2025-05-04T21:52:25.630-04:00 DEBUG 13764 --- [pedido] [           main] o.h.q.sqm.function.SqmFunctionRegistry   : Registered SqmFunctionTemplate [NamedSqmFunctionTemplate(tan)] under tan; prior registration was null
2025-05-04T21:52:25.630-04:00 DEBUG 13764 --- [pedido] [           main] o.h.q.sqm.function.SqmFunctionRegistry   : Registered SqmFunctionTemplate [NamedSqmFunctionTemplate(asin)] under asin; prior registration was null
2025-05-04T21:52:25.630-04:00 DEBUG 13764 --- [pedido] [           main] o.h.q.sqm.function.SqmFunctionRegistry   : Registered SqmFunctionTemplate [NamedSqmFunctionTemplate(acos)] under acos; prior registration was null
2025-05-04T21:52:25.630-04:00 DEBUG 13764 --- [pedido] [           main] o.h.q.sqm.function.SqmFunctionRegistry   : Registered SqmFunctionTemplate [NamedSqmFunctionTemplate(atan)] under atan; prior registration was null
2025-05-04T21:52:25.630-04:00 DEBUG 13764 --- [pedido] [           main] o.h.q.sqm.function.SqmFunctionRegistry   : Registered SqmFunctionTemplate [NamedSqmFunctionTemplate(atan2)] under atan2; prior registration was null
2025-05-04T21:52:25.631-04:00 DEBUG 13764 --- [pedido] [           main] o.h.q.sqm.function.SqmFunctionRegistry   : Registered SqmFunctionTemplate [org.hibernate.query.sqm.function.PatternBasedSqmFunctionDescriptor@565efd7d] under sinh; prior registration was null
2025-05-04T21:52:25.631-04:00 DEBUG 13764 --- [pedido] [           main] o.h.q.sqm.function.SqmFunctionRegistry   : Registered SqmFunctionTemplate [org.hibernate.query.sqm.function.PatternBasedSqmFunctionDescriptor@42a97053] under cosh; prior registration was null
2025-05-04T21:52:25.631-04:00 DEBUG 13764 --- [pedido] [           main] o.h.q.sqm.function.SqmFunctionRegistry   : Registered SqmFunctionTemplate [org.hibernate.query.sqm.function.PatternBasedSqmFunctionDescriptor@bc4a9b0] under tanh; prior registration was null
2025-05-04T21:52:25.631-04:00 DEBUG 13764 --- [pedido] [           main] o.h.q.sqm.function.SqmFunctionRegistry   : Registered SqmFunctionTemplate [org.hibernate.query.sqm.function.PatternBasedSqmFunctionDescriptor@33089426] under pi; prior registration was null
2025-05-04T21:52:25.631-04:00 DEBUG 13764 --- [pedido] [           main] o.h.q.sqm.function.SqmFunctionRegistry   : Registered SqmFunctionTemplate [org.hibernate.query.sqm.function.PatternBasedSqmFunctionDescriptor@129c322f] under log; prior registration was null
2025-05-04T21:52:25.631-04:00 DEBUG 13764 --- [pedido] [           main] o.h.q.sqm.function.SqmFunctionRegistry   : Registered SqmFunctionTemplate [NamedSqmFunctionTemplate(coalesce)] under coalesce; prior registration was null
2025-05-04T21:52:25.631-04:00 DEBUG 13764 --- [pedido] [           main] o.h.q.sqm.function.SqmFunctionRegistry   : Registered SqmFunctionTemplate [NamedSqmFunctionTemplate(nullif)] under nullif; prior registration was null
2025-05-04T21:52:25.631-04:00 DEBUG 13764 --- [pedido] [           main] o.h.q.sqm.function.SqmFunctionRegistry   : Registered SqmFunctionTemplate [NamedSqmFunctionTemplate(left)] under left; prior registration was null
2025-05-04T21:52:25.631-04:00 DEBUG 13764 --- [pedido] [           main] o.h.q.sqm.function.SqmFunctionRegistry   : Registered SqmFunctionTemplate [NamedSqmFunctionTemplate(right)] under right; prior registration was null
2025-05-04T21:52:25.631-04:00 DEBUG 13764 --- [pedido] [           main] o.h.q.sqm.function.SqmFunctionRegistry   : Registered SqmFunctionTemplate [NamedSqmFunctionTemplate(replace)] under replace; prior registration was null
2025-05-04T21:52:25.631-04:00 DEBUG 13764 --- [pedido] [           main] o.h.q.sqm.function.SqmFunctionRegistry   : Registered SqmFunctionTemplate [NamedSqmFunctionTemplate(concat)] under concat; prior registration was null
2025-05-04T21:52:25.631-04:00 DEBUG 13764 --- [pedido] [           main] o.h.q.sqm.function.SqmFunctionRegistry   : Registered SqmFunctionTemplate [NamedSqmFunctionTemplate(lower)] under lower; prior registration was null
2025-05-04T21:52:25.631-04:00 DEBUG 13764 --- [pedido] [           main] o.h.q.sqm.function.SqmFunctionRegistry   : Registered SqmFunctionTemplate [NamedSqmFunctionTemplate(upper)] under upper; prior registration was null
2025-05-04T21:52:25.631-04:00 DEBUG 13764 --- [pedido] [           main] o.h.q.sqm.function.SqmFunctionRegistry   : Registered SqmFunctionTemplate [NamedSqmFunctionTemplate(substring)] under substring; prior registration was null
2025-05-04T21:52:25.631-04:00 DEBUG 13764 --- [pedido] [           main] o.h.q.sqm.function.SqmFunctionRegistry   : Registered SqmFunctionTemplate [NamedSqmFunctionTemplate(locate)] under locate; prior registration was null
2025-05-04T21:52:25.631-04:00 DEBUG 13764 --- [pedido] [           main] o.h.q.sqm.function.SqmFunctionRegistry   : Registered SqmFunctionTemplate [NamedSqmFunctionTemplate(character_length)] under character_length; prior registration was null
2025-05-04T21:52:25.631-04:00 DEBUG 13764 --- [pedido] [           main] o.h.q.sqm.function.SqmFunctionRegistry   : Registering alternate key : length -> character_length
2025-05-04T21:52:25.631-04:00 DEBUG 13764 --- [pedido] [           main] o.h.q.sqm.function.SqmFunctionRegistry   : Registered SqmFunctionTemplate [org.hibernate.dialect.function.LocatePositionEmulation@64e89bb2] under position; prior registration was null
2025-05-04T21:52:25.632-04:00 DEBUG 13764 --- [pedido] [           main] o.h.q.sqm.function.SqmFunctionRegistry   : Registered SqmFunctionTemplate [org.hibernate.dialect.function.InsertSubstringOverlayEmulation@59aa1d1c] under overlay; prior registration was null
2025-05-04T21:52:25.632-04:00 DEBUG 13764 --- [pedido] [           main] o.h.q.sqm.function.SqmFunctionRegistry   : Registered SqmFunctionTemplate [org.hibernate.dialect.function.TrimFunction@62e99458] under trim; prior registration was null
2025-05-04T21:52:25.632-04:00 DEBUG 13764 --- [pedido] [           main] o.h.q.sqm.function.SqmFunctionRegistry   : Registered SqmFunctionTemplate [org.hibernate.dialect.function.CastFunction@a93c798] under cast; prior registration was null
2025-05-04T21:52:25.632-04:00 DEBUG 13764 --- [pedido] [           main] o.h.q.sqm.function.SqmFunctionRegistry   : Registered SqmFunctionTemplate [org.hibernate.query.sqm.function.PatternBasedSqmFunctionDescriptor@20a9fb01] under collate; prior registration was null
2025-05-04T21:52:25.633-04:00 DEBUG 13764 --- [pedido] [           main] o.h.q.sqm.function.SqmFunctionRegistry   : Registered SqmFunctionTemplate [org.hibernate.dialect.function.ExtractFunction@16f8df70] under extract; prior registration was null
2025-05-04T21:52:25.633-04:00 DEBUG 13764 --- [pedido] [           main] o.h.q.sqm.function.SqmFunctionRegistry   : Registered SqmFunctionTemplate [NamedSqmFunctionTemplate(least)] under least; prior registration was null
2025-05-04T21:52:25.633-04:00 DEBUG 13764 --- [pedido] [           main] o.h.q.sqm.function.SqmFunctionRegistry   : Registered SqmFunctionTemplate [NamedSqmFunctionTemplate(greatest)] under greatest; prior registration was null
2025-05-04T21:52:25.633-04:00 DEBUG 13764 --- [pedido] [           main] o.h.q.sqm.function.SqmFunctionRegistry   : Registered SqmFunctionTemplate [org.hibernate.dialect.function.CoalesceIfnullEmulation@7682bf66] under ifnull; prior registration was null
2025-05-04T21:52:25.633-04:00 DEBUG 13764 --- [pedido] [           main] o.h.q.sqm.function.SqmFunctionRegistry   : Registered SqmFunctionTemplate [NamedSqmFunctionTemplate(lpad)] under lpad; prior registration was null
2025-05-04T21:52:25.633-04:00 DEBUG 13764 --- [pedido] [           main] o.h.q.sqm.function.SqmFunctionRegistry   : Registered SqmFunctionTemplate [NamedSqmFunctionTemplate(rpad)] under rpad; prior registration was null
2025-05-04T21:52:25.633-04:00 DEBUG 13764 --- [pedido] [           main] o.h.q.sqm.function.SqmFunctionRegistry   : Registered SqmFunctionTemplate [org.hibernate.dialect.function.LpadRpadPadEmulation@247dcbba] under pad; prior registration was null
2025-05-04T21:52:25.633-04:00 DEBUG 13764 --- [pedido] [           main] o.h.q.sqm.function.SqmFunctionRegistry   : Registered SqmFunctionTemplate [org.hibernate.dialect.function.CastStrEmulation@1405aa6a] under str; prior registration was null
2025-05-04T21:52:25.634-04:00 DEBUG 13764 --- [pedido] [           main] o.h.q.sqm.function.SqmFunctionRegistry   : Registered SqmFunctionTemplate [org.hibernate.dialect.function.FormatFunction@4c579b5b] under format; prior registration was null
2025-05-04T21:52:25.634-04:00 DEBUG 13764 --- [pedido] [           main] o.h.q.sqm.function.SqmFunctionRegistry   : Registered SqmFunctionTemplate [org.hibernate.dialect.function.TimestampaddFunction@64af5454] under timestampadd; prior registration was null
2025-05-04T21:52:25.634-04:00 DEBUG 13764 --- [pedido] [           main] o.h.q.sqm.function.SqmFunctionRegistry   : Registered SqmFunctionTemplate [org.hibernate.dialect.function.TimestampdiffFunction@6e7f29d5] under timestampdiff; prior registration was null
2025-05-04T21:52:25.634-04:00 DEBUG 13764 --- [pedido] [           main] o.h.q.sqm.function.SqmFunctionRegistry   : Registering alternate key : dateadd -> timestampadd
2025-05-04T21:52:25.634-04:00 DEBUG 13764 --- [pedido] [           main] o.h.q.sqm.function.SqmFunctionRegistry   : Registering alternate key : datediff -> timestampdiff
2025-05-04T21:52:25.634-04:00 DEBUG 13764 --- [pedido] [           main] o.h.q.sqm.function.SqmFunctionRegistry   : Registered SqmFunctionTemplate [org.hibernate.dialect.function.CurrentFunction@6c4d0224] under current_date; prior registration was null
2025-05-04T21:52:25.634-04:00 DEBUG 13764 --- [pedido] [           main] o.h.q.sqm.function.SqmFunctionRegistry   : Registered SqmFunctionTemplate [org.hibernate.dialect.function.CurrentFunction@6f27730b] under current_time; prior registration was null
2025-05-04T21:52:25.634-04:00 DEBUG 13764 --- [pedido] [           main] o.h.q.sqm.function.SqmFunctionRegistry   : Registered SqmFunctionTemplate [org.hibernate.dialect.function.CurrentFunction@32cec678] under current_timestamp; prior registration was null
2025-05-04T21:52:25.634-04:00 DEBUG 13764 --- [pedido] [           main] o.h.q.sqm.function.SqmFunctionRegistry   : Registering alternate key : current date -> current_date
2025-05-04T21:52:25.634-04:00 DEBUG 13764 --- [pedido] [           main] o.h.q.sqm.function.SqmFunctionRegistry   : Registering alternate key : current time -> current_time
2025-05-04T21:52:25.634-04:00 DEBUG 13764 --- [pedido] [           main] o.h.q.sqm.function.SqmFunctionRegistry   : Registering alternate key : current timestamp -> current_timestamp
2025-05-04T21:52:25.634-04:00 DEBUG 13764 --- [pedido] [           main] o.h.q.sqm.function.SqmFunctionRegistry   : Registered SqmFunctionTemplate [org.hibernate.dialect.function.CurrentFunction@14eb96e9] under local_date; prior registration was null
2025-05-04T21:52:25.634-04:00 DEBUG 13764 --- [pedido] [           main] o.h.q.sqm.function.SqmFunctionRegistry   : Registered SqmFunctionTemplate [org.hibernate.dialect.function.CurrentFunction@10b3ea72] under local_time; prior registration was null
2025-05-04T21:52:25.634-04:00 DEBUG 13764 --- [pedido] [           main] o.h.q.sqm.function.SqmFunctionRegistry   : Registered SqmFunctionTemplate [org.hibernate.dialect.function.CurrentFunction@44587c44] under local_datetime; prior registration was null
2025-05-04T21:52:25.634-04:00 DEBUG 13764 --- [pedido] [           main] o.h.q.sqm.function.SqmFunctionRegistry   : Registered SqmFunctionTemplate [org.hibernate.dialect.function.CurrentFunction@618fb1] under offset_datetime; prior registration was null
2025-05-04T21:52:25.634-04:00 DEBUG 13764 --- [pedido] [           main] o.h.q.sqm.function.SqmFunctionRegistry   : Registering alternate key : local date -> local_date
2025-05-04T21:52:25.634-04:00 DEBUG 13764 --- [pedido] [           main] o.h.q.sqm.function.SqmFunctionRegistry   : Registering alternate key : local time -> local_time
2025-05-04T21:52:25.634-04:00 DEBUG 13764 --- [pedido] [           main] o.h.q.sqm.function.SqmFunctionRegistry   : Registering alternate key : local datetime -> local_datetime
2025-05-04T21:52:25.634-04:00 DEBUG 13764 --- [pedido] [           main] o.h.q.sqm.function.SqmFunctionRegistry   : Registering alternate key : offset datetime -> offset_datetime
2025-05-04T21:52:25.634-04:00 DEBUG 13764 --- [pedido] [           main] o.h.q.sqm.function.SqmFunctionRegistry   : Registered SqmFunctionTemplate [org.hibernate.dialect.function.CurrentFunction@48751d8a] under instant; prior registration was null
2025-05-04T21:52:25.634-04:00 DEBUG 13764 --- [pedido] [           main] o.h.q.sqm.function.SqmFunctionRegistry   : Registering alternate key : current_instant -> instant
2025-05-04T21:52:25.634-04:00 DEBUG 13764 --- [pedido] [           main] o.h.q.sqm.function.SqmFunctionRegistry   : Registered SqmFunctionTemplate [org.hibernate.dialect.function.SqlFunction@2c4eae94] under sql; prior registration was null
2025-05-04T21:52:25.634-04:00 DEBUG 13764 --- [pedido] [           main] o.h.q.sqm.function.SqmFunctionRegistry   : Registered SqmFunctionTemplate [NamedSqmFunctionTemplate(ascii)] under ascii; prior registration was null
2025-05-04T21:52:25.634-04:00 DEBUG 13764 --- [pedido] [           main] o.h.q.sqm.function.SqmFunctionRegistry   : Registered SqmFunctionTemplate [NamedSqmFunctionTemplate(chr)] under chr; prior registration was null
2025-05-04T21:52:25.634-04:00 DEBUG 13764 --- [pedido] [           main] o.h.q.sqm.function.SqmFunctionRegistry   : Registering alternate key : char -> chr
2025-05-04T21:52:25.634-04:00 DEBUG 13764 --- [pedido] [           main] o.h.q.sqm.function.SqmFunctionRegistry   : Registered SqmFunctionTemplate [NamedSqmFunctionTemplate(cosh)] under cosh; prior registration was org.hibernate.query.sqm.function.PatternBasedSqmFunctionDescriptor@42a97053
2025-05-04T21:52:25.634-04:00 DEBUG 13764 --- [pedido] [           main] o.h.q.sqm.function.SqmFunctionRegistry   : Registered SqmFunctionTemplate [NamedSqmFunctionTemplate(sinh)] under sinh; prior registration was org.hibernate.query.sqm.function.PatternBasedSqmFunctionDescriptor@565efd7d
2025-05-04T21:52:25.634-04:00 DEBUG 13764 --- [pedido] [           main] o.h.q.sqm.function.SqmFunctionRegistry   : Registered SqmFunctionTemplate [NamedSqmFunctionTemplate(tanh)] under tanh; prior registration was org.hibernate.query.sqm.function.PatternBasedSqmFunctionDescriptor@bc4a9b0
2025-05-04T21:52:25.635-04:00 DEBUG 13764 --- [pedido] [           main] o.h.q.sqm.function.SqmFunctionRegistry   : Registered SqmFunctionTemplate [NamedSqmFunctionTemplate(log)] under log; prior registration was org.hibernate.query.sqm.function.PatternBasedSqmFunctionDescriptor@129c322f
2025-05-04T21:52:25.635-04:00 DEBUG 13764 --- [pedido] [           main] o.h.q.sqm.function.SqmFunctionRegistry   : Registered SqmFunctionTemplate [org.hibernate.query.sqm.function.PatternBasedSqmFunctionDescriptor@3f33bb6f] under log10; prior registration was null
2025-05-04T21:52:25.635-04:00 DEBUG 13764 --- [pedido] [           main] o.h.q.sqm.function.SqmFunctionRegistry   : Registered SqmFunctionTemplate [NamedSqmFunctionTemplate(soundex)] under soundex; prior registration was null
2025-05-04T21:52:25.635-04:00 DEBUG 13764 --- [pedido] [           main] o.h.q.sqm.function.SqmFunctionRegistry   : Registered SqmFunctionTemplate [NamedSqmFunctionTemplate(ltrim)] under ltrim; prior registration was null
2025-05-04T21:52:25.635-04:00 DEBUG 13764 --- [pedido] [           main] o.h.q.sqm.function.SqmFunctionRegistry   : Registered SqmFunctionTemplate [NamedSqmFunctionTemplate(rtrim)] under rtrim; prior registration was null
2025-05-04T21:52:25.635-04:00 DEBUG 13764 --- [pedido] [           main] o.h.q.sqm.function.SqmFunctionRegistry   : Registered SqmFunctionTemplate [NamedSqmFunctionTemplate(initcap)] under initcap; prior registration was null
2025-05-04T21:52:25.635-04:00 DEBUG 13764 --- [pedido] [           main] o.h.q.sqm.function.SqmFunctionRegistry   : Registered SqmFunctionTemplate [NamedSqmFunctionTemplate(instr)] under instr; prior registration was null
2025-05-04T21:52:25.635-04:00 DEBUG 13764 --- [pedido] [           main] o.h.q.sqm.function.SqmFunctionRegistry   : Registered SqmFunctionTemplate [NamedSqmFunctionTemplate(substr)] under substr; prior registration was null
2025-05-04T21:52:25.635-04:00 DEBUG 13764 --- [pedido] [           main] o.h.q.sqm.function.SqmFunctionRegistry   : Registered SqmFunctionTemplate [NamedSqmFunctionTemplate(substr)] under substring; prior registration was NamedSqmFunctionTemplate(substring)
2025-05-04T21:52:25.635-04:00 DEBUG 13764 --- [pedido] [           main] o.h.q.sqm.function.SqmFunctionRegistry   : Registered SqmFunctionTemplate [org.hibernate.query.sqm.function.PatternBasedSqmFunctionDescriptor@446cc036] under left; prior registration was NamedSqmFunctionTemplate(left)
2025-05-04T21:52:25.635-04:00 DEBUG 13764 --- [pedido] [           main] o.h.q.sqm.function.SqmFunctionRegistry   : Registered SqmFunctionTemplate [org.hibernate.query.sqm.function.PatternBasedSqmFunctionDescriptor@33b2ba25] under right; prior registration was NamedSqmFunctionTemplate(right)
2025-05-04T21:52:25.635-04:00 DEBUG 13764 --- [pedido] [           main] o.h.q.sqm.function.SqmFunctionRegistry   : Registered SqmFunctionTemplate [NamedSqmFunctionTemplate(translate)] under translate; prior registration was null
2025-05-04T21:52:25.635-04:00 DEBUG 13764 --- [pedido] [           main] o.h.q.sqm.function.SqmFunctionRegistry   : Registered SqmFunctionTemplate [NamedSqmFunctionTemplate(bitand)] under bitand; prior registration was null
2025-05-04T21:52:25.635-04:00 DEBUG 13764 --- [pedido] [           main] o.h.q.sqm.function.SqmFunctionRegistry   : Registered SqmFunctionTemplate [NamedSqmFunctionTemplate(last_day)] under last_day; prior registration was null
2025-05-04T21:52:25.635-04:00 DEBUG 13764 --- [pedido] [           main] o.h.q.sqm.function.SqmFunctionRegistry   : Registered SqmFunctionTemplate [NamedSqmFunctionTemplate(to_number)] under to_number; prior registration was null
2025-05-04T21:52:25.635-04:00 DEBUG 13764 --- [pedido] [           main] o.h.q.sqm.function.SqmFunctionRegistry   : Registered SqmFunctionTemplate [NamedSqmFunctionTemplate(to_char)] under to_char; prior registration was null
2025-05-04T21:52:25.635-04:00 DEBUG 13764 --- [pedido] [           main] o.h.q.sqm.function.SqmFunctionRegistry   : Registered SqmFunctionTemplate [NamedSqmFunctionTemplate(to_date)] under to_date; prior registration was null
2025-05-04T21:52:25.635-04:00 DEBUG 13764 --- [pedido] [           main] o.h.q.sqm.function.SqmFunctionRegistry   : Registered SqmFunctionTemplate [NamedSqmFunctionTemplate(to_timestamp)] under to_timestamp; prior registration was null
2025-05-04T21:52:25.635-04:00 DEBUG 13764 --- [pedido] [           main] o.h.q.sqm.function.SqmFunctionRegistry   : Registered SqmFunctionTemplate [NamedSqmFunctionTemplate(ceil)] under ceil; prior registration was null
2025-05-04T21:52:25.635-04:00 DEBUG 13764 --- [pedido] [           main] o.h.q.sqm.function.SqmFunctionRegistry   : Registering alternate key : ceiling -> ceil
2025-05-04T21:52:25.635-04:00 DEBUG 13764 --- [pedido] [           main] o.h.q.sqm.function.SqmFunctionRegistry   : Registered SqmFunctionTemplate [org.hibernate.query.sqm.function.PatternBasedSqmFunctionDescriptor@6ad198c9] under concat; prior registration was NamedSqmFunctionTemplate(concat)
2025-05-04T21:52:25.635-04:00 DEBUG 13764 --- [pedido] [           main] o.h.q.sqm.function.SqmFunctionRegistry   : Registered SqmFunctionTemplate [NamedSqmFunctionTemplate(rowid)] under rowid; prior registration was null
2025-05-04T21:52:25.635-04:00 DEBUG 13764 --- [pedido] [           main] o.h.q.sqm.function.SqmFunctionRegistry   : Registered SqmFunctionTemplate [NamedSqmFunctionTemplate(rownum)] under rownum; prior registration was null
2025-05-04T21:52:25.635-04:00 DEBUG 13764 --- [pedido] [           main] o.h.q.sqm.function.SqmFunctionRegistry   : Registered SqmFunctionTemplate [NamedSqmFunctionTemplate(sysdate)] under sysdate; prior registration was null
2025-05-04T21:52:25.635-04:00 DEBUG 13764 --- [pedido] [           main] o.h.q.sqm.function.SqmFunctionRegistry   : Registered SqmFunctionTemplate [NamedSqmFunctionTemplate(systimestamp)] under systimestamp; prior registration was null
2025-05-04T21:52:25.635-04:00 DEBUG 13764 --- [pedido] [           main] o.h.q.sqm.function.SqmFunctionRegistry   : Registered SqmFunctionTemplate [NamedSqmFunctionTemplate(add_months)] under add_months; prior registration was null
2025-05-04T21:52:25.635-04:00 DEBUG 13764 --- [pedido] [           main] o.h.q.sqm.function.SqmFunctionRegistry   : Registered SqmFunctionTemplate [NamedSqmFunctionTemplate(months_between)] under months_between; prior registration was null
2025-05-04T21:52:25.635-04:00 DEBUG 13764 --- [pedido] [           main] o.h.q.sqm.function.SqmFunctionRegistry   : Registered SqmFunctionTemplate [org.hibernate.dialect.function.MinMaxCaseEveryAnyEmulation@2a60981c] under every; prior registration was org.hibernate.dialect.function.EveryAnyEmulation@5cb6abc8
2025-05-04T21:52:25.635-04:00 DEBUG 13764 --- [pedido] [           main] o.h.q.sqm.function.SqmFunctionRegistry   : Registered SqmFunctionTemplate [org.hibernate.dialect.function.MinMaxCaseEveryAnyEmulation@3f1fb139] under any; prior registration was org.hibernate.dialect.function.EveryAnyEmulation@20e48e63
2025-05-04T21:52:25.635-04:00 DEBUG 13764 --- [pedido] [           main] o.h.q.sqm.function.SqmFunctionRegistry   : Registered SqmFunctionTemplate [org.hibernate.query.sqm.function.PatternBasedSqmFunctionDescriptor@7057dbda] under repeat; prior registration was null
2025-05-04T21:52:25.635-04:00 DEBUG 13764 --- [pedido] [           main] o.h.q.sqm.function.SqmFunctionRegistry   : Registered SqmFunctionTemplate [org.hibernate.query.sqm.function.PatternBasedSqmFunctionDescriptor@36349e29] under radians; prior registration was null
2025-05-04T21:52:25.635-04:00 DEBUG 13764 --- [pedido] [           main] o.h.q.sqm.function.SqmFunctionRegistry   : Registered SqmFunctionTemplate [org.hibernate.query.sqm.function.PatternBasedSqmFunctionDescriptor@183a508b] under degrees; prior registration was null
2025-05-04T21:52:25.635-04:00 DEBUG 13764 --- [pedido] [           main] o.h.q.sqm.function.SqmFunctionRegistry   : Registered SqmFunctionTemplate [NamedSqmFunctionTemplate(median)] under median; prior registration was null
2025-05-04T21:52:25.635-04:00 DEBUG 13764 --- [pedido] [           main] o.h.q.sqm.function.SqmFunctionRegistry   : Registered SqmFunctionTemplate [NamedSqmFunctionTemplate(stddev)] under stddev; prior registration was null
2025-05-04T21:52:25.635-04:00 DEBUG 13764 --- [pedido] [           main] o.h.q.sqm.function.SqmFunctionRegistry   : Registered SqmFunctionTemplate [NamedSqmFunctionTemplate(stddev_pop)] under stddev_pop; prior registration was null
2025-05-04T21:52:25.635-04:00 DEBUG 13764 --- [pedido] [           main] o.h.q.sqm.function.SqmFunctionRegistry   : Registered SqmFunctionTemplate [NamedSqmFunctionTemplate(stddev_samp)] under stddev_samp; prior registration was null
2025-05-04T21:52:25.635-04:00 DEBUG 13764 --- [pedido] [           main] o.h.q.sqm.function.SqmFunctionRegistry   : Registered SqmFunctionTemplate [NamedSqmFunctionTemplate(variance)] under variance; prior registration was null
2025-05-04T21:52:25.635-04:00 DEBUG 13764 --- [pedido] [           main] o.h.q.sqm.function.SqmFunctionRegistry   : Registered SqmFunctionTemplate [NamedSqmFunctionTemplate(var_pop)] under var_pop; prior registration was null
2025-05-04T21:52:25.635-04:00 DEBUG 13764 --- [pedido] [           main] o.h.q.sqm.function.SqmFunctionRegistry   : Registered SqmFunctionTemplate [NamedSqmFunctionTemplate(var_samp)] under var_samp; prior registration was null
2025-05-04T21:52:25.635-04:00 DEBUG 13764 --- [pedido] [           main] o.h.q.sqm.function.SqmFunctionRegistry   : Registered SqmFunctionTemplate [NamedSqmFunctionTemplate(covar_pop)] under covar_pop; prior registration was null
2025-05-04T21:52:25.635-04:00 DEBUG 13764 --- [pedido] [           main] o.h.q.sqm.function.SqmFunctionRegistry   : Registered SqmFunctionTemplate [NamedSqmFunctionTemplate(covar_samp)] under covar_samp; prior registration was null
2025-05-04T21:52:25.635-04:00 DEBUG 13764 --- [pedido] [           main] o.h.q.sqm.function.SqmFunctionRegistry   : Registered SqmFunctionTemplate [NamedSqmFunctionTemplate(corr)] under corr; prior registration was null
2025-05-04T21:52:25.635-04:00 DEBUG 13764 --- [pedido] [           main] o.h.q.sqm.function.SqmFunctionRegistry   : Registered SqmFunctionTemplate [NamedSqmFunctionTemplate(regr_avgx)] under regr_avgx; prior registration was null
2025-05-04T21:52:25.635-04:00 DEBUG 13764 --- [pedido] [           main] o.h.q.sqm.function.SqmFunctionRegistry   : Registered SqmFunctionTemplate [NamedSqmFunctionTemplate(regr_avgy)] under regr_avgy; prior registration was null
2025-05-04T21:52:25.635-04:00 DEBUG 13764 --- [pedido] [           main] o.h.q.sqm.function.SqmFunctionRegistry   : Registered SqmFunctionTemplate [NamedSqmFunctionTemplate(regr_count)] under regr_count; prior registration was null
2025-05-04T21:52:25.635-04:00 DEBUG 13764 --- [pedido] [           main] o.h.q.sqm.function.SqmFunctionRegistry   : Registered SqmFunctionTemplate [NamedSqmFunctionTemplate(regr_intercept)] under regr_intercept; prior registration was null
2025-05-04T21:52:25.635-04:00 DEBUG 13764 --- [pedido] [           main] o.h.q.sqm.function.SqmFunctionRegistry   : Registered SqmFunctionTemplate [NamedSqmFunctionTemplate(regr_r2)] under regr_r2; prior registration was null
2025-05-04T21:52:25.635-04:00 DEBUG 13764 --- [pedido] [           main] o.h.q.sqm.function.SqmFunctionRegistry   : Registered SqmFunctionTemplate [NamedSqmFunctionTemplate(regr_slope)] under regr_slope; prior registration was null
2025-05-04T21:52:25.636-04:00 DEBUG 13764 --- [pedido] [           main] o.h.q.sqm.function.SqmFunctionRegistry   : Registered SqmFunctionTemplate [NamedSqmFunctionTemplate(regr_sxx)] under regr_sxx; prior registration was null
2025-05-04T21:52:25.636-04:00 DEBUG 13764 --- [pedido] [           main] o.h.q.sqm.function.SqmFunctionRegistry   : Registered SqmFunctionTemplate [NamedSqmFunctionTemplate(regr_sxy)] under regr_sxy; prior registration was null
2025-05-04T21:52:25.636-04:00 DEBUG 13764 --- [pedido] [           main] o.h.q.sqm.function.SqmFunctionRegistry   : Registered SqmFunctionTemplate [NamedSqmFunctionTemplate(regr_syy)] under regr_syy; prior registration was null
2025-05-04T21:52:25.636-04:00 DEBUG 13764 --- [pedido] [           main] o.h.q.sqm.function.SqmFunctionRegistry   : Registered SqmFunctionTemplate [org.hibernate.dialect.function.LengthFunction@63ad5fe7] under character_length; prior registration was NamedSqmFunctionTemplate(character_length)
2025-05-04T21:52:25.636-04:00 DEBUG 13764 --- [pedido] [           main] o.h.q.sqm.function.SqmFunctionRegistry   : Registering alternate key : length -> character_length
2025-05-04T21:52:25.636-04:00 DEBUG 13764 --- [pedido] [           main] o.h.q.sqm.function.SqmFunctionRegistry   : Registered SqmFunctionTemplate [org.hibernate.dialect.function.LengthFunction@3e73f5e7] under octet_length; prior registration was null
2025-05-04T21:52:25.636-04:00 DEBUG 13764 --- [pedido] [           main] o.h.q.sqm.function.SqmFunctionRegistry   : Registered SqmFunctionTemplate [org.hibernate.dialect.function.LengthFunction@495bc9e7] under bit_length; prior registration was null
2025-05-04T21:52:25.636-04:00 DEBUG 13764 --- [pedido] [           main] o.h.q.sqm.function.SqmFunctionRegistry   : Registered SqmFunctionTemplate [NamedSqmFunctionTemplate(coalesce)] under coalesce; prior registration was NamedSqmFunctionTemplate(coalesce)
2025-05-04T21:52:25.636-04:00 DEBUG 13764 --- [pedido] [           main] o.h.q.sqm.function.SqmFunctionRegistry   : Registered SqmFunctionTemplate [org.hibernate.query.sqm.function.PatternBasedSqmFunctionDescriptor@51da7b08] under bitor; prior registration was null
2025-05-04T21:52:25.636-04:00 DEBUG 13764 --- [pedido] [           main] o.h.q.sqm.function.SqmFunctionRegistry   : Registered SqmFunctionTemplate [org.hibernate.query.sqm.function.PatternBasedSqmFunctionDescriptor@580154b3] under bitxor; prior registration was null
2025-05-04T21:52:25.636-04:00 DEBUG 13764 --- [pedido] [           main] o.h.q.sqm.function.SqmFunctionRegistry   : Registered SqmFunctionTemplate [org.hibernate.query.sqm.function.MultipatternSqmFunctionDescriptor@3e89f5bc] under locate; prior registration was NamedSqmFunctionTemplate(locate)
2025-05-04T21:52:25.636-04:00 DEBUG 13764 --- [pedido] [           main] o.h.q.sqm.function.SqmFunctionRegistry   : Registered SqmFunctionTemplate [org.hibernate.dialect.function.ListaggFunction@576b385d] under listagg; prior registration was null
2025-05-04T21:52:25.636-04:00 DEBUG 13764 --- [pedido] [           main] o.h.q.sqm.function.SqmFunctionRegistry   : Registered SqmFunctionTemplate [NamedSqmFunctionTemplate(row_number)] under row_number; prior registration was null
2025-05-04T21:52:25.636-04:00 DEBUG 13764 --- [pedido] [           main] o.h.q.sqm.function.SqmFunctionRegistry   : Registered SqmFunctionTemplate [NamedSqmFunctionTemplate(lag)] under lag; prior registration was null
2025-05-04T21:52:25.636-04:00 DEBUG 13764 --- [pedido] [           main] o.h.q.sqm.function.SqmFunctionRegistry   : Registered SqmFunctionTemplate [NamedSqmFunctionTemplate(lead)] under lead; prior registration was null
2025-05-04T21:52:25.636-04:00 DEBUG 13764 --- [pedido] [           main] o.h.q.sqm.function.SqmFunctionRegistry   : Registered SqmFunctionTemplate [NamedSqmFunctionTemplate(first_value)] under first_value; prior registration was null
2025-05-04T21:52:25.636-04:00 DEBUG 13764 --- [pedido] [           main] o.h.q.sqm.function.SqmFunctionRegistry   : Registered SqmFunctionTemplate [NamedSqmFunctionTemplate(last_value)] under last_value; prior registration was null
2025-05-04T21:52:25.636-04:00 DEBUG 13764 --- [pedido] [           main] o.h.q.sqm.function.SqmFunctionRegistry   : Registered SqmFunctionTemplate [NamedSqmFunctionTemplate(nth_value)] under nth_value; prior registration was null
2025-05-04T21:52:25.636-04:00 DEBUG 13764 --- [pedido] [           main] o.h.q.sqm.function.SqmFunctionRegistry   : Registered SqmFunctionTemplate [org.hibernate.dialect.function.HypotheticalSetFunction@2fb70301] under rank; prior registration was null
2025-05-04T21:52:25.636-04:00 DEBUG 13764 --- [pedido] [           main] o.h.q.sqm.function.SqmFunctionRegistry   : Registered SqmFunctionTemplate [org.hibernate.dialect.function.HypotheticalSetFunction@126f2eb8] under dense_rank; prior registration was null
2025-05-04T21:52:25.636-04:00 DEBUG 13764 --- [pedido] [           main] o.h.q.sqm.function.SqmFunctionRegistry   : Registered SqmFunctionTemplate [org.hibernate.dialect.function.HypotheticalSetFunction@67823972] under percent_rank; prior registration was null
2025-05-04T21:52:25.636-04:00 DEBUG 13764 --- [pedido] [           main] o.h.q.sqm.function.SqmFunctionRegistry   : Registered SqmFunctionTemplate [org.hibernate.dialect.function.HypotheticalSetFunction@1f1574c] under cume_dist; prior registration was null
2025-05-04T21:52:25.637-04:00 DEBUG 13764 --- [pedido] [           main] o.h.q.sqm.function.SqmFunctionRegistry   : Registered SqmFunctionTemplate [org.hibernate.dialect.function.InverseDistributionFunction@64e657b0] under mode; prior registration was null
2025-05-04T21:52:25.637-04:00 DEBUG 13764 --- [pedido] [           main] o.h.q.sqm.function.SqmFunctionRegistry   : Registered SqmFunctionTemplate [org.hibernate.dialect.function.InverseDistributionFunction@50013a15] under percentile_cont; prior registration was null
2025-05-04T21:52:25.637-04:00 DEBUG 13764 --- [pedido] [           main] o.h.q.sqm.function.SqmFunctionRegistry   : Registered SqmFunctionTemplate [org.hibernate.dialect.function.InverseDistributionFunction@6c46dc02] under percentile_disc; prior registration was null
2025-05-04T21:52:25.637-04:00 DEBUG 13764 --- [pedido] [           main] o.h.q.sqm.function.SqmFunctionRegistry   : Registered SqmFunctionTemplate [org.hibernate.dialect.function.ModeStatsModeEmulation@37f71e8] under mode; prior registration was org.hibernate.dialect.function.InverseDistributionFunction@64e657b0
2025-05-04T21:52:25.638-04:00 DEBUG 13764 --- [pedido] [           main] o.h.q.sqm.function.SqmFunctionRegistry   : Registered SqmFunctionTemplate [org.hibernate.dialect.function.OracleTruncFunction@4c91f5bf] under trunc; prior registration was null
2025-05-04T21:52:25.638-04:00 DEBUG 13764 --- [pedido] [           main] o.h.q.sqm.function.SqmFunctionRegistry   : Registering alternate key : truncate -> trunc
2025-05-04T21:52:25.639-04:00 DEBUG 13764 --- [pedido] [           main] o.h.q.sqm.function.SqmFunctionRegistry   : Registered SqmFunctionTemplate [org.hibernate.dialect.function.array.OracleArrayConstructorFunction@126ff1a1] under array; prior registration was null
2025-05-04T21:52:25.639-04:00 DEBUG 13764 --- [pedido] [           main] o.h.q.sqm.function.SqmFunctionRegistry   : Registered SqmFunctionTemplate [org.hibernate.dialect.function.array.OracleArrayConstructorFunction@546c30c2] under array_list; prior registration was null
2025-05-04T21:52:25.639-04:00 DEBUG 13764 --- [pedido] [           main] o.h.q.sqm.function.SqmFunctionRegistry   : Registered SqmFunctionTemplate [org.hibernate.dialect.function.array.OracleArrayAggEmulation@74d53d63] under array_agg; prior registration was null
2025-05-04T21:52:25.640-04:00 DEBUG 13764 --- [pedido] [           main] o.h.q.sqm.function.SqmFunctionRegistry   : Registered SqmFunctionTemplate [org.hibernate.dialect.function.array.OracleArrayPositionFunction@6e1ad658] under array_position; prior registration was null
2025-05-04T21:52:25.642-04:00 DEBUG 13764 --- [pedido] [           main] o.h.q.sqm.function.SqmFunctionRegistry   : Registered SqmFunctionTemplate [org.hibernate.dialect.function.array.OracleArrayPositionsFunction@6eadd342] under array_positions; prior registration was null
2025-05-04T21:52:25.644-04:00 DEBUG 13764 --- [pedido] [           main] o.h.q.sqm.function.SqmFunctionRegistry   : Registered SqmFunctionTemplate [org.hibernate.dialect.function.array.OracleArrayPositionsFunction@1468fc85] under array_positions_list; prior registration was null
2025-05-04T21:52:25.644-04:00 DEBUG 13764 --- [pedido] [           main] o.h.q.sqm.function.SqmFunctionRegistry   : Registered SqmFunctionTemplate [org.hibernate.dialect.function.array.OracleArrayLengthFunction@4deca78] under array_length; prior registration was null
2025-05-04T21:52:25.644-04:00 DEBUG 13764 --- [pedido] [           main] o.h.q.sqm.function.SqmFunctionRegistry   : Registered SqmFunctionTemplate [org.hibernate.dialect.function.DynamicDispatchFunction@7f8f5d37] under length; prior registration was null
2025-05-04T21:52:25.645-04:00 DEBUG 13764 --- [pedido] [           main] o.h.q.sqm.function.SqmFunctionRegistry   : Registered SqmFunctionTemplate [org.hibernate.dialect.function.array.OracleArrayConcatFunction@1b5cf611] under array_concat; prior registration was null
2025-05-04T21:52:25.645-04:00 DEBUG 13764 --- [pedido] [           main] o.h.q.sqm.function.SqmFunctionRegistry   : Registered SqmFunctionTemplate [org.hibernate.dialect.function.array.OracleArrayConcatElementFunction@c7269ad] under array_prepend; prior registration was null
2025-05-04T21:52:25.645-04:00 DEBUG 13764 --- [pedido] [           main] o.h.q.sqm.function.SqmFunctionRegistry   : Registered SqmFunctionTemplate [org.hibernate.dialect.function.array.OracleArrayConcatElementFunction@1c23e369] under array_append; prior registration was null
2025-05-04T21:52:25.645-04:00 DEBUG 13764 --- [pedido] [           main] o.h.q.sqm.function.SqmFunctionRegistry   : Registered SqmFunctionTemplate [org.hibernate.dialect.function.array.OracleArrayContainsFunction@5213b887] under array_contains; prior registration was null
2025-05-04T21:52:25.645-04:00 DEBUG 13764 --- [pedido] [           main] o.h.q.sqm.function.SqmFunctionRegistry   : Registered SqmFunctionTemplate [org.hibernate.dialect.function.array.OracleArrayContainsFunction@40c6d1ef] under array_contains_nullable; prior registration was null
2025-05-04T21:52:25.646-04:00 DEBUG 13764 --- [pedido] [           main] o.h.q.sqm.function.SqmFunctionRegistry   : Registered SqmFunctionTemplate [org.hibernate.dialect.function.array.OracleArrayIncludesFunction@62a81453] under array_includes; prior registration was null
2025-05-04T21:52:25.646-04:00 DEBUG 13764 --- [pedido] [           main] o.h.q.sqm.function.SqmFunctionRegistry   : Registered SqmFunctionTemplate [org.hibernate.dialect.function.array.OracleArrayIncludesFunction@4bab804f] under array_includes_nullable; prior registration was null
2025-05-04T21:52:25.646-04:00 DEBUG 13764 --- [pedido] [           main] o.h.q.sqm.function.SqmFunctionRegistry   : Registered SqmFunctionTemplate [org.hibernate.dialect.function.array.OracleArrayIntersectsFunction@796cf2b5] under array_intersects; prior registration was null
2025-05-04T21:52:25.646-04:00 DEBUG 13764 --- [pedido] [           main] o.h.q.sqm.function.SqmFunctionRegistry   : Registered SqmFunctionTemplate [org.hibernate.dialect.function.array.OracleArrayIntersectsFunction@7a71ebf1] under array_intersects_nullable; prior registration was null
2025-05-04T21:52:25.646-04:00 DEBUG 13764 --- [pedido] [           main] o.h.q.sqm.function.SqmFunctionRegistry   : Registering alternate key : array_overlaps -> array_intersects
2025-05-04T21:52:25.646-04:00 DEBUG 13764 --- [pedido] [           main] o.h.q.sqm.function.SqmFunctionRegistry   : Registering alternate key : array_overlaps_nullable -> array_intersects_nullable
2025-05-04T21:52:25.646-04:00 DEBUG 13764 --- [pedido] [           main] o.h.q.sqm.function.SqmFunctionRegistry   : Registered SqmFunctionTemplate [org.hibernate.dialect.function.array.OracleArrayGetFunction@19677add] under array_get; prior registration was null
2025-05-04T21:52:25.646-04:00 DEBUG 13764 --- [pedido] [           main] o.h.q.sqm.function.SqmFunctionRegistry   : Registered SqmFunctionTemplate [org.hibernate.dialect.function.array.OracleArraySetFunction@34b462e0] under array_set; prior registration was null
2025-05-04T21:52:25.646-04:00 DEBUG 13764 --- [pedido] [           main] o.h.q.sqm.function.SqmFunctionRegistry   : Registered SqmFunctionTemplate [org.hibernate.dialect.function.array.OracleArrayRemoveFunction@51c6e775] under array_remove; prior registration was null
2025-05-04T21:52:25.646-04:00 DEBUG 13764 --- [pedido] [           main] o.h.q.sqm.function.SqmFunctionRegistry   : Registered SqmFunctionTemplate [org.hibernate.dialect.function.array.OracleArrayRemoveIndexFunction@17034458] under array_remove_index; prior registration was null
2025-05-04T21:52:25.646-04:00 DEBUG 13764 --- [pedido] [           main] o.h.q.sqm.function.SqmFunctionRegistry   : Registered SqmFunctionTemplate [org.hibernate.dialect.function.array.OracleArraySliceFunction@7a522157] under array_slice; prior registration was null
2025-05-04T21:52:25.647-04:00 DEBUG 13764 --- [pedido] [           main] o.h.q.sqm.function.SqmFunctionRegistry   : Registered SqmFunctionTemplate [org.hibernate.dialect.function.array.OracleArrayReplaceFunction@39b95a80] under array_replace; prior registration was null
2025-05-04T21:52:25.647-04:00 DEBUG 13764 --- [pedido] [           main] o.h.q.sqm.function.SqmFunctionRegistry   : Registered SqmFunctionTemplate [org.hibernate.dialect.function.array.OracleArrayTrimFunction@476a2819] under array_trim; prior registration was null
2025-05-04T21:52:25.647-04:00 DEBUG 13764 --- [pedido] [           main] o.h.q.sqm.function.SqmFunctionRegistry   : Registered SqmFunctionTemplate [org.hibernate.dialect.function.array.OracleArrayFillFunction@2842ef02] under array_fill; prior registration was null
2025-05-04T21:52:25.647-04:00 DEBUG 13764 --- [pedido] [           main] o.h.q.sqm.function.SqmFunctionRegistry   : Registered SqmFunctionTemplate [org.hibernate.dialect.function.array.OracleArrayFillFunction@7e63374b] under array_fill_list; prior registration was null
2025-05-04T21:52:25.647-04:00 DEBUG 13764 --- [pedido] [           main] o.h.q.sqm.function.SqmFunctionRegistry   : Registered SqmFunctionTemplate [org.hibernate.dialect.function.array.OracleArrayToStringFunction@626766fd] under array_to_string; prior registration was null
2025-05-04T21:52:25.648-04:00 DEBUG 13764 --- [pedido] [           main] org.hibernate.HQL_FUNCTIONS              : abs(NUMERIC arg)
2025-05-04T21:52:25.648-04:00 DEBUG 13764 --- [pedido] [           main] org.hibernate.HQL_FUNCTIONS              : Double acos(NUMERIC arg)
2025-05-04T21:52:25.648-04:00 DEBUG 13764 --- [pedido] [           main] org.hibernate.HQL_FUNCTIONS              : add_months(DATE datetime, INTEGER months)
2025-05-04T21:52:25.648-04:00 DEBUG 13764 --- [pedido] [           main] org.hibernate.HQL_FUNCTIONS              : Boolean any(BOOLEAN arg)
2025-05-04T21:52:25.648-04:00 DEBUG 13764 --- [pedido] [           main] org.hibernate.HQL_FUNCTIONS              : array( ... )
2025-05-04T21:52:25.648-04:00 DEBUG 13764 --- [pedido] [           main] org.hibernate.HQL_FUNCTIONS              : array_agg(arg)
2025-05-04T21:52:25.648-04:00 DEBUG 13764 --- [pedido] [           main] org.hibernate.HQL_FUNCTIONS              : array_append( ... )
2025-05-04T21:52:25.648-04:00 DEBUG 13764 --- [pedido] [           main] org.hibernate.HQL_FUNCTIONS              : array_concat( ... )
2025-05-04T21:52:25.648-04:00 DEBUG 13764 --- [pedido] [           main] org.hibernate.HQL_FUNCTIONS              : Boolean array_contains(ARRAY haystackArray, OBJECT needleElementOrArray)
2025-05-04T21:52:25.648-04:00 DEBUG 13764 --- [pedido] [           main] org.hibernate.HQL_FUNCTIONS              : Boolean array_contains_nullable(ARRAY haystackArray, OBJECT needleElementOrArray)
2025-05-04T21:52:25.648-04:00 DEBUG 13764 --- [pedido] [           main] org.hibernate.HQL_FUNCTIONS              : array_fill(OBJECT element, INTEGER elementCount)
2025-05-04T21:52:25.648-04:00 DEBUG 13764 --- [pedido] [           main] org.hibernate.HQL_FUNCTIONS              : array_fill_list(OBJECT element, INTEGER elementCount)
2025-05-04T21:52:25.648-04:00 DEBUG 13764 --- [pedido] [           main] org.hibernate.HQL_FUNCTIONS              : array_get( ... )
2025-05-04T21:52:25.648-04:00 DEBUG 13764 --- [pedido] [           main] org.hibernate.HQL_FUNCTIONS              : Boolean array_includes(ARRAY haystackArray, OBJECT needleArray)
2025-05-04T21:52:25.648-04:00 DEBUG 13764 --- [pedido] [           main] org.hibernate.HQL_FUNCTIONS              : Boolean array_includes_nullable(ARRAY haystackArray, OBJECT needleArray)
2025-05-04T21:52:25.648-04:00 DEBUG 13764 --- [pedido] [           main] org.hibernate.HQL_FUNCTIONS              : Boolean array_intersects(ARRAY array0, OBJECT array1)
2025-05-04T21:52:25.648-04:00 DEBUG 13764 --- [pedido] [           main] org.hibernate.HQL_FUNCTIONS              : Boolean array_intersects_nullable(ARRAY array0, OBJECT array1)
2025-05-04T21:52:25.648-04:00 DEBUG 13764 --- [pedido] [           main] org.hibernate.HQL_FUNCTIONS              : Integer array_length(ARRAY array)
2025-05-04T21:52:25.648-04:00 DEBUG 13764 --- [pedido] [           main] org.hibernate.HQL_FUNCTIONS              : array_list( ... )
2025-05-04T21:52:25.648-04:00 DEBUG 13764 --- [pedido] [           main] org.hibernate.HQL_FUNCTIONS              : Boolean array_overlaps(ARRAY array0, OBJECT array1)
2025-05-04T21:52:25.648-04:00 DEBUG 13764 --- [pedido] [           main] org.hibernate.HQL_FUNCTIONS              : Boolean array_overlaps_nullable(ARRAY array0, OBJECT array1)
2025-05-04T21:52:25.648-04:00 DEBUG 13764 --- [pedido] [           main] org.hibernate.HQL_FUNCTIONS              : Integer array_position(ARRAY array, OBJECT element[, INTEGER startPosition])
2025-05-04T21:52:25.648-04:00 DEBUG 13764 --- [pedido] [           main] org.hibernate.HQL_FUNCTIONS              : int[] array_positions(ARRAY array, OBJECT element)
2025-05-04T21:52:25.648-04:00 DEBUG 13764 --- [pedido] [           main] org.hibernate.HQL_FUNCTIONS              : List array_positions_list(ARRAY array, OBJECT element)
2025-05-04T21:52:25.648-04:00 DEBUG 13764 --- [pedido] [           main] org.hibernate.HQL_FUNCTIONS              : array_prepend( ... )
2025-05-04T21:52:25.648-04:00 DEBUG 13764 --- [pedido] [           main] org.hibernate.HQL_FUNCTIONS              : array_remove( ... )
2025-05-04T21:52:25.648-04:00 DEBUG 13764 --- [pedido] [           main] org.hibernate.HQL_FUNCTIONS              : array_remove_index( ... )
2025-05-04T21:52:25.648-04:00 DEBUG 13764 --- [pedido] [           main] org.hibernate.HQL_FUNCTIONS              : array_replace( ... )
2025-05-04T21:52:25.648-04:00 DEBUG 13764 --- [pedido] [           main] org.hibernate.HQL_FUNCTIONS              : array_set( ... )
2025-05-04T21:52:25.648-04:00 DEBUG 13764 --- [pedido] [           main] org.hibernate.HQL_FUNCTIONS              : array_slice( ... )
2025-05-04T21:52:25.648-04:00 DEBUG 13764 --- [pedido] [           main] org.hibernate.HQL_FUNCTIONS              : String array_to_string( ... )
2025-05-04T21:52:25.648-04:00 DEBUG 13764 --- [pedido] [           main] org.hibernate.HQL_FUNCTIONS              : array_trim( ... )
2025-05-04T21:52:25.648-04:00 DEBUG 13764 --- [pedido] [           main] org.hibernate.HQL_FUNCTIONS              : Integer ascii(STRING arg)
2025-05-04T21:52:25.648-04:00 DEBUG 13764 --- [pedido] [           main] org.hibernate.HQL_FUNCTIONS              : Double asin(NUMERIC arg)
2025-05-04T21:52:25.648-04:00 DEBUG 13764 --- [pedido] [           main] org.hibernate.HQL_FUNCTIONS              : Double atan(NUMERIC arg)
2025-05-04T21:52:25.648-04:00 DEBUG 13764 --- [pedido] [           main] org.hibernate.HQL_FUNCTIONS              : Double atan2(NUMERIC arg0, NUMERIC arg1)
2025-05-04T21:52:25.648-04:00 DEBUG 13764 --- [pedido] [           main] org.hibernate.HQL_FUNCTIONS              : avg(arg)
2025-05-04T21:52:25.648-04:00 DEBUG 13764 --- [pedido] [           main] org.hibernate.HQL_FUNCTIONS              : Integer bit_length(STRING_OR_CLOB arg)
2025-05-04T21:52:25.648-04:00 DEBUG 13764 --- [pedido] [           main] org.hibernate.HQL_FUNCTIONS              : bitand(arg0, arg1)
2025-05-04T21:52:25.648-04:00 DEBUG 13764 --- [pedido] [           main] org.hibernate.HQL_FUNCTIONS              : bitor(arg0, arg1)
2025-05-04T21:52:25.648-04:00 DEBUG 13764 --- [pedido] [           main] org.hibernate.HQL_FUNCTIONS              : bitxor(arg0, arg1)
2025-05-04T21:52:25.648-04:00 DEBUG 13764 --- [pedido] [           main] org.hibernate.HQL_FUNCTIONS              : cast(arg as Type)
2025-05-04T21:52:25.648-04:00 DEBUG 13764 --- [pedido] [           main] org.hibernate.HQL_FUNCTIONS              : ceil(NUMERIC arg)
2025-05-04T21:52:25.648-04:00 DEBUG 13764 --- [pedido] [           main] org.hibernate.HQL_FUNCTIONS              : ceiling(NUMERIC arg)
2025-05-04T21:52:25.648-04:00 DEBUG 13764 --- [pedido] [           main] org.hibernate.HQL_FUNCTIONS              : Character char(INTEGER arg)
2025-05-04T21:52:25.648-04:00 DEBUG 13764 --- [pedido] [           main] org.hibernate.HQL_FUNCTIONS              : Integer character_length(STRING_OR_CLOB arg)
2025-05-04T21:52:25.648-04:00 DEBUG 13764 --- [pedido] [           main] org.hibernate.HQL_FUNCTIONS              : Character chr(INTEGER arg)
2025-05-04T21:52:25.648-04:00 DEBUG 13764 --- [pedido] [           main] org.hibernate.HQL_FUNCTIONS              : coalesce(arg0[, arg1[, ...]])
2025-05-04T21:52:25.648-04:00 DEBUG 13764 --- [pedido] [           main] org.hibernate.HQL_FUNCTIONS              : String collate(STRING string as COLLATION collation)
2025-05-04T21:52:25.648-04:00 DEBUG 13764 --- [pedido] [           main] org.hibernate.HQL_FUNCTIONS              : String concat(STRING string0[, STRING string1[, ...]])
2025-05-04T21:52:25.648-04:00 DEBUG 13764 --- [pedido] [           main] org.hibernate.HQL_FUNCTIONS              : Double corr(NUMERIC arg0, NUMERIC arg1)
2025-05-04T21:52:25.648-04:00 DEBUG 13764 --- [pedido] [           main] org.hibernate.HQL_FUNCTIONS              : Double cos(NUMERIC arg)
2025-05-04T21:52:25.648-04:00 DEBUG 13764 --- [pedido] [           main] org.hibernate.HQL_FUNCTIONS              : Double cosh(NUMERIC arg)
2025-05-04T21:52:25.648-04:00 DEBUG 13764 --- [pedido] [           main] org.hibernate.HQL_FUNCTIONS              : Long count([distinct ]{arg|*})
2025-05-04T21:52:25.648-04:00 DEBUG 13764 --- [pedido] [           main] org.hibernate.HQL_FUNCTIONS              : Double covar_pop(NUMERIC arg0, NUMERIC arg1)
2025-05-04T21:52:25.648-04:00 DEBUG 13764 --- [pedido] [           main] org.hibernate.HQL_FUNCTIONS              : Double covar_samp(NUMERIC arg0, NUMERIC arg1)
2025-05-04T21:52:25.648-04:00 DEBUG 13764 --- [pedido] [           main] org.hibernate.HQL_FUNCTIONS              : Double cume_dist([arg0[, ...]])
2025-05-04T21:52:25.648-04:00 DEBUG 13764 --- [pedido] [           main] org.hibernate.HQL_FUNCTIONS              : Date current date
2025-05-04T21:52:25.648-04:00 DEBUG 13764 --- [pedido] [           main] org.hibernate.HQL_FUNCTIONS              : Time current time
2025-05-04T21:52:25.648-04:00 DEBUG 13764 --- [pedido] [           main] org.hibernate.HQL_FUNCTIONS              : Timestamp current timestamp
2025-05-04T21:52:25.648-04:00 DEBUG 13764 --- [pedido] [           main] org.hibernate.HQL_FUNCTIONS              : Date current_date
2025-05-04T21:52:25.648-04:00 DEBUG 13764 --- [pedido] [           main] org.hibernate.HQL_FUNCTIONS              : Instant current_instant
2025-05-04T21:52:25.648-04:00 DEBUG 13764 --- [pedido] [           main] org.hibernate.HQL_FUNCTIONS              : Time current_time
2025-05-04T21:52:25.648-04:00 DEBUG 13764 --- [pedido] [           main] org.hibernate.HQL_FUNCTIONS              : Timestamp current_timestamp
2025-05-04T21:52:25.648-04:00 DEBUG 13764 --- [pedido] [           main] org.hibernate.HQL_FUNCTIONS              : dateadd(TEMPORAL_UNIT field, INTEGER magnitude, TEMPORAL datetime)
2025-05-04T21:52:25.648-04:00 DEBUG 13764 --- [pedido] [           main] org.hibernate.HQL_FUNCTIONS              : Long|Double datediff(TEMPORAL_UNIT field, TEMPORAL start, TEMPORAL end)
2025-05-04T21:52:25.649-04:00 DEBUG 13764 --- [pedido] [           main] org.hibernate.HQL_FUNCTIONS              : Double degrees(NUMERIC arg)
2025-05-04T21:52:25.649-04:00 DEBUG 13764 --- [pedido] [           main] org.hibernate.HQL_FUNCTIONS              : Long dense_rank([arg0[, ...]])
2025-05-04T21:52:25.649-04:00 DEBUG 13764 --- [pedido] [           main] org.hibernate.HQL_FUNCTIONS              : Boolean every(BOOLEAN arg)
2025-05-04T21:52:25.649-04:00 DEBUG 13764 --- [pedido] [           main] org.hibernate.HQL_FUNCTIONS              : Double exp(NUMERIC arg)
2025-05-04T21:52:25.649-04:00 DEBUG 13764 --- [pedido] [           main] org.hibernate.HQL_FUNCTIONS              : extract(TEMPORAL_UNIT field from TEMPORAL arg)
2025-05-04T21:52:25.649-04:00 DEBUG 13764 --- [pedido] [           main] org.hibernate.HQL_FUNCTIONS              : first_valueANY value
2025-05-04T21:52:25.649-04:00 DEBUG 13764 --- [pedido] [           main] org.hibernate.HQL_FUNCTIONS              : floor(NUMERIC arg)
2025-05-04T21:52:25.649-04:00 DEBUG 13764 --- [pedido] [           main] org.hibernate.HQL_FUNCTIONS              : String format(TEMPORAL datetime as STRING pattern)
2025-05-04T21:52:25.649-04:00 DEBUG 13764 --- [pedido] [           main] org.hibernate.HQL_FUNCTIONS              : greatest(COMPARABLE arg0, COMPARABLE arg1[, arg2[, ...]])
2025-05-04T21:52:25.649-04:00 DEBUG 13764 --- [pedido] [           main] org.hibernate.HQL_FUNCTIONS              : ifnull(arg0, arg1)
2025-05-04T21:52:25.649-04:00 DEBUG 13764 --- [pedido] [           main] org.hibernate.HQL_FUNCTIONS              : String initcap(arg)
2025-05-04T21:52:25.649-04:00 DEBUG 13764 --- [pedido] [           main] org.hibernate.HQL_FUNCTIONS              : Instant instant
2025-05-04T21:52:25.649-04:00 DEBUG 13764 --- [pedido] [           main] org.hibernate.HQL_FUNCTIONS              : Integer instr(STRING string, STRING pattern[, INTEGER start[, INTEGER occurrence]])
2025-05-04T21:52:25.649-04:00 DEBUG 13764 --- [pedido] [           main] org.hibernate.HQL_FUNCTIONS              : lagANY value[, INTEGER offset[, ANY default]]
2025-05-04T21:52:25.649-04:00 DEBUG 13764 --- [pedido] [           main] org.hibernate.HQL_FUNCTIONS              : Date last_day(DATE arg)
2025-05-04T21:52:25.649-04:00 DEBUG 13764 --- [pedido] [           main] org.hibernate.HQL_FUNCTIONS              : last_valueANY value
2025-05-04T21:52:25.649-04:00 DEBUG 13764 --- [pedido] [           main] org.hibernate.HQL_FUNCTIONS              : leadANY value[, INTEGER offset[, ANY default]]
2025-05-04T21:52:25.649-04:00 DEBUG 13764 --- [pedido] [           main] org.hibernate.HQL_FUNCTIONS              : least(COMPARABLE arg0, COMPARABLE arg1[, arg2[, ...]])
2025-05-04T21:52:25.649-04:00 DEBUG 13764 --- [pedido] [           main] org.hibernate.HQL_FUNCTIONS              : String left(STRING string, INTEGER length)
2025-05-04T21:52:25.649-04:00 DEBUG 13764 --- [pedido] [           main] org.hibernate.HQL_FUNCTIONS              : length
2025-05-04T21:52:25.649-04:00 DEBUG 13764 --- [pedido] [           main] org.hibernate.HQL_FUNCTIONS              : String listagg(STRING arg0, STRING arg1)
2025-05-04T21:52:25.649-04:00 DEBUG 13764 --- [pedido] [           main] org.hibernate.HQL_FUNCTIONS              : Double ln(NUMERIC arg)
2025-05-04T21:52:25.649-04:00 DEBUG 13764 --- [pedido] [           main] org.hibernate.HQL_FUNCTIONS              : LocalDate local date
2025-05-04T21:52:25.649-04:00 DEBUG 13764 --- [pedido] [           main] org.hibernate.HQL_FUNCTIONS              : LocalDateTime local datetime
2025-05-04T21:52:25.649-04:00 DEBUG 13764 --- [pedido] [           main] org.hibernate.HQL_FUNCTIONS              : LocalTime local time
2025-05-04T21:52:25.649-04:00 DEBUG 13764 --- [pedido] [           main] org.hibernate.HQL_FUNCTIONS              : LocalDate local_date
2025-05-04T21:52:25.649-04:00 DEBUG 13764 --- [pedido] [           main] org.hibernate.HQL_FUNCTIONS              : LocalDateTime local_datetime
2025-05-04T21:52:25.649-04:00 DEBUG 13764 --- [pedido] [           main] org.hibernate.HQL_FUNCTIONS              : LocalTime local_time
2025-05-04T21:52:25.649-04:00 DEBUG 13764 --- [pedido] [           main] org.hibernate.HQL_FUNCTIONS              : Integer locate(pattern, string[, start])
2025-05-04T21:52:25.649-04:00 DEBUG 13764 --- [pedido] [           main] org.hibernate.HQL_FUNCTIONS              : Double log(NUMERIC arg0[, NUMERIC arg1])
2025-05-04T21:52:25.649-04:00 DEBUG 13764 --- [pedido] [           main] org.hibernate.HQL_FUNCTIONS              : Double log10(NUMERIC arg)
2025-05-04T21:52:25.649-04:00 DEBUG 13764 --- [pedido] [           main] org.hibernate.HQL_FUNCTIONS              : String lower(STRING string)
2025-05-04T21:52:25.649-04:00 DEBUG 13764 --- [pedido] [           main] org.hibernate.HQL_FUNCTIONS              : String lpad(STRING string, INTEGER length[, STRING padding])
2025-05-04T21:52:25.649-04:00 DEBUG 13764 --- [pedido] [           main] org.hibernate.HQL_FUNCTIONS              : String ltrim(STRING string[, STRING characters])
2025-05-04T21:52:25.649-04:00 DEBUG 13764 --- [pedido] [           main] org.hibernate.HQL_FUNCTIONS              : max(COMPARABLE arg)
2025-05-04T21:52:25.649-04:00 DEBUG 13764 --- [pedido] [           main] org.hibernate.HQL_FUNCTIONS              : Double median(NUMERIC arg)
2025-05-04T21:52:25.649-04:00 DEBUG 13764 --- [pedido] [           main] org.hibernate.HQL_FUNCTIONS              : min(COMPARABLE arg)
2025-05-04T21:52:25.649-04:00 DEBUG 13764 --- [pedido] [           main] org.hibernate.HQL_FUNCTIONS              : Integer mod(INTEGER arg0, INTEGER arg1)
2025-05-04T21:52:25.649-04:00 DEBUG 13764 --- [pedido] [           main] org.hibernate.HQL_FUNCTIONS              : mode()
2025-05-04T21:52:25.649-04:00 DEBUG 13764 --- [pedido] [           main] org.hibernate.HQL_FUNCTIONS              : Integer months_between(DATE end, DATE start)
2025-05-04T21:52:25.649-04:00 DEBUG 13764 --- [pedido] [           main] org.hibernate.HQL_FUNCTIONS              : nth_valueANY value, INTEGER nth
2025-05-04T21:52:25.649-04:00 DEBUG 13764 --- [pedido] [           main] org.hibernate.HQL_FUNCTIONS              : nullif(arg0, arg1)
2025-05-04T21:52:25.649-04:00 DEBUG 13764 --- [pedido] [           main] org.hibernate.HQL_FUNCTIONS              : Integer octet_length(STRING_OR_CLOB arg)
2025-05-04T21:52:25.649-04:00 DEBUG 13764 --- [pedido] [           main] org.hibernate.HQL_FUNCTIONS              : OffsetDateTime offset datetime
2025-05-04T21:52:25.649-04:00 DEBUG 13764 --- [pedido] [           main] org.hibernate.HQL_FUNCTIONS              : OffsetDateTime offset_datetime
2025-05-04T21:52:25.649-04:00 DEBUG 13764 --- [pedido] [           main] org.hibernate.HQL_FUNCTIONS              : String overlay(STRING string placing STRING replacement from INTEGER start[ for INTEGER length])
2025-05-04T21:52:25.649-04:00 DEBUG 13764 --- [pedido] [           main] org.hibernate.HQL_FUNCTIONS              : String pad(STRING string with INTEGER length {leading|trailing}[ STRING character])
2025-05-04T21:52:25.649-04:00 DEBUG 13764 --- [pedido] [           main] org.hibernate.HQL_FUNCTIONS              : Double percent_rank([arg0[, ...]])
2025-05-04T21:52:25.649-04:00 DEBUG 13764 --- [pedido] [           main] org.hibernate.HQL_FUNCTIONS              : percentile_cont(NUMERIC arg)
2025-05-04T21:52:25.649-04:00 DEBUG 13764 --- [pedido] [           main] org.hibernate.HQL_FUNCTIONS              : percentile_disc(NUMERIC arg)
2025-05-04T21:52:25.649-04:00 DEBUG 13764 --- [pedido] [           main] org.hibernate.HQL_FUNCTIONS              : Double pi
2025-05-04T21:52:25.649-04:00 DEBUG 13764 --- [pedido] [           main] org.hibernate.HQL_FUNCTIONS              : Integer position(STRING pattern in STRING string)
2025-05-04T21:52:25.649-04:00 DEBUG 13764 --- [pedido] [           main] org.hibernate.HQL_FUNCTIONS              : Double power(NUMERIC arg0, NUMERIC arg1)
2025-05-04T21:52:25.649-04:00 DEBUG 13764 --- [pedido] [           main] org.hibernate.HQL_FUNCTIONS              : Double radians(NUMERIC arg)
2025-05-04T21:52:25.649-04:00 DEBUG 13764 --- [pedido] [           main] org.hibernate.HQL_FUNCTIONS              : Long rank([arg0[, ...]])
2025-05-04T21:52:25.649-04:00 DEBUG 13764 --- [pedido] [           main] org.hibernate.HQL_FUNCTIONS              : Double regr_avgx(NUMERIC arg0, NUMERIC arg1)
2025-05-04T21:52:25.649-04:00 DEBUG 13764 --- [pedido] [           main] org.hibernate.HQL_FUNCTIONS              : Double regr_avgy(NUMERIC arg0, NUMERIC arg1)
2025-05-04T21:52:25.649-04:00 DEBUG 13764 --- [pedido] [           main] org.hibernate.HQL_FUNCTIONS              : Double regr_count(NUMERIC arg0, NUMERIC arg1)
2025-05-04T21:52:25.649-04:00 DEBUG 13764 --- [pedido] [           main] org.hibernate.HQL_FUNCTIONS              : Double regr_intercept(NUMERIC arg0, NUMERIC arg1)
2025-05-04T21:52:25.649-04:00 DEBUG 13764 --- [pedido] [           main] org.hibernate.HQL_FUNCTIONS              : Double regr_r2(NUMERIC arg0, NUMERIC arg1)
2025-05-04T21:52:25.649-04:00 DEBUG 13764 --- [pedido] [           main] org.hibernate.HQL_FUNCTIONS              : Double regr_slope(NUMERIC arg0, NUMERIC arg1)
2025-05-04T21:52:25.649-04:00 DEBUG 13764 --- [pedido] [           main] org.hibernate.HQL_FUNCTIONS              : Double regr_sxx(NUMERIC arg0, NUMERIC arg1)
2025-05-04T21:52:25.649-04:00 DEBUG 13764 --- [pedido] [           main] org.hibernate.HQL_FUNCTIONS              : Double regr_sxy(NUMERIC arg0, NUMERIC arg1)
2025-05-04T21:52:25.649-04:00 DEBUG 13764 --- [pedido] [           main] org.hibernate.HQL_FUNCTIONS              : Double regr_syy(NUMERIC arg0, NUMERIC arg1)
2025-05-04T21:52:25.649-04:00 DEBUG 13764 --- [pedido] [           main] org.hibernate.HQL_FUNCTIONS              : String repeat(STRING string, INTEGER times)
2025-05-04T21:52:25.649-04:00 DEBUG 13764 --- [pedido] [           main] org.hibernate.HQL_FUNCTIONS              : String replace(STRING string, STRING pattern, STRING replacement)
2025-05-04T21:52:25.649-04:00 DEBUG 13764 --- [pedido] [           main] org.hibernate.HQL_FUNCTIONS              : String right(STRING string, INTEGER length)
2025-05-04T21:52:25.649-04:00 DEBUG 13764 --- [pedido] [           main] org.hibernate.HQL_FUNCTIONS              : round(NUMERIC number[, INTEGER places])
2025-05-04T21:52:25.649-04:00 DEBUG 13764 --- [pedido] [           main] org.hibernate.HQL_FUNCTIONS              : Long row_number()
2025-05-04T21:52:25.650-04:00 DEBUG 13764 --- [pedido] [           main] org.hibernate.HQL_FUNCTIONS              : Long rowid
2025-05-04T21:52:25.650-04:00 DEBUG 13764 --- [pedido] [           main] org.hibernate.HQL_FUNCTIONS              : Long rownum
2025-05-04T21:52:25.650-04:00 DEBUG 13764 --- [pedido] [           main] org.hibernate.HQL_FUNCTIONS              : String rpad(STRING string, INTEGER length[, STRING padding])
2025-05-04T21:52:25.650-04:00 DEBUG 13764 --- [pedido] [           main] org.hibernate.HQL_FUNCTIONS              : String rtrim(STRING string[, STRING characters])
2025-05-04T21:52:25.650-04:00 DEBUG 13764 --- [pedido] [           main] org.hibernate.HQL_FUNCTIONS              : Integer sign(NUMERIC arg)
2025-05-04T21:52:25.650-04:00 DEBUG 13764 --- [pedido] [           main] org.hibernate.HQL_FUNCTIONS              : Double sin(NUMERIC arg)
2025-05-04T21:52:25.650-04:00 DEBUG 13764 --- [pedido] [           main] org.hibernate.HQL_FUNCTIONS              : Double sinh(NUMERIC arg)
2025-05-04T21:52:25.650-04:00 DEBUG 13764 --- [pedido] [           main] org.hibernate.HQL_FUNCTIONS              : String soundex(arg)
2025-05-04T21:52:25.650-04:00 DEBUG 13764 --- [pedido] [           main] org.hibernate.HQL_FUNCTIONS              : Object sql
2025-05-04T21:52:25.650-04:00 DEBUG 13764 --- [pedido] [           main] org.hibernate.HQL_FUNCTIONS              : Double sqrt(NUMERIC arg)
2025-05-04T21:52:25.650-04:00 DEBUG 13764 --- [pedido] [           main] org.hibernate.HQL_FUNCTIONS              : Double stddev(NUMERIC arg)
2025-05-04T21:52:25.650-04:00 DEBUG 13764 --- [pedido] [           main] org.hibernate.HQL_FUNCTIONS              : Double stddev_pop(NUMERIC arg)
2025-05-04T21:52:25.650-04:00 DEBUG 13764 --- [pedido] [           main] org.hibernate.HQL_FUNCTIONS              : Double stddev_samp(NUMERIC arg)
2025-05-04T21:52:25.650-04:00 DEBUG 13764 --- [pedido] [           main] org.hibernate.HQL_FUNCTIONS              : String str(arg)
2025-05-04T21:52:25.650-04:00 DEBUG 13764 --- [pedido] [           main] org.hibernate.HQL_FUNCTIONS              : String substr(STRING string, INTEGER start[, INTEGER length])
2025-05-04T21:52:25.650-04:00 DEBUG 13764 --- [pedido] [           main] org.hibernate.HQL_FUNCTIONS              : String substring(STRING string{ from|,} INTEGER start[{ for|,} INTEGER length])
2025-05-04T21:52:25.650-04:00 DEBUG 13764 --- [pedido] [           main] org.hibernate.HQL_FUNCTIONS              : sum(arg)
2025-05-04T21:52:25.650-04:00 DEBUG 13764 --- [pedido] [           main] org.hibernate.HQL_FUNCTIONS              : Timestamp sysdate
2025-05-04T21:52:25.650-04:00 DEBUG 13764 --- [pedido] [           main] org.hibernate.HQL_FUNCTIONS              : Timestamp systimestamp
2025-05-04T21:52:25.650-04:00 DEBUG 13764 --- [pedido] [           main] org.hibernate.HQL_FUNCTIONS              : Double tan(NUMERIC arg)
2025-05-04T21:52:25.650-04:00 DEBUG 13764 --- [pedido] [           main] org.hibernate.HQL_FUNCTIONS              : Double tanh(NUMERIC arg)
2025-05-04T21:52:25.650-04:00 DEBUG 13764 --- [pedido] [           main] org.hibernate.HQL_FUNCTIONS              : timestampadd(TEMPORAL_UNIT field, INTEGER magnitude, TEMPORAL datetime)
2025-05-04T21:52:25.650-04:00 DEBUG 13764 --- [pedido] [           main] org.hibernate.HQL_FUNCTIONS              : Long|Double timestampdiff(TEMPORAL_UNIT field, TEMPORAL start, TEMPORAL end)
2025-05-04T21:52:25.650-04:00 DEBUG 13764 --- [pedido] [           main] org.hibernate.HQL_FUNCTIONS              : String to_char(ANY arg0[, STRING arg1, STRING arg2])
2025-05-04T21:52:25.650-04:00 DEBUG 13764 --- [pedido] [           main] org.hibernate.HQL_FUNCTIONS              : Date to_date(STRING arg0[, STRING arg1, STRING arg2])
2025-05-04T21:52:25.650-04:00 DEBUG 13764 --- [pedido] [           main] org.hibernate.HQL_FUNCTIONS              : Double to_number(STRING arg0[, STRING arg1, STRING arg2])
2025-05-04T21:52:25.650-04:00 DEBUG 13764 --- [pedido] [           main] org.hibernate.HQL_FUNCTIONS              : Timestamp to_timestamp(STRING arg0[, STRING arg1, STRING arg2])
2025-05-04T21:52:25.650-04:00 DEBUG 13764 --- [pedido] [           main] org.hibernate.HQL_FUNCTIONS              : String translate(STRING arg0, STRING arg1, STRING arg2)
2025-05-04T21:52:25.650-04:00 DEBUG 13764 --- [pedido] [           main] org.hibernate.HQL_FUNCTIONS              : String trim([[{leading|trailing|both} ][STRING arg0 ]from] STRING arg1)
2025-05-04T21:52:25.650-04:00 DEBUG 13764 --- [pedido] [           main] org.hibernate.HQL_FUNCTIONS              : trunc( ... )
2025-05-04T21:52:25.650-04:00 DEBUG 13764 --- [pedido] [           main] org.hibernate.HQL_FUNCTIONS              : truncate( ... )
2025-05-04T21:52:25.650-04:00 DEBUG 13764 --- [pedido] [           main] org.hibernate.HQL_FUNCTIONS              : String upper(STRING string)
2025-05-04T21:52:25.650-04:00 DEBUG 13764 --- [pedido] [           main] org.hibernate.HQL_FUNCTIONS              : Double var_pop(NUMERIC arg)
2025-05-04T21:52:25.650-04:00 DEBUG 13764 --- [pedido] [           main] org.hibernate.HQL_FUNCTIONS              : Double var_samp(NUMERIC arg)
2025-05-04T21:52:25.650-04:00 DEBUG 13764 --- [pedido] [           main] org.hibernate.HQL_FUNCTIONS              : Double variance(NUMERIC arg)
2025-05-04T21:52:25.652-04:00 DEBUG 13764 --- [pedido] [           main] org.hibernate.orm.query.plan.cache       : Starting QueryInterpretationCache(2048)
2025-05-04T21:52:25.678-04:00 DEBUG 13764 --- [pedido] [           main] .h.s.i.SessionFactoryServiceRegistryImpl : EventListenerRegistry access via ServiceRegistry is deprecated.  Use `sessionFactory.getEventEngine().getListenerRegistry()` instead
2025-05-04T21:52:25.678-04:00 DEBUG 13764 --- [pedido] [           main] h.e.i.EntityCopyObserverFactoryInitiator : Configured EntityCopyObserver strategy: disallow
2025-05-04T21:52:25.704-04:00 DEBUG 13764 --- [pedido] [           main] o.h.boot.internal.ClassLoaderAccessImpl  : Not known whether passed class name [com.pedido.pedido.Model.Pedido] is safe
2025-05-04T21:52:25.704-04:00 DEBUG 13764 --- [pedido] [           main] o.h.boot.internal.ClassLoaderAccessImpl  : No temp ClassLoader provided; using live ClassLoader for loading potentially unsafe class : com.pedido.pedido.Model.Pedido
2025-05-04T21:52:25.760-04:00 DEBUG 13764 --- [pedido] [           main] o.h.b.i.bytebuddy.BytecodeProviderImpl   : HHH000513: Unable to create the ReflectionOptimizer for [com.pedido.pedido.Model.Pedido]: private accessor [ciudad]
2025-05-04T21:52:25.774-04:00 DEBUG 13764 --- [pedido] [           main] o.hibernate.orm.model.mapping.creation   : Starting post-init callbacks
2025-05-04T21:52:25.775-04:00 DEBUG 13764 --- [pedido] [           main] o.hibernate.orm.model.mapping.creation   : Starting PostInitCallbackEntry : Entity(com.pedido.pedido.Model.Pedido) `staticFetchableList` generator
2025-05-04T21:52:25.799-04:00 DEBUG 13764 --- [pedido] [           main] org.hibernate.orm.sql.ast.create         : Created new SQL alias : p1_0
2025-05-04T21:52:25.799-04:00 DEBUG 13764 --- [pedido] [           main] org.hibernate.orm.sql.ast.create         : Registration of TableGroup [StandardTableGroup(com.pedido.pedido.Model.Pedido)] with identifierForTableGroup [com.pedido.pedido.Model.Pedido] for NavigablePath [com.pedido.pedido.Model.Pedido] 
2025-05-04T21:52:25.803-04:00 DEBUG 13764 --- [pedido] [           main] org.hibernate.orm.results.graph.AST      : DomainResult Graph:
 \-EntityResultImpl [com.pedido.pedido.Model.Pedido]
 |  +-BasicFetch [com.pedido.pedido.Model.Pedido.ciudad]
 |  +-BasicFetch [com.pedido.pedido.Model.Pedido.codigoPostal]
 |  +-BasicFetch [com.pedido.pedido.Model.Pedido.coordenadas]
 |  +-BasicFetch [com.pedido.pedido.Model.Pedido.direccion]
 |  +-BasicFetch [com.pedido.pedido.Model.Pedido.email]
 |  +-BasicFetch [com.pedido.pedido.Model.Pedido.estado]
 |  +-BasicFetch [com.pedido.pedido.Model.Pedido.fechaEntrega]
 |  +-BasicFetch [com.pedido.pedido.Model.Pedido.fechaEstimadaEntrega]
 |  +-BasicFetch [com.pedido.pedido.Model.Pedido.fechaPedido]
 |  +-BasicFetch [com.pedido.pedido.Model.Pedido.nomDestinatario]
 |  +-BasicFetch [com.pedido.pedido.Model.Pedido.nomRemitente]
 |  +-BasicFetch [com.pedido.pedido.Model.Pedido.observaciones]
 |  +-BasicFetch [com.pedido.pedido.Model.Pedido.pais]
 |  +-BasicFetch [com.pedido.pedido.Model.Pedido.peso]
 |  +-BasicFetch [com.pedido.pedido.Model.Pedido.precioTotal]
 |  +-BasicFetch [com.pedido.pedido.Model.Pedido.telefonoDestinatario]
 |  +-BasicFetch [com.pedido.pedido.Model.Pedido.telefonoRemitente]
 |  \-BasicFetch [com.pedido.pedido.Model.Pedido.volumen]

2025-05-04T21:52:25.804-04:00 DEBUG 13764 --- [pedido] [           main] org.hibernate.orm.sql.ast.tree           : SQL AST Tree:
    SelectStatement {
      FromClause {
        StandardTableGroup (p1 : com.pedido.pedido.Model.Pedido) {
          primaryTableReference : pedido as p1_0
        }
      }
    }

2025-05-04T21:52:25.806-04:00 DEBUG 13764 --- [pedido] [           main] o.h.p.entity.AbstractEntityPersister     : Static SQL for entity: com.pedido.pedido.Model.Pedido
2025-05-04T21:52:25.806-04:00 DEBUG 13764 --- [pedido] [           main] o.h.p.entity.AbstractEntityPersister     :  Version select: select id from pedido where id=?
2025-05-04T21:52:25.806-04:00 DEBUG 13764 --- [pedido] [           main] o.h.p.entity.AbstractEntityPersister     :  Insert (0): insert into pedido (ciudad,codigo_postal,coordenadas,direccion,email,estado,fecha_entrega,fecha_estimada_entrega,fecha_pedido,nom_destinatario,nom_remitente,observaciones,pais,peso,precio_total,telefono_destinatario,telefono_remitente,volumen,id) values (?,?,?,?,?,?,?,?,?,?,?,?,?,?,?,?,?,?,default)
2025-05-04T21:52:25.806-04:00 DEBUG 13764 --- [pedido] [           main] o.h.p.entity.AbstractEntityPersister     :  Update (0): update pedido set ciudad=?,codigo_postal=?,coordenadas=?,direccion=?,email=?,estado=?,fecha_entrega=?,fecha_estimada_entrega=?,fecha_pedido=?,nom_destinatario=?,nom_remitente=?,observaciones=?,pais=?,peso=?,precio_total=?,telefono_destinatario=?,telefono_remitente=?,volumen=? where id=?
2025-05-04T21:52:25.806-04:00 DEBUG 13764 --- [pedido] [           main] o.h.p.entity.AbstractEntityPersister     :  Delete (0): delete from pedido where id=?
2025-05-04T21:52:25.813-04:00  INFO 13764 --- [pedido] [           main] o.h.e.t.j.p.i.JtaPlatformInitiator       : HHH000489: No JTA platform available (set 'hibernate.transaction.jta.platform' to enable JTA platform integration)
2025-05-04T21:52:25.813-04:00 DEBUG 13764 --- [pedido] [           main] o.h.type.spi.TypeConfiguration$Scope     : Scoping TypeConfiguration [org.hibernate.type.spi.TypeConfiguration@153c6603] to SessionFactoryImplementor [org.hibernate.internal.SessionFactoryImpl@7699e60a]
2025-05-04T21:52:25.814-04:00 DEBUG 13764 --- [pedido] [           main] o.h.query.named.NamedObjectRepository    : Checking 0 named HQL queries
2025-05-04T21:52:25.814-04:00 DEBUG 13764 --- [pedido] [           main] o.h.query.named.NamedObjectRepository    : Checking 0 named SQL queries
2025-05-04T21:52:28.694-04:00 DEBUG 13764 --- [pedido] [           main] org.hibernate.mapping.Table              : No alter strings for table : pedido
2025-05-04T21:52:28.697-04:00 DEBUG 13764 --- [pedido] [           main] o.h.internal.SessionFactoryRegistry      : Initializing SessionFactoryRegistry : org.hibernate.internal.SessionFactoryRegistry@34d26a68
2025-05-04T21:52:28.697-04:00 DEBUG 13764 --- [pedido] [           main] o.h.internal.SessionFactoryRegistry      : Registering SessionFactory: 708ce1b3-4c37-49e5-af94-81630124cab1 (<unnamed>)
2025-05-04T21:52:28.697-04:00 DEBUG 13764 --- [pedido] [           main] o.h.internal.SessionFactoryRegistry      : Not binding SessionFactory to JNDI, no JNDI name configured
2025-05-04T21:52:28.697-04:00 DEBUG 13764 --- [pedido] [           main] o.hibernate.internal.SessionFactoryImpl  : Instantiated SessionFactory
2025-05-04T21:52:28.698-04:00  INFO 13764 --- [pedido] [           main] j.LocalContainerEntityManagerFactoryBean : Initialized JPA EntityManagerFactory for persistence unit 'default'
2025-05-04T21:52:28.703-04:00 DEBUG 13764 --- [pedido] [           main] o.s.b.f.s.DefaultListableBeanFactory     : Creating shared instance of singleton bean 'pedidoApplication'
2025-05-04T21:52:28.706-04:00 DEBUG 13764 --- [pedido] [           main] o.s.b.f.s.DefaultListableBeanFactory     : Creating shared instance of singleton bean 'org.springframework.boot.test.autoconfigure.jdbc.TestDatabaseAutoConfiguration'
2025-05-04T21:52:28.707-04:00 DEBUG 13764 --- [pedido] [           main] o.s.b.f.s.DefaultListableBeanFactory     : Creating shared instance of singleton bean 'org.springframework.boot.autoconfigure.jdbc.metadata.DataSourcePoolMetadataProvidersConfiguration'
2025-05-04T21:52:28.708-04:00 DEBUG 13764 --- [pedido] [           main] o.s.b.f.s.DefaultListableBeanFactory     : Creating shared instance of singleton bean 'org.springframework.boot.autoconfigure.jdbc.DataSourceAutoConfiguration'
2025-05-04T21:52:28.708-04:00 DEBUG 13764 --- [pedido] [           main] o.s.b.f.s.DefaultListableBeanFactory     : Creating shared instance of singleton bean 'org.springframework.boot.context.properties.EnableConfigurationPropertiesRegistrar.methodValidationExcludeFilter'
2025-05-04T21:52:28.711-04:00 DEBUG 13764 --- [pedido] [           main] o.s.b.f.s.DefaultListableBeanFactory     : Creating shared instance of singleton bean 'org.springframework.boot.autoconfigure.orm.jpa.JpaBaseConfiguration$PersistenceManagedTypesConfiguration'
2025-05-04T21:52:28.712-04:00 DEBUG 13764 --- [pedido] [           main] o.s.b.f.s.DefaultListableBeanFactory     : Creating shared instance of singleton bean 'transactionManager'
2025-05-04T21:52:28.718-04:00 DEBUG 13764 --- [pedido] [           main] o.s.b.f.s.DefaultListableBeanFactory     : Creating shared instance of singleton bean 'org.springframework.boot.autoconfigure.orm.jpa.HibernateJpaAutoConfiguration'
2025-05-04T21:52:28.718-04:00 DEBUG 13764 --- [pedido] [           main] o.s.b.f.s.DefaultListableBeanFactory     : Creating shared instance of singleton bean 'org.springframework.boot.autoconfigure.data.jpa.JpaRepositoriesAutoConfiguration'
2025-05-04T21:52:28.719-04:00 DEBUG 13764 --- [pedido] [           main] o.s.b.f.s.DefaultListableBeanFactory     : Creating shared instance of singleton bean 'jpaSharedEM_entityManagerFactory'
2025-05-04T21:52:28.733-04:00 DEBUG 13764 --- [pedido] [           main] o.s.b.f.s.DefaultListableBeanFactory     : Creating shared instance of singleton bean 'org.springframework.data.jpa.util.JpaMetamodelCacheCleanup'
2025-05-04T21:52:28.733-04:00 DEBUG 13764 --- [pedido] [           main] o.s.b.f.s.DefaultListableBeanFactory     : Creating shared instance of singleton bean 'org.springframework.data.jpa.repository.support.JpaEvaluationContextExtension'
2025-05-04T21:52:28.734-04:00 DEBUG 13764 --- [pedido] [           main] o.s.b.f.s.DefaultListableBeanFactory     : Creating shared instance of singleton bean 'jpa.named-queries#0'
2025-05-04T21:52:28.735-04:00 DEBUG 13764 --- [pedido] [           main] o.s.b.f.s.DefaultListableBeanFactory     : Creating shared instance of singleton bean 'jpa.PedidoRepository.fragments#0'
2025-05-04T21:52:28.735-04:00 DEBUG 13764 --- [pedido] [           main] o.s.b.f.s.DefaultListableBeanFactory     : Creating shared instance of singleton bean 'pedidoRepository'
2025-05-04T21:52:28.740-04:00 DEBUG 13764 --- [pedido] [           main] o.s.b.f.s.DefaultListableBeanFactory     : Creating shared instance of singleton bean 'jpaMappingContext'
2025-05-04T21:52:28.740-04:00 DEBUG 13764 --- [pedido] [           main] .c.JpaMetamodelMappingContextFactoryBean : Initializing JpaMetamodelMappingContext…
2025-05-04T21:52:28.746-04:00 DEBUG 13764 --- [pedido] [           main] .c.JpaMetamodelMappingContextFactoryBean : Finished initializing JpaMetamodelMappingContext
2025-05-04T21:52:28.758-04:00 DEBUG 13764 --- [pedido] [           main] tor$SharedEntityManagerInvocationHandler : Creating new EntityManager for shared EntityManager invocation
2025-05-04T21:52:28.770-04:00 DEBUG 13764 --- [pedido] [           main] o.h.stat.internal.StatisticsInitiator    : Statistics initialized [enabled=false]
2025-05-04T21:52:28.772-04:00 DEBUG 13764 --- [pedido] [           main] tor$SharedEntityManagerInvocationHandler : Creating new EntityManager for shared EntityManager invocation
2025-05-04T21:52:28.786-04:00 DEBUG 13764 --- [pedido] [           main] o.s.d.r.c.s.RepositoryFactorySupport     : Initializing repository instance for com.pedido.pedido.Repository.PedidoRepository…
2025-05-04T21:52:28.791-04:00 DEBUG 13764 --- [pedido] [           main] tor$SharedEntityManagerInvocationHandler : Creating new EntityManager for shared EntityManager invocation
2025-05-04T21:52:28.801-04:00 DEBUG 13764 --- [pedido] [           main] o.s.d.r.c.s.RepositoryFactorySupport     : Finished creation of repository instance for com.pedido.pedido.Repository.PedidoRepository.
2025-05-04T21:52:28.802-04:00 DEBUG 13764 --- [pedido] [           main] o.s.b.f.s.DefaultListableBeanFactory     : Creating shared instance of singleton bean 'data-jpa.repository-aot-processor#0'
2025-05-04T21:52:28.804-04:00 DEBUG 13764 --- [pedido] [           main] o.s.b.f.s.DefaultListableBeanFactory     : Creating shared instance of singleton bean 'org.springframework.boot.autoconfigure.jdbc.JdbcTemplateConfiguration'
2025-05-04T21:52:28.804-04:00 DEBUG 13764 --- [pedido] [           main] o.s.b.f.s.DefaultListableBeanFactory     : Creating shared instance of singleton bean 'jdbcTemplate'
2025-05-04T21:52:28.804-04:00 DEBUG 13764 --- [pedido] [           main] o.s.b.f.s.DefaultListableBeanFactory     : Creating shared instance of singleton bean 'spring.jdbc-org.springframework.boot.autoconfigure.jdbc.JdbcProperties'
2025-05-04T21:52:28.805-04:00 DEBUG 13764 --- [pedido] [           main] o.s.b.f.s.DefaultListableBeanFactory     : Autowiring by type from bean name 'jdbcTemplate' via factory method to bean named 'dataSource'
2025-05-04T21:52:28.805-04:00 DEBUG 13764 --- [pedido] [           main] o.s.b.f.s.DefaultListableBeanFactory     : Autowiring by type from bean name 'jdbcTemplate' via factory method to bean named 'spring.jdbc-org.springframework.boot.autoconfigure.jdbc.JdbcProperties'
2025-05-04T21:52:28.808-04:00 DEBUG 13764 --- [pedido] [           main] o.s.b.f.s.DefaultListableBeanFactory     : Creating shared instance of singleton bean 'org.springframework.boot.autoconfigure.jdbc.NamedParameterJdbcTemplateConfiguration'
2025-05-04T21:52:28.808-04:00 DEBUG 13764 --- [pedido] [           main] o.s.b.f.s.DefaultListableBeanFactory     : Creating shared instance of singleton bean 'namedParameterJdbcTemplate'
2025-05-04T21:52:28.808-04:00 DEBUG 13764 --- [pedido] [           main] o.s.b.f.s.DefaultListableBeanFactory     : Autowiring by type from bean name 'namedParameterJdbcTemplate' via factory method to bean named 'jdbcTemplate'
2025-05-04T21:52:28.809-04:00 DEBUG 13764 --- [pedido] [           main] o.s.b.f.s.DefaultListableBeanFactory     : Creating shared instance of singleton bean 'org.springframework.boot.autoconfigure.jdbc.JdbcTemplateAutoConfiguration'
2025-05-04T21:52:28.809-04:00 DEBUG 13764 --- [pedido] [           main] o.s.b.f.s.DefaultListableBeanFactory     : Creating shared instance of singleton bean 'org.springframework.boot.autoconfigure.jdbc.JdbcClientAutoConfiguration'
2025-05-04T21:52:28.809-04:00 DEBUG 13764 --- [pedido] [           main] o.s.b.f.s.DefaultListableBeanFactory     : Creating shared instance of singleton bean 'jdbcClient'
2025-05-04T21:52:28.809-04:00 DEBUG 13764 --- [pedido] [           main] o.s.b.f.s.DefaultListableBeanFactory     : Autowiring by type from bean name 'jdbcClient' via factory method to bean named 'namedParameterJdbcTemplate'
2025-05-04T21:52:28.810-04:00 DEBUG 13764 --- [pedido] [           main] o.s.b.f.s.DefaultListableBeanFactory     : Creating shared instance of singleton bean 'org.springframework.boot.autoconfigure.sql.init.SqlInitializationAutoConfiguration'
2025-05-04T21:52:28.810-04:00 DEBUG 13764 --- [pedido] [           main] o.s.b.f.s.DefaultListableBeanFactory     : Creating shared instance of singleton bean 'org.springframework.boot.autoconfigure.jdbc.DataSourceTransactionManagerAutoConfiguration$JdbcTransactionManagerConfiguration'
2025-05-04T21:52:28.810-04:00 DEBUG 13764 --- [pedido] [           main] o.s.b.f.s.DefaultListableBeanFactory     : Creating shared instance of singleton bean 'org.springframework.boot.autoconfigure.jdbc.DataSourceTransactionManagerAutoConfiguration'
2025-05-04T21:52:28.810-04:00 DEBUG 13764 --- [pedido] [           main] o.s.b.f.s.DefaultListableBeanFactory     : Creating shared instance of singleton bean 'org.springframework.boot.autoconfigure.transaction.TransactionAutoConfiguration$EnableTransactionManagementConfiguration$CglibAutoProxyConfiguration'
2025-05-04T21:52:28.810-04:00 DEBUG 13764 --- [pedido] [           main] o.s.b.f.s.DefaultListableBeanFactory     : Creating shared instance of singleton bean 'org.springframework.boot.autoconfigure.transaction.TransactionAutoConfiguration$EnableTransactionManagementConfiguration'
2025-05-04T21:52:28.810-04:00 DEBUG 13764 --- [pedido] [           main] o.s.b.f.s.DefaultListableBeanFactory     : Creating shared instance of singleton bean 'org.springframework.boot.autoconfigure.transaction.TransactionAutoConfiguration$TransactionTemplateConfiguration'
2025-05-04T21:52:28.810-04:00 DEBUG 13764 --- [pedido] [           main] o.s.b.f.s.DefaultListableBeanFactory     : Creating shared instance of singleton bean 'transactionTemplate'
2025-05-04T21:52:28.810-04:00 DEBUG 13764 --- [pedido] [           main] o.s.b.f.s.DefaultListableBeanFactory     : Autowiring by type from bean name 'transactionTemplate' via factory method to bean named 'transactionManager'
2025-05-04T21:52:28.811-04:00 DEBUG 13764 --- [pedido] [           main] o.s.b.f.s.DefaultListableBeanFactory     : Creating shared instance of singleton bean 'org.springframework.boot.autoconfigure.transaction.TransactionAutoConfiguration'
2025-05-04T21:52:28.811-04:00 DEBUG 13764 --- [pedido] [           main] o.s.b.f.s.DefaultListableBeanFactory     : Creating shared instance of singleton bean 'org.springframework.boot.test.autoconfigure.orm.jpa.TestEntityManagerAutoConfiguration'
2025-05-04T21:52:28.811-04:00 DEBUG 13764 --- [pedido] [           main] o.s.b.f.s.DefaultListableBeanFactory     : Creating shared instance of singleton bean 'testEntityManager'
2025-05-04T21:52:28.811-04:00 DEBUG 13764 --- [pedido] [           main] o.s.b.f.s.DefaultListableBeanFactory     : Autowiring by type from bean name 'testEntityManager' via factory method to bean named 'entityManagerFactory'
2025-05-04T21:52:28.814-04:00 DEBUG 13764 --- [pedido] [           main] o.s.c.support.DefaultLifecycleProcessor  : Starting beans in phase -2147483647
2025-05-04T21:52:28.814-04:00 DEBUG 13764 --- [pedido] [           main] o.s.c.support.DefaultLifecycleProcessor  : Successfully started bean 'springBootLoggingLifecycle'
2025-05-04T21:52:28.815-04:00 DEBUG 13764 --- [pedido] [           main] .s.b.a.l.ConditionEvaluationReportLogger : 


============================
CONDITIONS EVALUATION REPORT
============================


Positive matches:
-----------------

   DataSourceAutoConfiguration matched:
      - @ConditionalOnClass found required classes 'javax.sql.DataSource', 'org.springframework.jdbc.datasource.embedded.EmbeddedDatabaseType' (OnClassCondition)
      - @ConditionalOnMissingBean (types: io.r2dbc.spi.ConnectionFactory; SearchStrategy: all) did not find any beans (OnBeanCondition)

   DataSourceAutoConfiguration.PooledDataSourceConfiguration matched:
      - AnyNestedCondition 1 matched 1 did not; NestedCondition on DataSourceAutoConfiguration.PooledDataSourceCondition.PooledDataSourceAvailable PooledDataSource found supported DataSource; NestedCondition on DataSourceAutoConfiguration.PooledDataSourceCondition.ExplicitType @ConditionalOnProperty (spring.datasource.type) did not find property 'type' (DataSourceAutoConfiguration.PooledDataSourceCondition)
      - @ConditionalOnMissingBean (types: javax.sql.DataSource,javax.sql.XADataSource; SearchStrategy: all) did not find any beans (OnBeanCondition)

   DataSourceAutoConfiguration.PooledDataSourceConfiguration#jdbcConnectionDetails matched:
      - @ConditionalOnMissingBean (types: org.springframework.boot.autoconfigure.jdbc.JdbcConnectionDetails; SearchStrategy: all) did not find any beans (OnBeanCondition)

   DataSourceConfiguration.Hikari matched:
      - @ConditionalOnClass found required class 'com.zaxxer.hikari.HikariDataSource' (OnClassCondition)
      - @ConditionalOnProperty (spring.datasource.type=com.zaxxer.hikari.HikariDataSource) matched (OnPropertyCondition)
      - @ConditionalOnMissingBean (types: javax.sql.DataSource; SearchStrategy: all) did not find any beans (OnBeanCondition)

   DataSourceInitializationConfiguration matched:
      - @ConditionalOnClass found required class 'org.springframework.jdbc.datasource.init.DatabasePopulator' (OnClassCondition)
      - @ConditionalOnSingleCandidate (types: javax.sql.DataSource; SearchStrategy: all) found a single bean 'dataSource'; @ConditionalOnMissingBean (types: org.springframework.boot.autoconfigure.sql.init.SqlDataSourceScriptDatabaseInitializer,org.springframework.boot.autoconfigure.sql.init.SqlR2dbcScriptDatabaseInitializer; SearchStrategy: all) did not find any beans (OnBeanCondition)

   DataSourcePoolMetadataProvidersConfiguration.HikariPoolDataSourceMetadataProviderConfiguration matched:
      - @ConditionalOnClass found required class 'com.zaxxer.hikari.HikariDataSource' (OnClassCondition)

   DataSourceTransactionManagerAutoConfiguration matched:
      - @ConditionalOnClass found required classes 'javax.sql.DataSource', 'org.springframework.jdbc.core.JdbcTemplate', 'org.springframework.transaction.TransactionManager' (OnClassCondition)

   DataSourceTransactionManagerAutoConfiguration.JdbcTransactionManagerConfiguration matched:
      - @ConditionalOnSingleCandidate (types: javax.sql.DataSource; SearchStrategy: all) found a single bean 'dataSource' (OnBeanCondition)

   HibernateJpaAutoConfiguration matched:
      - @ConditionalOnClass found required classes 'org.springframework.orm.jpa.LocalContainerEntityManagerFactoryBean', 'jakarta.persistence.EntityManager', 'org.hibernate.engine.spi.SessionImplementor' (OnClassCondition)

   HibernateJpaConfiguration matched:
      - @ConditionalOnSingleCandidate (types: javax.sql.DataSource; SearchStrategy: all) found a single bean 'dataSource' (OnBeanCondition)

   JdbcClientAutoConfiguration matched:
      - @ConditionalOnSingleCandidate (types: org.springframework.jdbc.core.namedparam.NamedParameterJdbcTemplate; SearchStrategy: all) found a single bean 'namedParameterJdbcTemplate'; @ConditionalOnMissingBean (types: org.springframework.jdbc.core.simple.JdbcClient; SearchStrategy: all) did not find any beans (OnBeanCondition)

   JdbcTemplateAutoConfiguration matched:
      - @ConditionalOnClass found required classes 'javax.sql.DataSource', 'org.springframework.jdbc.core.JdbcTemplate' (OnClassCondition)
      - @ConditionalOnSingleCandidate (types: javax.sql.DataSource; SearchStrategy: all) found a single bean 'dataSource' (OnBeanCondition)

   JdbcTemplateConfiguration matched:
      - @ConditionalOnMissingBean (types: org.springframework.jdbc.core.JdbcOperations; SearchStrategy: all) did not find any beans (OnBeanCondition)

   JpaBaseConfiguration#entityManagerFactory matched:
      - @ConditionalOnMissingBean (types: org.springframework.orm.jpa.LocalContainerEntityManagerFactoryBean,jakarta.persistence.EntityManagerFactory; SearchStrategy: all) did not find any beans (OnBeanCondition)

   JpaBaseConfiguration#entityManagerFactoryBuilder matched:
      - @ConditionalOnMissingBean (types: org.springframework.boot.orm.jpa.EntityManagerFactoryBuilder; SearchStrategy: all) did not find any beans (OnBeanCondition)

   JpaBaseConfiguration#jpaVendorAdapter matched:
      - @ConditionalOnMissingBean (types: org.springframework.orm.jpa.JpaVendorAdapter; SearchStrategy: all) did not find any beans (OnBeanCondition)

   JpaBaseConfiguration#transactionManager matched:
      - @ConditionalOnMissingBean (types: org.springframework.transaction.TransactionManager; SearchStrategy: all) did not find any beans (OnBeanCondition)

   JpaBaseConfiguration.PersistenceManagedTypesConfiguration matched:
      - @ConditionalOnMissingBean (types: org.springframework.orm.jpa.LocalContainerEntityManagerFactoryBean,jakarta.persistence.EntityManagerFactory; SearchStrategy: all) did not find any beans (OnBeanCondition)

   JpaBaseConfiguration.PersistenceManagedTypesConfiguration#persistenceManagedTypes matched:
      - @ConditionalOnMissingBean (types: org.springframework.orm.jpa.persistenceunit.PersistenceManagedTypes; SearchStrategy: all) did not find any beans (OnBeanCondition)

   JpaRepositoriesAutoConfiguration matched:
      - @ConditionalOnClass found required class 'org.springframework.data.jpa.repository.JpaRepository' (OnClassCondition)
      - @ConditionalOnProperty (spring.data.jpa.repositories.enabled=true) matched (OnPropertyCondition)
      - @ConditionalOnBean (types: javax.sql.DataSource; SearchStrategy: all) found bean 'dataSource'; @ConditionalOnMissingBean (types: org.springframework.data.jpa.repository.support.JpaRepositoryFactoryBean,org.springframework.data.jpa.repository.config.JpaRepositoryConfigExtension; SearchStrategy: all) did not find any beans (OnBeanCondition)

   NamedParameterJdbcTemplateConfiguration matched:
      - @ConditionalOnSingleCandidate (types: org.springframework.jdbc.core.JdbcTemplate; SearchStrategy: all) found a single bean 'jdbcTemplate'; @ConditionalOnMissingBean (types: org.springframework.jdbc.core.namedparam.NamedParameterJdbcOperations; SearchStrategy: all) did not find any beans (OnBeanCondition)

   NoOpCacheConfiguration matched:
      - Cache org.springframework.boot.autoconfigure.cache.NoOpCacheConfiguration NONE cache type (CacheCondition)

   SqlInitializationAutoConfiguration matched:
      - @ConditionalOnProperty (spring.sql.init.enabled) matched (OnPropertyCondition)
      - NoneNestedConditions 0 matched 1 did not; NestedCondition on SqlInitializationAutoConfiguration.SqlInitializationModeCondition.ModeIsNever @ConditionalOnProperty (spring.sql.init.mode=never) did not find property 'mode' (SqlInitializationAutoConfiguration.SqlInitializationModeCondition)

   TestEntityManagerAutoConfiguration matched:
      - @ConditionalOnClass found required class 'jakarta.persistence.EntityManagerFactory' (OnClassCondition)

   TestEntityManagerAutoConfiguration#testEntityManager matched:
      - @ConditionalOnMissingBean (types: org.springframework.boot.test.autoconfigure.orm.jpa.TestEntityManager; SearchStrategy: all) did not find any beans (OnBeanCondition)

   TransactionAutoConfiguration matched:
      - @ConditionalOnClass found required class 'org.springframework.transaction.PlatformTransactionManager' (OnClassCondition)

   TransactionAutoConfiguration.EnableTransactionManagementConfiguration matched:
      - @ConditionalOnBean (types: org.springframework.transaction.TransactionManager; SearchStrategy: all) found bean 'transactionManager'; @ConditionalOnMissingBean (types: org.springframework.transaction.annotation.AbstractTransactionManagementConfiguration; SearchStrategy: all) did not find any beans (OnBeanCondition)

   TransactionAutoConfiguration.EnableTransactionManagementConfiguration.CglibAutoProxyConfiguration matched:
      - @ConditionalOnProperty (spring.aop.proxy-target-class=true) matched (OnPropertyCondition)

   TransactionAutoConfiguration.TransactionTemplateConfiguration matched:
      - @ConditionalOnSingleCandidate (types: org.springframework.transaction.PlatformTransactionManager; SearchStrategy: all) found a single bean 'transactionManager' (OnBeanCondition)

   TransactionAutoConfiguration.TransactionTemplateConfiguration#transactionTemplate matched:
      - @ConditionalOnMissingBean (types: org.springframework.transaction.support.TransactionOperations; SearchStrategy: all) did not find any beans (OnBeanCondition)


Negative matches:
-----------------

   Cache2kCacheConfiguration:
      Did not match:
         - @ConditionalOnClass did not find required class 'org.cache2k.Cache2kBuilder' (OnClassCondition)

   CacheAutoConfiguration:
      Did not match:
         - @ConditionalOnBean (types: org.springframework.cache.interceptor.CacheAspectSupport; SearchStrategy: all) did not find any beans of type org.springframework.cache.interceptor.CacheAspectSupport (OnBeanCondition)
      Matched:
         - @ConditionalOnClass found required class 'org.springframework.cache.CacheManager' (OnClassCondition)

   CacheAutoConfiguration.CacheManagerEntityManagerFactoryDependsOnPostProcessor:
      Did not match:
         - Ancestor org.springframework.boot.autoconfigure.cache.CacheAutoConfiguration did not match (ConditionEvaluationReport.AncestorsMatchedCondition)
      Matched:
         - @ConditionalOnClass found required class 'org.springframework.orm.jpa.LocalContainerEntityManagerFactoryBean' (OnClassCondition)

   CaffeineCacheConfiguration:
      Did not match:
         - @ConditionalOnClass did not find required class 'com.github.benmanes.caffeine.cache.Caffeine' (OnClassCondition)

   CouchbaseCacheConfiguration:
      Did not match:
         - @ConditionalOnClass did not find required class 'com.couchbase.client.java.Cluster' (OnClassCondition)

   DataSourceAutoConfiguration.EmbeddedDatabaseConfiguration:
      Did not match:
         - EmbeddedDataSource spring.datasource.url is set (DataSourceAutoConfiguration.EmbeddedDatabaseCondition)

   DataSourceCheckpointRestoreConfiguration:
      Did not match:
         - @ConditionalOnClass did not find required class 'org.crac.Resource' (OnClassCondition)

   DataSourceConfiguration.Dbcp2:
      Did not match:
         - @ConditionalOnClass did not find required class 'org.apache.commons.dbcp2.BasicDataSource' (OnClassCondition)

   DataSourceConfiguration.Generic:
      Did not match:
         - @ConditionalOnProperty (spring.datasource.type) did not find property 'spring.datasource.type' (OnPropertyCondition)

   DataSourceConfiguration.OracleUcp:
      Did not match:
         - @ConditionalOnClass did not find required class 'oracle.ucp.jdbc.PoolDataSourceImpl' (OnClassCondition)

   DataSourceConfiguration.Tomcat:
      Did not match:
         - @ConditionalOnClass did not find required class 'org.apache.tomcat.jdbc.pool.DataSource' (OnClassCondition)

   DataSourceJmxConfiguration:
      Did not match:
         - @ConditionalOnProperty (spring.jmx.enabled=true) found different value in property 'enabled' (OnPropertyCondition)

   DataSourcePoolMetadataProvidersConfiguration.CommonsDbcp2PoolDataSourceMetadataProviderConfiguration:
      Did not match:
         - @ConditionalOnClass did not find required class 'org.apache.commons.dbcp2.BasicDataSource' (OnClassCondition)

   DataSourcePoolMetadataProvidersConfiguration.OracleUcpPoolDataSourceMetadataProviderConfiguration:
      Did not match:
         - @ConditionalOnClass did not find required class 'oracle.ucp.jdbc.PoolDataSource' (OnClassCondition)

   DataSourcePoolMetadataProvidersConfiguration.TomcatDataSourcePoolMetadataProviderConfiguration:
      Did not match:
         - @ConditionalOnClass did not find required class 'org.apache.tomcat.jdbc.pool.DataSource' (OnClassCondition)

   DataSourceTransactionManagerAutoConfiguration.JdbcTransactionManagerConfiguration#transactionManager:
      Did not match:
         - @ConditionalOnMissingBean (types: org.springframework.transaction.TransactionManager; SearchStrategy: all) found beans of type 'org.springframework.transaction.TransactionManager' transactionManager (OnBeanCondition)

   FlywayAutoConfiguration:
      Did not match:
         - @ConditionalOnClass did not find required class 'org.flywaydb.core.Flyway' (OnClassCondition)

   GenericCacheConfiguration:
      Did not match:
         - Cache org.springframework.boot.autoconfigure.cache.GenericCacheConfiguration unknown cache type (CacheCondition)

   HazelcastCacheConfiguration:
      Did not match:
         - @ConditionalOnClass did not find required class 'com.hazelcast.core.HazelcastInstance' (OnClassCondition)

   InfinispanCacheConfiguration:
      Did not match:
         - @ConditionalOnClass did not find required class 'org.infinispan.spring.embedded.provider.SpringEmbeddedCacheManager' (OnClassCondition)

   JCacheCacheConfiguration:
      Did not match:
         - @ConditionalOnClass did not find required class 'javax.cache.Caching' (OnClassCondition)

   JpaBaseConfiguration.JpaWebConfiguration:
      Did not match:
         - not a servlet web application (OnWebApplicationCondition)
      Matched:
         - @ConditionalOnClass found required class 'org.springframework.web.servlet.config.annotation.WebMvcConfigurer' (OnClassCondition)

   JpaRepositoriesAutoConfiguration#entityManagerFactoryBootstrapExecutorCustomizer:
      Did not match:
         - AnyNestedCondition 0 matched 2 did not; NestedCondition on JpaRepositoriesAutoConfiguration.BootstrapExecutorCondition.LazyBootstrapMode @ConditionalOnProperty (spring.data.jpa.repositories.bootstrap-mode=lazy) found different value in property 'bootstrap-mode'; NestedCondition on JpaRepositoriesAutoConfiguration.BootstrapExecutorCondition.DeferredBootstrapMode @ConditionalOnProperty (spring.data.jpa.repositories.bootstrap-mode=deferred) found different value in property 'bootstrap-mode' (JpaRepositoriesAutoConfiguration.BootstrapExecutorCondition)

   LiquibaseAutoConfiguration:
      Did not match:
         - @ConditionalOnClass did not find required class 'liquibase.change.DatabaseChange' (OnClassCondition)

   R2dbcInitializationConfiguration:
      Did not match:
         - @ConditionalOnClass did not find required classes 'io.r2dbc.spi.ConnectionFactory', 'org.springframework.r2dbc.connection.init.DatabasePopulator' (OnClassCondition)

   RedisCacheConfiguration:
      Did not match:
         - @ConditionalOnClass did not find required class 'org.springframework.data.redis.connection.RedisConnectionFactory' (OnClassCondition)

   SimpleCacheConfiguration:
      Did not match:
         - Cache org.springframework.boot.autoconfigure.cache.SimpleCacheConfiguration unknown cache type (CacheCondition)

   TestDatabaseAutoConfiguration#dataSource:
      Did not match:
         - @ConditionalOnProperty (spring.test.database.replace=AUTO_CONFIGURED) found different value in property 'replace' (OnPropertyCondition)

   TestDatabaseAutoConfiguration#embeddedDataSourceBeanFactoryPostProcessor:
      Did not match:
         - @ConditionalOnProperty (spring.test.database.replace=ANY) found different value in property 'replace' (OnPropertyCondition)

   TestDatabaseAutoConfiguration#nonTestEmbeddedDataSourceBeanFactoryPostProcessor:
      Did not match:
         - @ConditionalOnProperty (spring.test.database.replace=NON_TEST) found different value in property 'replace' (OnPropertyCondition)

   TransactionAutoConfiguration#transactionalOperator:
      Did not match:
         - @ConditionalOnSingleCandidate (types: org.springframework.transaction.ReactiveTransactionManager; SearchStrategy: all) did not find any beans (OnBeanCondition)

   TransactionAutoConfiguration.AspectJTransactionManagementConfiguration:
      Did not match:
         - @ConditionalOnBean (types: org.springframework.transaction.aspectj.AbstractTransactionAspect; SearchStrategy: all) did not find any beans of type org.springframework.transaction.aspectj.AbstractTransactionAspect (OnBeanCondition)

   TransactionAutoConfiguration.EnableTransactionManagementConfiguration.JdkDynamicAutoProxyConfiguration:
      Did not match:
         - @ConditionalOnProperty (spring.aop.proxy-target-class=false) did not find property 'proxy-target-class' (OnPropertyCondition)


Exclusions:
-----------

    None


Unconditional classes:
----------------------

    org.springframework.boot.test.autoconfigure.jdbc.TestDatabaseAutoConfiguration



2025-05-04T21:52:28.816-04:00  INFO 13764 --- [pedido] [           main] c.p.p.repository.PedidoRepositoryTest    : Started PedidoRepositoryTest in 4.519 seconds (process running for 4.851)
2025-05-04T21:52:28.816-04:00 DEBUG 13764 --- [pedido] [           main] o.s.boot.devtools.restart.Restarter      : Creating new Restarter for thread Thread[#1,main,5,main]
2025-05-04T21:52:28.817-04:00 DEBUG 13764 --- [pedido] [           main] org.springframework.test.context.cache   : Spring test ApplicationContext cache statistics: [DefaultContextCache@49c72fb7 size = 1, maxSize = 32, parentContextCount = 0, hitCount = 0, missCount = 1, failureCount = 0]
2025-05-04T21:52:28.818-04:00 DEBUG 13764 --- [pedido] [           main] org.springframework.test.context.cache   : Spring test ApplicationContext cache statistics: [DefaultContextCache@49c72fb7 size = 1, maxSize = 32, parentContextCount = 0, hitCount = 1, missCount = 1, failureCount = 0]
2025-05-04T21:52:28.819-04:00 DEBUG 13764 --- [pedido] [           main] sContextBeforeModesTestExecutionListener : Before test method: class [PedidoRepositoryTest], method [encontrarPedidoPorId], class annotated with @DirtiesContext [false] with mode [null], method annotated with @DirtiesContext [false] with mode [null]
2025-05-04T21:52:28.820-04:00 DEBUG 13764 --- [pedido] [           main] t.c.t.TransactionalTestExecutionListener : Explicit transaction definition [PROPAGATION_REQUIRED,ISOLATION_DEFAULT] found for test class [com.pedido.pedido.repository.PedidoRepositoryTest] and test method [encontrarPedidoPorId]
2025-05-04T21:52:28.821-04:00 DEBUG 13764 --- [pedido] [           main] org.springframework.test.context.cache   : Spring test ApplicationContext cache statistics: [DefaultContextCache@49c72fb7 size = 1, maxSize = 32, parentContextCount = 0, hitCount = 2, missCount = 1, failureCount = 0]
2025-05-04T21:52:28.821-04:00 DEBUG 13764 --- [pedido] [           main] t.c.t.TransactionalTestExecutionListener : No method-level @Rollback override: using default rollback [true] for test method [public void com.pedido.pedido.repository.PedidoRepositoryTest.encontrarPedidoPorId()]
2025-05-04T21:52:28.821-04:00 DEBUG 13764 --- [pedido] [           main] o.s.orm.jpa.JpaTransactionManager        : Creating new transaction with name [com.pedido.pedido.repository.PedidoRepositoryTest.encontrarPedidoPorId]: PROPAGATION_REQUIRED,ISOLATION_DEFAULT
2025-05-04T21:52:28.822-04:00 DEBUG 13764 --- [pedido] [           main] o.s.orm.jpa.JpaTransactionManager        : Opened new EntityManager [SessionImpl(608590206<open>)] for JPA transaction
2025-05-04T21:52:28.822-04:00 DEBUG 13764 --- [pedido] [           main] o.h.e.t.internal.TransactionImpl         : On TransactionImpl creation, JpaCompliance#isJpaTransactionComplianceEnabled == false
2025-05-04T21:52:28.822-04:00 DEBUG 13764 --- [pedido] [           main] o.h.e.t.internal.TransactionImpl         : begin
2025-05-04T21:52:28.823-04:00 DEBUG 13764 --- [pedido] [           main] o.s.orm.jpa.JpaTransactionManager        : Exposing JPA transaction as JDBC [org.springframework.orm.jpa.vendor.HibernateJpaDialect$HibernateConnectionHandle@7b45f7ef]
2025-05-04T21:52:28.823-04:00 DEBUG 13764 --- [pedido] [           main] o.s.t.c.transaction.TransactionContext   : Began transaction (1) for test class [com.pedido.pedido.repository.PedidoRepositoryTest]; test method [encontrarPedidoPorId]; transaction manager [org.springframework.orm.jpa.JpaTransactionManager@470ad01c]; rollback [true]
2025-05-04T21:52:28.823-04:00 DEBUG 13764 --- [pedido] [           main] org.springframework.test.context.cache   : Spring test ApplicationContext cache statistics: [DefaultContextCache@49c72fb7 size = 1, maxSize = 32, parentContextCount = 0, hitCount = 3, missCount = 1, failureCount = 0]
2025-05-04T21:52:28.823-04:00 DEBUG 13764 --- [pedido] [           main] org.springframework.test.context.cache   : Spring test ApplicationContext cache statistics: [DefaultContextCache@49c72fb7 size = 1, maxSize = 32, parentContextCount = 0, hitCount = 4, missCount = 1, failureCount = 0]
2025-05-04T21:52:29.078-04:00 DEBUG 13764 --- [pedido] [           main] org.springframework.test.context.cache   : Spring test ApplicationContext cache statistics: [DefaultContextCache@49c72fb7 size = 1, maxSize = 32, parentContextCount = 0, hitCount = 5, missCount = 1, failureCount = 0]
2025-05-04T21:52:29.079-04:00 DEBUG 13764 --- [pedido] [           main] org.springframework.test.context.cache   : Spring test ApplicationContext cache statistics: [DefaultContextCache@49c72fb7 size = 1, maxSize = 32, parentContextCount = 0, hitCount = 6, missCount = 1, failureCount = 0]
2025-05-04T21:52:29.083-04:00 DEBUG 13764 --- [pedido] [           main] o.s.orm.jpa.JpaTransactionManager        : Found thread-bound EntityManager [SessionImpl(608590206<open>)] for JPA transaction
2025-05-04T21:52:29.083-04:00 DEBUG 13764 --- [pedido] [           main] o.s.orm.jpa.JpaTransactionManager        : Participating in existing transaction
2025-05-04T21:52:29.084-04:00 DEBUG 13764 --- [pedido] [           main] o.h.j.internal.PersistenceUnitUtilImpl   : jakarta.persistence.PersistenceUnitUtil.getIdentifier is only intended to work with enhanced entities (although Hibernate also adapts this support to its proxies); however the passed entity was not enhanced (nor a proxy).. may not be able to read identifier
2025-05-04T21:52:29.088-04:00 DEBUG 13764 --- [pedido] [           main] org.hibernate.engine.spi.ActionQueue     : Executing identity-insert immediately
2025-05-04T21:52:29.095-04:00 DEBUG 13764 --- [pedido] [           main] org.hibernate.SQL                        : insert into pedido (ciudad,codigo_postal,coordenadas,direccion,email,estado,fecha_entrega,fecha_estimada_entrega,fecha_pedido,nom_destinatario,nom_remitente,observaciones,pais,peso,precio_total,telefono_destinatario,telefono_remitente,volumen,id) values (?,?,?,?,?,?,?,?,?,?,?,?,?,?,?,?,?,?,default)
Hibernate: insert into pedido (ciudad,codigo_postal,coordenadas,direccion,email,estado,fecha_entrega,fecha_estimada_entrega,fecha_pedido,nom_destinatario,nom_remitente,observaciones,pais,peso,precio_total,telefono_destinatario,telefono_remitente,volumen,id) values (?,?,?,?,?,?,?,?,?,?,?,?,?,?,?,?,?,?,default)
2025-05-04T21:52:29.124-04:00 DEBUG 13764 --- [pedido] [           main] org.hibernate.orm.results                : Initializer list is empty
2025-05-04T21:52:29.126-04:00 DEBUG 13764 --- [pedido] [           main] o.h.id.IdentifierGeneratorHelper         : Extracted generated values [com.pedido.pedido.Model.Pedido]: [Ljava.lang.Object;@43600de0
2025-05-04T21:52:29.127-04:00 DEBUG 13764 --- [pedido] [           main] o.s.orm.jpa.JpaTransactionManager        : Found thread-bound EntityManager [SessionImpl(608590206<open>)] for JPA transaction
2025-05-04T21:52:29.127-04:00 DEBUG 13764 --- [pedido] [           main] o.s.orm.jpa.JpaTransactionManager        : Participating in existing transaction
2025-05-04T21:52:29.131-04:00 DEBUG 13764 --- [pedido] [           main] org.springframework.test.context.cache   : Spring test ApplicationContext cache statistics: [DefaultContextCache@49c72fb7 size = 1, maxSize = 32, parentContextCount = 0, hitCount = 7, missCount = 1, failureCount = 0]
2025-05-04T21:52:29.131-04:00 DEBUG 13764 --- [pedido] [           main] org.springframework.test.context.cache   : Spring test ApplicationContext cache statistics: [DefaultContextCache@49c72fb7 size = 1, maxSize = 32, parentContextCount = 0, hitCount = 8, missCount = 1, failureCount = 0]
2025-05-04T21:52:29.131-04:00 DEBUG 13764 --- [pedido] [           main] org.springframework.test.context.cache   : Spring test ApplicationContext cache statistics: [DefaultContextCache@49c72fb7 size = 1, maxSize = 32, parentContextCount = 0, hitCount = 9, missCount = 1, failureCount = 0]
2025-05-04T21:52:29.131-04:00 DEBUG 13764 --- [pedido] [           main] org.springframework.test.context.cache   : Spring test ApplicationContext cache statistics: [DefaultContextCache@49c72fb7 size = 1, maxSize = 32, parentContextCount = 0, hitCount = 10, missCount = 1, failureCount = 0]
2025-05-04T21:52:29.131-04:00 DEBUG 13764 --- [pedido] [           main] org.springframework.test.context.cache   : Spring test ApplicationContext cache statistics: [DefaultContextCache@49c72fb7 size = 1, maxSize = 32, parentContextCount = 0, hitCount = 11, missCount = 1, failureCount = 0]
2025-05-04T21:52:29.132-04:00 DEBUG 13764 --- [pedido] [           main] org.springframework.test.context.cache   : Spring test ApplicationContext cache statistics: [DefaultContextCache@49c72fb7 size = 1, maxSize = 32, parentContextCount = 0, hitCount = 12, missCount = 1, failureCount = 0]
2025-05-04T21:52:29.132-04:00 DEBUG 13764 --- [pedido] [           main] org.springframework.test.context.cache   : Spring test ApplicationContext cache statistics: [DefaultContextCache@49c72fb7 size = 1, maxSize = 32, parentContextCount = 0, hitCount = 13, missCount = 1, failureCount = 0]
2025-05-04T21:52:29.132-04:00 DEBUG 13764 --- [pedido] [           main] o.s.orm.jpa.JpaTransactionManager        : Initiating transaction rollback
2025-05-04T21:52:29.132-04:00 DEBUG 13764 --- [pedido] [           main] o.s.orm.jpa.JpaTransactionManager        : Rolling back JPA transaction on EntityManager [SessionImpl(608590206<open>)]
2025-05-04T21:52:29.132-04:00 DEBUG 13764 --- [pedido] [           main] o.h.e.t.internal.TransactionImpl         : rolling back
2025-05-04T21:52:29.144-04:00 DEBUG 13764 --- [pedido] [           main] o.s.orm.jpa.JpaTransactionManager        : Closing JPA EntityManager [SessionImpl(608590206<open>)] after transaction
2025-05-04T21:52:29.144-04:00 DEBUG 13764 --- [pedido] [           main] o.s.t.c.transaction.TransactionContext   : Rolled back transaction (1) for test class [com.pedido.pedido.repository.PedidoRepositoryTest]; test method [encontrarPedidoPorId]
2025-05-04T21:52:29.144-04:00 DEBUG 13764 --- [pedido] [           main] .c.s.DirtiesContextTestExecutionListener : After test method: class [PedidoRepositoryTest], method [encontrarPedidoPorId], class annotated with @DirtiesContext [false] with mode [null], method annotated with @DirtiesContext [false] with mode [null]
]]></system-out>
    <system-err><![CDATA[Mockito is currently self-attaching to enable the inline-mock-maker. This will no longer work in future releases of the JDK. Please add Mockito as an agent to your build what is described in Mockito's documentation: https://javadoc.io/doc/org.mockito/mockito-core/latest/org/mockito/Mockito.html#0.3
WARNING: A Java agent has been loaded dynamically (/Users/sebastianvaldiviavillagra/.m2/repository/net/bytebuddy/byte-buddy-agent/1.15.11/byte-buddy-agent-1.15.11.jar)
WARNING: If a serviceability tool is in use, please run with -XX:+EnableDynamicAgentLoading to hide this warning
WARNING: If a serviceability tool is not in use, please run with -Djdk.instrument.traceUsage for more information
WARNING: Dynamic loading of agents will be disallowed by default in a future release
]]></system-err>
  </testcase>
  <testcase name="actualizarPedido" classname="com.pedido.pedido.repository.PedidoRepositoryTest" time="0.031">
    <system-out><![CDATA[2025-05-04T21:52:29.146-04:00 DEBUG 13764 --- [pedido] [           main] DependencyInjectionTestExecutionListener : Performing dependency injection for test class com.pedido.pedido.repository.PedidoRepositoryTest
2025-05-04T21:52:29.146-04:00 DEBUG 13764 --- [pedido] [           main] org.springframework.test.context.cache   : Spring test ApplicationContext cache statistics: [DefaultContextCache@49c72fb7 size = 1, maxSize = 32, parentContextCount = 0, hitCount = 14, missCount = 1, failureCount = 0]
2025-05-04T21:52:29.146-04:00 DEBUG 13764 --- [pedido] [           main] org.springframework.test.context.cache   : Spring test ApplicationContext cache statistics: [DefaultContextCache@49c72fb7 size = 1, maxSize = 32, parentContextCount = 0, hitCount = 15, missCount = 1, failureCount = 0]
2025-05-04T21:52:29.147-04:00 DEBUG 13764 --- [pedido] [           main] sContextBeforeModesTestExecutionListener : Before test method: class [PedidoRepositoryTest], method [actualizarPedido], class annotated with @DirtiesContext [false] with mode [null], method annotated with @DirtiesContext [false] with mode [null]
2025-05-04T21:52:29.147-04:00 DEBUG 13764 --- [pedido] [           main] t.c.t.TransactionalTestExecutionListener : Explicit transaction definition [PROPAGATION_REQUIRED,ISOLATION_DEFAULT] found for test class [com.pedido.pedido.repository.PedidoRepositoryTest] and test method [actualizarPedido]
2025-05-04T21:52:29.147-04:00 DEBUG 13764 --- [pedido] [           main] org.springframework.test.context.cache   : Spring test ApplicationContext cache statistics: [DefaultContextCache@49c72fb7 size = 1, maxSize = 32, parentContextCount = 0, hitCount = 16, missCount = 1, failureCount = 0]
2025-05-04T21:52:29.147-04:00 DEBUG 13764 --- [pedido] [           main] t.c.t.TransactionalTestExecutionListener : No method-level @Rollback override: using default rollback [true] for test method [public void com.pedido.pedido.repository.PedidoRepositoryTest.actualizarPedido()]
2025-05-04T21:52:29.147-04:00 DEBUG 13764 --- [pedido] [           main] o.s.orm.jpa.JpaTransactionManager        : Creating new transaction with name [com.pedido.pedido.repository.PedidoRepositoryTest.actualizarPedido]: PROPAGATION_REQUIRED,ISOLATION_DEFAULT
2025-05-04T21:52:29.147-04:00 DEBUG 13764 --- [pedido] [           main] o.s.orm.jpa.JpaTransactionManager        : Opened new EntityManager [SessionImpl(42050891<open>)] for JPA transaction
2025-05-04T21:52:29.147-04:00 DEBUG 13764 --- [pedido] [           main] o.h.e.t.internal.TransactionImpl         : On TransactionImpl creation, JpaCompliance#isJpaTransactionComplianceEnabled == false
2025-05-04T21:52:29.147-04:00 DEBUG 13764 --- [pedido] [           main] o.h.e.t.internal.TransactionImpl         : begin
2025-05-04T21:52:29.147-04:00 DEBUG 13764 --- [pedido] [           main] o.s.orm.jpa.JpaTransactionManager        : Exposing JPA transaction as JDBC [org.springframework.orm.jpa.vendor.HibernateJpaDialect$HibernateConnectionHandle@5a457aa1]
2025-05-04T21:52:29.147-04:00 DEBUG 13764 --- [pedido] [           main] o.s.t.c.transaction.TransactionContext   : Began transaction (1) for test class [com.pedido.pedido.repository.PedidoRepositoryTest]; test method [actualizarPedido]; transaction manager [org.springframework.orm.jpa.JpaTransactionManager@470ad01c]; rollback [true]
2025-05-04T21:52:29.147-04:00 DEBUG 13764 --- [pedido] [           main] org.springframework.test.context.cache   : Spring test ApplicationContext cache statistics: [DefaultContextCache@49c72fb7 size = 1, maxSize = 32, parentContextCount = 0, hitCount = 17, missCount = 1, failureCount = 0]
2025-05-04T21:52:29.147-04:00 DEBUG 13764 --- [pedido] [           main] org.springframework.test.context.cache   : Spring test ApplicationContext cache statistics: [DefaultContextCache@49c72fb7 size = 1, maxSize = 32, parentContextCount = 0, hitCount = 18, missCount = 1, failureCount = 0]
2025-05-04T21:52:29.147-04:00 DEBUG 13764 --- [pedido] [           main] org.springframework.test.context.cache   : Spring test ApplicationContext cache statistics: [DefaultContextCache@49c72fb7 size = 1, maxSize = 32, parentContextCount = 0, hitCount = 19, missCount = 1, failureCount = 0]
2025-05-04T21:52:29.148-04:00 DEBUG 13764 --- [pedido] [           main] org.springframework.test.context.cache   : Spring test ApplicationContext cache statistics: [DefaultContextCache@49c72fb7 size = 1, maxSize = 32, parentContextCount = 0, hitCount = 20, missCount = 1, failureCount = 0]
2025-05-04T21:52:29.148-04:00 DEBUG 13764 --- [pedido] [           main] o.s.orm.jpa.JpaTransactionManager        : Found thread-bound EntityManager [SessionImpl(42050891<open>)] for JPA transaction
2025-05-04T21:52:29.148-04:00 DEBUG 13764 --- [pedido] [           main] o.s.orm.jpa.JpaTransactionManager        : Participating in existing transaction
2025-05-04T21:52:29.148-04:00 DEBUG 13764 --- [pedido] [           main] o.h.j.internal.PersistenceUnitUtilImpl   : jakarta.persistence.PersistenceUnitUtil.getIdentifier is only intended to work with enhanced entities (although Hibernate also adapts this support to its proxies); however the passed entity was not enhanced (nor a proxy).. may not be able to read identifier
2025-05-04T21:52:29.148-04:00 DEBUG 13764 --- [pedido] [           main] org.hibernate.engine.spi.ActionQueue     : Executing identity-insert immediately
2025-05-04T21:52:29.148-04:00 DEBUG 13764 --- [pedido] [           main] org.hibernate.SQL                        : insert into pedido (ciudad,codigo_postal,coordenadas,direccion,email,estado,fecha_entrega,fecha_estimada_entrega,fecha_pedido,nom_destinatario,nom_remitente,observaciones,pais,peso,precio_total,telefono_destinatario,telefono_remitente,volumen,id) values (?,?,?,?,?,?,?,?,?,?,?,?,?,?,?,?,?,?,default)
Hibernate: insert into pedido (ciudad,codigo_postal,coordenadas,direccion,email,estado,fecha_entrega,fecha_estimada_entrega,fecha_pedido,nom_destinatario,nom_remitente,observaciones,pais,peso,precio_total,telefono_destinatario,telefono_remitente,volumen,id) values (?,?,?,?,?,?,?,?,?,?,?,?,?,?,?,?,?,?,default)
2025-05-04T21:52:29.165-04:00 DEBUG 13764 --- [pedido] [           main] org.hibernate.orm.results                : Initializer list is empty
2025-05-04T21:52:29.165-04:00 DEBUG 13764 --- [pedido] [           main] o.h.id.IdentifierGeneratorHelper         : Extracted generated values [com.pedido.pedido.Model.Pedido]: [Ljava.lang.Object;@47bae235
2025-05-04T21:52:29.166-04:00 DEBUG 13764 --- [pedido] [           main] o.s.orm.jpa.JpaTransactionManager        : Found thread-bound EntityManager [SessionImpl(42050891<open>)] for JPA transaction
2025-05-04T21:52:29.166-04:00 DEBUG 13764 --- [pedido] [           main] o.s.orm.jpa.JpaTransactionManager        : Participating in existing transaction
2025-05-04T21:52:29.166-04:00 DEBUG 13764 --- [pedido] [           main] o.h.j.internal.PersistenceUnitUtilImpl   : jakarta.persistence.PersistenceUnitUtil.getIdentifier is only intended to work with enhanced entities (although Hibernate also adapts this support to its proxies); however the passed entity was not enhanced (nor a proxy).. may not be able to read identifier
2025-05-04T21:52:29.166-04:00 DEBUG 13764 --- [pedido] [           main] org.springframework.test.context.cache   : Spring test ApplicationContext cache statistics: [DefaultContextCache@49c72fb7 size = 1, maxSize = 32, parentContextCount = 0, hitCount = 21, missCount = 1, failureCount = 0]
2025-05-04T21:52:29.167-04:00 DEBUG 13764 --- [pedido] [           main] org.springframework.test.context.cache   : Spring test ApplicationContext cache statistics: [DefaultContextCache@49c72fb7 size = 1, maxSize = 32, parentContextCount = 0, hitCount = 22, missCount = 1, failureCount = 0]
2025-05-04T21:52:29.167-04:00 DEBUG 13764 --- [pedido] [           main] org.springframework.test.context.cache   : Spring test ApplicationContext cache statistics: [DefaultContextCache@49c72fb7 size = 1, maxSize = 32, parentContextCount = 0, hitCount = 23, missCount = 1, failureCount = 0]
2025-05-04T21:52:29.167-04:00 DEBUG 13764 --- [pedido] [           main] org.springframework.test.context.cache   : Spring test ApplicationContext cache statistics: [DefaultContextCache@49c72fb7 size = 1, maxSize = 32, parentContextCount = 0, hitCount = 24, missCount = 1, failureCount = 0]
2025-05-04T21:52:29.167-04:00 DEBUG 13764 --- [pedido] [           main] org.springframework.test.context.cache   : Spring test ApplicationContext cache statistics: [DefaultContextCache@49c72fb7 size = 1, maxSize = 32, parentContextCount = 0, hitCount = 25, missCount = 1, failureCount = 0]
2025-05-04T21:52:29.167-04:00 DEBUG 13764 --- [pedido] [           main] org.springframework.test.context.cache   : Spring test ApplicationContext cache statistics: [DefaultContextCache@49c72fb7 size = 1, maxSize = 32, parentContextCount = 0, hitCount = 26, missCount = 1, failureCount = 0]
2025-05-04T21:52:29.167-04:00 DEBUG 13764 --- [pedido] [           main] org.springframework.test.context.cache   : Spring test ApplicationContext cache statistics: [DefaultContextCache@49c72fb7 size = 1, maxSize = 32, parentContextCount = 0, hitCount = 27, missCount = 1, failureCount = 0]
2025-05-04T21:52:29.167-04:00 DEBUG 13764 --- [pedido] [           main] o.s.orm.jpa.JpaTransactionManager        : Initiating transaction rollback
2025-05-04T21:52:29.167-04:00 DEBUG 13764 --- [pedido] [           main] o.s.orm.jpa.JpaTransactionManager        : Rolling back JPA transaction on EntityManager [SessionImpl(42050891<open>)]
2025-05-04T21:52:29.167-04:00 DEBUG 13764 --- [pedido] [           main] o.h.e.t.internal.TransactionImpl         : rolling back
2025-05-04T21:52:29.178-04:00 DEBUG 13764 --- [pedido] [           main] o.s.orm.jpa.JpaTransactionManager        : Closing JPA EntityManager [SessionImpl(42050891<open>)] after transaction
2025-05-04T21:52:29.178-04:00 DEBUG 13764 --- [pedido] [           main] o.s.t.c.transaction.TransactionContext   : Rolled back transaction (1) for test class [com.pedido.pedido.repository.PedidoRepositoryTest]; test method [actualizarPedido]
2025-05-04T21:52:29.178-04:00 DEBUG 13764 --- [pedido] [           main] .c.s.DirtiesContextTestExecutionListener : After test method: class [PedidoRepositoryTest], method [actualizarPedido], class annotated with @DirtiesContext [false] with mode [null], method annotated with @DirtiesContext [false] with mode [null]
]]></system-out>
  </testcase>
  <testcase name="eliminarPedido" classname="com.pedido.pedido.repository.PedidoRepositoryTest" time="0.036">
    <system-out><![CDATA[2025-05-04T21:52:29.178-04:00 DEBUG 13764 --- [pedido] [           main] DependencyInjectionTestExecutionListener : Performing dependency injection for test class com.pedido.pedido.repository.PedidoRepositoryTest
2025-05-04T21:52:29.178-04:00 DEBUG 13764 --- [pedido] [           main] org.springframework.test.context.cache   : Spring test ApplicationContext cache statistics: [DefaultContextCache@49c72fb7 size = 1, maxSize = 32, parentContextCount = 0, hitCount = 28, missCount = 1, failureCount = 0]
2025-05-04T21:52:29.178-04:00 DEBUG 13764 --- [pedido] [           main] org.springframework.test.context.cache   : Spring test ApplicationContext cache statistics: [DefaultContextCache@49c72fb7 size = 1, maxSize = 32, parentContextCount = 0, hitCount = 29, missCount = 1, failureCount = 0]
2025-05-04T21:52:29.179-04:00 DEBUG 13764 --- [pedido] [           main] sContextBeforeModesTestExecutionListener : Before test method: class [PedidoRepositoryTest], method [eliminarPedido], class annotated with @DirtiesContext [false] with mode [null], method annotated with @DirtiesContext [false] with mode [null]
2025-05-04T21:52:29.179-04:00 DEBUG 13764 --- [pedido] [           main] t.c.t.TransactionalTestExecutionListener : Explicit transaction definition [PROPAGATION_REQUIRED,ISOLATION_DEFAULT] found for test class [com.pedido.pedido.repository.PedidoRepositoryTest] and test method [eliminarPedido]
2025-05-04T21:52:29.179-04:00 DEBUG 13764 --- [pedido] [           main] org.springframework.test.context.cache   : Spring test ApplicationContext cache statistics: [DefaultContextCache@49c72fb7 size = 1, maxSize = 32, parentContextCount = 0, hitCount = 30, missCount = 1, failureCount = 0]
2025-05-04T21:52:29.179-04:00 DEBUG 13764 --- [pedido] [           main] t.c.t.TransactionalTestExecutionListener : No method-level @Rollback override: using default rollback [true] for test method [public void com.pedido.pedido.repository.PedidoRepositoryTest.eliminarPedido()]
2025-05-04T21:52:29.179-04:00 DEBUG 13764 --- [pedido] [           main] o.s.orm.jpa.JpaTransactionManager        : Creating new transaction with name [com.pedido.pedido.repository.PedidoRepositoryTest.eliminarPedido]: PROPAGATION_REQUIRED,ISOLATION_DEFAULT
2025-05-04T21:52:29.179-04:00 DEBUG 13764 --- [pedido] [           main] o.s.orm.jpa.JpaTransactionManager        : Opened new EntityManager [SessionImpl(1538995486<open>)] for JPA transaction
2025-05-04T21:52:29.179-04:00 DEBUG 13764 --- [pedido] [           main] o.h.e.t.internal.TransactionImpl         : On TransactionImpl creation, JpaCompliance#isJpaTransactionComplianceEnabled == false
2025-05-04T21:52:29.179-04:00 DEBUG 13764 --- [pedido] [           main] o.h.e.t.internal.TransactionImpl         : begin
2025-05-04T21:52:29.179-04:00 DEBUG 13764 --- [pedido] [           main] o.s.orm.jpa.JpaTransactionManager        : Exposing JPA transaction as JDBC [org.springframework.orm.jpa.vendor.HibernateJpaDialect$HibernateConnectionHandle@5f80b25a]
2025-05-04T21:52:29.179-04:00 DEBUG 13764 --- [pedido] [           main] o.s.t.c.transaction.TransactionContext   : Began transaction (1) for test class [com.pedido.pedido.repository.PedidoRepositoryTest]; test method [eliminarPedido]; transaction manager [org.springframework.orm.jpa.JpaTransactionManager@470ad01c]; rollback [true]
2025-05-04T21:52:29.179-04:00 DEBUG 13764 --- [pedido] [           main] org.springframework.test.context.cache   : Spring test ApplicationContext cache statistics: [DefaultContextCache@49c72fb7 size = 1, maxSize = 32, parentContextCount = 0, hitCount = 31, missCount = 1, failureCount = 0]
2025-05-04T21:52:29.179-04:00 DEBUG 13764 --- [pedido] [           main] org.springframework.test.context.cache   : Spring test ApplicationContext cache statistics: [DefaultContextCache@49c72fb7 size = 1, maxSize = 32, parentContextCount = 0, hitCount = 32, missCount = 1, failureCount = 0]
2025-05-04T21:52:29.179-04:00 DEBUG 13764 --- [pedido] [           main] org.springframework.test.context.cache   : Spring test ApplicationContext cache statistics: [DefaultContextCache@49c72fb7 size = 1, maxSize = 32, parentContextCount = 0, hitCount = 33, missCount = 1, failureCount = 0]
2025-05-04T21:52:29.179-04:00 DEBUG 13764 --- [pedido] [           main] org.springframework.test.context.cache   : Spring test ApplicationContext cache statistics: [DefaultContextCache@49c72fb7 size = 1, maxSize = 32, parentContextCount = 0, hitCount = 34, missCount = 1, failureCount = 0]
2025-05-04T21:52:29.179-04:00 DEBUG 13764 --- [pedido] [           main] o.s.orm.jpa.JpaTransactionManager        : Found thread-bound EntityManager [SessionImpl(1538995486<open>)] for JPA transaction
2025-05-04T21:52:29.179-04:00 DEBUG 13764 --- [pedido] [           main] o.s.orm.jpa.JpaTransactionManager        : Participating in existing transaction
2025-05-04T21:52:29.179-04:00 DEBUG 13764 --- [pedido] [           main] o.h.j.internal.PersistenceUnitUtilImpl   : jakarta.persistence.PersistenceUnitUtil.getIdentifier is only intended to work with enhanced entities (although Hibernate also adapts this support to its proxies); however the passed entity was not enhanced (nor a proxy).. may not be able to read identifier
2025-05-04T21:52:29.180-04:00 DEBUG 13764 --- [pedido] [           main] org.hibernate.engine.spi.ActionQueue     : Executing identity-insert immediately
2025-05-04T21:52:29.180-04:00 DEBUG 13764 --- [pedido] [           main] org.hibernate.SQL                        : insert into pedido (ciudad,codigo_postal,coordenadas,direccion,email,estado,fecha_entrega,fecha_estimada_entrega,fecha_pedido,nom_destinatario,nom_remitente,observaciones,pais,peso,precio_total,telefono_destinatario,telefono_remitente,volumen,id) values (?,?,?,?,?,?,?,?,?,?,?,?,?,?,?,?,?,?,default)
Hibernate: insert into pedido (ciudad,codigo_postal,coordenadas,direccion,email,estado,fecha_entrega,fecha_estimada_entrega,fecha_pedido,nom_destinatario,nom_remitente,observaciones,pais,peso,precio_total,telefono_destinatario,telefono_remitente,volumen,id) values (?,?,?,?,?,?,?,?,?,?,?,?,?,?,?,?,?,?,default)
2025-05-04T21:52:29.198-04:00 DEBUG 13764 --- [pedido] [           main] org.hibernate.orm.results                : Initializer list is empty
2025-05-04T21:52:29.198-04:00 DEBUG 13764 --- [pedido] [           main] o.h.id.IdentifierGeneratorHelper         : Extracted generated values [com.pedido.pedido.Model.Pedido]: [Ljava.lang.Object;@9e2b199
2025-05-04T21:52:29.199-04:00 DEBUG 13764 --- [pedido] [           main] o.s.orm.jpa.JpaTransactionManager        : Found thread-bound EntityManager [SessionImpl(1538995486<open>)] for JPA transaction
2025-05-04T21:52:29.199-04:00 DEBUG 13764 --- [pedido] [           main] o.s.orm.jpa.JpaTransactionManager        : Participating in existing transaction
2025-05-04T21:52:29.199-04:00 DEBUG 13764 --- [pedido] [           main] o.h.j.internal.PersistenceUnitUtilImpl   : jakarta.persistence.PersistenceUnitUtil.getIdentifier is only intended to work with enhanced entities (although Hibernate also adapts this support to its proxies); however the passed entity was not enhanced (nor a proxy).. may not be able to read identifier
2025-05-04T21:52:29.200-04:00 DEBUG 13764 --- [pedido] [           main] o.s.orm.jpa.JpaTransactionManager        : Found thread-bound EntityManager [SessionImpl(1538995486<open>)] for JPA transaction
2025-05-04T21:52:29.200-04:00 DEBUG 13764 --- [pedido] [           main] o.s.orm.jpa.JpaTransactionManager        : Participating in existing transaction
2025-05-04T21:52:29.201-04:00 DEBUG 13764 --- [pedido] [           main] org.hibernate.orm.results.loading        : Load request found matching entity in context, but it is scheduled for removal; returning null
2025-05-04T21:52:29.201-04:00 DEBUG 13764 --- [pedido] [           main] org.springframework.test.context.cache   : Spring test ApplicationContext cache statistics: [DefaultContextCache@49c72fb7 size = 1, maxSize = 32, parentContextCount = 0, hitCount = 35, missCount = 1, failureCount = 0]
2025-05-04T21:52:29.201-04:00 DEBUG 13764 --- [pedido] [           main] org.springframework.test.context.cache   : Spring test ApplicationContext cache statistics: [DefaultContextCache@49c72fb7 size = 1, maxSize = 32, parentContextCount = 0, hitCount = 36, missCount = 1, failureCount = 0]
2025-05-04T21:52:29.201-04:00 DEBUG 13764 --- [pedido] [           main] org.springframework.test.context.cache   : Spring test ApplicationContext cache statistics: [DefaultContextCache@49c72fb7 size = 1, maxSize = 32, parentContextCount = 0, hitCount = 37, missCount = 1, failureCount = 0]
2025-05-04T21:52:29.201-04:00 DEBUG 13764 --- [pedido] [           main] org.springframework.test.context.cache   : Spring test ApplicationContext cache statistics: [DefaultContextCache@49c72fb7 size = 1, maxSize = 32, parentContextCount = 0, hitCount = 38, missCount = 1, failureCount = 0]
2025-05-04T21:52:29.201-04:00 DEBUG 13764 --- [pedido] [           main] org.springframework.test.context.cache   : Spring test ApplicationContext cache statistics: [DefaultContextCache@49c72fb7 size = 1, maxSize = 32, parentContextCount = 0, hitCount = 39, missCount = 1, failureCount = 0]
2025-05-04T21:52:29.201-04:00 DEBUG 13764 --- [pedido] [           main] org.springframework.test.context.cache   : Spring test ApplicationContext cache statistics: [DefaultContextCache@49c72fb7 size = 1, maxSize = 32, parentContextCount = 0, hitCount = 40, missCount = 1, failureCount = 0]
2025-05-04T21:52:29.201-04:00 DEBUG 13764 --- [pedido] [           main] org.springframework.test.context.cache   : Spring test ApplicationContext cache statistics: [DefaultContextCache@49c72fb7 size = 1, maxSize = 32, parentContextCount = 0, hitCount = 41, missCount = 1, failureCount = 0]
2025-05-04T21:52:29.201-04:00 DEBUG 13764 --- [pedido] [           main] o.s.orm.jpa.JpaTransactionManager        : Initiating transaction rollback
2025-05-04T21:52:29.201-04:00 DEBUG 13764 --- [pedido] [           main] o.s.orm.jpa.JpaTransactionManager        : Rolling back JPA transaction on EntityManager [SessionImpl(1538995486<open>)]
2025-05-04T21:52:29.201-04:00 DEBUG 13764 --- [pedido] [           main] o.h.e.t.internal.TransactionImpl         : rolling back
2025-05-04T21:52:29.214-04:00 DEBUG 13764 --- [pedido] [           main] o.s.orm.jpa.JpaTransactionManager        : Closing JPA EntityManager [SessionImpl(1538995486<open>)] after transaction
2025-05-04T21:52:29.214-04:00 DEBUG 13764 --- [pedido] [           main] o.s.t.c.transaction.TransactionContext   : Rolled back transaction (1) for test class [com.pedido.pedido.repository.PedidoRepositoryTest]; test method [eliminarPedido]
2025-05-04T21:52:29.214-04:00 DEBUG 13764 --- [pedido] [           main] .c.s.DirtiesContextTestExecutionListener : After test method: class [PedidoRepositoryTest], method [eliminarPedido], class annotated with @DirtiesContext [false] with mode [null], method annotated with @DirtiesContext [false] with mode [null]
]]></system-out>
  </testcase>
  <testcase name="aumentarConteoAlGuardarPedido" classname="com.pedido.pedido.repository.PedidoRepositoryTest" time="0.191">
    <system-out><![CDATA[2025-05-04T21:52:29.214-04:00 DEBUG 13764 --- [pedido] [           main] DependencyInjectionTestExecutionListener : Performing dependency injection for test class com.pedido.pedido.repository.PedidoRepositoryTest
2025-05-04T21:52:29.214-04:00 DEBUG 13764 --- [pedido] [           main] org.springframework.test.context.cache   : Spring test ApplicationContext cache statistics: [DefaultContextCache@49c72fb7 size = 1, maxSize = 32, parentContextCount = 0, hitCount = 42, missCount = 1, failureCount = 0]
2025-05-04T21:52:29.215-04:00 DEBUG 13764 --- [pedido] [           main] org.springframework.test.context.cache   : Spring test ApplicationContext cache statistics: [DefaultContextCache@49c72fb7 size = 1, maxSize = 32, parentContextCount = 0, hitCount = 43, missCount = 1, failureCount = 0]
2025-05-04T21:52:29.215-04:00 DEBUG 13764 --- [pedido] [           main] sContextBeforeModesTestExecutionListener : Before test method: class [PedidoRepositoryTest], method [aumentarConteoAlGuardarPedido], class annotated with @DirtiesContext [false] with mode [null], method annotated with @DirtiesContext [false] with mode [null]
2025-05-04T21:52:29.215-04:00 DEBUG 13764 --- [pedido] [           main] t.c.t.TransactionalTestExecutionListener : Explicit transaction definition [PROPAGATION_REQUIRED,ISOLATION_DEFAULT] found for test class [com.pedido.pedido.repository.PedidoRepositoryTest] and test method [aumentarConteoAlGuardarPedido]
2025-05-04T21:52:29.215-04:00 DEBUG 13764 --- [pedido] [           main] org.springframework.test.context.cache   : Spring test ApplicationContext cache statistics: [DefaultContextCache@49c72fb7 size = 1, maxSize = 32, parentContextCount = 0, hitCount = 44, missCount = 1, failureCount = 0]
2025-05-04T21:52:29.215-04:00 DEBUG 13764 --- [pedido] [           main] t.c.t.TransactionalTestExecutionListener : No method-level @Rollback override: using default rollback [true] for test method [public void com.pedido.pedido.repository.PedidoRepositoryTest.aumentarConteoAlGuardarPedido()]
2025-05-04T21:52:29.215-04:00 DEBUG 13764 --- [pedido] [           main] o.s.orm.jpa.JpaTransactionManager        : Creating new transaction with name [com.pedido.pedido.repository.PedidoRepositoryTest.aumentarConteoAlGuardarPedido]: PROPAGATION_REQUIRED,ISOLATION_DEFAULT
2025-05-04T21:52:29.215-04:00 DEBUG 13764 --- [pedido] [           main] o.s.orm.jpa.JpaTransactionManager        : Opened new EntityManager [SessionImpl(1434796930<open>)] for JPA transaction
2025-05-04T21:52:29.215-04:00 DEBUG 13764 --- [pedido] [           main] o.h.e.t.internal.TransactionImpl         : On TransactionImpl creation, JpaCompliance#isJpaTransactionComplianceEnabled == false
2025-05-04T21:52:29.215-04:00 DEBUG 13764 --- [pedido] [           main] o.h.e.t.internal.TransactionImpl         : begin
2025-05-04T21:52:29.215-04:00 DEBUG 13764 --- [pedido] [           main] o.s.orm.jpa.JpaTransactionManager        : Exposing JPA transaction as JDBC [org.springframework.orm.jpa.vendor.HibernateJpaDialect$HibernateConnectionHandle@7843b65e]
2025-05-04T21:52:29.215-04:00 DEBUG 13764 --- [pedido] [           main] o.s.t.c.transaction.TransactionContext   : Began transaction (1) for test class [com.pedido.pedido.repository.PedidoRepositoryTest]; test method [aumentarConteoAlGuardarPedido]; transaction manager [org.springframework.orm.jpa.JpaTransactionManager@470ad01c]; rollback [true]
2025-05-04T21:52:29.215-04:00 DEBUG 13764 --- [pedido] [           main] org.springframework.test.context.cache   : Spring test ApplicationContext cache statistics: [DefaultContextCache@49c72fb7 size = 1, maxSize = 32, parentContextCount = 0, hitCount = 45, missCount = 1, failureCount = 0]
2025-05-04T21:52:29.215-04:00 DEBUG 13764 --- [pedido] [           main] org.springframework.test.context.cache   : Spring test ApplicationContext cache statistics: [DefaultContextCache@49c72fb7 size = 1, maxSize = 32, parentContextCount = 0, hitCount = 46, missCount = 1, failureCount = 0]
2025-05-04T21:52:29.215-04:00 DEBUG 13764 --- [pedido] [           main] org.springframework.test.context.cache   : Spring test ApplicationContext cache statistics: [DefaultContextCache@49c72fb7 size = 1, maxSize = 32, parentContextCount = 0, hitCount = 47, missCount = 1, failureCount = 0]
2025-05-04T21:52:29.216-04:00 DEBUG 13764 --- [pedido] [           main] org.springframework.test.context.cache   : Spring test ApplicationContext cache statistics: [DefaultContextCache@49c72fb7 size = 1, maxSize = 32, parentContextCount = 0, hitCount = 48, missCount = 1, failureCount = 0]
2025-05-04T21:52:29.216-04:00 DEBUG 13764 --- [pedido] [           main] o.s.orm.jpa.JpaTransactionManager        : Found thread-bound EntityManager [SessionImpl(1434796930<open>)] for JPA transaction
2025-05-04T21:52:29.216-04:00 DEBUG 13764 --- [pedido] [           main] o.s.orm.jpa.JpaTransactionManager        : Participating in existing transaction
2025-05-04T21:52:29.218-04:00 DEBUG 13764 --- [pedido] [           main] org.hibernate.orm.query.hql              : HQL : select count(*) from Pedido x
2025-05-04T21:52:29.316-04:00 DEBUG 13764 --- [pedido] [           main] o.h.o.q.hql.reservedWordAsIdentifier     : Encountered use of reserved word as identifier : (
2025-05-04T21:52:29.338-04:00 DEBUG 13764 --- [pedido] [           main] org.hibernate.orm.query.sqm.ast          : SqmStatement Tree :
    -> [select]
      -> [query-spec]
        -> [select]
          -> [selection]
          <- [selection]
        <- [select]
        -> [from]
          -> [root] - `com.pedido.pedido.Model.Pedido(x)`
          <- [root] - `com.pedido.pedido.Model.Pedido(x)`
        <- [from]
      <- [query-spec]
    <- [select]

2025-05-04T21:52:29.353-04:00 DEBUG 13764 --- [pedido] [           main] org.hibernate.orm.sql.ast.create         : Created new SQL alias : p1_0
2025-05-04T21:52:29.354-04:00 DEBUG 13764 --- [pedido] [           main] org.hibernate.orm.sql.ast.create         : Registration of TableGroup [StandardTableGroup(com.pedido.pedido.Model.Pedido(x))] with identifierForTableGroup [com.pedido.pedido.Model.Pedido] for NavigablePath [com.pedido.pedido.Model.Pedido] 
2025-05-04T21:52:29.355-04:00 DEBUG 13764 --- [pedido] [           main] org.hibernate.orm.results.graph.AST      : DomainResult Graph:
 \-BasicResult

2025-05-04T21:52:29.355-04:00 DEBUG 13764 --- [pedido] [           main] org.hibernate.orm.sql.ast.tree           : SQL AST Tree:
    SelectStatement {
      FromClause {
        StandardTableGroup (p1 : com.pedido.pedido.Model.Pedido(x)) {
          primaryTableReference : pedido as p1_0
        }
      }
    }

2025-05-04T21:52:29.358-04:00 DEBUG 13764 --- [pedido] [           main] org.hibernate.orm.sql.exec               : Skipping reading Query result cache data: cache-enabled = false, cache-mode = NORMAL
2025-05-04T21:52:29.358-04:00 DEBUG 13764 --- [pedido] [           main] org.hibernate.SQL                        : select count(*) from pedido p1_0
Hibernate: select count(*) from pedido p1_0
2025-05-04T21:52:29.366-04:00 DEBUG 13764 --- [pedido] [           main] org.hibernate.orm.results                : Initializer list is empty
2025-05-04T21:52:29.367-04:00 DEBUG 13764 --- [pedido] [           main] o.s.orm.jpa.JpaTransactionManager        : Found thread-bound EntityManager [SessionImpl(1434796930<open>)] for JPA transaction
2025-05-04T21:52:29.367-04:00 DEBUG 13764 --- [pedido] [           main] o.s.orm.jpa.JpaTransactionManager        : Participating in existing transaction
2025-05-04T21:52:29.367-04:00 DEBUG 13764 --- [pedido] [           main] o.h.j.internal.PersistenceUnitUtilImpl   : jakarta.persistence.PersistenceUnitUtil.getIdentifier is only intended to work with enhanced entities (although Hibernate also adapts this support to its proxies); however the passed entity was not enhanced (nor a proxy).. may not be able to read identifier
2025-05-04T21:52:29.367-04:00 DEBUG 13764 --- [pedido] [           main] org.hibernate.engine.spi.ActionQueue     : Executing identity-insert immediately
2025-05-04T21:52:29.367-04:00 DEBUG 13764 --- [pedido] [           main] org.hibernate.SQL                        : insert into pedido (ciudad,codigo_postal,coordenadas,direccion,email,estado,fecha_entrega,fecha_estimada_entrega,fecha_pedido,nom_destinatario,nom_remitente,observaciones,pais,peso,precio_total,telefono_destinatario,telefono_remitente,volumen,id) values (?,?,?,?,?,?,?,?,?,?,?,?,?,?,?,?,?,?,default)
Hibernate: insert into pedido (ciudad,codigo_postal,coordenadas,direccion,email,estado,fecha_entrega,fecha_estimada_entrega,fecha_pedido,nom_destinatario,nom_remitente,observaciones,pais,peso,precio_total,telefono_destinatario,telefono_remitente,volumen,id) values (?,?,?,?,?,?,?,?,?,?,?,?,?,?,?,?,?,?,default)
2025-05-04T21:52:29.384-04:00 DEBUG 13764 --- [pedido] [           main] org.hibernate.orm.results                : Initializer list is empty
2025-05-04T21:52:29.384-04:00 DEBUG 13764 --- [pedido] [           main] o.h.id.IdentifierGeneratorHelper         : Extracted generated values [com.pedido.pedido.Model.Pedido]: [Ljava.lang.Object;@4951dc8c
2025-05-04T21:52:29.384-04:00 DEBUG 13764 --- [pedido] [           main] o.s.orm.jpa.JpaTransactionManager        : Found thread-bound EntityManager [SessionImpl(1434796930<open>)] for JPA transaction
2025-05-04T21:52:29.384-04:00 DEBUG 13764 --- [pedido] [           main] o.s.orm.jpa.JpaTransactionManager        : Participating in existing transaction
2025-05-04T21:52:29.384-04:00 DEBUG 13764 --- [pedido] [           main] o.h.e.i.AbstractFlushingEventListener    : Processing flush-time cascades
2025-05-04T21:52:29.385-04:00 DEBUG 13764 --- [pedido] [           main] o.h.e.i.AbstractFlushingEventListener    : Dirty checking collections
2025-05-04T21:52:29.386-04:00 DEBUG 13764 --- [pedido] [           main] o.h.e.i.AbstractFlushingEventListener    : Flushed: 0 insertions, 0 updates, 0 deletions to 1 objects
2025-05-04T21:52:29.386-04:00 DEBUG 13764 --- [pedido] [           main] o.h.e.i.AbstractFlushingEventListener    : Flushed: 0 (re)creations, 0 updates, 0 removals to 0 collections
2025-05-04T21:52:29.386-04:00 DEBUG 13764 --- [pedido] [           main] o.hibernate.internal.util.EntityPrinter  : Listing entities:
2025-05-04T21:52:29.386-04:00 DEBUG 13764 --- [pedido] [           main] o.hibernate.internal.util.EntityPrinter  : com.pedido.pedido.Model.Pedido{telefonoDestinatario=123456789, estado=Pendiente, codigoPostal=1234, fechaEstimadaEntrega=2025-05-09, peso=2.5, volumen=0.3, direccion=Calle Falsa 123, fechaPedido=2025-05-04T21:52:29.367265, coordenadas=-33.4489,-70.6693, pais=Argentina, ciudad=Buenos Aires, fechaEntrega=null, nomDestinatario=Juan Perez, observaciones=Entregar en la puerta, id=69, precioTotal=15000, telefonoRemitente=987654321, email=juan.perez@gmail.com, nomRemitente=Maria Lopez}
2025-05-04T21:52:29.386-04:00 DEBUG 13764 --- [pedido] [           main] org.hibernate.orm.sql.exec               : Skipping reading Query result cache data: cache-enabled = false, cache-mode = NORMAL
2025-05-04T21:52:29.386-04:00 DEBUG 13764 --- [pedido] [           main] org.hibernate.SQL                        : select count(*) from pedido p1_0
Hibernate: select count(*) from pedido p1_0
2025-05-04T21:52:29.395-04:00 DEBUG 13764 --- [pedido] [           main] org.springframework.test.context.cache   : Spring test ApplicationContext cache statistics: [DefaultContextCache@49c72fb7 size = 1, maxSize = 32, parentContextCount = 0, hitCount = 49, missCount = 1, failureCount = 0]
2025-05-04T21:52:29.395-04:00 DEBUG 13764 --- [pedido] [           main] org.springframework.test.context.cache   : Spring test ApplicationContext cache statistics: [DefaultContextCache@49c72fb7 size = 1, maxSize = 32, parentContextCount = 0, hitCount = 50, missCount = 1, failureCount = 0]
2025-05-04T21:52:29.395-04:00 DEBUG 13764 --- [pedido] [           main] org.springframework.test.context.cache   : Spring test ApplicationContext cache statistics: [DefaultContextCache@49c72fb7 size = 1, maxSize = 32, parentContextCount = 0, hitCount = 51, missCount = 1, failureCount = 0]
2025-05-04T21:52:29.395-04:00 DEBUG 13764 --- [pedido] [           main] org.springframework.test.context.cache   : Spring test ApplicationContext cache statistics: [DefaultContextCache@49c72fb7 size = 1, maxSize = 32, parentContextCount = 0, hitCount = 52, missCount = 1, failureCount = 0]
2025-05-04T21:52:29.395-04:00 DEBUG 13764 --- [pedido] [           main] org.springframework.test.context.cache   : Spring test ApplicationContext cache statistics: [DefaultContextCache@49c72fb7 size = 1, maxSize = 32, parentContextCount = 0, hitCount = 53, missCount = 1, failureCount = 0]
2025-05-04T21:52:29.395-04:00 DEBUG 13764 --- [pedido] [           main] org.springframework.test.context.cache   : Spring test ApplicationContext cache statistics: [DefaultContextCache@49c72fb7 size = 1, maxSize = 32, parentContextCount = 0, hitCount = 54, missCount = 1, failureCount = 0]
2025-05-04T21:52:29.395-04:00 DEBUG 13764 --- [pedido] [           main] org.springframework.test.context.cache   : Spring test ApplicationContext cache statistics: [DefaultContextCache@49c72fb7 size = 1, maxSize = 32, parentContextCount = 0, hitCount = 55, missCount = 1, failureCount = 0]
2025-05-04T21:52:29.396-04:00 DEBUG 13764 --- [pedido] [           main] o.s.orm.jpa.JpaTransactionManager        : Initiating transaction rollback
2025-05-04T21:52:29.396-04:00 DEBUG 13764 --- [pedido] [           main] o.s.orm.jpa.JpaTransactionManager        : Rolling back JPA transaction on EntityManager [SessionImpl(1434796930<open>)]
2025-05-04T21:52:29.396-04:00 DEBUG 13764 --- [pedido] [           main] o.h.e.t.internal.TransactionImpl         : rolling back
2025-05-04T21:52:29.405-04:00 DEBUG 13764 --- [pedido] [           main] o.s.orm.jpa.JpaTransactionManager        : Closing JPA EntityManager [SessionImpl(1434796930<open>)] after transaction
2025-05-04T21:52:29.405-04:00 DEBUG 13764 --- [pedido] [           main] o.s.t.c.transaction.TransactionContext   : Rolled back transaction (1) for test class [com.pedido.pedido.repository.PedidoRepositoryTest]; test method [aumentarConteoAlGuardarPedido]
2025-05-04T21:52:29.405-04:00 DEBUG 13764 --- [pedido] [           main] .c.s.DirtiesContextTestExecutionListener : After test method: class [PedidoRepositoryTest], method [aumentarConteoAlGuardarPedido], class annotated with @DirtiesContext [false] with mode [null], method annotated with @DirtiesContext [false] with mode [null]
]]></system-out>
  </testcase>
  <testcase name="lanzarErrorAlGuardarPedidoSinNombreDestinatario" classname="com.pedido.pedido.repository.PedidoRepositoryTest" time="0.018">
    <system-out><![CDATA[2025-05-04T21:52:29.406-04:00 DEBUG 13764 --- [pedido] [           main] DependencyInjectionTestExecutionListener : Performing dependency injection for test class com.pedido.pedido.repository.PedidoRepositoryTest
2025-05-04T21:52:29.406-04:00 DEBUG 13764 --- [pedido] [           main] org.springframework.test.context.cache   : Spring test ApplicationContext cache statistics: [DefaultContextCache@49c72fb7 size = 1, maxSize = 32, parentContextCount = 0, hitCount = 56, missCount = 1, failureCount = 0]
2025-05-04T21:52:29.406-04:00 DEBUG 13764 --- [pedido] [           main] org.springframework.test.context.cache   : Spring test ApplicationContext cache statistics: [DefaultContextCache@49c72fb7 size = 1, maxSize = 32, parentContextCount = 0, hitCount = 57, missCount = 1, failureCount = 0]
2025-05-04T21:52:29.407-04:00 DEBUG 13764 --- [pedido] [           main] sContextBeforeModesTestExecutionListener : Before test method: class [PedidoRepositoryTest], method [lanzarErrorAlGuardarPedidoSinNombreDestinatario], class annotated with @DirtiesContext [false] with mode [null], method annotated with @DirtiesContext [false] with mode [null]
2025-05-04T21:52:29.407-04:00 DEBUG 13764 --- [pedido] [           main] t.c.t.TransactionalTestExecutionListener : Explicit transaction definition [PROPAGATION_REQUIRED,ISOLATION_DEFAULT] found for test class [com.pedido.pedido.repository.PedidoRepositoryTest] and test method [lanzarErrorAlGuardarPedidoSinNombreDestinatario]
2025-05-04T21:52:29.407-04:00 DEBUG 13764 --- [pedido] [           main] org.springframework.test.context.cache   : Spring test ApplicationContext cache statistics: [DefaultContextCache@49c72fb7 size = 1, maxSize = 32, parentContextCount = 0, hitCount = 58, missCount = 1, failureCount = 0]
2025-05-04T21:52:29.407-04:00 DEBUG 13764 --- [pedido] [           main] t.c.t.TransactionalTestExecutionListener : No method-level @Rollback override: using default rollback [true] for test method [public void com.pedido.pedido.repository.PedidoRepositoryTest.lanzarErrorAlGuardarPedidoSinNombreDestinatario()]
2025-05-04T21:52:29.407-04:00 DEBUG 13764 --- [pedido] [           main] o.s.orm.jpa.JpaTransactionManager        : Creating new transaction with name [com.pedido.pedido.repository.PedidoRepositoryTest.lanzarErrorAlGuardarPedidoSinNombreDestinatario]: PROPAGATION_REQUIRED,ISOLATION_DEFAULT
2025-05-04T21:52:29.407-04:00 DEBUG 13764 --- [pedido] [           main] o.s.orm.jpa.JpaTransactionManager        : Opened new EntityManager [SessionImpl(1534995080<open>)] for JPA transaction
2025-05-04T21:52:29.407-04:00 DEBUG 13764 --- [pedido] [           main] o.h.e.t.internal.TransactionImpl         : On TransactionImpl creation, JpaCompliance#isJpaTransactionComplianceEnabled == false
2025-05-04T21:52:29.407-04:00 DEBUG 13764 --- [pedido] [           main] o.h.e.t.internal.TransactionImpl         : begin
2025-05-04T21:52:29.407-04:00 DEBUG 13764 --- [pedido] [           main] o.s.orm.jpa.JpaTransactionManager        : Exposing JPA transaction as JDBC [org.springframework.orm.jpa.vendor.HibernateJpaDialect$HibernateConnectionHandle@6984f7d1]
2025-05-04T21:52:29.407-04:00 DEBUG 13764 --- [pedido] [           main] o.s.t.c.transaction.TransactionContext   : Began transaction (1) for test class [com.pedido.pedido.repository.PedidoRepositoryTest]; test method [lanzarErrorAlGuardarPedidoSinNombreDestinatario]; transaction manager [org.springframework.orm.jpa.JpaTransactionManager@470ad01c]; rollback [true]
2025-05-04T21:52:29.407-04:00 DEBUG 13764 --- [pedido] [           main] org.springframework.test.context.cache   : Spring test ApplicationContext cache statistics: [DefaultContextCache@49c72fb7 size = 1, maxSize = 32, parentContextCount = 0, hitCount = 59, missCount = 1, failureCount = 0]
2025-05-04T21:52:29.407-04:00 DEBUG 13764 --- [pedido] [           main] org.springframework.test.context.cache   : Spring test ApplicationContext cache statistics: [DefaultContextCache@49c72fb7 size = 1, maxSize = 32, parentContextCount = 0, hitCount = 60, missCount = 1, failureCount = 0]
2025-05-04T21:52:29.408-04:00 DEBUG 13764 --- [pedido] [           main] org.springframework.test.context.cache   : Spring test ApplicationContext cache statistics: [DefaultContextCache@49c72fb7 size = 1, maxSize = 32, parentContextCount = 0, hitCount = 61, missCount = 1, failureCount = 0]
2025-05-04T21:52:29.408-04:00 DEBUG 13764 --- [pedido] [           main] org.springframework.test.context.cache   : Spring test ApplicationContext cache statistics: [DefaultContextCache@49c72fb7 size = 1, maxSize = 32, parentContextCount = 0, hitCount = 62, missCount = 1, failureCount = 0]
2025-05-04T21:52:29.408-04:00 DEBUG 13764 --- [pedido] [           main] o.s.orm.jpa.JpaTransactionManager        : Found thread-bound EntityManager [SessionImpl(1534995080<open>)] for JPA transaction
2025-05-04T21:52:29.408-04:00 DEBUG 13764 --- [pedido] [           main] o.s.orm.jpa.JpaTransactionManager        : Participating in existing transaction
2025-05-04T21:52:29.408-04:00 DEBUG 13764 --- [pedido] [           main] o.h.j.internal.PersistenceUnitUtilImpl   : jakarta.persistence.PersistenceUnitUtil.getIdentifier is only intended to work with enhanced entities (although Hibernate also adapts this support to its proxies); however the passed entity was not enhanced (nor a proxy).. may not be able to read identifier
2025-05-04T21:52:29.408-04:00 DEBUG 13764 --- [pedido] [           main] org.hibernate.engine.spi.ActionQueue     : Executing identity-insert immediately
2025-05-04T21:52:29.409-04:00 DEBUG 13764 --- [pedido] [           main] o.h.v.r.PlatformResourceBundleLocator    : ValidationMessages not found.
2025-05-04T21:52:29.410-04:00 DEBUG 13764 --- [pedido] [           main] o.h.v.r.PlatformResourceBundleLocator    : ContributorValidationMessages not found.
2025-05-04T21:52:29.410-04:00 DEBUG 13764 --- [pedido] [           main] o.h.v.r.PlatformResourceBundleLocator    : org.hibernate.validator.ValidationMessages found.
2025-05-04T21:52:29.412-04:00 DEBUG 13764 --- [pedido] [           main] cResourceLocalTransactionCoordinatorImpl : JDBC transaction marked for rollback-only (exception provided for stack trace)

java.lang.Exception: exception just for purpose of providing stack trace
	at org.hibernate.resource.transaction.backend.jdbc.internal.JdbcResourceLocalTransactionCoordinatorImpl$TransactionDriverControlImpl.markRollbackOnly(JdbcResourceLocalTransactionCoordinatorImpl.java:309) ~[hibernate-core-6.6.11.Final.jar:6.6.11.Final]
	at org.hibernate.engine.transaction.internal.TransactionImpl.markRollbackOnly(TransactionImpl.java:203) ~[hibernate-core-6.6.11.Final.jar:6.6.11.Final]
	at org.hibernate.internal.AbstractSharedSessionContract.markForRollbackOnly(AbstractSharedSessionContract.java:543) ~[hibernate-core-6.6.11.Final.jar:6.6.11.Final]
	at org.hibernate.internal.ExceptionConverterImpl.convert(ExceptionConverterImpl.java:176) ~[hibernate-core-6.6.11.Final.jar:6.6.11.Final]
	at org.hibernate.internal.SessionImpl.firePersist(SessionImpl.java:767) ~[hibernate-core-6.6.11.Final.jar:6.6.11.Final]
	at org.hibernate.internal.SessionImpl.persist(SessionImpl.java:745) ~[hibernate-core-6.6.11.Final.jar:6.6.11.Final]
	at java.base/jdk.internal.reflect.DirectMethodHandleAccessor.invoke(DirectMethodHandleAccessor.java:103) ~[na:na]
	at java.base/java.lang.reflect.Method.invoke(Method.java:580) ~[na:na]
	at org.springframework.orm.jpa.SharedEntityManagerCreator$SharedEntityManagerInvocationHandler.invoke(SharedEntityManagerCreator.java:320) ~[spring-orm-6.2.5.jar:6.2.5]
	at jdk.proxy2/jdk.proxy2.$Proxy120.persist(Unknown Source) ~[na:na]
	at org.springframework.data.jpa.repository.support.SimpleJpaRepository.save(SimpleJpaRepository.java:636) ~[spring-data-jpa-3.4.4.jar:3.4.4]
	at java.base/jdk.internal.reflect.DirectMethodHandleAccessor.invoke(DirectMethodHandleAccessor.java:103) ~[na:na]
	at java.base/java.lang.reflect.Method.invoke(Method.java:580) ~[na:na]
	at org.springframework.aop.support.AopUtils.invokeJoinpointUsingReflection(AopUtils.java:359) ~[spring-aop-6.2.5.jar:6.2.5]
	at org.springframework.data.repository.core.support.RepositoryMethodInvoker$RepositoryFragmentMethodInvoker.lambda$new$0(RepositoryMethodInvoker.java:277) ~[spring-data-commons-3.4.4.jar:3.4.4]
	at org.springframework.data.repository.core.support.RepositoryMethodInvoker.doInvoke(RepositoryMethodInvoker.java:170) ~[spring-data-commons-3.4.4.jar:3.4.4]
	at org.springframework.data.repository.core.support.RepositoryMethodInvoker.invoke(RepositoryMethodInvoker.java:158) ~[spring-data-commons-3.4.4.jar:3.4.4]
	at org.springframework.data.repository.core.support.RepositoryComposition$RepositoryFragments.invoke(RepositoryComposition.java:515) ~[spring-data-commons-3.4.4.jar:3.4.4]
	at org.springframework.data.repository.core.support.RepositoryComposition.invoke(RepositoryComposition.java:284) ~[spring-data-commons-3.4.4.jar:3.4.4]
	at org.springframework.data.repository.core.support.RepositoryFactorySupport$ImplementationMethodExecutionInterceptor.invoke(RepositoryFactorySupport.java:731) ~[spring-data-commons-3.4.4.jar:3.4.4]
	at org.springframework.aop.framework.ReflectiveMethodInvocation.proceed(ReflectiveMethodInvocation.java:184) ~[spring-aop-6.2.5.jar:6.2.5]
	at org.springframework.data.repository.core.support.QueryExecutorMethodInterceptor.doInvoke(QueryExecutorMethodInterceptor.java:174) ~[spring-data-commons-3.4.4.jar:3.4.4]
	at org.springframework.data.repository.core.support.QueryExecutorMethodInterceptor.invoke(QueryExecutorMethodInterceptor.java:149) ~[spring-data-commons-3.4.4.jar:3.4.4]
	at org.springframework.aop.framework.ReflectiveMethodInvocation.proceed(ReflectiveMethodInvocation.java:184) ~[spring-aop-6.2.5.jar:6.2.5]
	at org.springframework.data.projection.DefaultMethodInvokingMethodInterceptor.invoke(DefaultMethodInvokingMethodInterceptor.java:69) ~[spring-data-commons-3.4.4.jar:3.4.4]
	at org.springframework.aop.framework.ReflectiveMethodInvocation.proceed(ReflectiveMethodInvocation.java:184) ~[spring-aop-6.2.5.jar:6.2.5]
	at org.springframework.transaction.interceptor.TransactionAspectSupport.invokeWithinTransaction(TransactionAspectSupport.java:380) ~[spring-tx-6.2.5.jar:6.2.5]
	at org.springframework.transaction.interceptor.TransactionInterceptor.invoke(TransactionInterceptor.java:119) ~[spring-tx-6.2.5.jar:6.2.5]
	at org.springframework.aop.framework.ReflectiveMethodInvocation.proceed(ReflectiveMethodInvocation.java:184) ~[spring-aop-6.2.5.jar:6.2.5]
	at org.springframework.dao.support.PersistenceExceptionTranslationInterceptor.invoke(PersistenceExceptionTranslationInterceptor.java:138) ~[spring-tx-6.2.5.jar:6.2.5]
	at org.springframework.aop.framework.ReflectiveMethodInvocation.proceed(ReflectiveMethodInvocation.java:184) ~[spring-aop-6.2.5.jar:6.2.5]
	at org.springframework.data.jpa.repository.support.CrudMethodMetadataPostProcessor$CrudMethodMetadataPopulatingMethodInterceptor.invoke(CrudMethodMetadataPostProcessor.java:165) ~[spring-data-jpa-3.4.4.jar:3.4.4]
	at org.springframework.aop.framework.ReflectiveMethodInvocation.proceed(ReflectiveMethodInvocation.java:184) ~[spring-aop-6.2.5.jar:6.2.5]
	at org.springframework.aop.framework.JdkDynamicAopProxy.invoke(JdkDynamicAopProxy.java:223) ~[spring-aop-6.2.5.jar:6.2.5]
	at jdk.proxy2/jdk.proxy2.$Proxy126.save(Unknown Source) ~[na:na]
	at com.pedido.pedido.repository.PedidoRepositoryTest.lambda$lanzarErrorAlGuardarPedidoSinNombreDestinatario$0(PedidoRepositoryTest.java:105) ~[test-classes/:na]
	at org.junit.jupiter.api.AssertThrows.assertThrows(AssertThrows.java:53) ~[junit-jupiter-api-5.11.4.jar:5.11.4]
	at org.junit.jupiter.api.AssertThrows.assertThrows(AssertThrows.java:35) ~[junit-jupiter-api-5.11.4.jar:5.11.4]
	at org.junit.jupiter.api.Assertions.assertThrows(Assertions.java:3128) ~[junit-jupiter-api-5.11.4.jar:5.11.4]
	at com.pedido.pedido.repository.PedidoRepositoryTest.lanzarErrorAlGuardarPedidoSinNombreDestinatario(PedidoRepositoryTest.java:104) ~[test-classes/:na]
	at java.base/jdk.internal.reflect.DirectMethodHandleAccessor.invoke(DirectMethodHandleAccessor.java:103) ~[na:na]
	at java.base/java.lang.reflect.Method.invoke(Method.java:580) ~[na:na]
	at org.junit.platform.commons.util.ReflectionUtils.invokeMethod(ReflectionUtils.java:767) ~[junit-platform-commons-1.11.4.jar:1.11.4]
	at org.junit.jupiter.engine.execution.MethodInvocation.proceed(MethodInvocation.java:60) ~[junit-jupiter-engine-5.11.4.jar:5.11.4]
	at org.junit.jupiter.engine.execution.InvocationInterceptorChain$ValidatingInvocation.proceed(InvocationInterceptorChain.java:131) ~[junit-jupiter-engine-5.11.4.jar:5.11.4]
	at org.junit.jupiter.engine.extension.TimeoutExtension.intercept(TimeoutExtension.java:156) ~[junit-jupiter-engine-5.11.4.jar:5.11.4]
	at org.junit.jupiter.engine.extension.TimeoutExtension.interceptTestableMethod(TimeoutExtension.java:147) ~[junit-jupiter-engine-5.11.4.jar:5.11.4]
	at org.junit.jupiter.engine.extension.TimeoutExtension.interceptTestMethod(TimeoutExtension.java:86) ~[junit-jupiter-engine-5.11.4.jar:5.11.4]
	at org.junit.jupiter.engine.execution.InterceptingExecutableInvoker$ReflectiveInterceptorCall.lambda$ofVoidMethod$0(InterceptingExecutableInvoker.java:103) ~[junit-jupiter-engine-5.11.4.jar:5.11.4]
	at org.junit.jupiter.engine.execution.InterceptingExecutableInvoker.lambda$invoke$0(InterceptingExecutableInvoker.java:93) ~[junit-jupiter-engine-5.11.4.jar:5.11.4]
	at org.junit.jupiter.engine.execution.InvocationInterceptorChain$InterceptedInvocation.proceed(InvocationInterceptorChain.java:106) ~[junit-jupiter-engine-5.11.4.jar:5.11.4]
	at org.junit.jupiter.engine.execution.InvocationInterceptorChain.proceed(InvocationInterceptorChain.java:64) ~[junit-jupiter-engine-5.11.4.jar:5.11.4]
	at org.junit.jupiter.engine.execution.InvocationInterceptorChain.chainAndInvoke(InvocationInterceptorChain.java:45) ~[junit-jupiter-engine-5.11.4.jar:5.11.4]
	at org.junit.jupiter.engine.execution.InvocationInterceptorChain.invoke(InvocationInterceptorChain.java:37) ~[junit-jupiter-engine-5.11.4.jar:5.11.4]
	at org.junit.jupiter.engine.execution.InterceptingExecutableInvoker.invoke(InterceptingExecutableInvoker.java:92) ~[junit-jupiter-engine-5.11.4.jar:5.11.4]
	at org.junit.jupiter.engine.execution.InterceptingExecutableInvoker.invoke(InterceptingExecutableInvoker.java:86) ~[junit-jupiter-engine-5.11.4.jar:5.11.4]
	at org.junit.jupiter.engine.descriptor.TestMethodTestDescriptor.lambda$invokeTestMethod$8(TestMethodTestDescriptor.java:217) ~[junit-jupiter-engine-5.11.4.jar:5.11.4]
	at org.junit.platform.engine.support.hierarchical.ThrowableCollector.execute(ThrowableCollector.java:73) ~[junit-platform-engine-1.11.4.jar:1.11.4]
	at org.junit.jupiter.engine.descriptor.TestMethodTestDescriptor.invokeTestMethod(TestMethodTestDescriptor.java:213) ~[junit-jupiter-engine-5.11.4.jar:5.11.4]
	at org.junit.jupiter.engine.descriptor.TestMethodTestDescriptor.execute(TestMethodTestDescriptor.java:138) ~[junit-jupiter-engine-5.11.4.jar:5.11.4]
	at org.junit.jupiter.engine.descriptor.TestMethodTestDescriptor.execute(TestMethodTestDescriptor.java:68) ~[junit-jupiter-engine-5.11.4.jar:5.11.4]
	at org.junit.platform.engine.support.hierarchical.NodeTestTask.lambda$executeRecursively$6(NodeTestTask.java:156) ~[junit-platform-engine-1.11.4.jar:1.11.4]
	at org.junit.platform.engine.support.hierarchical.ThrowableCollector.execute(ThrowableCollector.java:73) ~[junit-platform-engine-1.11.4.jar:1.11.4]
	at org.junit.platform.engine.support.hierarchical.NodeTestTask.lambda$executeRecursively$8(NodeTestTask.java:146) ~[junit-platform-engine-1.11.4.jar:1.11.4]
	at org.junit.platform.engine.support.hierarchical.Node.around(Node.java:137) ~[junit-platform-engine-1.11.4.jar:1.11.4]
	at org.junit.platform.engine.support.hierarchical.NodeTestTask.lambda$executeRecursively$9(NodeTestTask.java:144) ~[junit-platform-engine-1.11.4.jar:1.11.4]
	at org.junit.platform.engine.support.hierarchical.ThrowableCollector.execute(ThrowableCollector.java:73) ~[junit-platform-engine-1.11.4.jar:1.11.4]
	at org.junit.platform.engine.support.hierarchical.NodeTestTask.executeRecursively(NodeTestTask.java:143) ~[junit-platform-engine-1.11.4.jar:1.11.4]
	at org.junit.platform.engine.support.hierarchical.NodeTestTask.execute(NodeTestTask.java:100) ~[junit-platform-engine-1.11.4.jar:1.11.4]
	at java.base/java.util.ArrayList.forEach(ArrayList.java:1596) ~[na:na]
	at org.junit.platform.engine.support.hierarchical.SameThreadHierarchicalTestExecutorService.invokeAll(SameThreadHierarchicalTestExecutorService.java:41) ~[junit-platform-engine-1.11.4.jar:1.11.4]
	at org.junit.platform.engine.support.hierarchical.NodeTestTask.lambda$executeRecursively$6(NodeTestTask.java:160) ~[junit-platform-engine-1.11.4.jar:1.11.4]
	at org.junit.platform.engine.support.hierarchical.ThrowableCollector.execute(ThrowableCollector.java:73) ~[junit-platform-engine-1.11.4.jar:1.11.4]
	at org.junit.platform.engine.support.hierarchical.NodeTestTask.lambda$executeRecursively$8(NodeTestTask.java:146) ~[junit-platform-engine-1.11.4.jar:1.11.4]
	at org.junit.platform.engine.support.hierarchical.Node.around(Node.java:137) ~[junit-platform-engine-1.11.4.jar:1.11.4]
	at org.junit.platform.engine.support.hierarchical.NodeTestTask.lambda$executeRecursively$9(NodeTestTask.java:144) ~[junit-platform-engine-1.11.4.jar:1.11.4]
	at org.junit.platform.engine.support.hierarchical.ThrowableCollector.execute(ThrowableCollector.java:73) ~[junit-platform-engine-1.11.4.jar:1.11.4]
	at org.junit.platform.engine.support.hierarchical.NodeTestTask.executeRecursively(NodeTestTask.java:143) ~[junit-platform-engine-1.11.4.jar:1.11.4]
	at org.junit.platform.engine.support.hierarchical.NodeTestTask.execute(NodeTestTask.java:100) ~[junit-platform-engine-1.11.4.jar:1.11.4]
	at java.base/java.util.ArrayList.forEach(ArrayList.java:1596) ~[na:na]
	at org.junit.platform.engine.support.hierarchical.SameThreadHierarchicalTestExecutorService.invokeAll(SameThreadHierarchicalTestExecutorService.java:41) ~[junit-platform-engine-1.11.4.jar:1.11.4]
	at org.junit.platform.engine.support.hierarchical.NodeTestTask.lambda$executeRecursively$6(NodeTestTask.java:160) ~[junit-platform-engine-1.11.4.jar:1.11.4]
	at org.junit.platform.engine.support.hierarchical.ThrowableCollector.execute(ThrowableCollector.java:73) ~[junit-platform-engine-1.11.4.jar:1.11.4]
	at org.junit.platform.engine.support.hierarchical.NodeTestTask.lambda$executeRecursively$8(NodeTestTask.java:146) ~[junit-platform-engine-1.11.4.jar:1.11.4]
	at org.junit.platform.engine.support.hierarchical.Node.around(Node.java:137) ~[junit-platform-engine-1.11.4.jar:1.11.4]
	at org.junit.platform.engine.support.hierarchical.NodeTestTask.lambda$executeRecursively$9(NodeTestTask.java:144) ~[junit-platform-engine-1.11.4.jar:1.11.4]
	at org.junit.platform.engine.support.hierarchical.ThrowableCollector.execute(ThrowableCollector.java:73) ~[junit-platform-engine-1.11.4.jar:1.11.4]
	at org.junit.platform.engine.support.hierarchical.NodeTestTask.executeRecursively(NodeTestTask.java:143) ~[junit-platform-engine-1.11.4.jar:1.11.4]
	at org.junit.platform.engine.support.hierarchical.NodeTestTask.execute(NodeTestTask.java:100) ~[junit-platform-engine-1.11.4.jar:1.11.4]
	at org.junit.platform.engine.support.hierarchical.SameThreadHierarchicalTestExecutorService.submit(SameThreadHierarchicalTestExecutorService.java:35) ~[junit-platform-engine-1.11.4.jar:1.11.4]
	at org.junit.platform.engine.support.hierarchical.HierarchicalTestExecutor.execute(HierarchicalTestExecutor.java:57) ~[junit-platform-engine-1.11.4.jar:1.11.4]
	at org.junit.platform.engine.support.hierarchical.HierarchicalTestEngine.execute(HierarchicalTestEngine.java:54) ~[junit-platform-engine-1.11.4.jar:1.11.4]
	at org.junit.platform.launcher.core.EngineExecutionOrchestrator.execute(EngineExecutionOrchestrator.java:198) ~[junit-platform-launcher-1.11.4.jar:1.11.4]
	at org.junit.platform.launcher.core.EngineExecutionOrchestrator.execute(EngineExecutionOrchestrator.java:169) ~[junit-platform-launcher-1.11.4.jar:1.11.4]
	at org.junit.platform.launcher.core.EngineExecutionOrchestrator.execute(EngineExecutionOrchestrator.java:93) ~[junit-platform-launcher-1.11.4.jar:1.11.4]
	at org.junit.platform.launcher.core.EngineExecutionOrchestrator.lambda$execute$0(EngineExecutionOrchestrator.java:58) ~[junit-platform-launcher-1.11.4.jar:1.11.4]
	at org.junit.platform.launcher.core.EngineExecutionOrchestrator.withInterceptedStreams(EngineExecutionOrchestrator.java:141) ~[junit-platform-launcher-1.11.4.jar:1.11.4]
	at org.junit.platform.launcher.core.EngineExecutionOrchestrator.execute(EngineExecutionOrchestrator.java:57) ~[junit-platform-launcher-1.11.4.jar:1.11.4]
	at org.junit.platform.launcher.core.DefaultLauncher.execute(DefaultLauncher.java:103) ~[junit-platform-launcher-1.11.4.jar:1.11.4]
	at org.junit.platform.launcher.core.DefaultLauncher.execute(DefaultLauncher.java:85) ~[junit-platform-launcher-1.11.4.jar:1.11.4]
	at org.junit.platform.launcher.core.DelegatingLauncher.execute(DelegatingLauncher.java:47) ~[junit-platform-launcher-1.11.4.jar:1.11.4]
	at org.apache.maven.surefire.junitplatform.LazyLauncher.execute(LazyLauncher.java:56) ~[surefire-junit-platform-3.5.2.jar:3.5.2]
	at org.apache.maven.surefire.junitplatform.JUnitPlatformProvider.execute(JUnitPlatformProvider.java:184) ~[surefire-junit-platform-3.5.2.jar:3.5.2]
	at org.apache.maven.surefire.junitplatform.JUnitPlatformProvider.invokeAllTests(JUnitPlatformProvider.java:148) ~[surefire-junit-platform-3.5.2.jar:3.5.2]
	at org.apache.maven.surefire.junitplatform.JUnitPlatformProvider.invoke(JUnitPlatformProvider.java:122) ~[surefire-junit-platform-3.5.2.jar:3.5.2]
	at org.apache.maven.surefire.booter.ForkedBooter.runSuitesInProcess(ForkedBooter.java:385) ~[surefire-booter-3.5.2.jar:3.5.2]
	at org.apache.maven.surefire.booter.ForkedBooter.execute(ForkedBooter.java:162) ~[surefire-booter-3.5.2.jar:3.5.2]
	at org.apache.maven.surefire.booter.ForkedBooter.run(ForkedBooter.java:507) ~[surefire-booter-3.5.2.jar:3.5.2]
	at org.apache.maven.surefire.booter.ForkedBooter.main(ForkedBooter.java:495) ~[surefire-booter-3.5.2.jar:3.5.2]

2025-05-04T21:52:29.415-04:00 DEBUG 13764 --- [pedido] [           main] o.s.orm.jpa.JpaTransactionManager        : Participating transaction failed - marking existing transaction as rollback-only
2025-05-04T21:52:29.415-04:00 DEBUG 13764 --- [pedido] [           main] o.s.orm.jpa.JpaTransactionManager        : Setting JPA transaction on EntityManager [SessionImpl(1534995080<open>)] rollback-only
2025-05-04T21:52:29.415-04:00 DEBUG 13764 --- [pedido] [           main] cResourceLocalTransactionCoordinatorImpl : JDBC transaction marked for rollback-only (exception provided for stack trace)

java.lang.Exception: exception just for purpose of providing stack trace
	at org.hibernate.resource.transaction.backend.jdbc.internal.JdbcResourceLocalTransactionCoordinatorImpl$TransactionDriverControlImpl.markRollbackOnly(JdbcResourceLocalTransactionCoordinatorImpl.java:309) ~[hibernate-core-6.6.11.Final.jar:6.6.11.Final]
	at org.hibernate.engine.transaction.internal.TransactionImpl.markRollbackOnly(TransactionImpl.java:203) ~[hibernate-core-6.6.11.Final.jar:6.6.11.Final]
	at org.hibernate.engine.transaction.internal.TransactionImpl.setRollbackOnly(TransactionImpl.java:224) ~[hibernate-core-6.6.11.Final.jar:6.6.11.Final]
	at org.springframework.orm.jpa.JpaTransactionManager$JpaTransactionObject.setRollbackOnly(JpaTransactionManager.java:716) ~[spring-orm-6.2.5.jar:6.2.5]
	at org.springframework.orm.jpa.JpaTransactionManager.doSetRollbackOnly(JpaTransactionManager.java:615) ~[spring-orm-6.2.5.jar:6.2.5]
	at org.springframework.transaction.support.AbstractPlatformTransactionManager.processRollback(AbstractPlatformTransactionManager.java:906) ~[spring-tx-6.2.5.jar:6.2.5]
	at org.springframework.transaction.support.AbstractPlatformTransactionManager.rollback(AbstractPlatformTransactionManager.java:866) ~[spring-tx-6.2.5.jar:6.2.5]
	at org.springframework.transaction.interceptor.TransactionAspectSupport.completeTransactionAfterThrowing(TransactionAspectSupport.java:716) ~[spring-tx-6.2.5.jar:6.2.5]
	at org.springframework.transaction.interceptor.TransactionAspectSupport.invokeWithinTransaction(TransactionAspectSupport.java:384) ~[spring-tx-6.2.5.jar:6.2.5]
	at org.springframework.transaction.interceptor.TransactionInterceptor.invoke(TransactionInterceptor.java:119) ~[spring-tx-6.2.5.jar:6.2.5]
	at org.springframework.aop.framework.ReflectiveMethodInvocation.proceed(ReflectiveMethodInvocation.java:184) ~[spring-aop-6.2.5.jar:6.2.5]
	at org.springframework.dao.support.PersistenceExceptionTranslationInterceptor.invoke(PersistenceExceptionTranslationInterceptor.java:138) ~[spring-tx-6.2.5.jar:6.2.5]
	at org.springframework.aop.framework.ReflectiveMethodInvocation.proceed(ReflectiveMethodInvocation.java:184) ~[spring-aop-6.2.5.jar:6.2.5]
	at org.springframework.data.jpa.repository.support.CrudMethodMetadataPostProcessor$CrudMethodMetadataPopulatingMethodInterceptor.invoke(CrudMethodMetadataPostProcessor.java:165) ~[spring-data-jpa-3.4.4.jar:3.4.4]
	at org.springframework.aop.framework.ReflectiveMethodInvocation.proceed(ReflectiveMethodInvocation.java:184) ~[spring-aop-6.2.5.jar:6.2.5]
	at org.springframework.aop.framework.JdkDynamicAopProxy.invoke(JdkDynamicAopProxy.java:223) ~[spring-aop-6.2.5.jar:6.2.5]
	at jdk.proxy2/jdk.proxy2.$Proxy126.save(Unknown Source) ~[na:na]
	at com.pedido.pedido.repository.PedidoRepositoryTest.lambda$lanzarErrorAlGuardarPedidoSinNombreDestinatario$0(PedidoRepositoryTest.java:105) ~[test-classes/:na]
	at org.junit.jupiter.api.AssertThrows.assertThrows(AssertThrows.java:53) ~[junit-jupiter-api-5.11.4.jar:5.11.4]
	at org.junit.jupiter.api.AssertThrows.assertThrows(AssertThrows.java:35) ~[junit-jupiter-api-5.11.4.jar:5.11.4]
	at org.junit.jupiter.api.Assertions.assertThrows(Assertions.java:3128) ~[junit-jupiter-api-5.11.4.jar:5.11.4]
	at com.pedido.pedido.repository.PedidoRepositoryTest.lanzarErrorAlGuardarPedidoSinNombreDestinatario(PedidoRepositoryTest.java:104) ~[test-classes/:na]
	at java.base/jdk.internal.reflect.DirectMethodHandleAccessor.invoke(DirectMethodHandleAccessor.java:103) ~[na:na]
	at java.base/java.lang.reflect.Method.invoke(Method.java:580) ~[na:na]
	at org.junit.platform.commons.util.ReflectionUtils.invokeMethod(ReflectionUtils.java:767) ~[junit-platform-commons-1.11.4.jar:1.11.4]
	at org.junit.jupiter.engine.execution.MethodInvocation.proceed(MethodInvocation.java:60) ~[junit-jupiter-engine-5.11.4.jar:5.11.4]
	at org.junit.jupiter.engine.execution.InvocationInterceptorChain$ValidatingInvocation.proceed(InvocationInterceptorChain.java:131) ~[junit-jupiter-engine-5.11.4.jar:5.11.4]
	at org.junit.jupiter.engine.extension.TimeoutExtension.intercept(TimeoutExtension.java:156) ~[junit-jupiter-engine-5.11.4.jar:5.11.4]
	at org.junit.jupiter.engine.extension.TimeoutExtension.interceptTestableMethod(TimeoutExtension.java:147) ~[junit-jupiter-engine-5.11.4.jar:5.11.4]
	at org.junit.jupiter.engine.extension.TimeoutExtension.interceptTestMethod(TimeoutExtension.java:86) ~[junit-jupiter-engine-5.11.4.jar:5.11.4]
	at org.junit.jupiter.engine.execution.InterceptingExecutableInvoker$ReflectiveInterceptorCall.lambda$ofVoidMethod$0(InterceptingExecutableInvoker.java:103) ~[junit-jupiter-engine-5.11.4.jar:5.11.4]
	at org.junit.jupiter.engine.execution.InterceptingExecutableInvoker.lambda$invoke$0(InterceptingExecutableInvoker.java:93) ~[junit-jupiter-engine-5.11.4.jar:5.11.4]
	at org.junit.jupiter.engine.execution.InvocationInterceptorChain$InterceptedInvocation.proceed(InvocationInterceptorChain.java:106) ~[junit-jupiter-engine-5.11.4.jar:5.11.4]
	at org.junit.jupiter.engine.execution.InvocationInterceptorChain.proceed(InvocationInterceptorChain.java:64) ~[junit-jupiter-engine-5.11.4.jar:5.11.4]
	at org.junit.jupiter.engine.execution.InvocationInterceptorChain.chainAndInvoke(InvocationInterceptorChain.java:45) ~[junit-jupiter-engine-5.11.4.jar:5.11.4]
	at org.junit.jupiter.engine.execution.InvocationInterceptorChain.invoke(InvocationInterceptorChain.java:37) ~[junit-jupiter-engine-5.11.4.jar:5.11.4]
	at org.junit.jupiter.engine.execution.InterceptingExecutableInvoker.invoke(InterceptingExecutableInvoker.java:92) ~[junit-jupiter-engine-5.11.4.jar:5.11.4]
	at org.junit.jupiter.engine.execution.InterceptingExecutableInvoker.invoke(InterceptingExecutableInvoker.java:86) ~[junit-jupiter-engine-5.11.4.jar:5.11.4]
	at org.junit.jupiter.engine.descriptor.TestMethodTestDescriptor.lambda$invokeTestMethod$8(TestMethodTestDescriptor.java:217) ~[junit-jupiter-engine-5.11.4.jar:5.11.4]
	at org.junit.platform.engine.support.hierarchical.ThrowableCollector.execute(ThrowableCollector.java:73) ~[junit-platform-engine-1.11.4.jar:1.11.4]
	at org.junit.jupiter.engine.descriptor.TestMethodTestDescriptor.invokeTestMethod(TestMethodTestDescriptor.java:213) ~[junit-jupiter-engine-5.11.4.jar:5.11.4]
	at org.junit.jupiter.engine.descriptor.TestMethodTestDescriptor.execute(TestMethodTestDescriptor.java:138) ~[junit-jupiter-engine-5.11.4.jar:5.11.4]
	at org.junit.jupiter.engine.descriptor.TestMethodTestDescriptor.execute(TestMethodTestDescriptor.java:68) ~[junit-jupiter-engine-5.11.4.jar:5.11.4]
	at org.junit.platform.engine.support.hierarchical.NodeTestTask.lambda$executeRecursively$6(NodeTestTask.java:156) ~[junit-platform-engine-1.11.4.jar:1.11.4]
	at org.junit.platform.engine.support.hierarchical.ThrowableCollector.execute(ThrowableCollector.java:73) ~[junit-platform-engine-1.11.4.jar:1.11.4]
	at org.junit.platform.engine.support.hierarchical.NodeTestTask.lambda$executeRecursively$8(NodeTestTask.java:146) ~[junit-platform-engine-1.11.4.jar:1.11.4]
	at org.junit.platform.engine.support.hierarchical.Node.around(Node.java:137) ~[junit-platform-engine-1.11.4.jar:1.11.4]
	at org.junit.platform.engine.support.hierarchical.NodeTestTask.lambda$executeRecursively$9(NodeTestTask.java:144) ~[junit-platform-engine-1.11.4.jar:1.11.4]
	at org.junit.platform.engine.support.hierarchical.ThrowableCollector.execute(ThrowableCollector.java:73) ~[junit-platform-engine-1.11.4.jar:1.11.4]
	at org.junit.platform.engine.support.hierarchical.NodeTestTask.executeRecursively(NodeTestTask.java:143) ~[junit-platform-engine-1.11.4.jar:1.11.4]
	at org.junit.platform.engine.support.hierarchical.NodeTestTask.execute(NodeTestTask.java:100) ~[junit-platform-engine-1.11.4.jar:1.11.4]
	at java.base/java.util.ArrayList.forEach(ArrayList.java:1596) ~[na:na]
	at org.junit.platform.engine.support.hierarchical.SameThreadHierarchicalTestExecutorService.invokeAll(SameThreadHierarchicalTestExecutorService.java:41) ~[junit-platform-engine-1.11.4.jar:1.11.4]
	at org.junit.platform.engine.support.hierarchical.NodeTestTask.lambda$executeRecursively$6(NodeTestTask.java:160) ~[junit-platform-engine-1.11.4.jar:1.11.4]
	at org.junit.platform.engine.support.hierarchical.ThrowableCollector.execute(ThrowableCollector.java:73) ~[junit-platform-engine-1.11.4.jar:1.11.4]
	at org.junit.platform.engine.support.hierarchical.NodeTestTask.lambda$executeRecursively$8(NodeTestTask.java:146) ~[junit-platform-engine-1.11.4.jar:1.11.4]
	at org.junit.platform.engine.support.hierarchical.Node.around(Node.java:137) ~[junit-platform-engine-1.11.4.jar:1.11.4]
	at org.junit.platform.engine.support.hierarchical.NodeTestTask.lambda$executeRecursively$9(NodeTestTask.java:144) ~[junit-platform-engine-1.11.4.jar:1.11.4]
	at org.junit.platform.engine.support.hierarchical.ThrowableCollector.execute(ThrowableCollector.java:73) ~[junit-platform-engine-1.11.4.jar:1.11.4]
	at org.junit.platform.engine.support.hierarchical.NodeTestTask.executeRecursively(NodeTestTask.java:143) ~[junit-platform-engine-1.11.4.jar:1.11.4]
	at org.junit.platform.engine.support.hierarchical.NodeTestTask.execute(NodeTestTask.java:100) ~[junit-platform-engine-1.11.4.jar:1.11.4]
	at java.base/java.util.ArrayList.forEach(ArrayList.java:1596) ~[na:na]
	at org.junit.platform.engine.support.hierarchical.SameThreadHierarchicalTestExecutorService.invokeAll(SameThreadHierarchicalTestExecutorService.java:41) ~[junit-platform-engine-1.11.4.jar:1.11.4]
	at org.junit.platform.engine.support.hierarchical.NodeTestTask.lambda$executeRecursively$6(NodeTestTask.java:160) ~[junit-platform-engine-1.11.4.jar:1.11.4]
	at org.junit.platform.engine.support.hierarchical.ThrowableCollector.execute(ThrowableCollector.java:73) ~[junit-platform-engine-1.11.4.jar:1.11.4]
	at org.junit.platform.engine.support.hierarchical.NodeTestTask.lambda$executeRecursively$8(NodeTestTask.java:146) ~[junit-platform-engine-1.11.4.jar:1.11.4]
	at org.junit.platform.engine.support.hierarchical.Node.around(Node.java:137) ~[junit-platform-engine-1.11.4.jar:1.11.4]
	at org.junit.platform.engine.support.hierarchical.NodeTestTask.lambda$executeRecursively$9(NodeTestTask.java:144) ~[junit-platform-engine-1.11.4.jar:1.11.4]
	at org.junit.platform.engine.support.hierarchical.ThrowableCollector.execute(ThrowableCollector.java:73) ~[junit-platform-engine-1.11.4.jar:1.11.4]
	at org.junit.platform.engine.support.hierarchical.NodeTestTask.executeRecursively(NodeTestTask.java:143) ~[junit-platform-engine-1.11.4.jar:1.11.4]
	at org.junit.platform.engine.support.hierarchical.NodeTestTask.execute(NodeTestTask.java:100) ~[junit-platform-engine-1.11.4.jar:1.11.4]
	at org.junit.platform.engine.support.hierarchical.SameThreadHierarchicalTestExecutorService.submit(SameThreadHierarchicalTestExecutorService.java:35) ~[junit-platform-engine-1.11.4.jar:1.11.4]
	at org.junit.platform.engine.support.hierarchical.HierarchicalTestExecutor.execute(HierarchicalTestExecutor.java:57) ~[junit-platform-engine-1.11.4.jar:1.11.4]
	at org.junit.platform.engine.support.hierarchical.HierarchicalTestEngine.execute(HierarchicalTestEngine.java:54) ~[junit-platform-engine-1.11.4.jar:1.11.4]
	at org.junit.platform.launcher.core.EngineExecutionOrchestrator.execute(EngineExecutionOrchestrator.java:198) ~[junit-platform-launcher-1.11.4.jar:1.11.4]
	at org.junit.platform.launcher.core.EngineExecutionOrchestrator.execute(EngineExecutionOrchestrator.java:169) ~[junit-platform-launcher-1.11.4.jar:1.11.4]
	at org.junit.platform.launcher.core.EngineExecutionOrchestrator.execute(EngineExecutionOrchestrator.java:93) ~[junit-platform-launcher-1.11.4.jar:1.11.4]
	at org.junit.platform.launcher.core.EngineExecutionOrchestrator.lambda$execute$0(EngineExecutionOrchestrator.java:58) ~[junit-platform-launcher-1.11.4.jar:1.11.4]
	at org.junit.platform.launcher.core.EngineExecutionOrchestrator.withInterceptedStreams(EngineExecutionOrchestrator.java:141) ~[junit-platform-launcher-1.11.4.jar:1.11.4]
	at org.junit.platform.launcher.core.EngineExecutionOrchestrator.execute(EngineExecutionOrchestrator.java:57) ~[junit-platform-launcher-1.11.4.jar:1.11.4]
	at org.junit.platform.launcher.core.DefaultLauncher.execute(DefaultLauncher.java:103) ~[junit-platform-launcher-1.11.4.jar:1.11.4]
	at org.junit.platform.launcher.core.DefaultLauncher.execute(DefaultLauncher.java:85) ~[junit-platform-launcher-1.11.4.jar:1.11.4]
	at org.junit.platform.launcher.core.DelegatingLauncher.execute(DelegatingLauncher.java:47) ~[junit-platform-launcher-1.11.4.jar:1.11.4]
	at org.apache.maven.surefire.junitplatform.LazyLauncher.execute(LazyLauncher.java:56) ~[surefire-junit-platform-3.5.2.jar:3.5.2]
	at org.apache.maven.surefire.junitplatform.JUnitPlatformProvider.execute(JUnitPlatformProvider.java:184) ~[surefire-junit-platform-3.5.2.jar:3.5.2]
	at org.apache.maven.surefire.junitplatform.JUnitPlatformProvider.invokeAllTests(JUnitPlatformProvider.java:148) ~[surefire-junit-platform-3.5.2.jar:3.5.2]
	at org.apache.maven.surefire.junitplatform.JUnitPlatformProvider.invoke(JUnitPlatformProvider.java:122) ~[surefire-junit-platform-3.5.2.jar:3.5.2]
	at org.apache.maven.surefire.booter.ForkedBooter.runSuitesInProcess(ForkedBooter.java:385) ~[surefire-booter-3.5.2.jar:3.5.2]
	at org.apache.maven.surefire.booter.ForkedBooter.execute(ForkedBooter.java:162) ~[surefire-booter-3.5.2.jar:3.5.2]
	at org.apache.maven.surefire.booter.ForkedBooter.run(ForkedBooter.java:507) ~[surefire-booter-3.5.2.jar:3.5.2]
	at org.apache.maven.surefire.booter.ForkedBooter.main(ForkedBooter.java:495) ~[surefire-booter-3.5.2.jar:3.5.2]

2025-05-04T21:52:29.416-04:00 DEBUG 13764 --- [pedido] [           main] org.springframework.test.context.cache   : Spring test ApplicationContext cache statistics: [DefaultContextCache@49c72fb7 size = 1, maxSize = 32, parentContextCount = 0, hitCount = 63, missCount = 1, failureCount = 0]
2025-05-04T21:52:29.416-04:00 DEBUG 13764 --- [pedido] [           main] org.springframework.test.context.cache   : Spring test ApplicationContext cache statistics: [DefaultContextCache@49c72fb7 size = 1, maxSize = 32, parentContextCount = 0, hitCount = 64, missCount = 1, failureCount = 0]
2025-05-04T21:52:29.416-04:00 DEBUG 13764 --- [pedido] [           main] org.springframework.test.context.cache   : Spring test ApplicationContext cache statistics: [DefaultContextCache@49c72fb7 size = 1, maxSize = 32, parentContextCount = 0, hitCount = 65, missCount = 1, failureCount = 0]
2025-05-04T21:52:29.416-04:00 DEBUG 13764 --- [pedido] [           main] org.springframework.test.context.cache   : Spring test ApplicationContext cache statistics: [DefaultContextCache@49c72fb7 size = 1, maxSize = 32, parentContextCount = 0, hitCount = 66, missCount = 1, failureCount = 0]
2025-05-04T21:52:29.416-04:00 DEBUG 13764 --- [pedido] [           main] org.springframework.test.context.cache   : Spring test ApplicationContext cache statistics: [DefaultContextCache@49c72fb7 size = 1, maxSize = 32, parentContextCount = 0, hitCount = 67, missCount = 1, failureCount = 0]
2025-05-04T21:52:29.416-04:00 DEBUG 13764 --- [pedido] [           main] org.springframework.test.context.cache   : Spring test ApplicationContext cache statistics: [DefaultContextCache@49c72fb7 size = 1, maxSize = 32, parentContextCount = 0, hitCount = 68, missCount = 1, failureCount = 0]
2025-05-04T21:52:29.416-04:00 DEBUG 13764 --- [pedido] [           main] org.springframework.test.context.cache   : Spring test ApplicationContext cache statistics: [DefaultContextCache@49c72fb7 size = 1, maxSize = 32, parentContextCount = 0, hitCount = 69, missCount = 1, failureCount = 0]
2025-05-04T21:52:29.416-04:00 DEBUG 13764 --- [pedido] [           main] o.s.orm.jpa.JpaTransactionManager        : Initiating transaction rollback
2025-05-04T21:52:29.417-04:00 DEBUG 13764 --- [pedido] [           main] o.s.orm.jpa.JpaTransactionManager        : Rolling back JPA transaction on EntityManager [SessionImpl(1534995080<open>)]
2025-05-04T21:52:29.417-04:00 DEBUG 13764 --- [pedido] [           main] o.h.e.t.internal.TransactionImpl         : rolling back
2025-05-04T21:52:29.425-04:00 DEBUG 13764 --- [pedido] [           main] o.s.orm.jpa.JpaTransactionManager        : Closing JPA EntityManager [SessionImpl(1534995080<open>)] after transaction
2025-05-04T21:52:29.425-04:00 DEBUG 13764 --- [pedido] [           main] o.s.t.c.transaction.TransactionContext   : Rolled back transaction (1) for test class [com.pedido.pedido.repository.PedidoRepositoryTest]; test method [lanzarErrorAlGuardarPedidoSinNombreDestinatario]
2025-05-04T21:52:29.425-04:00 DEBUG 13764 --- [pedido] [           main] .c.s.DirtiesContextTestExecutionListener : After test method: class [PedidoRepositoryTest], method [lanzarErrorAlGuardarPedidoSinNombreDestinatario], class annotated with @DirtiesContext [false] with mode [null], method annotated with @DirtiesContext [false] with mode [null]
]]></system-out>
  </testcase>
  <testcase name="guardarPedido" classname="com.pedido.pedido.repository.PedidoRepositoryTest" time="0.031">
    <system-out><![CDATA[2025-05-04T21:52:29.425-04:00 DEBUG 13764 --- [pedido] [           main] DependencyInjectionTestExecutionListener : Performing dependency injection for test class com.pedido.pedido.repository.PedidoRepositoryTest
2025-05-04T21:52:29.425-04:00 DEBUG 13764 --- [pedido] [           main] org.springframework.test.context.cache   : Spring test ApplicationContext cache statistics: [DefaultContextCache@49c72fb7 size = 1, maxSize = 32, parentContextCount = 0, hitCount = 70, missCount = 1, failureCount = 0]
2025-05-04T21:52:29.425-04:00 DEBUG 13764 --- [pedido] [           main] org.springframework.test.context.cache   : Spring test ApplicationContext cache statistics: [DefaultContextCache@49c72fb7 size = 1, maxSize = 32, parentContextCount = 0, hitCount = 71, missCount = 1, failureCount = 0]
2025-05-04T21:52:29.426-04:00 DEBUG 13764 --- [pedido] [           main] sContextBeforeModesTestExecutionListener : Before test method: class [PedidoRepositoryTest], method [guardarPedido], class annotated with @DirtiesContext [false] with mode [null], method annotated with @DirtiesContext [false] with mode [null]
2025-05-04T21:52:29.426-04:00 DEBUG 13764 --- [pedido] [           main] t.c.t.TransactionalTestExecutionListener : Explicit transaction definition [PROPAGATION_REQUIRED,ISOLATION_DEFAULT] found for test class [com.pedido.pedido.repository.PedidoRepositoryTest] and test method [guardarPedido]
2025-05-04T21:52:29.426-04:00 DEBUG 13764 --- [pedido] [           main] org.springframework.test.context.cache   : Spring test ApplicationContext cache statistics: [DefaultContextCache@49c72fb7 size = 1, maxSize = 32, parentContextCount = 0, hitCount = 72, missCount = 1, failureCount = 0]
2025-05-04T21:52:29.426-04:00 DEBUG 13764 --- [pedido] [           main] t.c.t.TransactionalTestExecutionListener : No method-level @Rollback override: using default rollback [true] for test method [public void com.pedido.pedido.repository.PedidoRepositoryTest.guardarPedido()]
2025-05-04T21:52:29.426-04:00 DEBUG 13764 --- [pedido] [           main] o.s.orm.jpa.JpaTransactionManager        : Creating new transaction with name [com.pedido.pedido.repository.PedidoRepositoryTest.guardarPedido]: PROPAGATION_REQUIRED,ISOLATION_DEFAULT
2025-05-04T21:52:29.426-04:00 DEBUG 13764 --- [pedido] [           main] o.s.orm.jpa.JpaTransactionManager        : Opened new EntityManager [SessionImpl(1107296920<open>)] for JPA transaction
2025-05-04T21:52:29.426-04:00 DEBUG 13764 --- [pedido] [           main] o.h.e.t.internal.TransactionImpl         : On TransactionImpl creation, JpaCompliance#isJpaTransactionComplianceEnabled == false
2025-05-04T21:52:29.426-04:00 DEBUG 13764 --- [pedido] [           main] o.h.e.t.internal.TransactionImpl         : begin
2025-05-04T21:52:29.426-04:00 DEBUG 13764 --- [pedido] [           main] o.s.orm.jpa.JpaTransactionManager        : Exposing JPA transaction as JDBC [org.springframework.orm.jpa.vendor.HibernateJpaDialect$HibernateConnectionHandle@4df9df06]
2025-05-04T21:52:29.426-04:00 DEBUG 13764 --- [pedido] [           main] o.s.t.c.transaction.TransactionContext   : Began transaction (1) for test class [com.pedido.pedido.repository.PedidoRepositoryTest]; test method [guardarPedido]; transaction manager [org.springframework.orm.jpa.JpaTransactionManager@470ad01c]; rollback [true]
2025-05-04T21:52:29.426-04:00 DEBUG 13764 --- [pedido] [           main] org.springframework.test.context.cache   : Spring test ApplicationContext cache statistics: [DefaultContextCache@49c72fb7 size = 1, maxSize = 32, parentContextCount = 0, hitCount = 73, missCount = 1, failureCount = 0]
2025-05-04T21:52:29.426-04:00 DEBUG 13764 --- [pedido] [           main] org.springframework.test.context.cache   : Spring test ApplicationContext cache statistics: [DefaultContextCache@49c72fb7 size = 1, maxSize = 32, parentContextCount = 0, hitCount = 74, missCount = 1, failureCount = 0]
2025-05-04T21:52:29.426-04:00 DEBUG 13764 --- [pedido] [           main] org.springframework.test.context.cache   : Spring test ApplicationContext cache statistics: [DefaultContextCache@49c72fb7 size = 1, maxSize = 32, parentContextCount = 0, hitCount = 75, missCount = 1, failureCount = 0]
2025-05-04T21:52:29.426-04:00 DEBUG 13764 --- [pedido] [           main] org.springframework.test.context.cache   : Spring test ApplicationContext cache statistics: [DefaultContextCache@49c72fb7 size = 1, maxSize = 32, parentContextCount = 0, hitCount = 76, missCount = 1, failureCount = 0]
2025-05-04T21:52:29.426-04:00 DEBUG 13764 --- [pedido] [           main] o.s.orm.jpa.JpaTransactionManager        : Found thread-bound EntityManager [SessionImpl(1107296920<open>)] for JPA transaction
2025-05-04T21:52:29.426-04:00 DEBUG 13764 --- [pedido] [           main] o.s.orm.jpa.JpaTransactionManager        : Participating in existing transaction
2025-05-04T21:52:29.426-04:00 DEBUG 13764 --- [pedido] [           main] o.h.j.internal.PersistenceUnitUtilImpl   : jakarta.persistence.PersistenceUnitUtil.getIdentifier is only intended to work with enhanced entities (although Hibernate also adapts this support to its proxies); however the passed entity was not enhanced (nor a proxy).. may not be able to read identifier
2025-05-04T21:52:29.427-04:00 DEBUG 13764 --- [pedido] [           main] org.hibernate.engine.spi.ActionQueue     : Executing identity-insert immediately
2025-05-04T21:52:29.427-04:00 DEBUG 13764 --- [pedido] [           main] org.hibernate.SQL                        : insert into pedido (ciudad,codigo_postal,coordenadas,direccion,email,estado,fecha_entrega,fecha_estimada_entrega,fecha_pedido,nom_destinatario,nom_remitente,observaciones,pais,peso,precio_total,telefono_destinatario,telefono_remitente,volumen,id) values (?,?,?,?,?,?,?,?,?,?,?,?,?,?,?,?,?,?,default)
Hibernate: insert into pedido (ciudad,codigo_postal,coordenadas,direccion,email,estado,fecha_entrega,fecha_estimada_entrega,fecha_pedido,nom_destinatario,nom_remitente,observaciones,pais,peso,precio_total,telefono_destinatario,telefono_remitente,volumen,id) values (?,?,?,?,?,?,?,?,?,?,?,?,?,?,?,?,?,?,default)
2025-05-04T21:52:29.444-04:00 DEBUG 13764 --- [pedido] [           main] org.hibernate.orm.results                : Initializer list is empty
2025-05-04T21:52:29.444-04:00 DEBUG 13764 --- [pedido] [           main] o.h.id.IdentifierGeneratorHelper         : Extracted generated values [com.pedido.pedido.Model.Pedido]: [Ljava.lang.Object;@295e9aef
2025-05-04T21:52:29.444-04:00 DEBUG 13764 --- [pedido] [           main] org.springframework.test.context.cache   : Spring test ApplicationContext cache statistics: [DefaultContextCache@49c72fb7 size = 1, maxSize = 32, parentContextCount = 0, hitCount = 77, missCount = 1, failureCount = 0]
2025-05-04T21:52:29.444-04:00 DEBUG 13764 --- [pedido] [           main] org.springframework.test.context.cache   : Spring test ApplicationContext cache statistics: [DefaultContextCache@49c72fb7 size = 1, maxSize = 32, parentContextCount = 0, hitCount = 78, missCount = 1, failureCount = 0]
2025-05-04T21:52:29.445-04:00 DEBUG 13764 --- [pedido] [           main] org.springframework.test.context.cache   : Spring test ApplicationContext cache statistics: [DefaultContextCache@49c72fb7 size = 1, maxSize = 32, parentContextCount = 0, hitCount = 79, missCount = 1, failureCount = 0]
2025-05-04T21:52:29.445-04:00 DEBUG 13764 --- [pedido] [           main] org.springframework.test.context.cache   : Spring test ApplicationContext cache statistics: [DefaultContextCache@49c72fb7 size = 1, maxSize = 32, parentContextCount = 0, hitCount = 80, missCount = 1, failureCount = 0]
2025-05-04T21:52:29.445-04:00 DEBUG 13764 --- [pedido] [           main] org.springframework.test.context.cache   : Spring test ApplicationContext cache statistics: [DefaultContextCache@49c72fb7 size = 1, maxSize = 32, parentContextCount = 0, hitCount = 81, missCount = 1, failureCount = 0]
2025-05-04T21:52:29.445-04:00 DEBUG 13764 --- [pedido] [           main] org.springframework.test.context.cache   : Spring test ApplicationContext cache statistics: [DefaultContextCache@49c72fb7 size = 1, maxSize = 32, parentContextCount = 0, hitCount = 82, missCount = 1, failureCount = 0]
2025-05-04T21:52:29.445-04:00 DEBUG 13764 --- [pedido] [           main] org.springframework.test.context.cache   : Spring test ApplicationContext cache statistics: [DefaultContextCache@49c72fb7 size = 1, maxSize = 32, parentContextCount = 0, hitCount = 83, missCount = 1, failureCount = 0]
2025-05-04T21:52:29.445-04:00 DEBUG 13764 --- [pedido] [           main] o.s.orm.jpa.JpaTransactionManager        : Initiating transaction rollback
2025-05-04T21:52:29.445-04:00 DEBUG 13764 --- [pedido] [           main] o.s.orm.jpa.JpaTransactionManager        : Rolling back JPA transaction on EntityManager [SessionImpl(1107296920<open>)]
2025-05-04T21:52:29.445-04:00 DEBUG 13764 --- [pedido] [           main] o.h.e.t.internal.TransactionImpl         : rolling back
2025-05-04T21:52:29.457-04:00 DEBUG 13764 --- [pedido] [           main] o.s.orm.jpa.JpaTransactionManager        : Closing JPA EntityManager [SessionImpl(1107296920<open>)] after transaction
2025-05-04T21:52:29.457-04:00 DEBUG 13764 --- [pedido] [           main] o.s.t.c.transaction.TransactionContext   : Rolled back transaction (1) for test class [com.pedido.pedido.repository.PedidoRepositoryTest]; test method [guardarPedido]
2025-05-04T21:52:29.457-04:00 DEBUG 13764 --- [pedido] [           main] .c.s.DirtiesContextTestExecutionListener : After test method: class [PedidoRepositoryTest], method [guardarPedido], class annotated with @DirtiesContext [false] with mode [null], method annotated with @DirtiesContext [false] with mode [null]
]]></system-out>
  </testcase>
  <testcase name="lanzarErrorAlGuardarPedidoSinNombreRemitente" classname="com.pedido.pedido.repository.PedidoRepositoryTest" time="0.01">
    <system-out><![CDATA[2025-05-04T21:52:29.457-04:00 DEBUG 13764 --- [pedido] [           main] DependencyInjectionTestExecutionListener : Performing dependency injection for test class com.pedido.pedido.repository.PedidoRepositoryTest
2025-05-04T21:52:29.457-04:00 DEBUG 13764 --- [pedido] [           main] org.springframework.test.context.cache   : Spring test ApplicationContext cache statistics: [DefaultContextCache@49c72fb7 size = 1, maxSize = 32, parentContextCount = 0, hitCount = 84, missCount = 1, failureCount = 0]
2025-05-04T21:52:29.458-04:00 DEBUG 13764 --- [pedido] [           main] org.springframework.test.context.cache   : Spring test ApplicationContext cache statistics: [DefaultContextCache@49c72fb7 size = 1, maxSize = 32, parentContextCount = 0, hitCount = 85, missCount = 1, failureCount = 0]
2025-05-04T21:52:29.458-04:00 DEBUG 13764 --- [pedido] [           main] sContextBeforeModesTestExecutionListener : Before test method: class [PedidoRepositoryTest], method [lanzarErrorAlGuardarPedidoSinNombreRemitente], class annotated with @DirtiesContext [false] with mode [null], method annotated with @DirtiesContext [false] with mode [null]
2025-05-04T21:52:29.458-04:00 DEBUG 13764 --- [pedido] [           main] t.c.t.TransactionalTestExecutionListener : Explicit transaction definition [PROPAGATION_REQUIRED,ISOLATION_DEFAULT] found for test class [com.pedido.pedido.repository.PedidoRepositoryTest] and test method [lanzarErrorAlGuardarPedidoSinNombreRemitente]
2025-05-04T21:52:29.458-04:00 DEBUG 13764 --- [pedido] [           main] org.springframework.test.context.cache   : Spring test ApplicationContext cache statistics: [DefaultContextCache@49c72fb7 size = 1, maxSize = 32, parentContextCount = 0, hitCount = 86, missCount = 1, failureCount = 0]
2025-05-04T21:52:29.458-04:00 DEBUG 13764 --- [pedido] [           main] t.c.t.TransactionalTestExecutionListener : No method-level @Rollback override: using default rollback [true] for test method [public void com.pedido.pedido.repository.PedidoRepositoryTest.lanzarErrorAlGuardarPedidoSinNombreRemitente()]
2025-05-04T21:52:29.458-04:00 DEBUG 13764 --- [pedido] [           main] o.s.orm.jpa.JpaTransactionManager        : Creating new transaction with name [com.pedido.pedido.repository.PedidoRepositoryTest.lanzarErrorAlGuardarPedidoSinNombreRemitente]: PROPAGATION_REQUIRED,ISOLATION_DEFAULT
2025-05-04T21:52:29.458-04:00 DEBUG 13764 --- [pedido] [           main] o.s.orm.jpa.JpaTransactionManager        : Opened new EntityManager [SessionImpl(1058753044<open>)] for JPA transaction
2025-05-04T21:52:29.458-04:00 DEBUG 13764 --- [pedido] [           main] o.h.e.t.internal.TransactionImpl         : On TransactionImpl creation, JpaCompliance#isJpaTransactionComplianceEnabled == false
2025-05-04T21:52:29.458-04:00 DEBUG 13764 --- [pedido] [           main] o.h.e.t.internal.TransactionImpl         : begin
2025-05-04T21:52:29.458-04:00 DEBUG 13764 --- [pedido] [           main] o.s.orm.jpa.JpaTransactionManager        : Exposing JPA transaction as JDBC [org.springframework.orm.jpa.vendor.HibernateJpaDialect$HibernateConnectionHandle@452e0a94]
2025-05-04T21:52:29.458-04:00 DEBUG 13764 --- [pedido] [           main] o.s.t.c.transaction.TransactionContext   : Began transaction (1) for test class [com.pedido.pedido.repository.PedidoRepositoryTest]; test method [lanzarErrorAlGuardarPedidoSinNombreRemitente]; transaction manager [org.springframework.orm.jpa.JpaTransactionManager@470ad01c]; rollback [true]
2025-05-04T21:52:29.458-04:00 DEBUG 13764 --- [pedido] [           main] org.springframework.test.context.cache   : Spring test ApplicationContext cache statistics: [DefaultContextCache@49c72fb7 size = 1, maxSize = 32, parentContextCount = 0, hitCount = 87, missCount = 1, failureCount = 0]
2025-05-04T21:52:29.458-04:00 DEBUG 13764 --- [pedido] [           main] org.springframework.test.context.cache   : Spring test ApplicationContext cache statistics: [DefaultContextCache@49c72fb7 size = 1, maxSize = 32, parentContextCount = 0, hitCount = 88, missCount = 1, failureCount = 0]
2025-05-04T21:52:29.458-04:00 DEBUG 13764 --- [pedido] [           main] org.springframework.test.context.cache   : Spring test ApplicationContext cache statistics: [DefaultContextCache@49c72fb7 size = 1, maxSize = 32, parentContextCount = 0, hitCount = 89, missCount = 1, failureCount = 0]
2025-05-04T21:52:29.458-04:00 DEBUG 13764 --- [pedido] [           main] org.springframework.test.context.cache   : Spring test ApplicationContext cache statistics: [DefaultContextCache@49c72fb7 size = 1, maxSize = 32, parentContextCount = 0, hitCount = 90, missCount = 1, failureCount = 0]
2025-05-04T21:52:29.459-04:00 DEBUG 13764 --- [pedido] [           main] o.s.orm.jpa.JpaTransactionManager        : Found thread-bound EntityManager [SessionImpl(1058753044<open>)] for JPA transaction
2025-05-04T21:52:29.459-04:00 DEBUG 13764 --- [pedido] [           main] o.s.orm.jpa.JpaTransactionManager        : Participating in existing transaction
2025-05-04T21:52:29.459-04:00 DEBUG 13764 --- [pedido] [           main] o.h.j.internal.PersistenceUnitUtilImpl   : jakarta.persistence.PersistenceUnitUtil.getIdentifier is only intended to work with enhanced entities (although Hibernate also adapts this support to its proxies); however the passed entity was not enhanced (nor a proxy).. may not be able to read identifier
2025-05-04T21:52:29.459-04:00 DEBUG 13764 --- [pedido] [           main] org.hibernate.engine.spi.ActionQueue     : Executing identity-insert immediately
2025-05-04T21:52:29.459-04:00 DEBUG 13764 --- [pedido] [           main] cResourceLocalTransactionCoordinatorImpl : JDBC transaction marked for rollback-only (exception provided for stack trace)

java.lang.Exception: exception just for purpose of providing stack trace
	at org.hibernate.resource.transaction.backend.jdbc.internal.JdbcResourceLocalTransactionCoordinatorImpl$TransactionDriverControlImpl.markRollbackOnly(JdbcResourceLocalTransactionCoordinatorImpl.java:309) ~[hibernate-core-6.6.11.Final.jar:6.6.11.Final]
	at org.hibernate.engine.transaction.internal.TransactionImpl.markRollbackOnly(TransactionImpl.java:203) ~[hibernate-core-6.6.11.Final.jar:6.6.11.Final]
	at org.hibernate.internal.AbstractSharedSessionContract.markForRollbackOnly(AbstractSharedSessionContract.java:543) ~[hibernate-core-6.6.11.Final.jar:6.6.11.Final]
	at org.hibernate.internal.ExceptionConverterImpl.convert(ExceptionConverterImpl.java:176) ~[hibernate-core-6.6.11.Final.jar:6.6.11.Final]
	at org.hibernate.internal.SessionImpl.firePersist(SessionImpl.java:767) ~[hibernate-core-6.6.11.Final.jar:6.6.11.Final]
	at org.hibernate.internal.SessionImpl.persist(SessionImpl.java:745) ~[hibernate-core-6.6.11.Final.jar:6.6.11.Final]
	at java.base/jdk.internal.reflect.DirectMethodHandleAccessor.invoke(DirectMethodHandleAccessor.java:103) ~[na:na]
	at java.base/java.lang.reflect.Method.invoke(Method.java:580) ~[na:na]
	at org.springframework.orm.jpa.SharedEntityManagerCreator$SharedEntityManagerInvocationHandler.invoke(SharedEntityManagerCreator.java:320) ~[spring-orm-6.2.5.jar:6.2.5]
	at jdk.proxy2/jdk.proxy2.$Proxy120.persist(Unknown Source) ~[na:na]
	at org.springframework.data.jpa.repository.support.SimpleJpaRepository.save(SimpleJpaRepository.java:636) ~[spring-data-jpa-3.4.4.jar:3.4.4]
	at java.base/jdk.internal.reflect.DirectMethodHandleAccessor.invoke(DirectMethodHandleAccessor.java:103) ~[na:na]
	at java.base/java.lang.reflect.Method.invoke(Method.java:580) ~[na:na]
	at org.springframework.aop.support.AopUtils.invokeJoinpointUsingReflection(AopUtils.java:359) ~[spring-aop-6.2.5.jar:6.2.5]
	at org.springframework.data.repository.core.support.RepositoryMethodInvoker$RepositoryFragmentMethodInvoker.lambda$new$0(RepositoryMethodInvoker.java:277) ~[spring-data-commons-3.4.4.jar:3.4.4]
	at org.springframework.data.repository.core.support.RepositoryMethodInvoker.doInvoke(RepositoryMethodInvoker.java:170) ~[spring-data-commons-3.4.4.jar:3.4.4]
	at org.springframework.data.repository.core.support.RepositoryMethodInvoker.invoke(RepositoryMethodInvoker.java:158) ~[spring-data-commons-3.4.4.jar:3.4.4]
	at org.springframework.data.repository.core.support.RepositoryComposition$RepositoryFragments.invoke(RepositoryComposition.java:515) ~[spring-data-commons-3.4.4.jar:3.4.4]
	at org.springframework.data.repository.core.support.RepositoryComposition.invoke(RepositoryComposition.java:284) ~[spring-data-commons-3.4.4.jar:3.4.4]
	at org.springframework.data.repository.core.support.RepositoryFactorySupport$ImplementationMethodExecutionInterceptor.invoke(RepositoryFactorySupport.java:731) ~[spring-data-commons-3.4.4.jar:3.4.4]
	at org.springframework.aop.framework.ReflectiveMethodInvocation.proceed(ReflectiveMethodInvocation.java:184) ~[spring-aop-6.2.5.jar:6.2.5]
	at org.springframework.data.repository.core.support.QueryExecutorMethodInterceptor.doInvoke(QueryExecutorMethodInterceptor.java:174) ~[spring-data-commons-3.4.4.jar:3.4.4]
	at org.springframework.data.repository.core.support.QueryExecutorMethodInterceptor.invoke(QueryExecutorMethodInterceptor.java:149) ~[spring-data-commons-3.4.4.jar:3.4.4]
	at org.springframework.aop.framework.ReflectiveMethodInvocation.proceed(ReflectiveMethodInvocation.java:184) ~[spring-aop-6.2.5.jar:6.2.5]
	at org.springframework.data.projection.DefaultMethodInvokingMethodInterceptor.invoke(DefaultMethodInvokingMethodInterceptor.java:69) ~[spring-data-commons-3.4.4.jar:3.4.4]
	at org.springframework.aop.framework.ReflectiveMethodInvocation.proceed(ReflectiveMethodInvocation.java:184) ~[spring-aop-6.2.5.jar:6.2.5]
	at org.springframework.transaction.interceptor.TransactionAspectSupport.invokeWithinTransaction(TransactionAspectSupport.java:380) ~[spring-tx-6.2.5.jar:6.2.5]
	at org.springframework.transaction.interceptor.TransactionInterceptor.invoke(TransactionInterceptor.java:119) ~[spring-tx-6.2.5.jar:6.2.5]
	at org.springframework.aop.framework.ReflectiveMethodInvocation.proceed(ReflectiveMethodInvocation.java:184) ~[spring-aop-6.2.5.jar:6.2.5]
	at org.springframework.dao.support.PersistenceExceptionTranslationInterceptor.invoke(PersistenceExceptionTranslationInterceptor.java:138) ~[spring-tx-6.2.5.jar:6.2.5]
	at org.springframework.aop.framework.ReflectiveMethodInvocation.proceed(ReflectiveMethodInvocation.java:184) ~[spring-aop-6.2.5.jar:6.2.5]
	at org.springframework.data.jpa.repository.support.CrudMethodMetadataPostProcessor$CrudMethodMetadataPopulatingMethodInterceptor.invoke(CrudMethodMetadataPostProcessor.java:165) ~[spring-data-jpa-3.4.4.jar:3.4.4]
	at org.springframework.aop.framework.ReflectiveMethodInvocation.proceed(ReflectiveMethodInvocation.java:184) ~[spring-aop-6.2.5.jar:6.2.5]
	at org.springframework.aop.framework.JdkDynamicAopProxy.invoke(JdkDynamicAopProxy.java:223) ~[spring-aop-6.2.5.jar:6.2.5]
	at jdk.proxy2/jdk.proxy2.$Proxy126.save(Unknown Source) ~[na:na]
	at com.pedido.pedido.repository.PedidoRepositoryTest.lambda$lanzarErrorAlGuardarPedidoSinNombreRemitente$1(PedidoRepositoryTest.java:114) ~[test-classes/:na]
	at org.junit.jupiter.api.AssertThrows.assertThrows(AssertThrows.java:53) ~[junit-jupiter-api-5.11.4.jar:5.11.4]
	at org.junit.jupiter.api.AssertThrows.assertThrows(AssertThrows.java:35) ~[junit-jupiter-api-5.11.4.jar:5.11.4]
	at org.junit.jupiter.api.Assertions.assertThrows(Assertions.java:3128) ~[junit-jupiter-api-5.11.4.jar:5.11.4]
	at com.pedido.pedido.repository.PedidoRepositoryTest.lanzarErrorAlGuardarPedidoSinNombreRemitente(PedidoRepositoryTest.java:113) ~[test-classes/:na]
	at java.base/jdk.internal.reflect.DirectMethodHandleAccessor.invoke(DirectMethodHandleAccessor.java:103) ~[na:na]
	at java.base/java.lang.reflect.Method.invoke(Method.java:580) ~[na:na]
	at org.junit.platform.commons.util.ReflectionUtils.invokeMethod(ReflectionUtils.java:767) ~[junit-platform-commons-1.11.4.jar:1.11.4]
	at org.junit.jupiter.engine.execution.MethodInvocation.proceed(MethodInvocation.java:60) ~[junit-jupiter-engine-5.11.4.jar:5.11.4]
	at org.junit.jupiter.engine.execution.InvocationInterceptorChain$ValidatingInvocation.proceed(InvocationInterceptorChain.java:131) ~[junit-jupiter-engine-5.11.4.jar:5.11.4]
	at org.junit.jupiter.engine.extension.TimeoutExtension.intercept(TimeoutExtension.java:156) ~[junit-jupiter-engine-5.11.4.jar:5.11.4]
	at org.junit.jupiter.engine.extension.TimeoutExtension.interceptTestableMethod(TimeoutExtension.java:147) ~[junit-jupiter-engine-5.11.4.jar:5.11.4]
	at org.junit.jupiter.engine.extension.TimeoutExtension.interceptTestMethod(TimeoutExtension.java:86) ~[junit-jupiter-engine-5.11.4.jar:5.11.4]
	at org.junit.jupiter.engine.execution.InterceptingExecutableInvoker$ReflectiveInterceptorCall.lambda$ofVoidMethod$0(InterceptingExecutableInvoker.java:103) ~[junit-jupiter-engine-5.11.4.jar:5.11.4]
	at org.junit.jupiter.engine.execution.InterceptingExecutableInvoker.lambda$invoke$0(InterceptingExecutableInvoker.java:93) ~[junit-jupiter-engine-5.11.4.jar:5.11.4]
	at org.junit.jupiter.engine.execution.InvocationInterceptorChain$InterceptedInvocation.proceed(InvocationInterceptorChain.java:106) ~[junit-jupiter-engine-5.11.4.jar:5.11.4]
	at org.junit.jupiter.engine.execution.InvocationInterceptorChain.proceed(InvocationInterceptorChain.java:64) ~[junit-jupiter-engine-5.11.4.jar:5.11.4]
	at org.junit.jupiter.engine.execution.InvocationInterceptorChain.chainAndInvoke(InvocationInterceptorChain.java:45) ~[junit-jupiter-engine-5.11.4.jar:5.11.4]
	at org.junit.jupiter.engine.execution.InvocationInterceptorChain.invoke(InvocationInterceptorChain.java:37) ~[junit-jupiter-engine-5.11.4.jar:5.11.4]
	at org.junit.jupiter.engine.execution.InterceptingExecutableInvoker.invoke(InterceptingExecutableInvoker.java:92) ~[junit-jupiter-engine-5.11.4.jar:5.11.4]
	at org.junit.jupiter.engine.execution.InterceptingExecutableInvoker.invoke(InterceptingExecutableInvoker.java:86) ~[junit-jupiter-engine-5.11.4.jar:5.11.4]
	at org.junit.jupiter.engine.descriptor.TestMethodTestDescriptor.lambda$invokeTestMethod$8(TestMethodTestDescriptor.java:217) ~[junit-jupiter-engine-5.11.4.jar:5.11.4]
	at org.junit.platform.engine.support.hierarchical.ThrowableCollector.execute(ThrowableCollector.java:73) ~[junit-platform-engine-1.11.4.jar:1.11.4]
	at org.junit.jupiter.engine.descriptor.TestMethodTestDescriptor.invokeTestMethod(TestMethodTestDescriptor.java:213) ~[junit-jupiter-engine-5.11.4.jar:5.11.4]
	at org.junit.jupiter.engine.descriptor.TestMethodTestDescriptor.execute(TestMethodTestDescriptor.java:138) ~[junit-jupiter-engine-5.11.4.jar:5.11.4]
	at org.junit.jupiter.engine.descriptor.TestMethodTestDescriptor.execute(TestMethodTestDescriptor.java:68) ~[junit-jupiter-engine-5.11.4.jar:5.11.4]
	at org.junit.platform.engine.support.hierarchical.NodeTestTask.lambda$executeRecursively$6(NodeTestTask.java:156) ~[junit-platform-engine-1.11.4.jar:1.11.4]
	at org.junit.platform.engine.support.hierarchical.ThrowableCollector.execute(ThrowableCollector.java:73) ~[junit-platform-engine-1.11.4.jar:1.11.4]
	at org.junit.platform.engine.support.hierarchical.NodeTestTask.lambda$executeRecursively$8(NodeTestTask.java:146) ~[junit-platform-engine-1.11.4.jar:1.11.4]
	at org.junit.platform.engine.support.hierarchical.Node.around(Node.java:137) ~[junit-platform-engine-1.11.4.jar:1.11.4]
	at org.junit.platform.engine.support.hierarchical.NodeTestTask.lambda$executeRecursively$9(NodeTestTask.java:144) ~[junit-platform-engine-1.11.4.jar:1.11.4]
	at org.junit.platform.engine.support.hierarchical.ThrowableCollector.execute(ThrowableCollector.java:73) ~[junit-platform-engine-1.11.4.jar:1.11.4]
	at org.junit.platform.engine.support.hierarchical.NodeTestTask.executeRecursively(NodeTestTask.java:143) ~[junit-platform-engine-1.11.4.jar:1.11.4]
	at org.junit.platform.engine.support.hierarchical.NodeTestTask.execute(NodeTestTask.java:100) ~[junit-platform-engine-1.11.4.jar:1.11.4]
	at java.base/java.util.ArrayList.forEach(ArrayList.java:1596) ~[na:na]
	at org.junit.platform.engine.support.hierarchical.SameThreadHierarchicalTestExecutorService.invokeAll(SameThreadHierarchicalTestExecutorService.java:41) ~[junit-platform-engine-1.11.4.jar:1.11.4]
	at org.junit.platform.engine.support.hierarchical.NodeTestTask.lambda$executeRecursively$6(NodeTestTask.java:160) ~[junit-platform-engine-1.11.4.jar:1.11.4]
	at org.junit.platform.engine.support.hierarchical.ThrowableCollector.execute(ThrowableCollector.java:73) ~[junit-platform-engine-1.11.4.jar:1.11.4]
	at org.junit.platform.engine.support.hierarchical.NodeTestTask.lambda$executeRecursively$8(NodeTestTask.java:146) ~[junit-platform-engine-1.11.4.jar:1.11.4]
	at org.junit.platform.engine.support.hierarchical.Node.around(Node.java:137) ~[junit-platform-engine-1.11.4.jar:1.11.4]
	at org.junit.platform.engine.support.hierarchical.NodeTestTask.lambda$executeRecursively$9(NodeTestTask.java:144) ~[junit-platform-engine-1.11.4.jar:1.11.4]
	at org.junit.platform.engine.support.hierarchical.ThrowableCollector.execute(ThrowableCollector.java:73) ~[junit-platform-engine-1.11.4.jar:1.11.4]
	at org.junit.platform.engine.support.hierarchical.NodeTestTask.executeRecursively(NodeTestTask.java:143) ~[junit-platform-engine-1.11.4.jar:1.11.4]
	at org.junit.platform.engine.support.hierarchical.NodeTestTask.execute(NodeTestTask.java:100) ~[junit-platform-engine-1.11.4.jar:1.11.4]
	at java.base/java.util.ArrayList.forEach(ArrayList.java:1596) ~[na:na]
	at org.junit.platform.engine.support.hierarchical.SameThreadHierarchicalTestExecutorService.invokeAll(SameThreadHierarchicalTestExecutorService.java:41) ~[junit-platform-engine-1.11.4.jar:1.11.4]
	at org.junit.platform.engine.support.hierarchical.NodeTestTask.lambda$executeRecursively$6(NodeTestTask.java:160) ~[junit-platform-engine-1.11.4.jar:1.11.4]
	at org.junit.platform.engine.support.hierarchical.ThrowableCollector.execute(ThrowableCollector.java:73) ~[junit-platform-engine-1.11.4.jar:1.11.4]
	at org.junit.platform.engine.support.hierarchical.NodeTestTask.lambda$executeRecursively$8(NodeTestTask.java:146) ~[junit-platform-engine-1.11.4.jar:1.11.4]
	at org.junit.platform.engine.support.hierarchical.Node.around(Node.java:137) ~[junit-platform-engine-1.11.4.jar:1.11.4]
	at org.junit.platform.engine.support.hierarchical.NodeTestTask.lambda$executeRecursively$9(NodeTestTask.java:144) ~[junit-platform-engine-1.11.4.jar:1.11.4]
	at org.junit.platform.engine.support.hierarchical.ThrowableCollector.execute(ThrowableCollector.java:73) ~[junit-platform-engine-1.11.4.jar:1.11.4]
	at org.junit.platform.engine.support.hierarchical.NodeTestTask.executeRecursively(NodeTestTask.java:143) ~[junit-platform-engine-1.11.4.jar:1.11.4]
	at org.junit.platform.engine.support.hierarchical.NodeTestTask.execute(NodeTestTask.java:100) ~[junit-platform-engine-1.11.4.jar:1.11.4]
	at org.junit.platform.engine.support.hierarchical.SameThreadHierarchicalTestExecutorService.submit(SameThreadHierarchicalTestExecutorService.java:35) ~[junit-platform-engine-1.11.4.jar:1.11.4]
	at org.junit.platform.engine.support.hierarchical.HierarchicalTestExecutor.execute(HierarchicalTestExecutor.java:57) ~[junit-platform-engine-1.11.4.jar:1.11.4]
	at org.junit.platform.engine.support.hierarchical.HierarchicalTestEngine.execute(HierarchicalTestEngine.java:54) ~[junit-platform-engine-1.11.4.jar:1.11.4]
	at org.junit.platform.launcher.core.EngineExecutionOrchestrator.execute(EngineExecutionOrchestrator.java:198) ~[junit-platform-launcher-1.11.4.jar:1.11.4]
	at org.junit.platform.launcher.core.EngineExecutionOrchestrator.execute(EngineExecutionOrchestrator.java:169) ~[junit-platform-launcher-1.11.4.jar:1.11.4]
	at org.junit.platform.launcher.core.EngineExecutionOrchestrator.execute(EngineExecutionOrchestrator.java:93) ~[junit-platform-launcher-1.11.4.jar:1.11.4]
	at org.junit.platform.launcher.core.EngineExecutionOrchestrator.lambda$execute$0(EngineExecutionOrchestrator.java:58) ~[junit-platform-launcher-1.11.4.jar:1.11.4]
	at org.junit.platform.launcher.core.EngineExecutionOrchestrator.withInterceptedStreams(EngineExecutionOrchestrator.java:141) ~[junit-platform-launcher-1.11.4.jar:1.11.4]
	at org.junit.platform.launcher.core.EngineExecutionOrchestrator.execute(EngineExecutionOrchestrator.java:57) ~[junit-platform-launcher-1.11.4.jar:1.11.4]
	at org.junit.platform.launcher.core.DefaultLauncher.execute(DefaultLauncher.java:103) ~[junit-platform-launcher-1.11.4.jar:1.11.4]
	at org.junit.platform.launcher.core.DefaultLauncher.execute(DefaultLauncher.java:85) ~[junit-platform-launcher-1.11.4.jar:1.11.4]
	at org.junit.platform.launcher.core.DelegatingLauncher.execute(DelegatingLauncher.java:47) ~[junit-platform-launcher-1.11.4.jar:1.11.4]
	at org.apache.maven.surefire.junitplatform.LazyLauncher.execute(LazyLauncher.java:56) ~[surefire-junit-platform-3.5.2.jar:3.5.2]
	at org.apache.maven.surefire.junitplatform.JUnitPlatformProvider.execute(JUnitPlatformProvider.java:184) ~[surefire-junit-platform-3.5.2.jar:3.5.2]
	at org.apache.maven.surefire.junitplatform.JUnitPlatformProvider.invokeAllTests(JUnitPlatformProvider.java:148) ~[surefire-junit-platform-3.5.2.jar:3.5.2]
	at org.apache.maven.surefire.junitplatform.JUnitPlatformProvider.invoke(JUnitPlatformProvider.java:122) ~[surefire-junit-platform-3.5.2.jar:3.5.2]
	at org.apache.maven.surefire.booter.ForkedBooter.runSuitesInProcess(ForkedBooter.java:385) ~[surefire-booter-3.5.2.jar:3.5.2]
	at org.apache.maven.surefire.booter.ForkedBooter.execute(ForkedBooter.java:162) ~[surefire-booter-3.5.2.jar:3.5.2]
	at org.apache.maven.surefire.booter.ForkedBooter.run(ForkedBooter.java:507) ~[surefire-booter-3.5.2.jar:3.5.2]
	at org.apache.maven.surefire.booter.ForkedBooter.main(ForkedBooter.java:495) ~[surefire-booter-3.5.2.jar:3.5.2]

2025-05-04T21:52:29.459-04:00 DEBUG 13764 --- [pedido] [           main] o.s.orm.jpa.JpaTransactionManager        : Participating transaction failed - marking existing transaction as rollback-only
2025-05-04T21:52:29.459-04:00 DEBUG 13764 --- [pedido] [           main] o.s.orm.jpa.JpaTransactionManager        : Setting JPA transaction on EntityManager [SessionImpl(1058753044<open>)] rollback-only
2025-05-04T21:52:29.459-04:00 DEBUG 13764 --- [pedido] [           main] cResourceLocalTransactionCoordinatorImpl : JDBC transaction marked for rollback-only (exception provided for stack trace)

java.lang.Exception: exception just for purpose of providing stack trace
	at org.hibernate.resource.transaction.backend.jdbc.internal.JdbcResourceLocalTransactionCoordinatorImpl$TransactionDriverControlImpl.markRollbackOnly(JdbcResourceLocalTransactionCoordinatorImpl.java:309) ~[hibernate-core-6.6.11.Final.jar:6.6.11.Final]
	at org.hibernate.engine.transaction.internal.TransactionImpl.markRollbackOnly(TransactionImpl.java:203) ~[hibernate-core-6.6.11.Final.jar:6.6.11.Final]
	at org.hibernate.engine.transaction.internal.TransactionImpl.setRollbackOnly(TransactionImpl.java:224) ~[hibernate-core-6.6.11.Final.jar:6.6.11.Final]
	at org.springframework.orm.jpa.JpaTransactionManager$JpaTransactionObject.setRollbackOnly(JpaTransactionManager.java:716) ~[spring-orm-6.2.5.jar:6.2.5]
	at org.springframework.orm.jpa.JpaTransactionManager.doSetRollbackOnly(JpaTransactionManager.java:615) ~[spring-orm-6.2.5.jar:6.2.5]
	at org.springframework.transaction.support.AbstractPlatformTransactionManager.processRollback(AbstractPlatformTransactionManager.java:906) ~[spring-tx-6.2.5.jar:6.2.5]
	at org.springframework.transaction.support.AbstractPlatformTransactionManager.rollback(AbstractPlatformTransactionManager.java:866) ~[spring-tx-6.2.5.jar:6.2.5]
	at org.springframework.transaction.interceptor.TransactionAspectSupport.completeTransactionAfterThrowing(TransactionAspectSupport.java:716) ~[spring-tx-6.2.5.jar:6.2.5]
	at org.springframework.transaction.interceptor.TransactionAspectSupport.invokeWithinTransaction(TransactionAspectSupport.java:384) ~[spring-tx-6.2.5.jar:6.2.5]
	at org.springframework.transaction.interceptor.TransactionInterceptor.invoke(TransactionInterceptor.java:119) ~[spring-tx-6.2.5.jar:6.2.5]
	at org.springframework.aop.framework.ReflectiveMethodInvocation.proceed(ReflectiveMethodInvocation.java:184) ~[spring-aop-6.2.5.jar:6.2.5]
	at org.springframework.dao.support.PersistenceExceptionTranslationInterceptor.invoke(PersistenceExceptionTranslationInterceptor.java:138) ~[spring-tx-6.2.5.jar:6.2.5]
	at org.springframework.aop.framework.ReflectiveMethodInvocation.proceed(ReflectiveMethodInvocation.java:184) ~[spring-aop-6.2.5.jar:6.2.5]
	at org.springframework.data.jpa.repository.support.CrudMethodMetadataPostProcessor$CrudMethodMetadataPopulatingMethodInterceptor.invoke(CrudMethodMetadataPostProcessor.java:165) ~[spring-data-jpa-3.4.4.jar:3.4.4]
	at org.springframework.aop.framework.ReflectiveMethodInvocation.proceed(ReflectiveMethodInvocation.java:184) ~[spring-aop-6.2.5.jar:6.2.5]
	at org.springframework.aop.framework.JdkDynamicAopProxy.invoke(JdkDynamicAopProxy.java:223) ~[spring-aop-6.2.5.jar:6.2.5]
	at jdk.proxy2/jdk.proxy2.$Proxy126.save(Unknown Source) ~[na:na]
	at com.pedido.pedido.repository.PedidoRepositoryTest.lambda$lanzarErrorAlGuardarPedidoSinNombreRemitente$1(PedidoRepositoryTest.java:114) ~[test-classes/:na]
	at org.junit.jupiter.api.AssertThrows.assertThrows(AssertThrows.java:53) ~[junit-jupiter-api-5.11.4.jar:5.11.4]
	at org.junit.jupiter.api.AssertThrows.assertThrows(AssertThrows.java:35) ~[junit-jupiter-api-5.11.4.jar:5.11.4]
	at org.junit.jupiter.api.Assertions.assertThrows(Assertions.java:3128) ~[junit-jupiter-api-5.11.4.jar:5.11.4]
	at com.pedido.pedido.repository.PedidoRepositoryTest.lanzarErrorAlGuardarPedidoSinNombreRemitente(PedidoRepositoryTest.java:113) ~[test-classes/:na]
	at java.base/jdk.internal.reflect.DirectMethodHandleAccessor.invoke(DirectMethodHandleAccessor.java:103) ~[na:na]
	at java.base/java.lang.reflect.Method.invoke(Method.java:580) ~[na:na]
	at org.junit.platform.commons.util.ReflectionUtils.invokeMethod(ReflectionUtils.java:767) ~[junit-platform-commons-1.11.4.jar:1.11.4]
	at org.junit.jupiter.engine.execution.MethodInvocation.proceed(MethodInvocation.java:60) ~[junit-jupiter-engine-5.11.4.jar:5.11.4]
	at org.junit.jupiter.engine.execution.InvocationInterceptorChain$ValidatingInvocation.proceed(InvocationInterceptorChain.java:131) ~[junit-jupiter-engine-5.11.4.jar:5.11.4]
	at org.junit.jupiter.engine.extension.TimeoutExtension.intercept(TimeoutExtension.java:156) ~[junit-jupiter-engine-5.11.4.jar:5.11.4]
	at org.junit.jupiter.engine.extension.TimeoutExtension.interceptTestableMethod(TimeoutExtension.java:147) ~[junit-jupiter-engine-5.11.4.jar:5.11.4]
	at org.junit.jupiter.engine.extension.TimeoutExtension.interceptTestMethod(TimeoutExtension.java:86) ~[junit-jupiter-engine-5.11.4.jar:5.11.4]
	at org.junit.jupiter.engine.execution.InterceptingExecutableInvoker$ReflectiveInterceptorCall.lambda$ofVoidMethod$0(InterceptingExecutableInvoker.java:103) ~[junit-jupiter-engine-5.11.4.jar:5.11.4]
	at org.junit.jupiter.engine.execution.InterceptingExecutableInvoker.lambda$invoke$0(InterceptingExecutableInvoker.java:93) ~[junit-jupiter-engine-5.11.4.jar:5.11.4]
	at org.junit.jupiter.engine.execution.InvocationInterceptorChain$InterceptedInvocation.proceed(InvocationInterceptorChain.java:106) ~[junit-jupiter-engine-5.11.4.jar:5.11.4]
	at org.junit.jupiter.engine.execution.InvocationInterceptorChain.proceed(InvocationInterceptorChain.java:64) ~[junit-jupiter-engine-5.11.4.jar:5.11.4]
	at org.junit.jupiter.engine.execution.InvocationInterceptorChain.chainAndInvoke(InvocationInterceptorChain.java:45) ~[junit-jupiter-engine-5.11.4.jar:5.11.4]
	at org.junit.jupiter.engine.execution.InvocationInterceptorChain.invoke(InvocationInterceptorChain.java:37) ~[junit-jupiter-engine-5.11.4.jar:5.11.4]
	at org.junit.jupiter.engine.execution.InterceptingExecutableInvoker.invoke(InterceptingExecutableInvoker.java:92) ~[junit-jupiter-engine-5.11.4.jar:5.11.4]
	at org.junit.jupiter.engine.execution.InterceptingExecutableInvoker.invoke(InterceptingExecutableInvoker.java:86) ~[junit-jupiter-engine-5.11.4.jar:5.11.4]
	at org.junit.jupiter.engine.descriptor.TestMethodTestDescriptor.lambda$invokeTestMethod$8(TestMethodTestDescriptor.java:217) ~[junit-jupiter-engine-5.11.4.jar:5.11.4]
	at org.junit.platform.engine.support.hierarchical.ThrowableCollector.execute(ThrowableCollector.java:73) ~[junit-platform-engine-1.11.4.jar:1.11.4]
	at org.junit.jupiter.engine.descriptor.TestMethodTestDescriptor.invokeTestMethod(TestMethodTestDescriptor.java:213) ~[junit-jupiter-engine-5.11.4.jar:5.11.4]
	at org.junit.jupiter.engine.descriptor.TestMethodTestDescriptor.execute(TestMethodTestDescriptor.java:138) ~[junit-jupiter-engine-5.11.4.jar:5.11.4]
	at org.junit.jupiter.engine.descriptor.TestMethodTestDescriptor.execute(TestMethodTestDescriptor.java:68) ~[junit-jupiter-engine-5.11.4.jar:5.11.4]
	at org.junit.platform.engine.support.hierarchical.NodeTestTask.lambda$executeRecursively$6(NodeTestTask.java:156) ~[junit-platform-engine-1.11.4.jar:1.11.4]
	at org.junit.platform.engine.support.hierarchical.ThrowableCollector.execute(ThrowableCollector.java:73) ~[junit-platform-engine-1.11.4.jar:1.11.4]
	at org.junit.platform.engine.support.hierarchical.NodeTestTask.lambda$executeRecursively$8(NodeTestTask.java:146) ~[junit-platform-engine-1.11.4.jar:1.11.4]
	at org.junit.platform.engine.support.hierarchical.Node.around(Node.java:137) ~[junit-platform-engine-1.11.4.jar:1.11.4]
	at org.junit.platform.engine.support.hierarchical.NodeTestTask.lambda$executeRecursively$9(NodeTestTask.java:144) ~[junit-platform-engine-1.11.4.jar:1.11.4]
	at org.junit.platform.engine.support.hierarchical.ThrowableCollector.execute(ThrowableCollector.java:73) ~[junit-platform-engine-1.11.4.jar:1.11.4]
	at org.junit.platform.engine.support.hierarchical.NodeTestTask.executeRecursively(NodeTestTask.java:143) ~[junit-platform-engine-1.11.4.jar:1.11.4]
	at org.junit.platform.engine.support.hierarchical.NodeTestTask.execute(NodeTestTask.java:100) ~[junit-platform-engine-1.11.4.jar:1.11.4]
	at java.base/java.util.ArrayList.forEach(ArrayList.java:1596) ~[na:na]
	at org.junit.platform.engine.support.hierarchical.SameThreadHierarchicalTestExecutorService.invokeAll(SameThreadHierarchicalTestExecutorService.java:41) ~[junit-platform-engine-1.11.4.jar:1.11.4]
	at org.junit.platform.engine.support.hierarchical.NodeTestTask.lambda$executeRecursively$6(NodeTestTask.java:160) ~[junit-platform-engine-1.11.4.jar:1.11.4]
	at org.junit.platform.engine.support.hierarchical.ThrowableCollector.execute(ThrowableCollector.java:73) ~[junit-platform-engine-1.11.4.jar:1.11.4]
	at org.junit.platform.engine.support.hierarchical.NodeTestTask.lambda$executeRecursively$8(NodeTestTask.java:146) ~[junit-platform-engine-1.11.4.jar:1.11.4]
	at org.junit.platform.engine.support.hierarchical.Node.around(Node.java:137) ~[junit-platform-engine-1.11.4.jar:1.11.4]
	at org.junit.platform.engine.support.hierarchical.NodeTestTask.lambda$executeRecursively$9(NodeTestTask.java:144) ~[junit-platform-engine-1.11.4.jar:1.11.4]
	at org.junit.platform.engine.support.hierarchical.ThrowableCollector.execute(ThrowableCollector.java:73) ~[junit-platform-engine-1.11.4.jar:1.11.4]
	at org.junit.platform.engine.support.hierarchical.NodeTestTask.executeRecursively(NodeTestTask.java:143) ~[junit-platform-engine-1.11.4.jar:1.11.4]
	at org.junit.platform.engine.support.hierarchical.NodeTestTask.execute(NodeTestTask.java:100) ~[junit-platform-engine-1.11.4.jar:1.11.4]
	at java.base/java.util.ArrayList.forEach(ArrayList.java:1596) ~[na:na]
	at org.junit.platform.engine.support.hierarchical.SameThreadHierarchicalTestExecutorService.invokeAll(SameThreadHierarchicalTestExecutorService.java:41) ~[junit-platform-engine-1.11.4.jar:1.11.4]
	at org.junit.platform.engine.support.hierarchical.NodeTestTask.lambda$executeRecursively$6(NodeTestTask.java:160) ~[junit-platform-engine-1.11.4.jar:1.11.4]
	at org.junit.platform.engine.support.hierarchical.ThrowableCollector.execute(ThrowableCollector.java:73) ~[junit-platform-engine-1.11.4.jar:1.11.4]
	at org.junit.platform.engine.support.hierarchical.NodeTestTask.lambda$executeRecursively$8(NodeTestTask.java:146) ~[junit-platform-engine-1.11.4.jar:1.11.4]
	at org.junit.platform.engine.support.hierarchical.Node.around(Node.java:137) ~[junit-platform-engine-1.11.4.jar:1.11.4]
	at org.junit.platform.engine.support.hierarchical.NodeTestTask.lambda$executeRecursively$9(NodeTestTask.java:144) ~[junit-platform-engine-1.11.4.jar:1.11.4]
	at org.junit.platform.engine.support.hierarchical.ThrowableCollector.execute(ThrowableCollector.java:73) ~[junit-platform-engine-1.11.4.jar:1.11.4]
	at org.junit.platform.engine.support.hierarchical.NodeTestTask.executeRecursively(NodeTestTask.java:143) ~[junit-platform-engine-1.11.4.jar:1.11.4]
	at org.junit.platform.engine.support.hierarchical.NodeTestTask.execute(NodeTestTask.java:100) ~[junit-platform-engine-1.11.4.jar:1.11.4]
	at org.junit.platform.engine.support.hierarchical.SameThreadHierarchicalTestExecutorService.submit(SameThreadHierarchicalTestExecutorService.java:35) ~[junit-platform-engine-1.11.4.jar:1.11.4]
	at org.junit.platform.engine.support.hierarchical.HierarchicalTestExecutor.execute(HierarchicalTestExecutor.java:57) ~[junit-platform-engine-1.11.4.jar:1.11.4]
	at org.junit.platform.engine.support.hierarchical.HierarchicalTestEngine.execute(HierarchicalTestEngine.java:54) ~[junit-platform-engine-1.11.4.jar:1.11.4]
	at org.junit.platform.launcher.core.EngineExecutionOrchestrator.execute(EngineExecutionOrchestrator.java:198) ~[junit-platform-launcher-1.11.4.jar:1.11.4]
	at org.junit.platform.launcher.core.EngineExecutionOrchestrator.execute(EngineExecutionOrchestrator.java:169) ~[junit-platform-launcher-1.11.4.jar:1.11.4]
	at org.junit.platform.launcher.core.EngineExecutionOrchestrator.execute(EngineExecutionOrchestrator.java:93) ~[junit-platform-launcher-1.11.4.jar:1.11.4]
	at org.junit.platform.launcher.core.EngineExecutionOrchestrator.lambda$execute$0(EngineExecutionOrchestrator.java:58) ~[junit-platform-launcher-1.11.4.jar:1.11.4]
	at org.junit.platform.launcher.core.EngineExecutionOrchestrator.withInterceptedStreams(EngineExecutionOrchestrator.java:141) ~[junit-platform-launcher-1.11.4.jar:1.11.4]
	at org.junit.platform.launcher.core.EngineExecutionOrchestrator.execute(EngineExecutionOrchestrator.java:57) ~[junit-platform-launcher-1.11.4.jar:1.11.4]
	at org.junit.platform.launcher.core.DefaultLauncher.execute(DefaultLauncher.java:103) ~[junit-platform-launcher-1.11.4.jar:1.11.4]
	at org.junit.platform.launcher.core.DefaultLauncher.execute(DefaultLauncher.java:85) ~[junit-platform-launcher-1.11.4.jar:1.11.4]
	at org.junit.platform.launcher.core.DelegatingLauncher.execute(DelegatingLauncher.java:47) ~[junit-platform-launcher-1.11.4.jar:1.11.4]
	at org.apache.maven.surefire.junitplatform.LazyLauncher.execute(LazyLauncher.java:56) ~[surefire-junit-platform-3.5.2.jar:3.5.2]
	at org.apache.maven.surefire.junitplatform.JUnitPlatformProvider.execute(JUnitPlatformProvider.java:184) ~[surefire-junit-platform-3.5.2.jar:3.5.2]
	at org.apache.maven.surefire.junitplatform.JUnitPlatformProvider.invokeAllTests(JUnitPlatformProvider.java:148) ~[surefire-junit-platform-3.5.2.jar:3.5.2]
	at org.apache.maven.surefire.junitplatform.JUnitPlatformProvider.invoke(JUnitPlatformProvider.java:122) ~[surefire-junit-platform-3.5.2.jar:3.5.2]
	at org.apache.maven.surefire.booter.ForkedBooter.runSuitesInProcess(ForkedBooter.java:385) ~[surefire-booter-3.5.2.jar:3.5.2]
	at org.apache.maven.surefire.booter.ForkedBooter.execute(ForkedBooter.java:162) ~[surefire-booter-3.5.2.jar:3.5.2]
	at org.apache.maven.surefire.booter.ForkedBooter.run(ForkedBooter.java:507) ~[surefire-booter-3.5.2.jar:3.5.2]
	at org.apache.maven.surefire.booter.ForkedBooter.main(ForkedBooter.java:495) ~[surefire-booter-3.5.2.jar:3.5.2]

2025-05-04T21:52:29.460-04:00 DEBUG 13764 --- [pedido] [           main] org.springframework.test.context.cache   : Spring test ApplicationContext cache statistics: [DefaultContextCache@49c72fb7 size = 1, maxSize = 32, parentContextCount = 0, hitCount = 91, missCount = 1, failureCount = 0]
2025-05-04T21:52:29.460-04:00 DEBUG 13764 --- [pedido] [           main] org.springframework.test.context.cache   : Spring test ApplicationContext cache statistics: [DefaultContextCache@49c72fb7 size = 1, maxSize = 32, parentContextCount = 0, hitCount = 92, missCount = 1, failureCount = 0]
2025-05-04T21:52:29.460-04:00 DEBUG 13764 --- [pedido] [           main] org.springframework.test.context.cache   : Spring test ApplicationContext cache statistics: [DefaultContextCache@49c72fb7 size = 1, maxSize = 32, parentContextCount = 0, hitCount = 93, missCount = 1, failureCount = 0]
2025-05-04T21:52:29.460-04:00 DEBUG 13764 --- [pedido] [           main] org.springframework.test.context.cache   : Spring test ApplicationContext cache statistics: [DefaultContextCache@49c72fb7 size = 1, maxSize = 32, parentContextCount = 0, hitCount = 94, missCount = 1, failureCount = 0]
2025-05-04T21:52:29.460-04:00 DEBUG 13764 --- [pedido] [           main] org.springframework.test.context.cache   : Spring test ApplicationContext cache statistics: [DefaultContextCache@49c72fb7 size = 1, maxSize = 32, parentContextCount = 0, hitCount = 95, missCount = 1, failureCount = 0]
2025-05-04T21:52:29.460-04:00 DEBUG 13764 --- [pedido] [           main] org.springframework.test.context.cache   : Spring test ApplicationContext cache statistics: [DefaultContextCache@49c72fb7 size = 1, maxSize = 32, parentContextCount = 0, hitCount = 96, missCount = 1, failureCount = 0]
2025-05-04T21:52:29.460-04:00 DEBUG 13764 --- [pedido] [           main] org.springframework.test.context.cache   : Spring test ApplicationContext cache statistics: [DefaultContextCache@49c72fb7 size = 1, maxSize = 32, parentContextCount = 0, hitCount = 97, missCount = 1, failureCount = 0]
2025-05-04T21:52:29.460-04:00 DEBUG 13764 --- [pedido] [           main] o.s.orm.jpa.JpaTransactionManager        : Initiating transaction rollback
2025-05-04T21:52:29.460-04:00 DEBUG 13764 --- [pedido] [           main] o.s.orm.jpa.JpaTransactionManager        : Rolling back JPA transaction on EntityManager [SessionImpl(1058753044<open>)]
2025-05-04T21:52:29.460-04:00 DEBUG 13764 --- [pedido] [           main] o.h.e.t.internal.TransactionImpl         : rolling back
2025-05-04T21:52:29.468-04:00 DEBUG 13764 --- [pedido] [           main] o.s.orm.jpa.JpaTransactionManager        : Closing JPA EntityManager [SessionImpl(1058753044<open>)] after transaction
2025-05-04T21:52:29.468-04:00 DEBUG 13764 --- [pedido] [           main] o.s.t.c.transaction.TransactionContext   : Rolled back transaction (1) for test class [com.pedido.pedido.repository.PedidoRepositoryTest]; test method [lanzarErrorAlGuardarPedidoSinNombreRemitente]
2025-05-04T21:52:29.468-04:00 DEBUG 13764 --- [pedido] [           main] .c.s.DirtiesContextTestExecutionListener : After test method: class [PedidoRepositoryTest], method [lanzarErrorAlGuardarPedidoSinNombreRemitente], class annotated with @DirtiesContext [false] with mode [null], method annotated with @DirtiesContext [false] with mode [null]
]]></system-out>
  </testcase>
</testsuite>